[0.000000] (-) TimerEvent: {}
[0.000758] (-) JobUnselected: {'identifier': 'rover_bringup'}
[0.001059] (-) JobUnselected: {'identifier': 'rover_description'}
[0.001238] (-) JobUnselected: {'identifier': 'rover_fake_camera'}
[0.001389] (-) JobUnselected: {'identifier': 'rover_fake_lidar'}
[0.002650] (-) JobUnselected: {'identifier': 'rover_fake_stereo'}
[0.003745] (-) JobUnselected: {'identifier': 'rover_fsm'}
[0.003834] (-) JobUnselected: {'identifier': 'rover_navigation'}
[0.003881] (-) JobUnselected: {'identifier': 'rover_perception'}
[0.003922] (-) JobUnselected: {'identifier': 'rover_simulation'}
[0.003982] (-) JobUnselected: {'identifier': 'rover_state'}
[0.004025] (-) JobUnselected: {'identifier': 'rover_utils'}
[0.004063] (-) JobUnselected: {'identifier': 'rover_visualization'}
[0.004118] (rover_web_interface) JobQueued: {'identifier': 'rover_web_interface', 'dependencies': OrderedDict()}
[0.004174] (rover_web_interface) JobStarted: {'identifier': 'rover_web_interface'}
[0.098853] (-) TimerEvent: {}
[0.199540] (-) TimerEvent: {}
[0.300177] (-) TimerEvent: {}
[0.400767] (-) TimerEvent: {}
[0.501390] (-) TimerEvent: {}
[0.602028] (-) TimerEvent: {}
[0.703374] (-) TimerEvent: {}
[0.804163] (-) TimerEvent: {}
[0.904830] (-) TimerEvent: {}
[1.005384] (-) TimerEvent: {}
[1.105970] (-) TimerEvent: {}
[1.206550] (-) TimerEvent: {}
[1.307126] (-) TimerEvent: {}
[1.407686] (-) TimerEvent: {}
[1.508642] (-) TimerEvent: {}
[1.609345] (-) TimerEvent: {}
[1.710034] (-) TimerEvent: {}
[1.717740] (rover_web_interface) Command: {'cmd': ['/usr/bin/python3', '-W', 'ignore:setup.py install is deprecated', '-W', 'ignore:easy_install command is deprecated', 'setup.py', 'egg_info', '--egg-base', '../../build/rover_web_interface', 'build', '--build-base', '/home/andrei/project/strawberry_rover_ws/build/rover_web_interface/build', 'install', '--record', '/home/andrei/project/strawberry_rover_ws/build/rover_web_interface/install.log', '--install-scripts', '$base/lib/rover_web_interface', '--single-version-externally-managed', 'install_data'], 'cwd': '/home/andrei/project/strawberry_rover_ws/src/rover_web_interface', 'env': {'LESSOPEN': '| /usr/bin/lesspipe %s', 'VSCODE_CWD': '/home/andrei', 'VSCODE_ESM_ENTRYPOINT': 'vs/workbench/api/node/extensionHostProcess', 'LANGUAGE': 'en', 'USER': 'andrei', 'SSH_CLIENT': '192.168.1.19 57184 22', 'LC_TIME': 'ru_RU.UTF-8', 'VSCODE_NLS_CONFIG': '{"userLocale":"en","osLocale":"en","resolvedLanguage":"en","defaultMessagesFile":"/home/andrei/.cursor-server/bin/linux-arm64/8c95649f251a168cc4bb34c89531fae7db4bd990/out/nls.messages.json","locale":"en","availableLanguages":{}}', 'CI': '1', 'VSCODE_HANDLES_UNCAUGHT_ERRORS': 'true', 'XDG_SESSION_TYPE': 'tty', 'DEBUG': 'release', 'SHLVL': '1', 'LD_LIBRARY_PATH': '/opt/ros/foxy/opt/yaml_cpp_vendor/lib:/opt/ros/foxy/opt/rviz_ogre_vendor/lib:/opt/ros/foxy/lib/aarch64-linux-gnu:/opt/ros/foxy/lib', 'BROWSER': '/home/andrei/.cursor-server/bin/linux-arm64/8c95649f251a168cc4bb34c89531fae7db4bd990/bin/helpers/browser.sh', 'MOTD_SHOWN': 'pam', 'HOME': '/home/andrei', 'NVM_BIN': '/home/andrei/.nvm/versions/node/v20.20.1/bin', 'VSCODE_IPC_HOOK_CLI': '/run/user/1000/vscode-ipc-b33840fc-25ce-403a-beff-4fc3f87a7b41.sock', 'NVM_INC': '/home/andrei/.nvm/versions/node/v20.20.1/include/node', 'ROS_PYTHON_VERSION': '3', 'LC_MONETARY': 'ru_RU.UTF-8', 'NO_COLOR': '1', 'DBUS_SESSION_BUS_ADDRESS': 'unix:path=/run/user/1000/bus', 'NVM_DIR': '/home/andrei/.nvm', 'VSCODE_L10N_BUNDLE_LOCATION': '', 'COLCON_PREFIX_PATH': '/home/andrei/project/strawberry_rover_ws/install', 'ROS_DISTRO': 'foxy', 'OVSX_REGISTRY_URL': 'https://open-vsx.org', 'LOGNAME': 'andrei', 'FORCE_COLOR': '0', 'VSCODE_HANDLES_SIGPIPE': 'true', '_': '/usr/bin/colcon', 'ROS_VERSION': '2', 'XDG_SESSION_CLASS': 'user', 'TERM': 'dumb', 'XDG_SESSION_ID': '149', 'ROS_LOCALHOST_ONLY': '0', 'PATH': '/home/andrei/.cursor-server/bin/linux-arm64/8c95649f251a168cc4bb34c89531fae7db4bd990/bin/remote-cli:/home/andrei/.nvm/versions/node/v20.20.1/bin:/opt/ros/foxy/bin:/home/andrei/.cursor-server/bin/linux-arm64/8c95649f251a168cc4bb34c89531fae7db4bd990/bin/remote-cli:/usr/local/sbin:/usr/local/bin:/usr/sbin:/usr/bin:/sbin:/bin:/usr/games:/usr/local/games:/snap/bin', 'VSCODE_AGENT_FOLDER': '/home/andrei/.cursor-server', 'PAPERSIZE': 'a4', 'LC_ADDRESS': 'ru_RU.UTF-8', 'XDG_RUNTIME_DIR': '/run/user/1000', 'CURSOR_AGENT': '1', 'LANG': 'en_US.UTF-8', 'LC_TELEPHONE': 'ru_RU.UTF-8', 'LS_COLORS': '', 'AMENT_PREFIX_PATH': '/home/andrei/project/strawberry_rover_ws/install/rover_web_interface:/home/andrei/project/strawberry_rover_ws/install/rover_visualization:/home/andrei/project/strawberry_rover_ws/install/rover_utils:/home/andrei/project/strawberry_rover_ws/install/rover_state:/home/andrei/project/strawberry_rover_ws/install/rover_bringup:/home/andrei/project/strawberry_rover_ws/install/rover_simulation:/home/andrei/project/strawberry_rover_ws/install/rover_perception:/home/andrei/project/strawberry_rover_ws/install/rover_navigation:/home/andrei/project/strawberry_rover_ws/install/rover_fsm:/home/andrei/project/strawberry_rover_ws/install/rover_fake_stereo:/home/andrei/project/strawberry_rover_ws/install/rover_fake_lidar:/home/andrei/project/strawberry_rover_ws/install/rover_fake_camera:/home/andrei/project/strawberry_rover_ws/install/rover_description:/opt/ros/foxy', 'SHELL': '/bin/bash', 'LC_NAME': 'ru_RU.UTF-8', 'VSCODE_SERVER_SHUTDOWN_TIMEOUT': '300', 'LESSCLOSE': '/usr/bin/lesspipe %s %s', 'LC_MEASUREMENT': 'ru_RU.UTF-8', 'LC_IDENTIFICATION': 'ru_RU.UTF-8', 'PWD': '/home/andrei/project/strawberry_rover_ws/build/rover_web_interface', 'SSH_CONNECTION': '192.168.1.19 57184 192.168.1.77 22', 'NVM_CD_FLAGS': '', 'XDG_DATA_DIRS': '/usr/local/share:/usr/share:/var/lib/snapd/desktop', 'PYTHONPATH': '/home/andrei/project/strawberry_rover_ws/build/rover_web_interface/prefix_override:/usr/lib/python3/dist-packages/colcon_core/task/python/colcon_distutils_commands:/home/andrei/project/strawberry_rover_ws/install/rover_web_interface/lib/python3.8/site-packages:/home/andrei/project/strawberry_rover_ws/install/rover_web_interface/lib/python3.8/site-packages:/home/andrei/project/strawberry_rover_ws/install/rover_visualization/lib/python3.8/site-packages:/home/andrei/project/strawberry_rover_ws/install/rover_utils/lib/python3.8/site-packages:/home/andrei/project/strawberry_rover_ws/install/rover_state/lib/python3.8/site-packages:/home/andrei/project/strawberry_rover_ws/install/rover_bringup/lib/python3.8/site-packages:/home/andrei/project/strawberry_rover_ws/install/rover_simulation/lib/python3.8/site-packages:/home/andrei/project/strawberry_rover_ws/install/rover_perception/lib/python3.8/site-packages:/home/andrei/project/strawberry_rover_ws/install/rover_navigation/lib/python3.8/site-packages:/home/andrei/project/strawberry_rover_ws/install/rover_fsm/lib/python3.8/site-packages:/home/andrei/project/strawberry_rover_ws/install/rover_fake_stereo/lib/python3.8/site-packages:/home/andrei/project/strawberry_rover_ws/install/rover_fake_lidar/lib/python3.8/site-packages:/home/andrei/project/strawberry_rover_ws/install/rover_fake_camera/lib/python3.8/site-packages:/home/andrei/project/strawberry_rover_ws/install/rover_description/lib/python3.8/site-packages:/opt/ros/foxy/lib/python3.8/site-packages', 'LC_NUMERIC': 'ru_RU.UTF-8', 'LC_PAPER': 'ru_RU.UTF-8', 'COLCON': '1', '_ZO_DOCTOR': '0'}, 'shell': False}
[1.810300] (-) TimerEvent: {}
[1.910977] (-) TimerEvent: {}
[2.011815] (-) TimerEvent: {}
[2.112397] (-) TimerEvent: {}
[2.212967] (-) TimerEvent: {}
[2.237988] (rover_web_interface) StdoutLine: {'line': b'running egg_info\n'}
[2.241363] (rover_web_interface) StdoutLine: {'line': b'writing ../../build/rover_web_interface/rover_web_interface.egg-info/PKG-INFO\n'}
[2.243051] (rover_web_interface) StdoutLine: {'line': b'writing dependency_links to ../../build/rover_web_interface/rover_web_interface.egg-info/dependency_links.txt\n'}
[2.245736] (rover_web_interface) StdoutLine: {'line': b'writing entry points to ../../build/rover_web_interface/rover_web_interface.egg-info/entry_points.txt\n'}
[2.246767] (rover_web_interface) StdoutLine: {'line': b'writing requirements to ../../build/rover_web_interface/rover_web_interface.egg-info/requires.txt\n'}
[2.248032] (rover_web_interface) StdoutLine: {'line': b'writing top-level names to ../../build/rover_web_interface/rover_web_interface.egg-info/top_level.txt\n'}
[2.313179] (-) TimerEvent: {}
[2.320567] (rover_web_interface) StdoutLine: {'line': b"reading manifest file '../../build/rover_web_interface/rover_web_interface.egg-info/SOURCES.txt'\n"}
[2.327545] (rover_web_interface) StdoutLine: {'line': b"writing manifest file '../../build/rover_web_interface/rover_web_interface.egg-info/SOURCES.txt'\n"}
[2.329377] (rover_web_interface) StdoutLine: {'line': b'running build\n'}
[2.330163] (rover_web_interface) StdoutLine: {'line': b'running build_py\n'}
[2.330392] (rover_web_interface) StdoutLine: {'line': b'running install\n'}
[2.333523] (rover_web_interface) StdoutLine: {'line': b'running install_lib\n'}
[2.339102] (rover_web_interface) StdoutLine: {'line': b'running install_data\n'}
[2.339847] (rover_web_interface) StdoutLine: {'line': b'running install_egg_info\n'}
[2.346717] (rover_web_interface) StdoutLine: {'line': b"removing '/home/andrei/project/strawberry_rover_ws/install/rover_web_interface/lib/python3.8/site-packages/rover_web_interface-0.0.0-py3.8.egg-info' (and everything under it)\n"}
[2.347586] (rover_web_interface) StdoutLine: {'line': b'Copying ../../build/rover_web_interface/rover_web_interface.egg-info to /home/andrei/project/strawberry_rover_ws/install/rover_web_interface/lib/python3.8/site-packages/rover_web_interface-0.0.0-py3.8.egg-info\n'}
[2.349823] (rover_web_interface) StdoutLine: {'line': b'running install_scripts\n'}
[2.397305] (rover_web_interface) StdoutLine: {'line': b'Installing rover_web_server script to /home/andrei/project/strawberry_rover_ws/install/rover_web_interface/lib/rover_web_interface\n'}
[2.400750] (rover_web_interface) StdoutLine: {'line': b"writing list of installed files to '/home/andrei/project/strawberry_rover_ws/build/rover_web_interface/install.log'\n"}
[2.413426] (-) TimerEvent: {}
[2.500539] (rover_web_interface) CommandEnded: {'returncode': 0}
[2.513853] (-) TimerEvent: {}
[2.543185] (rover_web_interface) JobEnded: {'identifier': 'rover_web_interface', 'rc': 0}
[2.547815] (-) EventReactorShutdown: {}
