[4.190s] Invoking command in '/home/andrei/project/strawberry_rover_ws/src/rover_description': PYTHONPATH=/home/andrei/project/strawberry_rover_ws/build/rover_description/prefix_override:/usr/lib/python3/dist-packages/colcon_core/task/python/colcon_distutils_commands:/home/andrei/project/strawberry_rover_ws/install/rover_description/lib/python3.8/site-packages:${PYTHONPATH} /usr/bin/python3 -W ignore:setup.py install is deprecated -W ignore:easy_install command is deprecated setup.py egg_info --egg-base ../../build/rover_description build --build-base /home/andrei/project/strawberry_rover_ws/build/rover_description/build install --record /home/andrei/project/strawberry_rover_ws/build/rover_description/install.log --single-version-externally-managed install_data
[4.694s] running egg_info
[4.696s] writing ../../build/rover_description/rover_description.egg-info/PKG-INFO
[4.697s] writing dependency_links to ../../build/rover_description/rover_description.egg-info/dependency_links.txt
[4.701s] writing entry points to ../../build/rover_description/rover_description.egg-info/entry_points.txt
[4.703s] writing requirements to ../../build/rover_description/rover_description.egg-info/requires.txt
[4.704s] writing top-level names to ../../build/rover_description/rover_description.egg-info/top_level.txt
[4.774s] reading manifest file '../../build/rover_description/rover_description.egg-info/SOURCES.txt'
[4.776s] writing manifest file '../../build/rover_description/rover_description.egg-info/SOURCES.txt'
[4.777s] running build
[4.777s] running build_py
[4.780s] running install
[4.784s] running install_lib
[4.787s] running install_data
[4.788s] running install_egg_info
[4.793s] removing '/home/andrei/project/strawberry_rover_ws/install/rover_description/lib/python3.8/site-packages/rover_description-0.0.0-py3.8.egg-info' (and everything under it)
[4.794s] Copying ../../build/rover_description/rover_description.egg-info to /home/andrei/project/strawberry_rover_ws/install/rover_description/lib/python3.8/site-packages/rover_description-0.0.0-py3.8.egg-info
[4.796s] running install_scripts
[4.844s] writing list of installed files to '/home/andrei/project/strawberry_rover_ws/build/rover_description/install.log'
[4.992s] Invoked command in '/home/andrei/project/strawberry_rover_ws/src/rover_description' returned '0': PYTHONPATH=/home/andrei/project/strawberry_rover_ws/build/rover_description/prefix_override:/usr/lib/python3/dist-packages/colcon_core/task/python/colcon_distutils_commands:/home/andrei/project/strawberry_rover_ws/install/rover_description/lib/python3.8/site-packages:${PYTHONPATH} /usr/bin/python3 -W ignore:setup.py install is deprecated -W ignore:easy_install command is deprecated setup.py egg_info --egg-base ../../build/rover_description build --build-base /home/andrei/project/strawberry_rover_ws/build/rover_description/build install --record /home/andrei/project/strawberry_rover_ws/build/rover_description/install.log --single-version-externally-managed install_data
