[4.247s] Invoking command in '/home/andrei/project/strawberry_rover_ws/src/rover_fake_stereo': PYTHONPATH=/home/andrei/project/strawberry_rover_ws/build/rover_fake_stereo/prefix_override:/usr/lib/python3/dist-packages/colcon_core/task/python/colcon_distutils_commands:/home/andrei/project/strawberry_rover_ws/install/rover_fake_stereo/lib/python3.8/site-packages:${PYTHONPATH} /usr/bin/python3 -W ignore:setup.py install is deprecated -W ignore:easy_install command is deprecated setup.py egg_info --egg-base ../../build/rover_fake_stereo build --build-base /home/andrei/project/strawberry_rover_ws/build/rover_fake_stereo/build install --record /home/andrei/project/strawberry_rover_ws/build/rover_fake_stereo/install.log --single-version-externally-managed install_data
[4.758s] running egg_info
[4.759s] writing ../../build/rover_fake_stereo/rover_fake_stereo.egg-info/PKG-INFO
[4.761s] writing dependency_links to ../../build/rover_fake_stereo/rover_fake_stereo.egg-info/dependency_links.txt
[4.763s] writing entry points to ../../build/rover_fake_stereo/rover_fake_stereo.egg-info/entry_points.txt
[4.764s] writing requirements to ../../build/rover_fake_stereo/rover_fake_stereo.egg-info/requires.txt
[4.764s] writing top-level names to ../../build/rover_fake_stereo/rover_fake_stereo.egg-info/top_level.txt
[4.832s] reading manifest file '../../build/rover_fake_stereo/rover_fake_stereo.egg-info/SOURCES.txt'
[4.836s] writing manifest file '../../build/rover_fake_stereo/rover_fake_stereo.egg-info/SOURCES.txt'
[4.836s] running build
[4.836s] running build_py
[4.838s] running install
[4.841s] running install_lib
[4.845s] running install_data
[4.846s] running install_egg_info
[4.851s] removing '/home/andrei/project/strawberry_rover_ws/install/rover_fake_stereo/lib/python3.8/site-packages/rover_fake_stereo-0.0.0-py3.8.egg-info' (and everything under it)
[4.851s] Copying ../../build/rover_fake_stereo/rover_fake_stereo.egg-info to /home/andrei/project/strawberry_rover_ws/install/rover_fake_stereo/lib/python3.8/site-packages/rover_fake_stereo-0.0.0-py3.8.egg-info
[4.854s] running install_scripts
[4.908s] Installing fake_stereo_node script to /home/andrei/project/strawberry_rover_ws/install/rover_fake_stereo/lib/rover_fake_stereo
[4.912s] writing list of installed files to '/home/andrei/project/strawberry_rover_ws/build/rover_fake_stereo/install.log'
[5.064s] Invoked command in '/home/andrei/project/strawberry_rover_ws/src/rover_fake_stereo' returned '0': PYTHONPATH=/home/andrei/project/strawberry_rover_ws/build/rover_fake_stereo/prefix_override:/usr/lib/python3/dist-packages/colcon_core/task/python/colcon_distutils_commands:/home/andrei/project/strawberry_rover_ws/install/rover_fake_stereo/lib/python3.8/site-packages:${PYTHONPATH} /usr/bin/python3 -W ignore:setup.py install is deprecated -W ignore:easy_install command is deprecated setup.py egg_info --egg-base ../../build/rover_fake_stereo build --build-base /home/andrei/project/strawberry_rover_ws/build/rover_fake_stereo/build install --record /home/andrei/project/strawberry_rover_ws/build/rover_fake_stereo/install.log --single-version-externally-managed install_data
