[0.000000] (-) TimerEvent: {}
[0.000366] (-) JobUnselected: {'identifier': 'rover_description'}
[0.000749] (-) JobUnselected: {'identifier': 'rover_fake_camera'}
[0.000989] (-) JobUnselected: {'identifier': 'rover_fake_lidar'}
[0.001479] (-) JobUnselected: {'identifier': 'rover_fake_stereo'}
[0.001869] (-) JobUnselected: {'identifier': 'rover_fsm'}
[0.002158] (-) JobUnselected: {'identifier': 'rover_navigation'}
[0.002274] (-) JobUnselected: {'identifier': 'rover_perception'}
[0.002488] (-) JobUnselected: {'identifier': 'rover_simulation'}
[0.002579] (-) JobUnselected: {'identifier': 'rover_state'}
[0.002645] (-) JobUnselected: {'identifier': 'rover_utils'}
[0.002717] (-) JobUnselected: {'identifier': 'rover_visualization'}
[0.002790] (rover_bringup) JobQueued: {'identifier': 'rover_bringup', 'dependencies': OrderedDict([('rover_description', '/home/andrei/project/strawberry_rover_ws/install/rover_description'), ('rover_fake_camera', '/home/andrei/project/strawberry_rover_ws/install/rover_fake_camera'), ('rover_fake_lidar', '/home/andrei/project/strawberry_rover_ws/install/rover_fake_lidar'), ('rover_fake_stereo', '/home/andrei/project/strawberry_rover_ws/install/rover_fake_stereo'), ('rover_navigation', '/home/andrei/project/strawberry_rover_ws/install/rover_navigation'), ('rover_simulation', '/home/andrei/project/strawberry_rover_ws/install/rover_simulation')])}
[0.003321] (rover_bringup) JobStarted: {'identifier': 'rover_bringup'}
[0.099285] (-) TimerEvent: {}
[0.199916] (-) TimerEvent: {}
[0.300471] (-) TimerEvent: {}
[0.401014] (-) TimerEvent: {}
[0.501639] (-) TimerEvent: {}
[0.602398] (-) TimerEvent: {}
[0.703093] (-) TimerEvent: {}
[0.803609] (-) TimerEvent: {}
[0.904179] (-) TimerEvent: {}
[1.004926] (-) TimerEvent: {}
[1.105643] (-) TimerEvent: {}
[1.206218] (-) TimerEvent: {}
[1.306824] (-) TimerEvent: {}
[1.407561] (-) TimerEvent: {}
[1.450323] (rover_bringup) Command: {'cmd': ['/usr/bin/python3', '-W', 'ignore:setup.py install is deprecated', '-W', 'ignore:easy_install command is deprecated', 'setup.py', 'egg_info', '--egg-base', '../../build/rover_bringup', 'build', '--build-base', '/home/andrei/project/strawberry_rover_ws/build/rover_bringup/build', 'install', '--record', '/home/andrei/project/strawberry_rover_ws/build/rover_bringup/install.log', '--single-version-externally-managed', 'install_data'], 'cwd': '/home/andrei/project/strawberry_rover_ws/src/rover_bringup', 'env': {'LESSOPEN': '| /usr/bin/lesspipe %s', 'VSCODE_CWD': '/home/andrei', 'VSCODE_ESM_ENTRYPOINT': 'vs/workbench/api/node/extensionHostProcess', 'LANGUAGE': 'en', 'USER': 'andrei', 'SSH_CLIENT': '192.168.1.19 57184 22', 'LC_TIME': 'ru_RU.UTF-8', 'VSCODE_NLS_CONFIG': '{"userLocale":"en","osLocale":"en","resolvedLanguage":"en","defaultMessagesFile":"/home/andrei/.cursor-server/bin/linux-arm64/8c95649f251a168cc4bb34c89531fae7db4bd990/out/nls.messages.json","locale":"en","availableLanguages":{}}', 'CI': '1', 'VSCODE_HANDLES_UNCAUGHT_ERRORS': 'true', 'XDG_SESSION_TYPE': 'tty', 'DEBUG': 'release', 'SHLVL': '1', 'LD_LIBRARY_PATH': '/opt/ros/foxy/opt/yaml_cpp_vendor/lib:/opt/ros/foxy/opt/rviz_ogre_vendor/lib:/opt/ros/foxy/lib/aarch64-linux-gnu:/opt/ros/foxy/lib', 'BROWSER': '/home/andrei/.cursor-server/bin/linux-arm64/8c95649f251a168cc4bb34c89531fae7db4bd990/bin/helpers/browser.sh', 'MOTD_SHOWN': 'pam', 'HOME': '/home/andrei', 'NVM_BIN': '/home/andrei/.nvm/versions/node/v20.20.1/bin', 'VSCODE_IPC_HOOK_CLI': '/run/user/1000/vscode-ipc-b33840fc-25ce-403a-beff-4fc3f87a7b41.sock', 'NVM_INC': '/home/andrei/.nvm/versions/node/v20.20.1/include/node', 'ROS_PYTHON_VERSION': '3', 'LC_MONETARY': 'ru_RU.UTF-8', 'NO_COLOR': '1', 'DBUS_SESSION_BUS_ADDRESS': 'unix:path=/run/user/1000/bus', 'NVM_DIR': '/home/andrei/.nvm', 'VSCODE_L10N_BUNDLE_LOCATION': '', 'COLCON_PREFIX_PATH': '/home/andrei/project/strawberry_rover_ws/install', 'ROS_DISTRO': 'foxy', 'OVSX_REGISTRY_URL': 'https://open-vsx.org', 'LOGNAME': 'andrei', 'FORCE_COLOR': '0', 'VSCODE_HANDLES_SIGPIPE': 'true', '_': '/usr/bin/colcon', 'ROS_VERSION': '2', 'XDG_SESSION_CLASS': 'user', 'TERM': 'dumb', 'XDG_SESSION_ID': '149', 'ROS_LOCALHOST_ONLY': '0', 'PATH': '/home/andrei/.cursor-server/bin/linux-arm64/8c95649f251a168cc4bb34c89531fae7db4bd990/bin/remote-cli:/home/andrei/.nvm/versions/node/v20.20.1/bin:/opt/ros/foxy/bin:/home/andrei/.cursor-server/bin/linux-arm64/8c95649f251a168cc4bb34c89531fae7db4bd990/bin/remote-cli:/usr/local/sbin:/usr/local/bin:/usr/sbin:/usr/bin:/sbin:/bin:/usr/games:/usr/local/games:/snap/bin', 'VSCODE_AGENT_FOLDER': '/home/andrei/.cursor-server', 'PAPERSIZE': 'a4', 'LC_ADDRESS': 'ru_RU.UTF-8', 'XDG_RUNTIME_DIR': '/run/user/1000', 'CURSOR_AGENT': '1', 'LANG': 'en_US.UTF-8', 'LC_TELEPHONE': 'ru_RU.UTF-8', 'LS_COLORS': '', 'AMENT_PREFIX_PATH': '/home/andrei/project/strawberry_rover_ws/install/rover_simulation:/home/andrei/project/strawberry_rover_ws/install/rover_navigation:/home/andrei/project/strawberry_rover_ws/install/rover_fake_stereo:/home/andrei/project/strawberry_rover_ws/install/rover_fake_lidar:/home/andrei/project/strawberry_rover_ws/install/rover_fake_camera:/home/andrei/project/strawberry_rover_ws/install/rover_description:/home/andrei/project/strawberry_rover_ws/install/rover_visualization:/home/andrei/project/strawberry_rover_ws/install/rover_utils:/home/andrei/project/strawberry_rover_ws/install/rover_state:/home/andrei/project/strawberry_rover_ws/install/rover_bringup:/home/andrei/project/strawberry_rover_ws/install/rover_perception:/home/andrei/project/strawberry_rover_ws/install/rover_fsm:/opt/ros/foxy', 'SHELL': '/bin/bash', 'LC_NAME': 'ru_RU.UTF-8', 'VSCODE_SERVER_SHUTDOWN_TIMEOUT': '300', 'LESSCLOSE': '/usr/bin/lesspipe %s %s', 'LC_MEASUREMENT': 'ru_RU.UTF-8', 'LC_IDENTIFICATION': 'ru_RU.UTF-8', 'PWD': '/home/andrei/project/strawberry_rover_ws/build/rover_bringup', 'SSH_CONNECTION': '192.168.1.19 57184 192.168.1.77 22', 'NVM_CD_FLAGS': '', 'XDG_DATA_DIRS': '/usr/local/share:/usr/share:/var/lib/snapd/desktop', 'PYTHONPATH': '/home/andrei/project/strawberry_rover_ws/build/rover_bringup/prefix_override:/usr/lib/python3/dist-packages/colcon_core/task/python/colcon_distutils_commands:/home/andrei/project/strawberry_rover_ws/install/rover_bringup/lib/python3.8/site-packages:/home/andrei/project/strawberry_rover_ws/install/rover_simulation/lib/python3.8/site-packages:/home/andrei/project/strawberry_rover_ws/install/rover_navigation/lib/python3.8/site-packages:/home/andrei/project/strawberry_rover_ws/install/rover_fake_stereo/lib/python3.8/site-packages:/home/andrei/project/strawberry_rover_ws/install/rover_fake_lidar/lib/python3.8/site-packages:/home/andrei/project/strawberry_rover_ws/install/rover_fake_camera/lib/python3.8/site-packages:/home/andrei/project/strawberry_rover_ws/install/rover_description/lib/python3.8/site-packages:/home/andrei/project/strawberry_rover_ws/install/rover_visualization/lib/python3.8/site-packages:/home/andrei/project/strawberry_rover_ws/install/rover_utils/lib/python3.8/site-packages:/home/andrei/project/strawberry_rover_ws/install/rover_state/lib/python3.8/site-packages:/home/andrei/project/strawberry_rover_ws/install/rover_bringup/lib/python3.8/site-packages:/home/andrei/project/strawberry_rover_ws/install/rover_perception/lib/python3.8/site-packages:/home/andrei/project/strawberry_rover_ws/install/rover_fsm/lib/python3.8/site-packages:/opt/ros/foxy/lib/python3.8/site-packages', 'LC_NUMERIC': 'ru_RU.UTF-8', 'LC_PAPER': 'ru_RU.UTF-8', 'COLCON': '1', '_ZO_DOCTOR': '0'}, 'shell': False}
[1.507737] (-) TimerEvent: {}
[1.608265] (-) TimerEvent: {}
[1.708823] (-) TimerEvent: {}
[1.809362] (-) TimerEvent: {}
[1.887122] (rover_bringup) StdoutLine: {'line': b'running egg_info\n'}
[1.888100] (rover_bringup) StdoutLine: {'line': b'writing ../../build/rover_bringup/rover_bringup.egg-info/PKG-INFO\n'}
[1.888713] (rover_bringup) StdoutLine: {'line': b'writing dependency_links to ../../build/rover_bringup/rover_bringup.egg-info/dependency_links.txt\n'}
[1.889074] (rover_bringup) StdoutLine: {'line': b'writing entry points to ../../build/rover_bringup/rover_bringup.egg-info/entry_points.txt\n'}
[1.889451] (rover_bringup) StdoutLine: {'line': b'writing requirements to ../../build/rover_bringup/rover_bringup.egg-info/requires.txt\n'}
[1.891116] (rover_bringup) StdoutLine: {'line': b'writing top-level names to ../../build/rover_bringup/rover_bringup.egg-info/top_level.txt\n'}
[1.909488] (-) TimerEvent: {}
[1.954277] (rover_bringup) StdoutLine: {'line': b"reading manifest file '../../build/rover_bringup/rover_bringup.egg-info/SOURCES.txt'\n"}
[1.955769] (rover_bringup) StdoutLine: {'line': b"writing manifest file '../../build/rover_bringup/rover_bringup.egg-info/SOURCES.txt'\n"}
[1.956225] (rover_bringup) StdoutLine: {'line': b'running build\n'}
[1.956392] (rover_bringup) StdoutLine: {'line': b'running build_py\n'}
[1.956656] (rover_bringup) StdoutLine: {'line': b'running install\n'}
[1.961982] (rover_bringup) StdoutLine: {'line': b'running install_lib\n'}
[1.965214] (rover_bringup) StdoutLine: {'line': b'running install_data\n'}
[1.965617] (rover_bringup) StdoutLine: {'line': b'copying launch/bringup.launch.py -> /home/andrei/project/strawberry_rover_ws/install/rover_bringup/share/rover_bringup/launch\n'}
[1.966156] (rover_bringup) StdoutLine: {'line': b'running install_egg_info\n'}
[1.970371] (rover_bringup) StdoutLine: {'line': b"removing '/home/andrei/project/strawberry_rover_ws/install/rover_bringup/lib/python3.8/site-packages/rover_bringup-0.0.0-py3.8.egg-info' (and everything under it)\n"}
[1.971134] (rover_bringup) StdoutLine: {'line': b'Copying ../../build/rover_bringup/rover_bringup.egg-info to /home/andrei/project/strawberry_rover_ws/install/rover_bringup/lib/python3.8/site-packages/rover_bringup-0.0.0-py3.8.egg-info\n'}
[1.972982] (rover_bringup) StdoutLine: {'line': b'running install_scripts\n'}
[2.009583] (-) TimerEvent: {}
[2.012821] (rover_bringup) StdoutLine: {'line': b"writing list of installed files to '/home/andrei/project/strawberry_rover_ws/build/rover_bringup/install.log'\n"}
[2.104677] (rover_bringup) CommandEnded: {'returncode': 0}
[2.109891] (-) TimerEvent: {}
[2.148589] (rover_bringup) JobEnded: {'identifier': 'rover_bringup', 'rc': 0}
[2.150471] (-) EventReactorShutdown: {}
