[0.000000] (-) TimerEvent: {}
[0.000199] (-) JobUnselected: {'identifier': 'rover_description'}
[0.000453] (-) JobUnselected: {'identifier': 'rover_fake_lidar'}
[0.000768] (-) JobUnselected: {'identifier': 'rover_fake_stereo'}
[0.000974] (-) JobUnselected: {'identifier': 'rover_fsm'}
[0.001418] (-) JobUnselected: {'identifier': 'rover_perception'}
[0.001724] (-) JobUnselected: {'identifier': 'rover_simulation'}
[0.001997] (-) JobUnselected: {'identifier': 'rover_state'}
[0.002137] (-) JobUnselected: {'identifier': 'rover_utils'}
[0.002360] (-) JobUnselected: {'identifier': 'rover_visualization'}
[0.002516] (rover_fake_camera) JobQueued: {'identifier': 'rover_fake_camera', 'dependencies': OrderedDict()}
[0.003045] (rover_navigation) JobQueued: {'identifier': 'rover_navigation', 'dependencies': OrderedDict()}
[0.003188] (rover_bringup) JobQueued: {'identifier': 'rover_bringup', 'dependencies': OrderedDict([('rover_description', '/home/andrei/project/strawberry_rover_ws/install/rover_description'), ('rover_fake_camera', '/home/andrei/project/strawberry_rover_ws/install/rover_fake_camera'), ('rover_fake_lidar', '/home/andrei/project/strawberry_rover_ws/install/rover_fake_lidar'), ('rover_fake_stereo', '/home/andrei/project/strawberry_rover_ws/install/rover_fake_stereo'), ('rover_navigation', '/home/andrei/project/strawberry_rover_ws/install/rover_navigation'), ('rover_simulation', '/home/andrei/project/strawberry_rover_ws/install/rover_simulation')])}
[0.003497] (rover_fake_camera) JobStarted: {'identifier': 'rover_fake_camera'}
[0.030380] (rover_navigation) JobStarted: {'identifier': 'rover_navigation'}
[0.099269] (-) TimerEvent: {}
[0.199925] (-) TimerEvent: {}
[0.300470] (-) TimerEvent: {}
[0.400994] (-) TimerEvent: {}
[0.501526] (-) TimerEvent: {}
[0.602176] (-) TimerEvent: {}
[0.702769] (-) TimerEvent: {}
[0.803306] (-) TimerEvent: {}
[0.903867] (-) TimerEvent: {}
[1.004394] (-) TimerEvent: {}
[1.104986] (-) TimerEvent: {}
[1.205564] (-) TimerEvent: {}
[1.306320] (-) TimerEvent: {}
[1.406885] (-) TimerEvent: {}
[1.507438] (-) TimerEvent: {}
[1.607992] (-) TimerEvent: {}
[1.708559] (-) TimerEvent: {}
[1.809137] (-) TimerEvent: {}
[1.909629] (-) TimerEvent: {}
[2.010139] (-) TimerEvent: {}
[2.082341] (rover_fake_camera) Command: {'cmd': ['/usr/bin/python3', '-W', 'ignore:setup.py install is deprecated', '-W', 'ignore:easy_install command is deprecated', 'setup.py', 'egg_info', '--egg-base', '../../build/rover_fake_camera', 'build', '--build-base', '/home/andrei/project/strawberry_rover_ws/build/rover_fake_camera/build', 'install', '--record', '/home/andrei/project/strawberry_rover_ws/build/rover_fake_camera/install.log', '--single-version-externally-managed', 'install_data'], 'cwd': '/home/andrei/project/strawberry_rover_ws/src/rover_fake_camera', 'env': {'LESSOPEN': '| /usr/bin/lesspipe %s', 'VSCODE_CWD': '/home/andrei', 'VSCODE_ESM_ENTRYPOINT': 'vs/workbench/api/node/extensionHostProcess', 'LANGUAGE': 'en', 'USER': 'andrei', 'SSH_CLIENT': '192.168.1.19 62331 22', 'LC_TIME': 'ru_RU.UTF-8', 'VSCODE_NLS_CONFIG': '{"userLocale":"en","osLocale":"en","resolvedLanguage":"en","defaultMessagesFile":"/home/andrei/.cursor-server/bin/linux-arm64/8c95649f251a168cc4bb34c89531fae7db4bd990/out/nls.messages.json","locale":"en","availableLanguages":{}}', 'CI': '1', 'VSCODE_HANDLES_UNCAUGHT_ERRORS': 'true', 'XDG_SESSION_TYPE': 'tty', 'DEBUG': 'release', 'SHLVL': '1', 'LD_LIBRARY_PATH': '/opt/ros/foxy/opt/yaml_cpp_vendor/lib:/opt/ros/foxy/opt/rviz_ogre_vendor/lib:/opt/ros/foxy/lib/aarch64-linux-gnu:/opt/ros/foxy/lib', 'BROWSER': '/home/andrei/.cursor-server/bin/linux-arm64/8c95649f251a168cc4bb34c89531fae7db4bd990/bin/helpers/browser.sh', 'MOTD_SHOWN': 'pam', 'HOME': '/home/andrei', 'OLDPWD': '/home/andrei/project/strawberry_rover_ws', 'NVM_BIN': '/home/andrei/.nvm/versions/node/v20.20.1/bin', 'VSCODE_IPC_HOOK_CLI': '/run/user/1000/vscode-ipc-87d7b719-0f3c-4fca-94e9-9b136f0fc576.sock', 'NVM_INC': '/home/andrei/.nvm/versions/node/v20.20.1/include/node', 'ROS_PYTHON_VERSION': '3', 'LC_MONETARY': 'ru_RU.UTF-8', 'NO_COLOR': '1', 'DBUS_SESSION_BUS_ADDRESS': 'unix:path=/run/user/1000/bus', 'NVM_DIR': '/home/andrei/.nvm', 'VSCODE_L10N_BUNDLE_LOCATION': '', 'COLCON_PREFIX_PATH': '/home/andrei/project/strawberry_rover_ws/install', 'ROS_DISTRO': 'foxy', 'OVSX_REGISTRY_URL': 'https://open-vsx.org', 'LOGNAME': 'andrei', 'FORCE_COLOR': '0', 'VSCODE_HANDLES_SIGPIPE': 'true', '_': '/usr/bin/colcon', 'ROS_VERSION': '2', 'XDG_SESSION_CLASS': 'user', 'TERM': 'dumb', 'XDG_SESSION_ID': '90', 'ROS_LOCALHOST_ONLY': '0', 'PATH': '/home/andrei/.cursor-server/bin/linux-arm64/8c95649f251a168cc4bb34c89531fae7db4bd990/bin/remote-cli:/home/andrei/.nvm/versions/node/v20.20.1/bin:/opt/ros/foxy/bin:/home/andrei/.cursor-server/bin/linux-arm64/8c95649f251a168cc4bb34c89531fae7db4bd990/bin/remote-cli:/usr/local/sbin:/usr/local/bin:/usr/sbin:/usr/bin:/sbin:/bin:/usr/games:/usr/local/games:/snap/bin', 'VSCODE_AGENT_FOLDER': '/home/andrei/.cursor-server', 'PAPERSIZE': 'a4', 'LC_ADDRESS': 'ru_RU.UTF-8', 'XDG_RUNTIME_DIR': '/run/user/1000', 'CURSOR_AGENT': '1', 'LANG': 'en_US.UTF-8', 'LC_TELEPHONE': 'ru_RU.UTF-8', 'LS_COLORS': '', 'AMENT_PREFIX_PATH': '/home/andrei/project/strawberry_rover_ws/install/rover_visualization:/home/andrei/project/strawberry_rover_ws/install/rover_utils:/home/andrei/project/strawberry_rover_ws/install/rover_state:/home/andrei/project/strawberry_rover_ws/install/rover_bringup:/home/andrei/project/strawberry_rover_ws/install/rover_simulation:/home/andrei/project/strawberry_rover_ws/install/rover_perception:/home/andrei/project/strawberry_rover_ws/install/rover_navigation:/home/andrei/project/strawberry_rover_ws/install/rover_fsm:/home/andrei/project/strawberry_rover_ws/install/rover_fake_stereo:/home/andrei/project/strawberry_rover_ws/install/rover_fake_lidar:/home/andrei/project/strawberry_rover_ws/install/rover_fake_camera:/home/andrei/project/strawberry_rover_ws/install/rover_description:/opt/ros/foxy', 'SHELL': '/bin/bash', 'LC_NAME': 'ru_RU.UTF-8', 'VSCODE_SERVER_SHUTDOWN_TIMEOUT': '300', 'LESSCLOSE': '/usr/bin/lesspipe %s %s', 'LC_MEASUREMENT': 'ru_RU.UTF-8', 'LC_IDENTIFICATION': 'ru_RU.UTF-8', 'PWD': '/home/andrei/project/strawberry_rover_ws/build/rover_fake_camera', 'SSH_CONNECTION': '192.168.1.19 62331 192.168.1.77 22', 'NVM_CD_FLAGS': '', 'XDG_DATA_DIRS': '/usr/local/share:/usr/share:/var/lib/snapd/desktop', 'PYTHONPATH': '/home/andrei/project/strawberry_rover_ws/build/rover_fake_camera/prefix_override:/usr/lib/python3/dist-packages/colcon_core/task/python/colcon_distutils_commands:/home/andrei/project/strawberry_rover_ws/install/rover_fake_camera/lib/python3.8/site-packages:/home/andrei/project/strawberry_rover_ws/install/rover_visualization/lib/python3.8/site-packages:/home/andrei/project/strawberry_rover_ws/install/rover_utils/lib/python3.8/site-packages:/home/andrei/project/strawberry_rover_ws/install/rover_state/lib/python3.8/site-packages:/home/andrei/project/strawberry_rover_ws/install/rover_bringup/lib/python3.8/site-packages:/home/andrei/project/strawberry_rover_ws/install/rover_simulation/lib/python3.8/site-packages:/home/andrei/project/strawberry_rover_ws/install/rover_perception/lib/python3.8/site-packages:/home/andrei/project/strawberry_rover_ws/install/rover_navigation/lib/python3.8/site-packages:/home/andrei/project/strawberry_rover_ws/install/rover_fsm/lib/python3.8/site-packages:/home/andrei/project/strawberry_rover_ws/install/rover_fake_stereo/lib/python3.8/site-packages:/home/andrei/project/strawberry_rover_ws/install/rover_fake_lidar/lib/python3.8/site-packages:/home/andrei/project/strawberry_rover_ws/install/rover_fake_camera/lib/python3.8/site-packages:/home/andrei/project/strawberry_rover_ws/install/rover_description/lib/python3.8/site-packages:/opt/ros/foxy/lib/python3.8/site-packages', 'LC_NUMERIC': 'ru_RU.UTF-8', 'LC_PAPER': 'ru_RU.UTF-8', 'COLCON': '1', '_ZO_DOCTOR': '0'}, 'shell': False}
[2.110391] (-) TimerEvent: {}
[2.174594] (rover_navigation) Command: {'cmd': ['/usr/bin/python3', '-W', 'ignore:setup.py install is deprecated', '-W', 'ignore:easy_install command is deprecated', 'setup.py', 'egg_info', '--egg-base', '../../build/rover_navigation', 'build', '--build-base', '/home/andrei/project/strawberry_rover_ws/build/rover_navigation/build', 'install', '--record', '/home/andrei/project/strawberry_rover_ws/build/rover_navigation/install.log', '--single-version-externally-managed', 'install_data'], 'cwd': '/home/andrei/project/strawberry_rover_ws/src/rover_navigation', 'env': {'LESSOPEN': '| /usr/bin/lesspipe %s', 'VSCODE_CWD': '/home/andrei', 'VSCODE_ESM_ENTRYPOINT': 'vs/workbench/api/node/extensionHostProcess', 'LANGUAGE': 'en', 'USER': 'andrei', 'SSH_CLIENT': '192.168.1.19 62331 22', 'LC_TIME': 'ru_RU.UTF-8', 'VSCODE_NLS_CONFIG': '{"userLocale":"en","osLocale":"en","resolvedLanguage":"en","defaultMessagesFile":"/home/andrei/.cursor-server/bin/linux-arm64/8c95649f251a168cc4bb34c89531fae7db4bd990/out/nls.messages.json","locale":"en","availableLanguages":{}}', 'CI': '1', 'VSCODE_HANDLES_UNCAUGHT_ERRORS': 'true', 'XDG_SESSION_TYPE': 'tty', 'DEBUG': 'release', 'SHLVL': '1', 'LD_LIBRARY_PATH': '/opt/ros/foxy/opt/yaml_cpp_vendor/lib:/opt/ros/foxy/opt/rviz_ogre_vendor/lib:/opt/ros/foxy/lib/aarch64-linux-gnu:/opt/ros/foxy/lib', 'BROWSER': '/home/andrei/.cursor-server/bin/linux-arm64/8c95649f251a168cc4bb34c89531fae7db4bd990/bin/helpers/browser.sh', 'MOTD_SHOWN': 'pam', 'HOME': '/home/andrei', 'OLDPWD': '/home/andrei/project/strawberry_rover_ws', 'NVM_BIN': '/home/andrei/.nvm/versions/node/v20.20.1/bin', 'VSCODE_IPC_HOOK_CLI': '/run/user/1000/vscode-ipc-87d7b719-0f3c-4fca-94e9-9b136f0fc576.sock', 'NVM_INC': '/home/andrei/.nvm/versions/node/v20.20.1/include/node', 'ROS_PYTHON_VERSION': '3', 'LC_MONETARY': 'ru_RU.UTF-8', 'NO_COLOR': '1', 'DBUS_SESSION_BUS_ADDRESS': 'unix:path=/run/user/1000/bus', 'NVM_DIR': '/home/andrei/.nvm', 'VSCODE_L10N_BUNDLE_LOCATION': '', 'COLCON_PREFIX_PATH': '/home/andrei/project/strawberry_rover_ws/install', 'ROS_DISTRO': 'foxy', 'OVSX_REGISTRY_URL': 'https://open-vsx.org', 'LOGNAME': 'andrei', 'FORCE_COLOR': '0', 'VSCODE_HANDLES_SIGPIPE': 'true', '_': '/usr/bin/colcon', 'ROS_VERSION': '2', 'XDG_SESSION_CLASS': 'user', 'TERM': 'dumb', 'XDG_SESSION_ID': '90', 'ROS_LOCALHOST_ONLY': '0', 'PATH': '/home/andrei/.cursor-server/bin/linux-arm64/8c95649f251a168cc4bb34c89531fae7db4bd990/bin/remote-cli:/home/andrei/.nvm/versions/node/v20.20.1/bin:/opt/ros/foxy/bin:/home/andrei/.cursor-server/bin/linux-arm64/8c95649f251a168cc4bb34c89531fae7db4bd990/bin/remote-cli:/usr/local/sbin:/usr/local/bin:/usr/sbin:/usr/bin:/sbin:/bin:/usr/games:/usr/local/games:/snap/bin', 'VSCODE_AGENT_FOLDER': '/home/andrei/.cursor-server', 'PAPERSIZE': 'a4', 'LC_ADDRESS': 'ru_RU.UTF-8', 'XDG_RUNTIME_DIR': '/run/user/1000', 'CURSOR_AGENT': '1', 'LANG': 'en_US.UTF-8', 'LC_TELEPHONE': 'ru_RU.UTF-8', 'LS_COLORS': '', 'AMENT_PREFIX_PATH': '/home/andrei/project/strawberry_rover_ws/install/rover_visualization:/home/andrei/project/strawberry_rover_ws/install/rover_utils:/home/andrei/project/strawberry_rover_ws/install/rover_state:/home/andrei/project/strawberry_rover_ws/install/rover_bringup:/home/andrei/project/strawberry_rover_ws/install/rover_simulation:/home/andrei/project/strawberry_rover_ws/install/rover_perception:/home/andrei/project/strawberry_rover_ws/install/rover_navigation:/home/andrei/project/strawberry_rover_ws/install/rover_fsm:/home/andrei/project/strawberry_rover_ws/install/rover_fake_stereo:/home/andrei/project/strawberry_rover_ws/install/rover_fake_lidar:/home/andrei/project/strawberry_rover_ws/install/rover_fake_camera:/home/andrei/project/strawberry_rover_ws/install/rover_description:/opt/ros/foxy', 'SHELL': '/bin/bash', 'LC_NAME': 'ru_RU.UTF-8', 'VSCODE_SERVER_SHUTDOWN_TIMEOUT': '300', 'LESSCLOSE': '/usr/bin/lesspipe %s %s', 'LC_MEASUREMENT': 'ru_RU.UTF-8', 'LC_IDENTIFICATION': 'ru_RU.UTF-8', 'PWD': '/home/andrei/project/strawberry_rover_ws/build/rover_navigation', 'SSH_CONNECTION': '192.168.1.19 62331 192.168.1.77 22', 'NVM_CD_FLAGS': '', 'XDG_DATA_DIRS': '/usr/local/share:/usr/share:/var/lib/snapd/desktop', 'PYTHONPATH': '/home/andrei/project/strawberry_rover_ws/build/rover_navigation/prefix_override:/usr/lib/python3/dist-packages/colcon_core/task/python/colcon_distutils_commands:/home/andrei/project/strawberry_rover_ws/install/rover_navigation/lib/python3.8/site-packages:/home/andrei/project/strawberry_rover_ws/install/rover_visualization/lib/python3.8/site-packages:/home/andrei/project/strawberry_rover_ws/install/rover_utils/lib/python3.8/site-packages:/home/andrei/project/strawberry_rover_ws/install/rover_state/lib/python3.8/site-packages:/home/andrei/project/strawberry_rover_ws/install/rover_bringup/lib/python3.8/site-packages:/home/andrei/project/strawberry_rover_ws/install/rover_simulation/lib/python3.8/site-packages:/home/andrei/project/strawberry_rover_ws/install/rover_perception/lib/python3.8/site-packages:/home/andrei/project/strawberry_rover_ws/install/rover_navigation/lib/python3.8/site-packages:/home/andrei/project/strawberry_rover_ws/install/rover_fsm/lib/python3.8/site-packages:/home/andrei/project/strawberry_rover_ws/install/rover_fake_stereo/lib/python3.8/site-packages:/home/andrei/project/strawberry_rover_ws/install/rover_fake_lidar/lib/python3.8/site-packages:/home/andrei/project/strawberry_rover_ws/install/rover_fake_camera/lib/python3.8/site-packages:/home/andrei/project/strawberry_rover_ws/install/rover_description/lib/python3.8/site-packages:/opt/ros/foxy/lib/python3.8/site-packages', 'LC_NUMERIC': 'ru_RU.UTF-8', 'LC_PAPER': 'ru_RU.UTF-8', 'COLCON': '1', '_ZO_DOCTOR': '0'}, 'shell': False}
[2.210644] (-) TimerEvent: {}
[2.311235] (-) TimerEvent: {}
[2.411803] (-) TimerEvent: {}
[2.512465] (-) TimerEvent: {}
[2.563465] (rover_fake_camera) StdoutLine: {'line': b'running egg_info\n'}
[2.564623] (rover_fake_camera) StdoutLine: {'line': b'writing ../../build/rover_fake_camera/rover_fake_camera.egg-info/PKG-INFO\n'}
[2.565395] (rover_fake_camera) StdoutLine: {'line': b'writing dependency_links to ../../build/rover_fake_camera/rover_fake_camera.egg-info/dependency_links.txt\n'}
[2.565802] (rover_fake_camera) StdoutLine: {'line': b'writing entry points to ../../build/rover_fake_camera/rover_fake_camera.egg-info/entry_points.txt\n'}
[2.568088] (rover_fake_camera) StdoutLine: {'line': b'writing requirements to ../../build/rover_fake_camera/rover_fake_camera.egg-info/requires.txt\n'}
[2.568786] (rover_fake_camera) StdoutLine: {'line': b'writing top-level names to ../../build/rover_fake_camera/rover_fake_camera.egg-info/top_level.txt\n'}
[2.612662] (-) TimerEvent: {}
[2.639386] (rover_fake_camera) StdoutLine: {'line': b"reading manifest file '../../build/rover_fake_camera/rover_fake_camera.egg-info/SOURCES.txt'\n"}
[2.644137] (rover_fake_camera) StdoutLine: {'line': b"writing manifest file '../../build/rover_fake_camera/rover_fake_camera.egg-info/SOURCES.txt'\n"}
[2.644807] (rover_fake_camera) StdoutLine: {'line': b'running build\n'}
[2.644964] (rover_fake_camera) StdoutLine: {'line': b'running build_py\n'}
[2.645102] (rover_fake_camera) StdoutLine: {'line': b'running install\n'}
[2.646497] (rover_fake_camera) StdoutLine: {'line': b'running install_lib\n'}
[2.647307] (rover_navigation) StdoutLine: {'line': b'running egg_info\n'}
[2.648715] (rover_navigation) StdoutLine: {'line': b'writing ../../build/rover_navigation/rover_navigation.egg-info/PKG-INFO\n'}
[2.650660] (rover_navigation) StdoutLine: {'line': b'writing dependency_links to ../../build/rover_navigation/rover_navigation.egg-info/dependency_links.txt\n'}
[2.650978] (rover_navigation) StdoutLine: {'line': b'writing entry points to ../../build/rover_navigation/rover_navigation.egg-info/entry_points.txt\n'}
[2.651128] (rover_navigation) StdoutLine: {'line': b'writing requirements to ../../build/rover_navigation/rover_navigation.egg-info/requires.txt\n'}
[2.651257] (rover_navigation) StdoutLine: {'line': b'writing top-level names to ../../build/rover_navigation/rover_navigation.egg-info/top_level.txt\n'}
[2.652067] (rover_fake_camera) StdoutLine: {'line': b'running install_data\n'}
[2.652468] (rover_fake_camera) StdoutLine: {'line': b'running install_egg_info\n'}
[2.657873] (rover_fake_camera) StdoutLine: {'line': b"removing '/home/andrei/project/strawberry_rover_ws/install/rover_fake_camera/lib/python3.8/site-packages/rover_fake_camera-0.0.0-py3.8.egg-info' (and everything under it)\n"}
[2.658390] (rover_fake_camera) StdoutLine: {'line': b'Copying ../../build/rover_fake_camera/rover_fake_camera.egg-info to /home/andrei/project/strawberry_rover_ws/install/rover_fake_camera/lib/python3.8/site-packages/rover_fake_camera-0.0.0-py3.8.egg-info\n'}
[2.660020] (rover_fake_camera) StdoutLine: {'line': b'running install_scripts\n'}
[2.706618] (rover_fake_camera) StdoutLine: {'line': b'Installing fake_camera_node script to /home/andrei/project/strawberry_rover_ws/install/rover_fake_camera/lib/rover_fake_camera\n'}
[2.708556] (rover_fake_camera) StdoutLine: {'line': b"writing list of installed files to '/home/andrei/project/strawberry_rover_ws/build/rover_fake_camera/install.log'\n"}
[2.712760] (-) TimerEvent: {}
[2.718082] (rover_navigation) StdoutLine: {'line': b"reading manifest file '../../build/rover_navigation/rover_navigation.egg-info/SOURCES.txt'\n"}
[2.719948] (rover_navigation) StdoutLine: {'line': b"writing manifest file '../../build/rover_navigation/rover_navigation.egg-info/SOURCES.txt'\n"}
[2.720382] (rover_navigation) StdoutLine: {'line': b'running build\n'}
[2.720545] (rover_navigation) StdoutLine: {'line': b'running build_py\n'}
[2.720812] (rover_navigation) StdoutLine: {'line': b'copying rover_navigation/rover_navigation_node.py -> /home/andrei/project/strawberry_rover_ws/build/rover_navigation/build/lib/rover_navigation\n'}
[2.721600] (rover_navigation) StdoutLine: {'line': b'running install\n'}
[2.724473] (rover_navigation) StdoutLine: {'line': b'running install_lib\n'}
[2.726941] (rover_navigation) StdoutLine: {'line': b'copying /home/andrei/project/strawberry_rover_ws/build/rover_navigation/build/lib/rover_navigation/rover_navigation_node.py -> /home/andrei/project/strawberry_rover_ws/install/rover_navigation/lib/python3.8/site-packages/rover_navigation\n'}
[2.728953] (rover_navigation) StdoutLine: {'line': b'byte-compiling /home/andrei/project/strawberry_rover_ws/install/rover_navigation/lib/python3.8/site-packages/rover_navigation/rover_navigation_node.py to rover_navigation_node.cpython-38.pyc\n'}
[2.738598] (rover_navigation) StdoutLine: {'line': b'running install_data\n'}
[2.739522] (rover_navigation) StdoutLine: {'line': b'copying config/rover_navigation.yaml -> /home/andrei/project/strawberry_rover_ws/install/rover_navigation/share/rover_navigation/config\n'}
[2.740106] (rover_navigation) StdoutLine: {'line': b'running install_egg_info\n'}
[2.746055] (rover_navigation) StdoutLine: {'line': b"removing '/home/andrei/project/strawberry_rover_ws/install/rover_navigation/lib/python3.8/site-packages/rover_navigation-0.0.0-py3.8.egg-info' (and everything under it)\n"}
[2.746745] (rover_navigation) StdoutLine: {'line': b'Copying ../../build/rover_navigation/rover_navigation.egg-info to /home/andrei/project/strawberry_rover_ws/install/rover_navigation/lib/python3.8/site-packages/rover_navigation-0.0.0-py3.8.egg-info\n'}
[2.748738] (rover_navigation) StdoutLine: {'line': b'running install_scripts\n'}
[2.793433] (rover_navigation) StdoutLine: {'line': b'Installing rover_navigation_node script to /home/andrei/project/strawberry_rover_ws/install/rover_navigation/lib/rover_navigation\n'}
[2.794587] (rover_navigation) StdoutLine: {'line': b"writing list of installed files to '/home/andrei/project/strawberry_rover_ws/build/rover_navigation/install.log'\n"}
[2.812977] (-) TimerEvent: {}
[2.828508] (rover_fake_camera) CommandEnded: {'returncode': 0}
[2.865056] (rover_fake_camera) JobEnded: {'identifier': 'rover_fake_camera', 'rc': 0}
[2.902325] (rover_navigation) CommandEnded: {'returncode': 0}
[2.913145] (-) TimerEvent: {}
[2.922775] (rover_navigation) JobEnded: {'identifier': 'rover_navigation', 'rc': 0}
[2.925906] (rover_bringup) JobStarted: {'identifier': 'rover_bringup'}
[3.013543] (-) TimerEvent: {}
[3.114198] (-) TimerEvent: {}
[3.214739] (-) TimerEvent: {}
[3.315306] (-) TimerEvent: {}
[3.415973] (-) TimerEvent: {}
[3.516612] (-) TimerEvent: {}
[3.617267] (-) TimerEvent: {}
[3.717876] (-) TimerEvent: {}
[3.818400] (-) TimerEvent: {}
[3.919010] (-) TimerEvent: {}
[4.019551] (-) TimerEvent: {}
[4.120225] (-) TimerEvent: {}
[4.220786] (-) TimerEvent: {}
[4.321334] (-) TimerEvent: {}
[4.421923] (-) TimerEvent: {}
[4.478650] (rover_bringup) Command: {'cmd': ['/usr/bin/python3', '-W', 'ignore:setup.py install is deprecated', '-W', 'ignore:easy_install command is deprecated', 'setup.py', 'egg_info', '--egg-base', '../../build/rover_bringup', 'build', '--build-base', '/home/andrei/project/strawberry_rover_ws/build/rover_bringup/build', 'install', '--record', '/home/andrei/project/strawberry_rover_ws/build/rover_bringup/install.log', '--single-version-externally-managed', 'install_data'], 'cwd': '/home/andrei/project/strawberry_rover_ws/src/rover_bringup', 'env': {'LESSOPEN': '| /usr/bin/lesspipe %s', 'VSCODE_CWD': '/home/andrei', 'VSCODE_ESM_ENTRYPOINT': 'vs/workbench/api/node/extensionHostProcess', 'LANGUAGE': 'en', 'USER': 'andrei', 'SSH_CLIENT': '192.168.1.19 62331 22', 'LC_TIME': 'ru_RU.UTF-8', 'VSCODE_NLS_CONFIG': '{"userLocale":"en","osLocale":"en","resolvedLanguage":"en","defaultMessagesFile":"/home/andrei/.cursor-server/bin/linux-arm64/8c95649f251a168cc4bb34c89531fae7db4bd990/out/nls.messages.json","locale":"en","availableLanguages":{}}', 'CI': '1', 'VSCODE_HANDLES_UNCAUGHT_ERRORS': 'true', 'XDG_SESSION_TYPE': 'tty', 'DEBUG': 'release', 'SHLVL': '1', 'LD_LIBRARY_PATH': '/opt/ros/foxy/opt/yaml_cpp_vendor/lib:/opt/ros/foxy/opt/rviz_ogre_vendor/lib:/opt/ros/foxy/lib/aarch64-linux-gnu:/opt/ros/foxy/lib', 'BROWSER': '/home/andrei/.cursor-server/bin/linux-arm64/8c95649f251a168cc4bb34c89531fae7db4bd990/bin/helpers/browser.sh', 'MOTD_SHOWN': 'pam', 'HOME': '/home/andrei', 'OLDPWD': '/home/andrei/project/strawberry_rover_ws', 'NVM_BIN': '/home/andrei/.nvm/versions/node/v20.20.1/bin', 'VSCODE_IPC_HOOK_CLI': '/run/user/1000/vscode-ipc-87d7b719-0f3c-4fca-94e9-9b136f0fc576.sock', 'NVM_INC': '/home/andrei/.nvm/versions/node/v20.20.1/include/node', 'ROS_PYTHON_VERSION': '3', 'LC_MONETARY': 'ru_RU.UTF-8', 'NO_COLOR': '1', 'DBUS_SESSION_BUS_ADDRESS': 'unix:path=/run/user/1000/bus', 'NVM_DIR': '/home/andrei/.nvm', 'VSCODE_L10N_BUNDLE_LOCATION': '', 'COLCON_PREFIX_PATH': '/home/andrei/project/strawberry_rover_ws/install', 'ROS_DISTRO': 'foxy', 'OVSX_REGISTRY_URL': 'https://open-vsx.org', 'LOGNAME': 'andrei', 'FORCE_COLOR': '0', 'VSCODE_HANDLES_SIGPIPE': 'true', '_': '/usr/bin/colcon', 'ROS_VERSION': '2', 'XDG_SESSION_CLASS': 'user', 'TERM': 'dumb', 'XDG_SESSION_ID': '90', 'ROS_LOCALHOST_ONLY': '0', 'PATH': '/home/andrei/.cursor-server/bin/linux-arm64/8c95649f251a168cc4bb34c89531fae7db4bd990/bin/remote-cli:/home/andrei/.nvm/versions/node/v20.20.1/bin:/opt/ros/foxy/bin:/home/andrei/.cursor-server/bin/linux-arm64/8c95649f251a168cc4bb34c89531fae7db4bd990/bin/remote-cli:/usr/local/sbin:/usr/local/bin:/usr/sbin:/usr/bin:/sbin:/bin:/usr/games:/usr/local/games:/snap/bin', 'VSCODE_AGENT_FOLDER': '/home/andrei/.cursor-server', 'PAPERSIZE': 'a4', 'LC_ADDRESS': 'ru_RU.UTF-8', 'XDG_RUNTIME_DIR': '/run/user/1000', 'CURSOR_AGENT': '1', 'LANG': 'en_US.UTF-8', 'LC_TELEPHONE': 'ru_RU.UTF-8', 'LS_COLORS': '', 'AMENT_PREFIX_PATH': '/home/andrei/project/strawberry_rover_ws/install/rover_simulation:/home/andrei/project/strawberry_rover_ws/install/rover_navigation:/home/andrei/project/strawberry_rover_ws/install/rover_fake_stereo:/home/andrei/project/strawberry_rover_ws/install/rover_fake_lidar:/home/andrei/project/strawberry_rover_ws/install/rover_fake_camera:/home/andrei/project/strawberry_rover_ws/install/rover_description:/home/andrei/project/strawberry_rover_ws/install/rover_visualization:/home/andrei/project/strawberry_rover_ws/install/rover_utils:/home/andrei/project/strawberry_rover_ws/install/rover_state:/home/andrei/project/strawberry_rover_ws/install/rover_bringup:/home/andrei/project/strawberry_rover_ws/install/rover_perception:/home/andrei/project/strawberry_rover_ws/install/rover_fsm:/opt/ros/foxy', 'SHELL': '/bin/bash', 'LC_NAME': 'ru_RU.UTF-8', 'VSCODE_SERVER_SHUTDOWN_TIMEOUT': '300', 'LESSCLOSE': '/usr/bin/lesspipe %s %s', 'LC_MEASUREMENT': 'ru_RU.UTF-8', 'LC_IDENTIFICATION': 'ru_RU.UTF-8', 'PWD': '/home/andrei/project/strawberry_rover_ws/build/rover_bringup', 'SSH_CONNECTION': '192.168.1.19 62331 192.168.1.77 22', 'NVM_CD_FLAGS': '', 'XDG_DATA_DIRS': '/usr/local/share:/usr/share:/var/lib/snapd/desktop', 'PYTHONPATH': '/home/andrei/project/strawberry_rover_ws/build/rover_bringup/prefix_override:/usr/lib/python3/dist-packages/colcon_core/task/python/colcon_distutils_commands:/home/andrei/project/strawberry_rover_ws/install/rover_bringup/lib/python3.8/site-packages:/home/andrei/project/strawberry_rover_ws/install/rover_simulation/lib/python3.8/site-packages:/home/andrei/project/strawberry_rover_ws/install/rover_navigation/lib/python3.8/site-packages:/home/andrei/project/strawberry_rover_ws/install/rover_fake_stereo/lib/python3.8/site-packages:/home/andrei/project/strawberry_rover_ws/install/rover_fake_lidar/lib/python3.8/site-packages:/home/andrei/project/strawberry_rover_ws/install/rover_fake_camera/lib/python3.8/site-packages:/home/andrei/project/strawberry_rover_ws/install/rover_description/lib/python3.8/site-packages:/home/andrei/project/strawberry_rover_ws/install/rover_visualization/lib/python3.8/site-packages:/home/andrei/project/strawberry_rover_ws/install/rover_utils/lib/python3.8/site-packages:/home/andrei/project/strawberry_rover_ws/install/rover_state/lib/python3.8/site-packages:/home/andrei/project/strawberry_rover_ws/install/rover_bringup/lib/python3.8/site-packages:/home/andrei/project/strawberry_rover_ws/install/rover_perception/lib/python3.8/site-packages:/home/andrei/project/strawberry_rover_ws/install/rover_fsm/lib/python3.8/site-packages:/opt/ros/foxy/lib/python3.8/site-packages', 'LC_NUMERIC': 'ru_RU.UTF-8', 'LC_PAPER': 'ru_RU.UTF-8', 'COLCON': '1', '_ZO_DOCTOR': '0'}, 'shell': False}
[4.522180] (-) TimerEvent: {}
[4.622751] (-) TimerEvent: {}
[4.723323] (-) TimerEvent: {}
[4.823916] (-) TimerEvent: {}
[4.924488] (-) TimerEvent: {}
[4.948140] (rover_bringup) StdoutLine: {'line': b'running egg_info\n'}
[4.949683] (rover_bringup) StdoutLine: {'line': b'writing ../../build/rover_bringup/rover_bringup.egg-info/PKG-INFO\n'}
[4.950836] (rover_bringup) StdoutLine: {'line': b'writing dependency_links to ../../build/rover_bringup/rover_bringup.egg-info/dependency_links.txt\n'}
[4.952146] (rover_bringup) StdoutLine: {'line': b'writing entry points to ../../build/rover_bringup/rover_bringup.egg-info/entry_points.txt\n'}
[4.952517] (rover_bringup) StdoutLine: {'line': b'writing requirements to ../../build/rover_bringup/rover_bringup.egg-info/requires.txt\n'}
[4.952811] (rover_bringup) StdoutLine: {'line': b'writing top-level names to ../../build/rover_bringup/rover_bringup.egg-info/top_level.txt\n'}
[5.017375] (rover_bringup) StdoutLine: {'line': b"reading manifest file '../../build/rover_bringup/rover_bringup.egg-info/SOURCES.txt'\n"}
[5.018598] (rover_bringup) StdoutLine: {'line': b"writing manifest file '../../build/rover_bringup/rover_bringup.egg-info/SOURCES.txt'\n"}
[5.019098] (rover_bringup) StdoutLine: {'line': b'running build\n'}
[5.019410] (rover_bringup) StdoutLine: {'line': b'running build_py\n'}
[5.019729] (rover_bringup) StdoutLine: {'line': b'running install\n'}
[5.024509] (-) TimerEvent: {}
[5.025422] (rover_bringup) StdoutLine: {'line': b'running install_lib\n'}
[5.028792] (rover_bringup) StdoutLine: {'line': b'running install_data\n'}
[5.029166] (rover_bringup) StdoutLine: {'line': b'copying config/field_sim_debug.rviz -> /home/andrei/project/strawberry_rover_ws/install/rover_bringup/share/rover_bringup/config\n'}
[5.029723] (rover_bringup) StdoutLine: {'line': b'running install_egg_info\n'}
[5.034315] (rover_bringup) StdoutLine: {'line': b"removing '/home/andrei/project/strawberry_rover_ws/install/rover_bringup/lib/python3.8/site-packages/rover_bringup-0.0.0-py3.8.egg-info' (and everything under it)\n"}
[5.035424] (rover_bringup) StdoutLine: {'line': b'Copying ../../build/rover_bringup/rover_bringup.egg-info to /home/andrei/project/strawberry_rover_ws/install/rover_bringup/lib/python3.8/site-packages/rover_bringup-0.0.0-py3.8.egg-info\n'}
[5.037246] (rover_bringup) StdoutLine: {'line': b'running install_scripts\n'}
[5.081419] (rover_bringup) StdoutLine: {'line': b"writing list of installed files to '/home/andrei/project/strawberry_rover_ws/build/rover_bringup/install.log'\n"}
[5.124835] (-) TimerEvent: {}
[5.178080] (rover_bringup) CommandEnded: {'returncode': 0}
[5.197533] (rover_bringup) JobEnded: {'identifier': 'rover_bringup', 'rc': 0}
[5.201840] (-) EventReactorShutdown: {}
