[0.385s] DEBUG:colcon:Command line arguments: ['/usr/bin/colcon', 'build', '--packages-select', 'rover_description']
[0.385s] DEBUG:colcon:Parsed command line arguments: Namespace(allow_overriding=[], ament_cmake_args=None, base_paths=['.'], build_base='build', catkin_cmake_args=None, catkin_skip_building_tests=False, cmake_args=None, cmake_clean_cache=False, cmake_clean_first=False, cmake_force_configure=False, cmake_target=None, cmake_target_skip_unavailable=False, continue_on_error=False, event_handlers=None, executor='parallel', ignore_user_meta=False, install_base='install', log_base=None, log_level=None, main=<bound method BuildVerb.main of <colcon_core.verb.build.BuildVerb object at 0xffffaec3c490>>, merge_install=False, metas=['./colcon.meta'], packages_above=None, packages_above_and_dependencies=None, packages_above_depth=None, packages_end=None, packages_ignore=None, packages_ignore_regex=None, packages_select=['rover_description'], packages_select_build_failed=False, packages_select_by_dep=None, packages_select_regex=None, packages_select_test_failures=False, packages_skip=None, packages_skip_build_finished=False, packages_skip_by_dep=None, packages_skip_regex=None, packages_skip_test_passed=False, packages_skip_up_to=None, packages_start=None, packages_up_to=None, packages_up_to_regex=None, parallel_workers=8, paths=None, symlink_install=False, test_result_base=None, verb_extension=<colcon_core.verb.build.BuildVerb object at 0xffffaec3c490>, verb_name='build', verb_parser=<colcon_defaults.argument_parser.defaults.DefaultArgumentsDecorator object at 0xffffaeb44760>)
[0.682s] Level 1:colcon.colcon_core.package_discovery:discover_packages(colcon_meta) check parameters
[0.683s] Level 1:colcon.colcon_core.package_discovery:discover_packages(recursive) check parameters
[0.683s] Level 1:colcon.colcon_core.package_discovery:discover_packages(ignore) check parameters
[0.683s] Level 1:colcon.colcon_core.package_discovery:discover_packages(path) check parameters
[0.683s] Level 1:colcon.colcon_core.package_discovery:discover_packages(colcon_meta) discover
[0.683s] Level 1:colcon.colcon_core.package_discovery:discover_packages(recursive) discover
[0.684s] INFO:colcon.colcon_core.package_discovery:Crawling recursively for packages in '/home/andrei/project/strawberry_rover_ws'
[0.684s] Level 1:colcon.colcon_core.package_identification:_identify(.) by extensions ['ignore', 'ignore_ament_install']
[0.684s] Level 1:colcon.colcon_core.package_identification:_identify(.) by extension 'ignore'
[0.684s] Level 1:colcon.colcon_core.package_identification:_identify(.) by extension 'ignore_ament_install'
[0.684s] Level 1:colcon.colcon_core.package_identification:_identify(.) by extensions ['colcon_pkg']
[0.684s] Level 1:colcon.colcon_core.package_identification:_identify(.) by extension 'colcon_pkg'
[0.685s] Level 1:colcon.colcon_core.package_identification:_identify(.) by extensions ['colcon_meta']
[0.685s] Level 1:colcon.colcon_core.package_identification:_identify(.) by extension 'colcon_meta'
[0.685s] Level 1:colcon.colcon_core.package_identification:_identify(.) by extensions ['ros']
[0.685s] Level 1:colcon.colcon_core.package_identification:_identify(.) by extension 'ros'
[0.709s] Level 1:colcon.colcon_core.package_identification:_identify(.) by extensions ['cmake', 'python']
[0.710s] Level 1:colcon.colcon_core.package_identification:_identify(.) by extension 'cmake'
[0.710s] Level 1:colcon.colcon_core.package_identification:_identify(.) by extension 'python'
[0.710s] Level 1:colcon.colcon_core.package_identification:_identify(.) by extensions ['python_setup_py']
[0.710s] Level 1:colcon.colcon_core.package_identification:_identify(.) by extension 'python_setup_py'
[0.710s] Level 1:colcon.colcon_core.package_identification:_identify(build) by extensions ['ignore', 'ignore_ament_install']
[0.711s] Level 1:colcon.colcon_core.package_identification:_identify(build) by extension 'ignore'
[0.711s] Level 1:colcon.colcon_core.package_identification:_identify(build) ignored
[0.711s] Level 1:colcon.colcon_core.package_identification:_identify(install) by extensions ['ignore', 'ignore_ament_install']
[0.711s] Level 1:colcon.colcon_core.package_identification:_identify(install) by extension 'ignore'
[0.711s] Level 1:colcon.colcon_core.package_identification:_identify(install) ignored
[0.712s] Level 1:colcon.colcon_core.package_identification:_identify(log) by extensions ['ignore', 'ignore_ament_install']
[0.712s] Level 1:colcon.colcon_core.package_identification:_identify(log) by extension 'ignore'
[0.712s] Level 1:colcon.colcon_core.package_identification:_identify(log) ignored
[0.712s] Level 1:colcon.colcon_core.package_identification:_identify(src) by extensions ['ignore', 'ignore_ament_install']
[0.712s] Level 1:colcon.colcon_core.package_identification:_identify(src) by extension 'ignore'
[0.712s] Level 1:colcon.colcon_core.package_identification:_identify(src) by extension 'ignore_ament_install'
[0.713s] Level 1:colcon.colcon_core.package_identification:_identify(src) by extensions ['colcon_pkg']
[0.713s] Level 1:colcon.colcon_core.package_identification:_identify(src) by extension 'colcon_pkg'
[0.713s] Level 1:colcon.colcon_core.package_identification:_identify(src) by extensions ['colcon_meta']
[0.713s] Level 1:colcon.colcon_core.package_identification:_identify(src) by extension 'colcon_meta'
[0.713s] Level 1:colcon.colcon_core.package_identification:_identify(src) by extensions ['ros']
[0.713s] Level 1:colcon.colcon_core.package_identification:_identify(src) by extension 'ros'
[0.713s] Level 1:colcon.colcon_core.package_identification:_identify(src) by extensions ['cmake', 'python']
[0.713s] Level 1:colcon.colcon_core.package_identification:_identify(src) by extension 'cmake'
[0.713s] Level 1:colcon.colcon_core.package_identification:_identify(src) by extension 'python'
[0.714s] Level 1:colcon.colcon_core.package_identification:_identify(src) by extensions ['python_setup_py']
[0.714s] Level 1:colcon.colcon_core.package_identification:_identify(src) by extension 'python_setup_py'
[0.714s] Level 1:colcon.colcon_core.package_identification:_identify(src/rover_bringup) by extensions ['ignore', 'ignore_ament_install']
[0.714s] Level 1:colcon.colcon_core.package_identification:_identify(src/rover_bringup) by extension 'ignore'
[0.714s] Level 1:colcon.colcon_core.package_identification:_identify(src/rover_bringup) by extension 'ignore_ament_install'
[0.714s] Level 1:colcon.colcon_core.package_identification:_identify(src/rover_bringup) by extensions ['colcon_pkg']
[0.714s] Level 1:colcon.colcon_core.package_identification:_identify(src/rover_bringup) by extension 'colcon_pkg'
[0.714s] Level 1:colcon.colcon_core.package_identification:_identify(src/rover_bringup) by extensions ['colcon_meta']
[0.714s] Level 1:colcon.colcon_core.package_identification:_identify(src/rover_bringup) by extension 'colcon_meta'
[0.715s] Level 1:colcon.colcon_core.package_identification:_identify(src/rover_bringup) by extensions ['ros']
[0.715s] Level 1:colcon.colcon_core.package_identification:_identify(src/rover_bringup) by extension 'ros'
[0.720s] DEBUG:colcon.colcon_core.package_identification:Package 'src/rover_bringup' with type 'ros.ament_python' and name 'rover_bringup'
[0.720s] Level 1:colcon.colcon_core.package_identification:_identify(src/rover_description) by extensions ['ignore', 'ignore_ament_install']
[0.721s] Level 1:colcon.colcon_core.package_identification:_identify(src/rover_description) by extension 'ignore'
[0.721s] Level 1:colcon.colcon_core.package_identification:_identify(src/rover_description) by extension 'ignore_ament_install'
[0.721s] Level 1:colcon.colcon_core.package_identification:_identify(src/rover_description) by extensions ['colcon_pkg']
[0.721s] Level 1:colcon.colcon_core.package_identification:_identify(src/rover_description) by extension 'colcon_pkg'
[0.721s] Level 1:colcon.colcon_core.package_identification:_identify(src/rover_description) by extensions ['colcon_meta']
[0.721s] Level 1:colcon.colcon_core.package_identification:_identify(src/rover_description) by extension 'colcon_meta'
[0.721s] Level 1:colcon.colcon_core.package_identification:_identify(src/rover_description) by extensions ['ros']
[0.721s] Level 1:colcon.colcon_core.package_identification:_identify(src/rover_description) by extension 'ros'
[0.722s] DEBUG:colcon.colcon_core.package_identification:Package 'src/rover_description' with type 'ros.ament_python' and name 'rover_description'
[0.723s] Level 1:colcon.colcon_core.package_identification:_identify(src/rover_fake_camera) by extensions ['ignore', 'ignore_ament_install']
[0.723s] Level 1:colcon.colcon_core.package_identification:_identify(src/rover_fake_camera) by extension 'ignore'
[0.723s] Level 1:colcon.colcon_core.package_identification:_identify(src/rover_fake_camera) by extension 'ignore_ament_install'
[0.723s] Level 1:colcon.colcon_core.package_identification:_identify(src/rover_fake_camera) by extensions ['colcon_pkg']
[0.723s] Level 1:colcon.colcon_core.package_identification:_identify(src/rover_fake_camera) by extension 'colcon_pkg'
[0.723s] Level 1:colcon.colcon_core.package_identification:_identify(src/rover_fake_camera) by extensions ['colcon_meta']
[0.723s] Level 1:colcon.colcon_core.package_identification:_identify(src/rover_fake_camera) by extension 'colcon_meta'
[0.723s] Level 1:colcon.colcon_core.package_identification:_identify(src/rover_fake_camera) by extensions ['ros']
[0.723s] Level 1:colcon.colcon_core.package_identification:_identify(src/rover_fake_camera) by extension 'ros'
[0.724s] DEBUG:colcon.colcon_core.package_identification:Package 'src/rover_fake_camera' with type 'ros.ament_python' and name 'rover_fake_camera'
[0.725s] Level 1:colcon.colcon_core.package_identification:_identify(src/rover_fake_lidar) by extensions ['ignore', 'ignore_ament_install']
[0.725s] Level 1:colcon.colcon_core.package_identification:_identify(src/rover_fake_lidar) by extension 'ignore'
[0.725s] Level 1:colcon.colcon_core.package_identification:_identify(src/rover_fake_lidar) by extension 'ignore_ament_install'
[0.725s] Level 1:colcon.colcon_core.package_identification:_identify(src/rover_fake_lidar) by extensions ['colcon_pkg']
[0.725s] Level 1:colcon.colcon_core.package_identification:_identify(src/rover_fake_lidar) by extension 'colcon_pkg'
[0.725s] Level 1:colcon.colcon_core.package_identification:_identify(src/rover_fake_lidar) by extensions ['colcon_meta']
[0.725s] Level 1:colcon.colcon_core.package_identification:_identify(src/rover_fake_lidar) by extension 'colcon_meta'
[0.725s] Level 1:colcon.colcon_core.package_identification:_identify(src/rover_fake_lidar) by extensions ['ros']
[0.725s] Level 1:colcon.colcon_core.package_identification:_identify(src/rover_fake_lidar) by extension 'ros'
[0.727s] DEBUG:colcon.colcon_core.package_identification:Package 'src/rover_fake_lidar' with type 'ros.ament_python' and name 'rover_fake_lidar'
[0.727s] Level 1:colcon.colcon_core.package_identification:_identify(src/rover_fake_stereo) by extensions ['ignore', 'ignore_ament_install']
[0.727s] Level 1:colcon.colcon_core.package_identification:_identify(src/rover_fake_stereo) by extension 'ignore'
[0.727s] Level 1:colcon.colcon_core.package_identification:_identify(src/rover_fake_stereo) by extension 'ignore_ament_install'
[0.727s] Level 1:colcon.colcon_core.package_identification:_identify(src/rover_fake_stereo) by extensions ['colcon_pkg']
[0.727s] Level 1:colcon.colcon_core.package_identification:_identify(src/rover_fake_stereo) by extension 'colcon_pkg'
[0.727s] Level 1:colcon.colcon_core.package_identification:_identify(src/rover_fake_stereo) by extensions ['colcon_meta']
[0.728s] Level 1:colcon.colcon_core.package_identification:_identify(src/rover_fake_stereo) by extension 'colcon_meta'
[0.728s] Level 1:colcon.colcon_core.package_identification:_identify(src/rover_fake_stereo) by extensions ['ros']
[0.728s] Level 1:colcon.colcon_core.package_identification:_identify(src/rover_fake_stereo) by extension 'ros'
[0.729s] DEBUG:colcon.colcon_core.package_identification:Package 'src/rover_fake_stereo' with type 'ros.ament_python' and name 'rover_fake_stereo'
[0.729s] Level 1:colcon.colcon_core.package_identification:_identify(src/rover_fsm) by extensions ['ignore', 'ignore_ament_install']
[0.729s] Level 1:colcon.colcon_core.package_identification:_identify(src/rover_fsm) by extension 'ignore'
[0.729s] Level 1:colcon.colcon_core.package_identification:_identify(src/rover_fsm) by extension 'ignore_ament_install'
[0.729s] Level 1:colcon.colcon_core.package_identification:_identify(src/rover_fsm) by extensions ['colcon_pkg']
[0.729s] Level 1:colcon.colcon_core.package_identification:_identify(src/rover_fsm) by extension 'colcon_pkg'
[0.729s] Level 1:colcon.colcon_core.package_identification:_identify(src/rover_fsm) by extensions ['colcon_meta']
[0.729s] Level 1:colcon.colcon_core.package_identification:_identify(src/rover_fsm) by extension 'colcon_meta'
[0.730s] Level 1:colcon.colcon_core.package_identification:_identify(src/rover_fsm) by extensions ['ros']
[0.730s] Level 1:colcon.colcon_core.package_identification:_identify(src/rover_fsm) by extension 'ros'
[0.731s] DEBUG:colcon.colcon_core.package_identification:Package 'src/rover_fsm' with type 'ros.ament_python' and name 'rover_fsm'
[0.731s] Level 1:colcon.colcon_core.package_identification:_identify(src/rover_state) by extensions ['ignore', 'ignore_ament_install']
[0.731s] Level 1:colcon.colcon_core.package_identification:_identify(src/rover_state) by extension 'ignore'
[0.731s] Level 1:colcon.colcon_core.package_identification:_identify(src/rover_state) by extension 'ignore_ament_install'
[0.731s] Level 1:colcon.colcon_core.package_identification:_identify(src/rover_state) by extensions ['colcon_pkg']
[0.731s] Level 1:colcon.colcon_core.package_identification:_identify(src/rover_state) by extension 'colcon_pkg'
[0.731s] Level 1:colcon.colcon_core.package_identification:_identify(src/rover_state) by extensions ['colcon_meta']
[0.731s] Level 1:colcon.colcon_core.package_identification:_identify(src/rover_state) by extension 'colcon_meta'
[0.732s] Level 1:colcon.colcon_core.package_identification:_identify(src/rover_state) by extensions ['ros']
[0.732s] Level 1:colcon.colcon_core.package_identification:_identify(src/rover_state) by extension 'ros'
[0.732s] DEBUG:colcon.colcon_core.package_identification:Package 'src/rover_state' with type 'ros.ament_python' and name 'rover_state'
[0.733s] Level 1:colcon.colcon_core.package_identification:_identify(src/rover_utils) by extensions ['ignore', 'ignore_ament_install']
[0.733s] Level 1:colcon.colcon_core.package_identification:_identify(src/rover_utils) by extension 'ignore'
[0.733s] Level 1:colcon.colcon_core.package_identification:_identify(src/rover_utils) by extension 'ignore_ament_install'
[0.733s] Level 1:colcon.colcon_core.package_identification:_identify(src/rover_utils) by extensions ['colcon_pkg']
[0.733s] Level 1:colcon.colcon_core.package_identification:_identify(src/rover_utils) by extension 'colcon_pkg'
[0.733s] Level 1:colcon.colcon_core.package_identification:_identify(src/rover_utils) by extensions ['colcon_meta']
[0.733s] Level 1:colcon.colcon_core.package_identification:_identify(src/rover_utils) by extension 'colcon_meta'
[0.733s] Level 1:colcon.colcon_core.package_identification:_identify(src/rover_utils) by extensions ['ros']
[0.734s] Level 1:colcon.colcon_core.package_identification:_identify(src/rover_utils) by extension 'ros'
[0.734s] DEBUG:colcon.colcon_core.package_identification:Package 'src/rover_utils' with type 'ros.ament_python' and name 'rover_utils'
[0.735s] Level 1:colcon.colcon_core.package_identification:_identify(src/rover_visualization) by extensions ['ignore', 'ignore_ament_install']
[0.735s] Level 1:colcon.colcon_core.package_identification:_identify(src/rover_visualization) by extension 'ignore'
[0.735s] Level 1:colcon.colcon_core.package_identification:_identify(src/rover_visualization) by extension 'ignore_ament_install'
[0.735s] Level 1:colcon.colcon_core.package_identification:_identify(src/rover_visualization) by extensions ['colcon_pkg']
[0.735s] Level 1:colcon.colcon_core.package_identification:_identify(src/rover_visualization) by extension 'colcon_pkg'
[0.735s] Level 1:colcon.colcon_core.package_identification:_identify(src/rover_visualization) by extensions ['colcon_meta']
[0.735s] Level 1:colcon.colcon_core.package_identification:_identify(src/rover_visualization) by extension 'colcon_meta'
[0.735s] Level 1:colcon.colcon_core.package_identification:_identify(src/rover_visualization) by extensions ['ros']
[0.735s] Level 1:colcon.colcon_core.package_identification:_identify(src/rover_visualization) by extension 'ros'
[0.736s] DEBUG:colcon.colcon_core.package_identification:Package 'src/rover_visualization' with type 'ros.ament_python' and name 'rover_visualization'
[0.737s] Level 1:colcon.colcon_core.package_discovery:discover_packages(recursive) using defaults
[0.737s] Level 1:colcon.colcon_core.package_discovery:discover_packages(ignore) discover
[0.737s] Level 1:colcon.colcon_core.package_discovery:discover_packages(ignore) using defaults
[0.737s] Level 1:colcon.colcon_core.package_discovery:discover_packages(path) discover
[0.737s] Level 1:colcon.colcon_core.package_discovery:discover_packages(path) using defaults
[0.772s] INFO:colcon.colcon_core.package_selection:Skipping not selected package 'rover_bringup' in 'src/rover_bringup'
[0.772s] INFO:colcon.colcon_core.package_selection:Skipping not selected package 'rover_fake_camera' in 'src/rover_fake_camera'
[0.773s] INFO:colcon.colcon_core.package_selection:Skipping not selected package 'rover_fake_lidar' in 'src/rover_fake_lidar'
[0.773s] INFO:colcon.colcon_core.package_selection:Skipping not selected package 'rover_fake_stereo' in 'src/rover_fake_stereo'
[0.773s] INFO:colcon.colcon_core.package_selection:Skipping not selected package 'rover_fsm' in 'src/rover_fsm'
[0.773s] INFO:colcon.colcon_core.package_selection:Skipping not selected package 'rover_state' in 'src/rover_state'
[0.773s] INFO:colcon.colcon_core.package_selection:Skipping not selected package 'rover_utils' in 'src/rover_utils'
[0.773s] INFO:colcon.colcon_core.package_selection:Skipping not selected package 'rover_visualization' in 'src/rover_visualization'
[0.774s] Level 1:colcon.colcon_core.package_discovery:discover_packages(prefix_path) check parameters
[0.774s] Level 1:colcon.colcon_core.package_discovery:discover_packages(prefix_path) discover
[0.778s] DEBUG:colcon.colcon_installed_package_information.package_discovery:Found 9 installed packages in /home/andrei/project/strawberry_rover_ws/install
[0.781s] DEBUG:colcon.colcon_installed_package_information.package_discovery:Found 256 installed packages in /opt/ros/foxy
[0.829s] Level 1:colcon.colcon_core.package_discovery:discover_packages(prefix_path) using defaults
[0.940s] Level 5:colcon.colcon_core.verb:set package 'rover_description' build argument 'cmake_args' from command line to 'None'
[0.941s] Level 5:colcon.colcon_core.verb:set package 'rover_description' build argument 'cmake_target' from command line to 'None'
[0.941s] Level 5:colcon.colcon_core.verb:set package 'rover_description' build argument 'cmake_target_skip_unavailable' from command line to 'False'
[0.941s] Level 5:colcon.colcon_core.verb:set package 'rover_description' build argument 'cmake_clean_cache' from command line to 'False'
[0.941s] Level 5:colcon.colcon_core.verb:set package 'rover_description' build argument 'cmake_clean_first' from command line to 'False'
[0.941s] Level 5:colcon.colcon_core.verb:set package 'rover_description' build argument 'cmake_force_configure' from command line to 'False'
[0.941s] Level 5:colcon.colcon_core.verb:set package 'rover_description' build argument 'ament_cmake_args' from command line to 'None'
[0.941s] Level 5:colcon.colcon_core.verb:set package 'rover_description' build argument 'catkin_cmake_args' from command line to 'None'
[0.941s] Level 5:colcon.colcon_core.verb:set package 'rover_description' build argument 'catkin_skip_building_tests' from command line to 'False'
[0.941s] DEBUG:colcon.colcon_core.verb:Building package 'rover_description' with the following arguments: {'ament_cmake_args': None, 'build_base': '/home/andrei/project/strawberry_rover_ws/build/rover_description', 'catkin_cmake_args': None, 'catkin_skip_building_tests': False, 'cmake_args': None, 'cmake_clean_cache': False, 'cmake_clean_first': False, 'cmake_force_configure': False, 'cmake_target': None, 'cmake_target_skip_unavailable': False, 'install_base': '/home/andrei/project/strawberry_rover_ws/install/rover_description', 'merge_install': False, 'path': '/home/andrei/project/strawberry_rover_ws/src/rover_description', 'symlink_install': False, 'test_result_base': None}
[0.942s] INFO:colcon.colcon_core.executor:Executing jobs using 'parallel' executor
[0.945s] DEBUG:colcon.colcon_parallel_executor.executor.parallel:run_until_complete
[0.946s] INFO:colcon.colcon_ros.task.ament_python.build:Building ROS package in '/home/andrei/project/strawberry_rover_ws/src/rover_description' with build type 'ament_python'
[0.946s] Level 1:colcon.colcon_core.shell:create_environment_hook('rover_description', 'ament_prefix_path')
[0.951s] INFO:colcon.colcon_core.plugin_system:Skipping extension 'colcon_core.shell.bat': Not used on non-Windows systems
[0.952s] INFO:colcon.colcon_core.shell:Creating environment hook '/home/andrei/project/strawberry_rover_ws/install/rover_description/share/rover_description/hook/ament_prefix_path.ps1'
[0.954s] INFO:colcon.colcon_core.shell:Creating environment descriptor '/home/andrei/project/strawberry_rover_ws/install/rover_description/share/rover_description/hook/ament_prefix_path.dsv'
[0.957s] INFO:colcon.colcon_core.shell:Creating environment hook '/home/andrei/project/strawberry_rover_ws/install/rover_description/share/rover_description/hook/ament_prefix_path.sh'
[0.960s] INFO:colcon.colcon_core.shell:Skip shell extension 'powershell' for command environment: Not usable outside of PowerShell
[0.960s] DEBUG:colcon.colcon_core.shell:Skip shell extension 'dsv' for command environment
[1.477s] INFO:colcon.colcon_core.task.python.build:Building Python package in '/home/andrei/project/strawberry_rover_ws/src/rover_description'
[1.479s] INFO:colcon.colcon_core.shell:Skip shell extension 'powershell' for command environment: Not usable outside of PowerShell
[1.479s] DEBUG:colcon.colcon_core.shell:Skip shell extension 'dsv' for command environment
[2.393s] DEBUG:colcon.colcon_core.event_handler.log_command:Invoking command in '/home/andrei/project/strawberry_rover_ws/src/rover_description': PYTHONPATH=/home/andrei/project/strawberry_rover_ws/build/rover_description/prefix_override:/usr/lib/python3/dist-packages/colcon_core/task/python/colcon_distutils_commands:/home/andrei/project/strawberry_rover_ws/install/rover_description/lib/python3.8/site-packages:${PYTHONPATH} /usr/bin/python3 -W ignore:setup.py install is deprecated -W ignore:easy_install command is deprecated setup.py egg_info --egg-base ../../build/rover_description build --build-base /home/andrei/project/strawberry_rover_ws/build/rover_description/build install --record /home/andrei/project/strawberry_rover_ws/build/rover_description/install.log --single-version-externally-managed install_data
[3.062s] DEBUG:colcon.colcon_core.event_handler.log_command:Invoked command in '/home/andrei/project/strawberry_rover_ws/src/rover_description' returned '0': PYTHONPATH=/home/andrei/project/strawberry_rover_ws/build/rover_description/prefix_override:/usr/lib/python3/dist-packages/colcon_core/task/python/colcon_distutils_commands:/home/andrei/project/strawberry_rover_ws/install/rover_description/lib/python3.8/site-packages:${PYTHONPATH} /usr/bin/python3 -W ignore:setup.py install is deprecated -W ignore:easy_install command is deprecated setup.py egg_info --egg-base ../../build/rover_description build --build-base /home/andrei/project/strawberry_rover_ws/build/rover_description/build install --record /home/andrei/project/strawberry_rover_ws/build/rover_description/install.log --single-version-externally-managed install_data
[3.070s] Level 1:colcon.colcon_core.environment:checking '/home/andrei/project/strawberry_rover_ws/install/rover_description' for CMake module files
[3.072s] Level 1:colcon.colcon_core.environment:checking '/home/andrei/project/strawberry_rover_ws/install/rover_description' for CMake config files
[3.075s] Level 1:colcon.colcon_core.environment:checking '/home/andrei/project/strawberry_rover_ws/install/rover_description/lib'
[3.075s] Level 1:colcon.colcon_core.environment:checking '/home/andrei/project/strawberry_rover_ws/install/rover_description/bin'
[3.076s] Level 1:colcon.colcon_core.environment:checking '/home/andrei/project/strawberry_rover_ws/install/rover_description/lib/pkgconfig/rover_description.pc'
[3.076s] Level 1:colcon.colcon_core.environment:checking '/home/andrei/project/strawberry_rover_ws/install/rover_description/lib/python3.8/site-packages'
[3.076s] Level 1:colcon.colcon_core.shell:create_environment_hook('rover_description', 'pythonpath')
[3.077s] INFO:colcon.colcon_core.shell:Creating environment hook '/home/andrei/project/strawberry_rover_ws/install/rover_description/share/rover_description/hook/pythonpath.ps1'
[3.079s] INFO:colcon.colcon_core.shell:Creating environment descriptor '/home/andrei/project/strawberry_rover_ws/install/rover_description/share/rover_description/hook/pythonpath.dsv'
[3.082s] INFO:colcon.colcon_core.shell:Creating environment hook '/home/andrei/project/strawberry_rover_ws/install/rover_description/share/rover_description/hook/pythonpath.sh'
[3.084s] Level 1:colcon.colcon_core.environment:checking '/home/andrei/project/strawberry_rover_ws/install/rover_description/bin'
[3.084s] Level 1:colcon.colcon_core.environment:create_environment_scripts_only(rover_description)
[3.085s] INFO:colcon.colcon_core.shell:Creating package script '/home/andrei/project/strawberry_rover_ws/install/rover_description/share/rover_description/package.ps1'
[3.087s] INFO:colcon.colcon_core.shell:Creating package descriptor '/home/andrei/project/strawberry_rover_ws/install/rover_description/share/rover_description/package.dsv'
[3.088s] INFO:colcon.colcon_core.shell:Creating package script '/home/andrei/project/strawberry_rover_ws/install/rover_description/share/rover_description/package.sh'
[3.090s] INFO:colcon.colcon_core.shell:Creating package script '/home/andrei/project/strawberry_rover_ws/install/rover_description/share/rover_description/package.bash'
[3.091s] INFO:colcon.colcon_core.shell:Creating package script '/home/andrei/project/strawberry_rover_ws/install/rover_description/share/rover_description/package.zsh'
[3.093s] Level 1:colcon.colcon_core.environment:create_file_with_runtime_dependencies(/home/andrei/project/strawberry_rover_ws/install/rover_description/share/colcon-core/packages/rover_description)
[3.094s] DEBUG:colcon.colcon_parallel_executor.executor.parallel:closing loop
[3.095s] DEBUG:colcon.colcon_parallel_executor.executor.parallel:loop closed
[3.096s] DEBUG:colcon.colcon_parallel_executor.executor.parallel:run_until_complete finished with '0'
[3.096s] DEBUG:colcon.colcon_core.event_reactor:joining thread
[3.112s] INFO:colcon.colcon_core.plugin_system:Skipping extension 'colcon_notification.desktop_notification.terminal_notifier': Not used on non-Darwin systems
[3.113s] INFO:colcon.colcon_core.plugin_system:Skipping extension 'colcon_notification.desktop_notification.win32': Not used on non-Windows systems
[3.113s] INFO:colcon.colcon_notification.desktop_notification:Sending desktop notification using 'notify2'
[3.160s] DEBUG:colcon.colcon_core.event_reactor:joined thread
[3.162s] INFO:colcon.colcon_core.shell:Creating prefix script '/home/andrei/project/strawberry_rover_ws/install/local_setup.ps1'
[3.165s] INFO:colcon.colcon_core.shell:Creating prefix util module '/home/andrei/project/strawberry_rover_ws/install/_local_setup_util_ps1.py'
[3.171s] INFO:colcon.colcon_core.shell:Creating prefix chain script '/home/andrei/project/strawberry_rover_ws/install/setup.ps1'
[3.176s] INFO:colcon.colcon_core.shell:Creating prefix script '/home/andrei/project/strawberry_rover_ws/install/local_setup.sh'
[3.178s] INFO:colcon.colcon_core.shell:Creating prefix util module '/home/andrei/project/strawberry_rover_ws/install/_local_setup_util_sh.py'
[3.179s] INFO:colcon.colcon_core.shell:Creating prefix chain script '/home/andrei/project/strawberry_rover_ws/install/setup.sh'
[3.182s] INFO:colcon.colcon_core.shell:Creating prefix script '/home/andrei/project/strawberry_rover_ws/install/local_setup.bash'
[3.183s] INFO:colcon.colcon_core.shell:Creating prefix chain script '/home/andrei/project/strawberry_rover_ws/install/setup.bash'
[3.185s] INFO:colcon.colcon_core.shell:Creating prefix script '/home/andrei/project/strawberry_rover_ws/install/local_setup.zsh'
[3.186s] INFO:colcon.colcon_core.shell:Creating prefix chain script '/home/andrei/project/strawberry_rover_ws/install/setup.zsh'
