[5.488s] Invoking command in '/home/andrei/project/strawberry_rover_ws/src/rover_perception': PYTHONPATH=/home/andrei/project/strawberry_rover_ws/build/rover_perception/prefix_override:/usr/lib/python3/dist-packages/colcon_core/task/python/colcon_distutils_commands:/home/andrei/project/strawberry_rover_ws/install/rover_perception/lib/python3.8/site-packages:${PYTHONPATH} /usr/bin/python3 -W ignore:setup.py install is deprecated -W ignore:easy_install command is deprecated setup.py egg_info --egg-base ../../build/rover_perception build --build-base /home/andrei/project/strawberry_rover_ws/build/rover_perception/build install --record /home/andrei/project/strawberry_rover_ws/build/rover_perception/install.log --single-version-externally-managed install_data
[6.346s] running egg_info
[6.348s] writing ../../build/rover_perception/rover_perception.egg-info/PKG-INFO
[6.350s] writing dependency_links to ../../build/rover_perception/rover_perception.egg-info/dependency_links.txt
[6.355s] writing entry points to ../../build/rover_perception/rover_perception.egg-info/entry_points.txt
[6.356s] writing requirements to ../../build/rover_perception/rover_perception.egg-info/requires.txt
[6.356s] writing top-level names to ../../build/rover_perception/rover_perception.egg-info/top_level.txt
[6.953s] reading manifest file '../../build/rover_perception/rover_perception.egg-info/SOURCES.txt'
[6.953s] writing manifest file '../../build/rover_perception/rover_perception.egg-info/SOURCES.txt'
[6.953s] running build
[6.954s] running build_py
[6.954s] copying rover_perception/rgb_camera_node.py -> /home/andrei/project/strawberry_rover_ws/build/rover_perception/build/lib/rover_perception
[6.954s] running install
[6.954s] running install_lib
[6.959s] copying /home/andrei/project/strawberry_rover_ws/build/rover_perception/build/lib/rover_perception/rgb_camera_node.py -> /home/andrei/project/strawberry_rover_ws/install/rover_perception/lib/python3.8/site-packages/rover_perception
[6.959s] byte-compiling /home/andrei/project/strawberry_rover_ws/install/rover_perception/lib/python3.8/site-packages/rover_perception/rgb_camera_node.py to rgb_camera_node.cpython-38.pyc
[6.959s] running install_data
[6.960s] copying config/rgb_camera.yaml -> /home/andrei/project/strawberry_rover_ws/install/rover_perception/share/rover_perception/config
[6.960s] running install_egg_info
[6.960s] removing '/home/andrei/project/strawberry_rover_ws/install/rover_perception/lib/python3.8/site-packages/rover_perception-0.0.0-py3.8.egg-info' (and everything under it)
[6.960s] Copying ../../build/rover_perception/rover_perception.egg-info to /home/andrei/project/strawberry_rover_ws/install/rover_perception/lib/python3.8/site-packages/rover_perception-0.0.0-py3.8.egg-info
[6.960s] running install_scripts
[6.960s] Installing camera_preprocess_node script to /home/andrei/project/strawberry_rover_ws/install/rover_perception/lib/rover_perception
[6.960s] Installing rgb_camera_node script to /home/andrei/project/strawberry_rover_ws/install/rover_perception/lib/rover_perception
[6.961s] Installing sensor_fusion_node script to /home/andrei/project/strawberry_rover_ws/install/rover_perception/lib/rover_perception
[6.961s] writing list of installed files to '/home/andrei/project/strawberry_rover_ws/build/rover_perception/install.log'
[7.047s] Invoked command in '/home/andrei/project/strawberry_rover_ws/src/rover_perception' returned '0': PYTHONPATH=/home/andrei/project/strawberry_rover_ws/build/rover_perception/prefix_override:/usr/lib/python3/dist-packages/colcon_core/task/python/colcon_distutils_commands:/home/andrei/project/strawberry_rover_ws/install/rover_perception/lib/python3.8/site-packages:${PYTHONPATH} /usr/bin/python3 -W ignore:setup.py install is deprecated -W ignore:easy_install command is deprecated setup.py egg_info --egg-base ../../build/rover_perception build --build-base /home/andrei/project/strawberry_rover_ws/build/rover_perception/build install --record /home/andrei/project/strawberry_rover_ws/build/rover_perception/install.log --single-version-externally-managed install_data
