running egg_info
writing ../../build/rover_navigation/rover_navigation.egg-info/PKG-INFO
writing dependency_links to ../../build/rover_navigation/rover_navigation.egg-info/dependency_links.txt
writing entry points to ../../build/rover_navigation/rover_navigation.egg-info/entry_points.txt
writing requirements to ../../build/rover_navigation/rover_navigation.egg-info/requires.txt
writing top-level names to ../../build/rover_navigation/rover_navigation.egg-info/top_level.txt
reading manifest file '../../build/rover_navigation/rover_navigation.egg-info/SOURCES.txt'
writing manifest file '../../build/rover_navigation/rover_navigation.egg-info/SOURCES.txt'
running build
running build_py
copying rover_navigation/rover_navigation_node.py -> /home/andrei/project/strawberry_rover_ws/build/rover_navigation/build/lib/rover_navigation
running install
running install_lib
copying /home/andrei/project/strawberry_rover_ws/build/rover_navigation/build/lib/rover_navigation/rover_navigation_node.py -> /home/andrei/project/strawberry_rover_ws/install/rover_navigation/lib/python3.8/site-packages/rover_navigation
byte-compiling /home/andrei/project/strawberry_rover_ws/install/rover_navigation/lib/python3.8/site-packages/rover_navigation/rover_navigation_node.py to rover_navigation_node.cpython-38.pyc
running install_data
running install_egg_info
removing '/home/andrei/project/strawberry_rover_ws/install/rover_navigation/lib/python3.8/site-packages/rover_navigation-0.0.0-py3.8.egg-info' (and everything under it)
Copying ../../build/rover_navigation/rover_navigation.egg-info to /home/andrei/project/strawberry_rover_ws/install/rover_navigation/lib/python3.8/site-packages/rover_navigation-0.0.0-py3.8.egg-info
running install_scripts
Installing rover_navigation_node script to /home/andrei/project/strawberry_rover_ws/install/rover_navigation/lib/rover_navigation
writing list of installed files to '/home/andrei/project/strawberry_rover_ws/build/rover_navigation/install.log'
