[1.654s] Invoking command in '/home/andrei/project/strawberry_rover_ws/src/rover_web_interface': PYTHONPATH=/home/andrei/project/strawberry_rover_ws/build/rover_web_interface/prefix_override:/usr/lib/python3/dist-packages/colcon_core/task/python/colcon_distutils_commands:/home/andrei/project/strawberry_rover_ws/install/rover_web_interface/lib/python3.8/site-packages:${PYTHONPATH} /usr/bin/python3 -W ignore:setup.py install is deprecated -W ignore:easy_install command is deprecated setup.py egg_info --egg-base ../../build/rover_web_interface build --build-base /home/andrei/project/strawberry_rover_ws/build/rover_web_interface/build install --record /home/andrei/project/strawberry_rover_ws/build/rover_web_interface/install.log --install-scripts $base/lib/rover_web_interface --single-version-externally-managed install_data
[2.094s] running egg_info
[2.095s] writing ../../build/rover_web_interface/rover_web_interface.egg-info/PKG-INFO
[2.095s] writing dependency_links to ../../build/rover_web_interface/rover_web_interface.egg-info/dependency_links.txt
[2.097s] writing entry points to ../../build/rover_web_interface/rover_web_interface.egg-info/entry_points.txt
[2.097s] writing requirements to ../../build/rover_web_interface/rover_web_interface.egg-info/requires.txt
[2.097s] writing top-level names to ../../build/rover_web_interface/rover_web_interface.egg-info/top_level.txt
[2.185s] reading manifest file '../../build/rover_web_interface/rover_web_interface.egg-info/SOURCES.txt'
[2.187s] writing manifest file '../../build/rover_web_interface/rover_web_interface.egg-info/SOURCES.txt'
[2.187s] running build
[2.187s] running build_py
[2.190s] copying rover_web_interface/backend/ros_bridge.py -> /home/andrei/project/strawberry_rover_ws/build/rover_web_interface/build/lib/rover_web_interface/backend
[2.191s] copying rover_web_interface/backend/api_server.py -> /home/andrei/project/strawberry_rover_ws/build/rover_web_interface/build/lib/rover_web_interface/backend
[2.192s] running install
[2.195s] running install_lib
[2.197s] copying /home/andrei/project/strawberry_rover_ws/build/rover_web_interface/build/lib/rover_web_interface/backend/ros_bridge.py -> /home/andrei/project/strawberry_rover_ws/install/rover_web_interface/lib/python3.8/site-packages/rover_web_interface/backend
[2.198s] copying /home/andrei/project/strawberry_rover_ws/build/rover_web_interface/build/lib/rover_web_interface/backend/api_server.py -> /home/andrei/project/strawberry_rover_ws/install/rover_web_interface/lib/python3.8/site-packages/rover_web_interface/backend
[2.199s] byte-compiling /home/andrei/project/strawberry_rover_ws/install/rover_web_interface/lib/python3.8/site-packages/rover_web_interface/backend/ros_bridge.py to ros_bridge.cpython-38.pyc
[2.207s] byte-compiling /home/andrei/project/strawberry_rover_ws/install/rover_web_interface/lib/python3.8/site-packages/rover_web_interface/backend/api_server.py to api_server.cpython-38.pyc
[2.211s] running install_data
[2.211s] copying rover_web_interface/frontend/index.html -> /home/andrei/project/strawberry_rover_ws/install/rover_web_interface/share/rover_web_interface/frontend
[2.212s] copying rover_web_interface/frontend/dashboard.js -> /home/andrei/project/strawberry_rover_ws/install/rover_web_interface/share/rover_web_interface/frontend
[2.212s] running install_egg_info
[2.216s] removing '/home/andrei/project/strawberry_rover_ws/install/rover_web_interface/lib/python3.8/site-packages/rover_web_interface-0.0.0-py3.8.egg-info' (and everything under it)
[2.217s] Copying ../../build/rover_web_interface/rover_web_interface.egg-info to /home/andrei/project/strawberry_rover_ws/install/rover_web_interface/lib/python3.8/site-packages/rover_web_interface-0.0.0-py3.8.egg-info
[2.219s] running install_scripts
[2.257s] Installing rover_web_server script to /home/andrei/project/strawberry_rover_ws/install/rover_web_interface/lib/rover_web_interface
[2.258s] writing list of installed files to '/home/andrei/project/strawberry_rover_ws/build/rover_web_interface/install.log'
[2.343s] Invoked command in '/home/andrei/project/strawberry_rover_ws/src/rover_web_interface' returned '0': PYTHONPATH=/home/andrei/project/strawberry_rover_ws/build/rover_web_interface/prefix_override:/usr/lib/python3/dist-packages/colcon_core/task/python/colcon_distutils_commands:/home/andrei/project/strawberry_rover_ws/install/rover_web_interface/lib/python3.8/site-packages:${PYTHONPATH} /usr/bin/python3 -W ignore:setup.py install is deprecated -W ignore:easy_install command is deprecated setup.py egg_info --egg-base ../../build/rover_web_interface build --build-base /home/andrei/project/strawberry_rover_ws/build/rover_web_interface/build install --record /home/andrei/project/strawberry_rover_ws/build/rover_web_interface/install.log --install-scripts $base/lib/rover_web_interface --single-version-externally-managed install_data
