[0.000000] (-) TimerEvent: {}
[0.000336] (-) JobUnselected: {'identifier': 'rover_description'}
[0.000687] (-) JobUnselected: {'identifier': 'rover_fake_lidar'}
[0.000903] (-) JobUnselected: {'identifier': 'rover_fake_stereo'}
[0.001336] (-) JobUnselected: {'identifier': 'rover_fsm'}
[0.001665] (-) JobUnselected: {'identifier': 'rover_navigation'}
[0.001983] (-) JobUnselected: {'identifier': 'rover_perception'}
[0.002108] (-) JobUnselected: {'identifier': 'rover_simulation'}
[0.002364] (-) JobUnselected: {'identifier': 'rover_state'}
[0.002412] (-) JobUnselected: {'identifier': 'rover_utils'}
[0.002473] (-) JobUnselected: {'identifier': 'rover_visualization'}
[0.002521] (rover_fake_camera) JobQueued: {'identifier': 'rover_fake_camera', 'dependencies': OrderedDict()}
[0.002591] (rover_bringup) JobQueued: {'identifier': 'rover_bringup', 'dependencies': OrderedDict([('rover_description', '/home/andrei/project/strawberry_rover_ws/install/rover_description'), ('rover_fake_camera', '/home/andrei/project/strawberry_rover_ws/install/rover_fake_camera'), ('rover_fake_lidar', '/home/andrei/project/strawberry_rover_ws/install/rover_fake_lidar'), ('rover_fake_stereo', '/home/andrei/project/strawberry_rover_ws/install/rover_fake_stereo'), ('rover_navigation', '/home/andrei/project/strawberry_rover_ws/install/rover_navigation'), ('rover_simulation', '/home/andrei/project/strawberry_rover_ws/install/rover_simulation')])}
[0.003133] (rover_fake_camera) JobStarted: {'identifier': 'rover_fake_camera'}
[0.099260] (-) TimerEvent: {}
[0.199972] (-) TimerEvent: {}
[0.300509] (-) TimerEvent: {}
[0.401054] (-) TimerEvent: {}
[0.501611] (-) TimerEvent: {}
[0.602335] (-) TimerEvent: {}
[0.703038] (-) TimerEvent: {}
[0.803576] (-) TimerEvent: {}
[0.904164] (-) TimerEvent: {}
[1.004705] (-) TimerEvent: {}
[1.105233] (-) TimerEvent: {}
[1.205832] (-) TimerEvent: {}
[1.306382] (-) TimerEvent: {}
[1.407029] (-) TimerEvent: {}
[1.505818] (rover_fake_camera) Command: {'cmd': ['/usr/bin/python3', '-W', 'ignore:setup.py install is deprecated', '-W', 'ignore:easy_install command is deprecated', 'setup.py', 'egg_info', '--egg-base', '../../build/rover_fake_camera', 'build', '--build-base', '/home/andrei/project/strawberry_rover_ws/build/rover_fake_camera/build', 'install', '--record', '/home/andrei/project/strawberry_rover_ws/build/rover_fake_camera/install.log', '--single-version-externally-managed', 'install_data'], 'cwd': '/home/andrei/project/strawberry_rover_ws/src/rover_fake_camera', 'env': {'LESSOPEN': '| /usr/bin/lesspipe %s', 'VSCODE_CWD': '/home/andrei', 'VSCODE_ESM_ENTRYPOINT': 'vs/workbench/api/node/extensionHostProcess', 'LANGUAGE': 'en', 'USER': 'andrei', 'SSH_CLIENT': '192.168.1.19 62331 22', 'LC_TIME': 'ru_RU.UTF-8', 'VSCODE_NLS_CONFIG': '{"userLocale":"en","osLocale":"en","resolvedLanguage":"en","defaultMessagesFile":"/home/andrei/.cursor-server/bin/linux-arm64/8c95649f251a168cc4bb34c89531fae7db4bd990/out/nls.messages.json","locale":"en","availableLanguages":{}}', 'CI': '1', 'VSCODE_HANDLES_UNCAUGHT_ERRORS': 'true', 'XDG_SESSION_TYPE': 'tty', 'DEBUG': 'release', 'SHLVL': '1', 'LD_LIBRARY_PATH': '/opt/ros/foxy/opt/yaml_cpp_vendor/lib:/opt/ros/foxy/opt/rviz_ogre_vendor/lib:/opt/ros/foxy/lib/aarch64-linux-gnu:/opt/ros/foxy/lib', 'BROWSER': '/home/andrei/.cursor-server/bin/linux-arm64/8c95649f251a168cc4bb34c89531fae7db4bd990/bin/helpers/browser.sh', 'MOTD_SHOWN': 'pam', 'HOME': '/home/andrei', 'OLDPWD': '/home/andrei/project/strawberry_rover_ws', 'NVM_BIN': '/home/andrei/.nvm/versions/node/v20.20.1/bin', 'VSCODE_IPC_HOOK_CLI': '/run/user/1000/vscode-ipc-87d7b719-0f3c-4fca-94e9-9b136f0fc576.sock', 'NVM_INC': '/home/andrei/.nvm/versions/node/v20.20.1/include/node', 'ROS_PYTHON_VERSION': '3', 'LC_MONETARY': 'ru_RU.UTF-8', 'NO_COLOR': '1', 'DBUS_SESSION_BUS_ADDRESS': 'unix:path=/run/user/1000/bus', 'NVM_DIR': '/home/andrei/.nvm', 'VSCODE_L10N_BUNDLE_LOCATION': '', 'COLCON_PREFIX_PATH': '/home/andrei/project/strawberry_rover_ws/install', 'ROS_DISTRO': 'foxy', 'OVSX_REGISTRY_URL': 'https://open-vsx.org', 'LOGNAME': 'andrei', 'FORCE_COLOR': '0', 'VSCODE_HANDLES_SIGPIPE': 'true', '_': '/usr/bin/colcon', 'ROS_VERSION': '2', 'XDG_SESSION_CLASS': 'user', 'TERM': 'dumb', 'XDG_SESSION_ID': '90', 'ROS_LOCALHOST_ONLY': '0', 'PATH': '/home/andrei/.cursor-server/bin/linux-arm64/8c95649f251a168cc4bb34c89531fae7db4bd990/bin/remote-cli:/home/andrei/.nvm/versions/node/v20.20.1/bin:/opt/ros/foxy/bin:/home/andrei/.cursor-server/bin/linux-arm64/8c95649f251a168cc4bb34c89531fae7db4bd990/bin/remote-cli:/usr/local/sbin:/usr/local/bin:/usr/sbin:/usr/bin:/sbin:/bin:/usr/games:/usr/local/games:/snap/bin', 'VSCODE_AGENT_FOLDER': '/home/andrei/.cursor-server', 'PAPERSIZE': 'a4', 'LC_ADDRESS': 'ru_RU.UTF-8', 'XDG_RUNTIME_DIR': '/run/user/1000', 'CURSOR_AGENT': '1', 'LANG': 'en_US.UTF-8', 'LC_TELEPHONE': 'ru_RU.UTF-8', 'LS_COLORS': '', 'AMENT_PREFIX_PATH': '/home/andrei/project/strawberry_rover_ws/install/rover_visualization:/home/andrei/project/strawberry_rover_ws/install/rover_utils:/home/andrei/project/strawberry_rover_ws/install/rover_state:/home/andrei/project/strawberry_rover_ws/install/rover_bringup:/home/andrei/project/strawberry_rover_ws/install/rover_simulation:/home/andrei/project/strawberry_rover_ws/install/rover_perception:/home/andrei/project/strawberry_rover_ws/install/rover_navigation:/home/andrei/project/strawberry_rover_ws/install/rover_fsm:/home/andrei/project/strawberry_rover_ws/install/rover_fake_stereo:/home/andrei/project/strawberry_rover_ws/install/rover_fake_lidar:/home/andrei/project/strawberry_rover_ws/install/rover_fake_camera:/home/andrei/project/strawberry_rover_ws/install/rover_description:/opt/ros/foxy', 'SHELL': '/bin/bash', 'LC_NAME': 'ru_RU.UTF-8', 'VSCODE_SERVER_SHUTDOWN_TIMEOUT': '300', 'LESSCLOSE': '/usr/bin/lesspipe %s %s', 'LC_MEASUREMENT': 'ru_RU.UTF-8', 'LC_IDENTIFICATION': 'ru_RU.UTF-8', 'PWD': '/home/andrei/project/strawberry_rover_ws/build/rover_fake_camera', 'SSH_CONNECTION': '192.168.1.19 62331 192.168.1.77 22', 'NVM_CD_FLAGS': '', 'XDG_DATA_DIRS': '/usr/local/share:/usr/share:/var/lib/snapd/desktop', 'PYTHONPATH': '/home/andrei/project/strawberry_rover_ws/build/rover_fake_camera/prefix_override:/usr/lib/python3/dist-packages/colcon_core/task/python/colcon_distutils_commands:/home/andrei/project/strawberry_rover_ws/install/rover_fake_camera/lib/python3.8/site-packages:/home/andrei/project/strawberry_rover_ws/install/rover_visualization/lib/python3.8/site-packages:/home/andrei/project/strawberry_rover_ws/install/rover_utils/lib/python3.8/site-packages:/home/andrei/project/strawberry_rover_ws/install/rover_state/lib/python3.8/site-packages:/home/andrei/project/strawberry_rover_ws/install/rover_bringup/lib/python3.8/site-packages:/home/andrei/project/strawberry_rover_ws/install/rover_simulation/lib/python3.8/site-packages:/home/andrei/project/strawberry_rover_ws/install/rover_perception/lib/python3.8/site-packages:/home/andrei/project/strawberry_rover_ws/install/rover_navigation/lib/python3.8/site-packages:/home/andrei/project/strawberry_rover_ws/install/rover_fsm/lib/python3.8/site-packages:/home/andrei/project/strawberry_rover_ws/install/rover_fake_stereo/lib/python3.8/site-packages:/home/andrei/project/strawberry_rover_ws/install/rover_fake_lidar/lib/python3.8/site-packages:/home/andrei/project/strawberry_rover_ws/install/rover_fake_camera/lib/python3.8/site-packages:/home/andrei/project/strawberry_rover_ws/install/rover_description/lib/python3.8/site-packages:/opt/ros/foxy/lib/python3.8/site-packages', 'LC_NUMERIC': 'ru_RU.UTF-8', 'LC_PAPER': 'ru_RU.UTF-8', 'COLCON': '1', '_ZO_DOCTOR': '0'}, 'shell': False}
[1.513564] (-) TimerEvent: {}
[1.613949] (-) TimerEvent: {}
[1.714510] (-) TimerEvent: {}
[1.815068] (-) TimerEvent: {}
[1.915631] (-) TimerEvent: {}
[1.965962] (rover_fake_camera) StdoutLine: {'line': b'running egg_info\n'}
[1.967170] (rover_fake_camera) StdoutLine: {'line': b'writing ../../build/rover_fake_camera/rover_fake_camera.egg-info/PKG-INFO\n'}
[1.968048] (rover_fake_camera) StdoutLine: {'line': b'writing dependency_links to ../../build/rover_fake_camera/rover_fake_camera.egg-info/dependency_links.txt\n'}
[1.968485] (rover_fake_camera) StdoutLine: {'line': b'writing entry points to ../../build/rover_fake_camera/rover_fake_camera.egg-info/entry_points.txt\n'}
[1.970339] (rover_fake_camera) StdoutLine: {'line': b'writing requirements to ../../build/rover_fake_camera/rover_fake_camera.egg-info/requires.txt\n'}
[1.970676] (rover_fake_camera) StdoutLine: {'line': b'writing top-level names to ../../build/rover_fake_camera/rover_fake_camera.egg-info/top_level.txt\n'}
[2.015858] (-) TimerEvent: {}
[2.039880] (rover_fake_camera) StdoutLine: {'line': b"reading manifest file '../../build/rover_fake_camera/rover_fake_camera.egg-info/SOURCES.txt'\n"}
[2.041182] (rover_fake_camera) StdoutLine: {'line': b"writing manifest file '../../build/rover_fake_camera/rover_fake_camera.egg-info/SOURCES.txt'\n"}
[2.041580] (rover_fake_camera) StdoutLine: {'line': b'running build\n'}
[2.041876] (rover_fake_camera) StdoutLine: {'line': b'running build_py\n'}
[2.042359] (rover_fake_camera) StdoutLine: {'line': b'copying rover_fake_camera/fake_camera_node.py -> /home/andrei/project/strawberry_rover_ws/build/rover_fake_camera/build/lib/rover_fake_camera\n'}
[2.045407] (rover_fake_camera) StdoutLine: {'line': b'running install\n'}
[2.048414] (rover_fake_camera) StdoutLine: {'line': b'running install_lib\n'}
[2.050872] (rover_fake_camera) StdoutLine: {'line': b'copying /home/andrei/project/strawberry_rover_ws/build/rover_fake_camera/build/lib/rover_fake_camera/fake_camera_node.py -> /home/andrei/project/strawberry_rover_ws/install/rover_fake_camera/lib/python3.8/site-packages/rover_fake_camera\n'}
[2.052948] (rover_fake_camera) StdoutLine: {'line': b'byte-compiling /home/andrei/project/strawberry_rover_ws/install/rover_fake_camera/lib/python3.8/site-packages/rover_fake_camera/fake_camera_node.py to fake_camera_node.cpython-38.pyc\n'}
[2.064535] (rover_fake_camera) StdoutLine: {'line': b'running install_data\n'}
[2.065875] (rover_fake_camera) StdoutLine: {'line': b'running install_egg_info\n'}
[2.072108] (rover_fake_camera) StdoutLine: {'line': b"removing '/home/andrei/project/strawberry_rover_ws/install/rover_fake_camera/lib/python3.8/site-packages/rover_fake_camera-0.0.0-py3.8.egg-info' (and everything under it)\n"}
[2.073709] (rover_fake_camera) StdoutLine: {'line': b'Copying ../../build/rover_fake_camera/rover_fake_camera.egg-info to /home/andrei/project/strawberry_rover_ws/install/rover_fake_camera/lib/python3.8/site-packages/rover_fake_camera-0.0.0-py3.8.egg-info\n'}
[2.075676] (rover_fake_camera) StdoutLine: {'line': b'running install_scripts\n'}
[2.115998] (-) TimerEvent: {}
[2.124790] (rover_fake_camera) StdoutLine: {'line': b'Installing fake_camera_node script to /home/andrei/project/strawberry_rover_ws/install/rover_fake_camera/lib/rover_fake_camera\n'}
[2.126801] (rover_fake_camera) StdoutLine: {'line': b"writing list of installed files to '/home/andrei/project/strawberry_rover_ws/build/rover_fake_camera/install.log'\n"}
[2.216269] (-) TimerEvent: {}
[2.227622] (rover_fake_camera) CommandEnded: {'returncode': 0}
[2.258738] (rover_fake_camera) JobEnded: {'identifier': 'rover_fake_camera', 'rc': 0}
[2.262307] (rover_bringup) JobStarted: {'identifier': 'rover_bringup'}
[2.316562] (-) TimerEvent: {}
[2.417194] (-) TimerEvent: {}
[2.517749] (-) TimerEvent: {}
[2.618318] (-) TimerEvent: {}
[2.718888] (-) TimerEvent: {}
[2.819657] (-) TimerEvent: {}
[2.921455] (-) TimerEvent: {}
[3.022065] (-) TimerEvent: {}
[3.122671] (-) TimerEvent: {}
[3.223223] (-) TimerEvent: {}
[3.323802] (-) TimerEvent: {}
[3.424401] (-) TimerEvent: {}
[3.524996] (-) TimerEvent: {}
[3.625570] (-) TimerEvent: {}
[3.726189] (-) TimerEvent: {}
[3.826896] (-) TimerEvent: {}
[3.828363] (rover_bringup) Command: {'cmd': ['/usr/bin/python3', '-W', 'ignore:setup.py install is deprecated', '-W', 'ignore:easy_install command is deprecated', 'setup.py', 'egg_info', '--egg-base', '../../build/rover_bringup', 'build', '--build-base', '/home/andrei/project/strawberry_rover_ws/build/rover_bringup/build', 'install', '--record', '/home/andrei/project/strawberry_rover_ws/build/rover_bringup/install.log', '--single-version-externally-managed', 'install_data'], 'cwd': '/home/andrei/project/strawberry_rover_ws/src/rover_bringup', 'env': {'LESSOPEN': '| /usr/bin/lesspipe %s', 'VSCODE_CWD': '/home/andrei', 'VSCODE_ESM_ENTRYPOINT': 'vs/workbench/api/node/extensionHostProcess', 'LANGUAGE': 'en', 'USER': 'andrei', 'SSH_CLIENT': '192.168.1.19 62331 22', 'LC_TIME': 'ru_RU.UTF-8', 'VSCODE_NLS_CONFIG': '{"userLocale":"en","osLocale":"en","resolvedLanguage":"en","defaultMessagesFile":"/home/andrei/.cursor-server/bin/linux-arm64/8c95649f251a168cc4bb34c89531fae7db4bd990/out/nls.messages.json","locale":"en","availableLanguages":{}}', 'CI': '1', 'VSCODE_HANDLES_UNCAUGHT_ERRORS': 'true', 'XDG_SESSION_TYPE': 'tty', 'DEBUG': 'release', 'SHLVL': '1', 'LD_LIBRARY_PATH': '/opt/ros/foxy/opt/yaml_cpp_vendor/lib:/opt/ros/foxy/opt/rviz_ogre_vendor/lib:/opt/ros/foxy/lib/aarch64-linux-gnu:/opt/ros/foxy/lib', 'BROWSER': '/home/andrei/.cursor-server/bin/linux-arm64/8c95649f251a168cc4bb34c89531fae7db4bd990/bin/helpers/browser.sh', 'MOTD_SHOWN': 'pam', 'HOME': '/home/andrei', 'OLDPWD': '/home/andrei/project/strawberry_rover_ws', 'NVM_BIN': '/home/andrei/.nvm/versions/node/v20.20.1/bin', 'VSCODE_IPC_HOOK_CLI': '/run/user/1000/vscode-ipc-87d7b719-0f3c-4fca-94e9-9b136f0fc576.sock', 'NVM_INC': '/home/andrei/.nvm/versions/node/v20.20.1/include/node', 'ROS_PYTHON_VERSION': '3', 'LC_MONETARY': 'ru_RU.UTF-8', 'NO_COLOR': '1', 'DBUS_SESSION_BUS_ADDRESS': 'unix:path=/run/user/1000/bus', 'NVM_DIR': '/home/andrei/.nvm', 'VSCODE_L10N_BUNDLE_LOCATION': '', 'COLCON_PREFIX_PATH': '/home/andrei/project/strawberry_rover_ws/install', 'ROS_DISTRO': 'foxy', 'OVSX_REGISTRY_URL': 'https://open-vsx.org', 'LOGNAME': 'andrei', 'FORCE_COLOR': '0', 'VSCODE_HANDLES_SIGPIPE': 'true', '_': '/usr/bin/colcon', 'ROS_VERSION': '2', 'XDG_SESSION_CLASS': 'user', 'TERM': 'dumb', 'XDG_SESSION_ID': '90', 'ROS_LOCALHOST_ONLY': '0', 'PATH': '/home/andrei/.cursor-server/bin/linux-arm64/8c95649f251a168cc4bb34c89531fae7db4bd990/bin/remote-cli:/home/andrei/.nvm/versions/node/v20.20.1/bin:/opt/ros/foxy/bin:/home/andrei/.cursor-server/bin/linux-arm64/8c95649f251a168cc4bb34c89531fae7db4bd990/bin/remote-cli:/usr/local/sbin:/usr/local/bin:/usr/sbin:/usr/bin:/sbin:/bin:/usr/games:/usr/local/games:/snap/bin', 'VSCODE_AGENT_FOLDER': '/home/andrei/.cursor-server', 'PAPERSIZE': 'a4', 'LC_ADDRESS': 'ru_RU.UTF-8', 'XDG_RUNTIME_DIR': '/run/user/1000', 'CURSOR_AGENT': '1', 'LANG': 'en_US.UTF-8', 'LC_TELEPHONE': 'ru_RU.UTF-8', 'LS_COLORS': '', 'AMENT_PREFIX_PATH': '/home/andrei/project/strawberry_rover_ws/install/rover_simulation:/home/andrei/project/strawberry_rover_ws/install/rover_navigation:/home/andrei/project/strawberry_rover_ws/install/rover_fake_stereo:/home/andrei/project/strawberry_rover_ws/install/rover_fake_lidar:/home/andrei/project/strawberry_rover_ws/install/rover_fake_camera:/home/andrei/project/strawberry_rover_ws/install/rover_description:/home/andrei/project/strawberry_rover_ws/install/rover_visualization:/home/andrei/project/strawberry_rover_ws/install/rover_utils:/home/andrei/project/strawberry_rover_ws/install/rover_state:/home/andrei/project/strawberry_rover_ws/install/rover_bringup:/home/andrei/project/strawberry_rover_ws/install/rover_perception:/home/andrei/project/strawberry_rover_ws/install/rover_fsm:/opt/ros/foxy', 'SHELL': '/bin/bash', 'LC_NAME': 'ru_RU.UTF-8', 'VSCODE_SERVER_SHUTDOWN_TIMEOUT': '300', 'LESSCLOSE': '/usr/bin/lesspipe %s %s', 'LC_MEASUREMENT': 'ru_RU.UTF-8', 'LC_IDENTIFICATION': 'ru_RU.UTF-8', 'PWD': '/home/andrei/project/strawberry_rover_ws/build/rover_bringup', 'SSH_CONNECTION': '192.168.1.19 62331 192.168.1.77 22', 'NVM_CD_FLAGS': '', 'XDG_DATA_DIRS': '/usr/local/share:/usr/share:/var/lib/snapd/desktop', 'PYTHONPATH': '/home/andrei/project/strawberry_rover_ws/build/rover_bringup/prefix_override:/usr/lib/python3/dist-packages/colcon_core/task/python/colcon_distutils_commands:/home/andrei/project/strawberry_rover_ws/install/rover_bringup/lib/python3.8/site-packages:/home/andrei/project/strawberry_rover_ws/install/rover_simulation/lib/python3.8/site-packages:/home/andrei/project/strawberry_rover_ws/install/rover_navigation/lib/python3.8/site-packages:/home/andrei/project/strawberry_rover_ws/install/rover_fake_stereo/lib/python3.8/site-packages:/home/andrei/project/strawberry_rover_ws/install/rover_fake_lidar/lib/python3.8/site-packages:/home/andrei/project/strawberry_rover_ws/install/rover_fake_camera/lib/python3.8/site-packages:/home/andrei/project/strawberry_rover_ws/install/rover_description/lib/python3.8/site-packages:/home/andrei/project/strawberry_rover_ws/install/rover_visualization/lib/python3.8/site-packages:/home/andrei/project/strawberry_rover_ws/install/rover_utils/lib/python3.8/site-packages:/home/andrei/project/strawberry_rover_ws/install/rover_state/lib/python3.8/site-packages:/home/andrei/project/strawberry_rover_ws/install/rover_bringup/lib/python3.8/site-packages:/home/andrei/project/strawberry_rover_ws/install/rover_perception/lib/python3.8/site-packages:/home/andrei/project/strawberry_rover_ws/install/rover_fsm/lib/python3.8/site-packages:/opt/ros/foxy/lib/python3.8/site-packages', 'LC_NUMERIC': 'ru_RU.UTF-8', 'LC_PAPER': 'ru_RU.UTF-8', 'COLCON': '1', '_ZO_DOCTOR': '0'}, 'shell': False}
[3.927165] (-) TimerEvent: {}
[4.027779] (-) TimerEvent: {}
[4.128332] (-) TimerEvent: {}
[4.228909] (-) TimerEvent: {}
[4.302746] (rover_bringup) StdoutLine: {'line': b'running egg_info\n'}
[4.303921] (rover_bringup) StdoutLine: {'line': b'writing ../../build/rover_bringup/rover_bringup.egg-info/PKG-INFO\n'}
[4.304685] (rover_bringup) StdoutLine: {'line': b'writing dependency_links to ../../build/rover_bringup/rover_bringup.egg-info/dependency_links.txt\n'}
[4.305028] (rover_bringup) StdoutLine: {'line': b'writing entry points to ../../build/rover_bringup/rover_bringup.egg-info/entry_points.txt\n'}
[4.305351] (rover_bringup) StdoutLine: {'line': b'writing requirements to ../../build/rover_bringup/rover_bringup.egg-info/requires.txt\n'}
[4.305603] (rover_bringup) StdoutLine: {'line': b'writing top-level names to ../../build/rover_bringup/rover_bringup.egg-info/top_level.txt\n'}
[4.329103] (-) TimerEvent: {}
[4.378414] (rover_bringup) StdoutLine: {'line': b"reading manifest file '../../build/rover_bringup/rover_bringup.egg-info/SOURCES.txt'\n"}
[4.379842] (rover_bringup) StdoutLine: {'line': b"writing manifest file '../../build/rover_bringup/rover_bringup.egg-info/SOURCES.txt'\n"}
[4.380311] (rover_bringup) StdoutLine: {'line': b'running build\n'}
[4.380565] (rover_bringup) StdoutLine: {'line': b'running build_py\n'}
[4.380934] (rover_bringup) StdoutLine: {'line': b'running install\n'}
[4.383554] (rover_bringup) StdoutLine: {'line': b'running install_lib\n'}
[4.387379] (rover_bringup) StdoutLine: {'line': b'running install_data\n'}
[4.387848] (rover_bringup) StdoutLine: {'line': b'running install_egg_info\n'}
[4.392959] (rover_bringup) StdoutLine: {'line': b"removing '/home/andrei/project/strawberry_rover_ws/install/rover_bringup/lib/python3.8/site-packages/rover_bringup-0.0.0-py3.8.egg-info' (and everything under it)\n"}
[4.393915] (rover_bringup) StdoutLine: {'line': b'Copying ../../build/rover_bringup/rover_bringup.egg-info to /home/andrei/project/strawberry_rover_ws/install/rover_bringup/lib/python3.8/site-packages/rover_bringup-0.0.0-py3.8.egg-info\n'}
[4.395956] (rover_bringup) StdoutLine: {'line': b'running install_scripts\n'}
[4.429289] (-) TimerEvent: {}
[4.443536] (rover_bringup) StdoutLine: {'line': b"writing list of installed files to '/home/andrei/project/strawberry_rover_ws/build/rover_bringup/install.log'\n"}
[4.529536] (-) TimerEvent: {}
[4.542559] (rover_bringup) CommandEnded: {'returncode': 0}
[4.563774] (rover_bringup) JobEnded: {'identifier': 'rover_bringup', 'rc': 0}
[4.566018] (-) EventReactorShutdown: {}
