[5.579s] Invoking command in '/home/andrei/project/strawberry_rover_ws/src/rover_description': PYTHONPATH=/home/andrei/project/strawberry_rover_ws/build/rover_description/prefix_override:/usr/lib/python3/dist-packages/colcon_core/task/python/colcon_distutils_commands:/home/andrei/project/strawberry_rover_ws/install/rover_description/lib/python3.8/site-packages:${PYTHONPATH} /usr/bin/python3 -W ignore:setup.py install is deprecated -W ignore:easy_install command is deprecated setup.py egg_info --egg-base ../../build/rover_description build --build-base /home/andrei/project/strawberry_rover_ws/build/rover_description/build install --record /home/andrei/project/strawberry_rover_ws/build/rover_description/install.log --single-version-externally-managed install_data
[6.653s] running egg_info
[6.653s] writing ../../build/rover_description/rover_description.egg-info/PKG-INFO
[6.654s] writing dependency_links to ../../build/rover_description/rover_description.egg-info/dependency_links.txt
[6.654s] writing entry points to ../../build/rover_description/rover_description.egg-info/entry_points.txt
[6.654s] writing requirements to ../../build/rover_description/rover_description.egg-info/requires.txt
[6.654s] writing top-level names to ../../build/rover_description/rover_description.egg-info/top_level.txt
[6.711s] reading manifest file '../../build/rover_description/rover_description.egg-info/SOURCES.txt'
[6.713s] writing manifest file '../../build/rover_description/rover_description.egg-info/SOURCES.txt'
[6.714s] running build
[6.714s] running build_py
[6.717s] running install
[6.722s] running install_lib
[6.727s] running install_data
[6.728s] running install_egg_info
[6.739s] removing '/home/andrei/project/strawberry_rover_ws/install/rover_description/lib/python3.8/site-packages/rover_description-0.0.0-py3.8.egg-info' (and everything under it)
[6.740s] Copying ../../build/rover_description/rover_description.egg-info to /home/andrei/project/strawberry_rover_ws/install/rover_description/lib/python3.8/site-packages/rover_description-0.0.0-py3.8.egg-info
[6.740s] running install_scripts
[6.795s] writing list of installed files to '/home/andrei/project/strawberry_rover_ws/build/rover_description/install.log'
[7.100s] Invoked command in '/home/andrei/project/strawberry_rover_ws/src/rover_description' returned '0': PYTHONPATH=/home/andrei/project/strawberry_rover_ws/build/rover_description/prefix_override:/usr/lib/python3/dist-packages/colcon_core/task/python/colcon_distutils_commands:/home/andrei/project/strawberry_rover_ws/install/rover_description/lib/python3.8/site-packages:${PYTHONPATH} /usr/bin/python3 -W ignore:setup.py install is deprecated -W ignore:easy_install command is deprecated setup.py egg_info --egg-base ../../build/rover_description build --build-base /home/andrei/project/strawberry_rover_ws/build/rover_description/build install --record /home/andrei/project/strawberry_rover_ws/build/rover_description/install.log --single-version-externally-managed install_data
