[5.690s] Invoking command in '/home/andrei/project/strawberry_rover_ws/src/rover_state': PYTHONPATH=/home/andrei/project/strawberry_rover_ws/build/rover_state/prefix_override:/usr/lib/python3/dist-packages/colcon_core/task/python/colcon_distutils_commands:/home/andrei/project/strawberry_rover_ws/install/rover_state/lib/python3.8/site-packages:${PYTHONPATH} /usr/bin/python3 -W ignore:setup.py install is deprecated -W ignore:easy_install command is deprecated setup.py egg_info --egg-base ../../build/rover_state build --build-base /home/andrei/project/strawberry_rover_ws/build/rover_state/build install --record /home/andrei/project/strawberry_rover_ws/build/rover_state/install.log --single-version-externally-managed install_data
[6.446s] running egg_info
[6.448s] writing ../../build/rover_state/rover_state.egg-info/PKG-INFO
[6.449s] writing dependency_links to ../../build/rover_state/rover_state.egg-info/dependency_links.txt
[6.449s] writing entry points to ../../build/rover_state/rover_state.egg-info/entry_points.txt
[6.452s] writing requirements to ../../build/rover_state/rover_state.egg-info/requires.txt
[6.455s] writing top-level names to ../../build/rover_state/rover_state.egg-info/top_level.txt
[6.533s] reading manifest file '../../build/rover_state/rover_state.egg-info/SOURCES.txt'
[6.535s] writing manifest file '../../build/rover_state/rover_state.egg-info/SOURCES.txt'
[6.536s] running build
[6.536s] running build_py
[6.542s] running install
[6.547s] running install_lib
[6.552s] running install_data
[6.554s] running install_egg_info
[6.568s] removing '/home/andrei/project/strawberry_rover_ws/install/rover_state/lib/python3.8/site-packages/rover_state-0.0.0-py3.8.egg-info' (and everything under it)
[6.576s] Copying ../../build/rover_state/rover_state.egg-info to /home/andrei/project/strawberry_rover_ws/install/rover_state/lib/python3.8/site-packages/rover_state-0.0.0-py3.8.egg-info
[6.600s] running install_scripts
[6.751s] writing list of installed files to '/home/andrei/project/strawberry_rover_ws/build/rover_state/install.log'
[6.840s] Invoked command in '/home/andrei/project/strawberry_rover_ws/src/rover_state' returned '0': PYTHONPATH=/home/andrei/project/strawberry_rover_ws/build/rover_state/prefix_override:/usr/lib/python3/dist-packages/colcon_core/task/python/colcon_distutils_commands:/home/andrei/project/strawberry_rover_ws/install/rover_state/lib/python3.8/site-packages:${PYTHONPATH} /usr/bin/python3 -W ignore:setup.py install is deprecated -W ignore:easy_install command is deprecated setup.py egg_info --egg-base ../../build/rover_state build --build-base /home/andrei/project/strawberry_rover_ws/build/rover_state/build install --record /home/andrei/project/strawberry_rover_ws/build/rover_state/install.log --single-version-externally-managed install_data
