/home/andrei/project/strawberry_rover_ws/install/rover_perception/lib/python3.8/site-packages/rover_perception/camera_preprocess_node.py
/home/andrei/project/strawberry_rover_ws/install/rover_perception/lib/python3.8/site-packages/rover_perception/__init__.py
/home/andrei/project/strawberry_rover_ws/install/rover_perception/lib/python3.8/site-packages/rover_perception/sensor_fusion_node.py
/home/andrei/project/strawberry_rover_ws/install/rover_perception/lib/python3.8/site-packages/rover_perception/rgb_camera_node.py
/home/andrei/project/strawberry_rover_ws/install/rover_perception/lib/python3.8/site-packages/rover_perception/__pycache__/camera_preprocess_node.cpython-38.pyc
/home/andrei/project/strawberry_rover_ws/install/rover_perception/lib/python3.8/site-packages/rover_perception/__pycache__/__init__.cpython-38.pyc
/home/andrei/project/strawberry_rover_ws/install/rover_perception/lib/python3.8/site-packages/rover_perception/__pycache__/sensor_fusion_node.cpython-38.pyc
/home/andrei/project/strawberry_rover_ws/install/rover_perception/lib/python3.8/site-packages/rover_perception/__pycache__/rgb_camera_node.cpython-38.pyc
/home/andrei/project/strawberry_rover_ws/install/rover_perception/share/ament_index/resource_index/packages/rover_perception
/home/andrei/project/strawberry_rover_ws/install/rover_perception/share/rover_perception/package.xml
/home/andrei/project/strawberry_rover_ws/install/rover_perception/share/rover_perception/launch/rgb_camera.launch.py
/home/andrei/project/strawberry_rover_ws/install/rover_perception/share/rover_perception/launch/camera_preprocess.launch.py
/home/andrei/project/strawberry_rover_ws/install/rover_perception/share/rover_perception/launch/sensor_fusion.launch.py
/home/andrei/project/strawberry_rover_ws/install/rover_perception/share/rover_perception/config/camera_preprocess.yaml
/home/andrei/project/strawberry_rover_ws/install/rover_perception/share/rover_perception/config/sensor_fusion.yaml
/home/andrei/project/strawberry_rover_ws/install/rover_perception/share/rover_perception/config/rgb_camera.yaml
/home/andrei/project/strawberry_rover_ws/install/rover_perception/lib/python3.8/site-packages/rover_perception-0.0.0-py3.8.egg-info/SOURCES.txt
/home/andrei/project/strawberry_rover_ws/install/rover_perception/lib/python3.8/site-packages/rover_perception-0.0.0-py3.8.egg-info/PKG-INFO
/home/andrei/project/strawberry_rover_ws/install/rover_perception/lib/python3.8/site-packages/rover_perception-0.0.0-py3.8.egg-info/entry_points.txt
/home/andrei/project/strawberry_rover_ws/install/rover_perception/lib/python3.8/site-packages/rover_perception-0.0.0-py3.8.egg-info/zip-safe
/home/andrei/project/strawberry_rover_ws/install/rover_perception/lib/python3.8/site-packages/rover_perception-0.0.0-py3.8.egg-info/requires.txt
/home/andrei/project/strawberry_rover_ws/install/rover_perception/lib/python3.8/site-packages/rover_perception-0.0.0-py3.8.egg-info/top_level.txt
/home/andrei/project/strawberry_rover_ws/install/rover_perception/lib/python3.8/site-packages/rover_perception-0.0.0-py3.8.egg-info/dependency_links.txt
/home/andrei/project/strawberry_rover_ws/install/rover_perception/lib/rover_perception/camera_preprocess_node
/home/andrei/project/strawberry_rover_ws/install/rover_perception/lib/rover_perception/rgb_camera_node
/home/andrei/project/strawberry_rover_ws/install/rover_perception/lib/rover_perception/sensor_fusion_node
