[5.586s] Invoking command in '/home/andrei/project/strawberry_rover_ws/src/rover_fake_lidar': PYTHONPATH=/home/andrei/project/strawberry_rover_ws/build/rover_fake_lidar/prefix_override:/usr/lib/python3/dist-packages/colcon_core/task/python/colcon_distutils_commands:/home/andrei/project/strawberry_rover_ws/install/rover_fake_lidar/lib/python3.8/site-packages:${PYTHONPATH} /usr/bin/python3 -W ignore:setup.py install is deprecated -W ignore:easy_install command is deprecated setup.py egg_info --egg-base ../../build/rover_fake_lidar build --build-base /home/andrei/project/strawberry_rover_ws/build/rover_fake_lidar/build install --record /home/andrei/project/strawberry_rover_ws/build/rover_fake_lidar/install.log --single-version-externally-managed install_data
[6.361s] running egg_info
[6.361s] writing ../../build/rover_fake_lidar/rover_fake_lidar.egg-info/PKG-INFO
[6.362s] writing dependency_links to ../../build/rover_fake_lidar/rover_fake_lidar.egg-info/dependency_links.txt
[6.362s] writing entry points to ../../build/rover_fake_lidar/rover_fake_lidar.egg-info/entry_points.txt
[6.362s] writing requirements to ../../build/rover_fake_lidar/rover_fake_lidar.egg-info/requires.txt
[6.362s] writing top-level names to ../../build/rover_fake_lidar/rover_fake_lidar.egg-info/top_level.txt
[6.363s] reading manifest file '../../build/rover_fake_lidar/rover_fake_lidar.egg-info/SOURCES.txt'
[6.363s] writing manifest file '../../build/rover_fake_lidar/rover_fake_lidar.egg-info/SOURCES.txt'
[6.364s] running build
[6.364s] running build_py
[6.364s] copying rover_fake_lidar/fake_lidar_node.py -> /home/andrei/project/strawberry_rover_ws/build/rover_fake_lidar/build/lib/rover_fake_lidar
[6.364s] running install
[6.364s] running install_lib
[6.364s] copying /home/andrei/project/strawberry_rover_ws/build/rover_fake_lidar/build/lib/rover_fake_lidar/fake_lidar_node.py -> /home/andrei/project/strawberry_rover_ws/install/rover_fake_lidar/lib/python3.8/site-packages/rover_fake_lidar
[6.364s] byte-compiling /home/andrei/project/strawberry_rover_ws/install/rover_fake_lidar/lib/python3.8/site-packages/rover_fake_lidar/fake_lidar_node.py to fake_lidar_node.cpython-38.pyc
[6.364s] running install_data
[6.365s] copying config/fake_lidar.yaml -> /home/andrei/project/strawberry_rover_ws/install/rover_fake_lidar/share/rover_fake_lidar/config
[6.365s] running install_egg_info
[6.365s] removing '/home/andrei/project/strawberry_rover_ws/install/rover_fake_lidar/lib/python3.8/site-packages/rover_fake_lidar-0.0.0-py3.8.egg-info' (and everything under it)
[6.365s] Copying ../../build/rover_fake_lidar/rover_fake_lidar.egg-info to /home/andrei/project/strawberry_rover_ws/install/rover_fake_lidar/lib/python3.8/site-packages/rover_fake_lidar-0.0.0-py3.8.egg-info
[6.365s] running install_scripts
[6.971s] Installing fake_lidar_node script to /home/andrei/project/strawberry_rover_ws/install/rover_fake_lidar/lib/rover_fake_lidar
[6.971s] writing list of installed files to '/home/andrei/project/strawberry_rover_ws/build/rover_fake_lidar/install.log'
[7.006s] Invoked command in '/home/andrei/project/strawberry_rover_ws/src/rover_fake_lidar' returned '0': PYTHONPATH=/home/andrei/project/strawberry_rover_ws/build/rover_fake_lidar/prefix_override:/usr/lib/python3/dist-packages/colcon_core/task/python/colcon_distutils_commands:/home/andrei/project/strawberry_rover_ws/install/rover_fake_lidar/lib/python3.8/site-packages:${PYTHONPATH} /usr/bin/python3 -W ignore:setup.py install is deprecated -W ignore:easy_install command is deprecated setup.py egg_info --egg-base ../../build/rover_fake_lidar build --build-base /home/andrei/project/strawberry_rover_ws/build/rover_fake_lidar/build install --record /home/andrei/project/strawberry_rover_ws/build/rover_fake_lidar/install.log --single-version-externally-managed install_data
