running egg_info
creating ../../build/rover_simulation/rover_simulation.egg-info
writing ../../build/rover_simulation/rover_simulation.egg-info/PKG-INFO
writing dependency_links to ../../build/rover_simulation/rover_simulation.egg-info/dependency_links.txt
writing entry points to ../../build/rover_simulation/rover_simulation.egg-info/entry_points.txt
writing requirements to ../../build/rover_simulation/rover_simulation.egg-info/requires.txt
writing top-level names to ../../build/rover_simulation/rover_simulation.egg-info/top_level.txt
writing manifest file '../../build/rover_simulation/rover_simulation.egg-info/SOURCES.txt'
reading manifest file '../../build/rover_simulation/rover_simulation.egg-info/SOURCES.txt'
writing manifest file '../../build/rover_simulation/rover_simulation.egg-info/SOURCES.txt'
running build
running build_py
creating /home/andrei/project/strawberry_rover_ws/build/rover_simulation/build
creating /home/andrei/project/strawberry_rover_ws/build/rover_simulation/build/lib
creating /home/andrei/project/strawberry_rover_ws/build/rover_simulation/build/lib/rover_simulation
copying rover_simulation/__init__.py -> /home/andrei/project/strawberry_rover_ws/build/rover_simulation/build/lib/rover_simulation
copying rover_simulation/rover_pose_simulator.py -> /home/andrei/project/strawberry_rover_ws/build/rover_simulation/build/lib/rover_simulation
running install
running install_lib
creating /home/andrei/project/strawberry_rover_ws/install/rover_simulation/lib/python3.8/site-packages/rover_simulation
copying /home/andrei/project/strawberry_rover_ws/build/rover_simulation/build/lib/rover_simulation/__init__.py -> /home/andrei/project/strawberry_rover_ws/install/rover_simulation/lib/python3.8/site-packages/rover_simulation
copying /home/andrei/project/strawberry_rover_ws/build/rover_simulation/build/lib/rover_simulation/rover_pose_simulator.py -> /home/andrei/project/strawberry_rover_ws/install/rover_simulation/lib/python3.8/site-packages/rover_simulation
byte-compiling /home/andrei/project/strawberry_rover_ws/install/rover_simulation/lib/python3.8/site-packages/rover_simulation/__init__.py to __init__.cpython-38.pyc
byte-compiling /home/andrei/project/strawberry_rover_ws/install/rover_simulation/lib/python3.8/site-packages/rover_simulation/rover_pose_simulator.py to rover_pose_simulator.cpython-38.pyc
running install_data
creating /home/andrei/project/strawberry_rover_ws/install/rover_simulation/share/ament_index
creating /home/andrei/project/strawberry_rover_ws/install/rover_simulation/share/ament_index/resource_index
creating /home/andrei/project/strawberry_rover_ws/install/rover_simulation/share/ament_index/resource_index/packages
copying resource/rover_simulation -> /home/andrei/project/strawberry_rover_ws/install/rover_simulation/share/ament_index/resource_index/packages
copying package.xml -> /home/andrei/project/strawberry_rover_ws/install/rover_simulation/share/rover_simulation
creating /home/andrei/project/strawberry_rover_ws/install/rover_simulation/share/rover_simulation/launch
copying launch/rover_pose_simulator.launch.py -> /home/andrei/project/strawberry_rover_ws/install/rover_simulation/share/rover_simulation/launch
creating /home/andrei/project/strawberry_rover_ws/install/rover_simulation/share/rover_simulation/config
copying config/rover_pose_simulator.yaml -> /home/andrei/project/strawberry_rover_ws/install/rover_simulation/share/rover_simulation/config
running install_egg_info
Copying ../../build/rover_simulation/rover_simulation.egg-info to /home/andrei/project/strawberry_rover_ws/install/rover_simulation/lib/python3.8/site-packages/rover_simulation-0.0.0-py3.8.egg-info
running install_scripts
Installing rover_pose_simulator script to /home/andrei/project/strawberry_rover_ws/install/rover_simulation/lib/rover_simulation
writing list of installed files to '/home/andrei/project/strawberry_rover_ws/build/rover_simulation/install.log'
