[2.038s] Invoking command in '/home/andrei/project/strawberry_rover_ws/src/rover_navigation': PYTHONPATH=/home/andrei/project/strawberry_rover_ws/build/rover_navigation/prefix_override:/usr/lib/python3/dist-packages/colcon_core/task/python/colcon_distutils_commands:/home/andrei/project/strawberry_rover_ws/install/rover_navigation/lib/python3.8/site-packages:${PYTHONPATH} /usr/bin/python3 -W ignore:setup.py install is deprecated -W ignore:easy_install command is deprecated setup.py egg_info --egg-base ../../build/rover_navigation build --build-base /home/andrei/project/strawberry_rover_ws/build/rover_navigation/build install --record /home/andrei/project/strawberry_rover_ws/build/rover_navigation/install.log --single-version-externally-managed install_data
[2.546s] running egg_info
[2.547s] writing ../../build/rover_navigation/rover_navigation.egg-info/PKG-INFO
[2.548s] writing dependency_links to ../../build/rover_navigation/rover_navigation.egg-info/dependency_links.txt
[2.549s] writing entry points to ../../build/rover_navigation/rover_navigation.egg-info/entry_points.txt
[2.550s] writing requirements to ../../build/rover_navigation/rover_navigation.egg-info/requires.txt
[2.550s] writing top-level names to ../../build/rover_navigation/rover_navigation.egg-info/top_level.txt
[2.621s] reading manifest file '../../build/rover_navigation/rover_navigation.egg-info/SOURCES.txt'
[2.622s] writing manifest file '../../build/rover_navigation/rover_navigation.egg-info/SOURCES.txt'
[2.623s] running build
[2.623s] running build_py
[2.623s] copying rover_navigation/rover_navigation_node.py -> /home/andrei/project/strawberry_rover_ws/build/rover_navigation/build/lib/rover_navigation
[2.626s] running install
[2.629s] running install_lib
[2.631s] copying /home/andrei/project/strawberry_rover_ws/build/rover_navigation/build/lib/rover_navigation/rover_navigation_node.py -> /home/andrei/project/strawberry_rover_ws/install/rover_navigation/lib/python3.8/site-packages/rover_navigation
[2.634s] byte-compiling /home/andrei/project/strawberry_rover_ws/install/rover_navigation/lib/python3.8/site-packages/rover_navigation/rover_navigation_node.py to rover_navigation_node.cpython-38.pyc
[2.644s] running install_data
[2.644s] copying config/rover_navigation.yaml -> /home/andrei/project/strawberry_rover_ws/install/rover_navigation/share/rover_navigation/config
[2.644s] running install_egg_info
[2.650s] removing '/home/andrei/project/strawberry_rover_ws/install/rover_navigation/lib/python3.8/site-packages/rover_navigation-0.0.0-py3.8.egg-info' (and everything under it)
[2.651s] Copying ../../build/rover_navigation/rover_navigation.egg-info to /home/andrei/project/strawberry_rover_ws/install/rover_navigation/lib/python3.8/site-packages/rover_navigation-0.0.0-py3.8.egg-info
[2.653s] running install_scripts
[2.717s] Installing rover_navigation_node script to /home/andrei/project/strawberry_rover_ws/install/rover_navigation/lib/rover_navigation
[2.717s] writing list of installed files to '/home/andrei/project/strawberry_rover_ws/build/rover_navigation/install.log'
[2.810s] Invoked command in '/home/andrei/project/strawberry_rover_ws/src/rover_navigation' returned '0': PYTHONPATH=/home/andrei/project/strawberry_rover_ws/build/rover_navigation/prefix_override:/usr/lib/python3/dist-packages/colcon_core/task/python/colcon_distutils_commands:/home/andrei/project/strawberry_rover_ws/install/rover_navigation/lib/python3.8/site-packages:${PYTHONPATH} /usr/bin/python3 -W ignore:setup.py install is deprecated -W ignore:easy_install command is deprecated setup.py egg_info --egg-base ../../build/rover_navigation build --build-base /home/andrei/project/strawberry_rover_ws/build/rover_navigation/build install --record /home/andrei/project/strawberry_rover_ws/build/rover_navigation/install.log --single-version-externally-managed install_data
