running egg_info
creating ../../build/rover_fake_lidar/rover_fake_lidar.egg-info
writing ../../build/rover_fake_lidar/rover_fake_lidar.egg-info/PKG-INFO
writing dependency_links to ../../build/rover_fake_lidar/rover_fake_lidar.egg-info/dependency_links.txt
writing entry points to ../../build/rover_fake_lidar/rover_fake_lidar.egg-info/entry_points.txt
writing requirements to ../../build/rover_fake_lidar/rover_fake_lidar.egg-info/requires.txt
writing top-level names to ../../build/rover_fake_lidar/rover_fake_lidar.egg-info/top_level.txt
writing manifest file '../../build/rover_fake_lidar/rover_fake_lidar.egg-info/SOURCES.txt'
reading manifest file '../../build/rover_fake_lidar/rover_fake_lidar.egg-info/SOURCES.txt'
writing manifest file '../../build/rover_fake_lidar/rover_fake_lidar.egg-info/SOURCES.txt'
running build
running build_py
creating /home/andrei/project/strawberry_rover_ws/build/rover_fake_lidar/build
creating /home/andrei/project/strawberry_rover_ws/build/rover_fake_lidar/build/lib
creating /home/andrei/project/strawberry_rover_ws/build/rover_fake_lidar/build/lib/rover_fake_lidar
copying rover_fake_lidar/__init__.py -> /home/andrei/project/strawberry_rover_ws/build/rover_fake_lidar/build/lib/rover_fake_lidar
running install
running install_lib
creating /home/andrei/project/strawberry_rover_ws/install/rover_fake_lidar/lib/python3.8/site-packages/rover_fake_lidar
copying /home/andrei/project/strawberry_rover_ws/build/rover_fake_lidar/build/lib/rover_fake_lidar/__init__.py -> /home/andrei/project/strawberry_rover_ws/install/rover_fake_lidar/lib/python3.8/site-packages/rover_fake_lidar
byte-compiling /home/andrei/project/strawberry_rover_ws/install/rover_fake_lidar/lib/python3.8/site-packages/rover_fake_lidar/__init__.py to __init__.cpython-38.pyc
running install_data
creating /home/andrei/project/strawberry_rover_ws/install/rover_fake_lidar/share/ament_index
creating /home/andrei/project/strawberry_rover_ws/install/rover_fake_lidar/share/ament_index/resource_index
creating /home/andrei/project/strawberry_rover_ws/install/rover_fake_lidar/share/ament_index/resource_index/packages
copying resource/rover_fake_lidar -> /home/andrei/project/strawberry_rover_ws/install/rover_fake_lidar/share/ament_index/resource_index/packages
copying package.xml -> /home/andrei/project/strawberry_rover_ws/install/rover_fake_lidar/share/rover_fake_lidar
creating /home/andrei/project/strawberry_rover_ws/install/rover_fake_lidar/share/rover_fake_lidar/launch
creating /home/andrei/project/strawberry_rover_ws/install/rover_fake_lidar/share/rover_fake_lidar/config
running install_egg_info
Copying ../../build/rover_fake_lidar/rover_fake_lidar.egg-info to /home/andrei/project/strawberry_rover_ws/install/rover_fake_lidar/lib/python3.8/site-packages/rover_fake_lidar-0.0.0-py3.8.egg-info
running install_scripts
writing list of installed files to '/home/andrei/project/strawberry_rover_ws/build/rover_fake_lidar/install.log'
