[1.387s] Invoking command in '/home/andrei/project/strawberry_rover_ws/src/rover_description': PYTHONPATH=/home/andrei/project/strawberry_rover_ws/build/rover_description/prefix_override:/usr/lib/python3/dist-packages/colcon_core/task/python/colcon_distutils_commands:/home/andrei/project/strawberry_rover_ws/install/rover_description/lib/python3.8/site-packages:${PYTHONPATH} /usr/bin/python3 -W ignore:setup.py install is deprecated -W ignore:easy_install command is deprecated setup.py egg_info --egg-base ../../build/rover_description build --build-base /home/andrei/project/strawberry_rover_ws/build/rover_description/build install --record /home/andrei/project/strawberry_rover_ws/build/rover_description/install.log --single-version-externally-managed install_data
[1.818s] running egg_info
[1.819s] writing ../../build/rover_description/rover_description.egg-info/PKG-INFO
[1.820s] writing dependency_links to ../../build/rover_description/rover_description.egg-info/dependency_links.txt
[1.820s] writing entry points to ../../build/rover_description/rover_description.egg-info/entry_points.txt
[1.822s] writing requirements to ../../build/rover_description/rover_description.egg-info/requires.txt
[1.823s] writing top-level names to ../../build/rover_description/rover_description.egg-info/top_level.txt
[1.888s] reading manifest file '../../build/rover_description/rover_description.egg-info/SOURCES.txt'
[1.890s] writing manifest file '../../build/rover_description/rover_description.egg-info/SOURCES.txt'
[1.890s] running build
[1.890s] running build_py
[1.891s] running install
[1.893s] running install_lib
[1.896s] running install_data
[1.897s] copying package.xml -> /home/andrei/project/strawberry_rover_ws/install/rover_description/share/rover_description
[1.897s] copying launch/view_robot.launch.py -> /home/andrei/project/strawberry_rover_ws/install/rover_description/share/rover_description/launch
[1.897s] copying urdf/rover.urdf -> /home/andrei/project/strawberry_rover_ws/install/rover_description/share/rover_description/urdf
[1.898s] running install_egg_info
[1.902s] removing '/home/andrei/project/strawberry_rover_ws/install/rover_description/lib/python3.8/site-packages/rover_description-0.0.0-py3.8.egg-info' (and everything under it)
[1.902s] Copying ../../build/rover_description/rover_description.egg-info to /home/andrei/project/strawberry_rover_ws/install/rover_description/lib/python3.8/site-packages/rover_description-0.0.0-py3.8.egg-info
[1.904s] running install_scripts
[1.944s] writing list of installed files to '/home/andrei/project/strawberry_rover_ws/build/rover_description/install.log'
[2.033s] Invoked command in '/home/andrei/project/strawberry_rover_ws/src/rover_description' returned '0': PYTHONPATH=/home/andrei/project/strawberry_rover_ws/build/rover_description/prefix_override:/usr/lib/python3/dist-packages/colcon_core/task/python/colcon_distutils_commands:/home/andrei/project/strawberry_rover_ws/install/rover_description/lib/python3.8/site-packages:${PYTHONPATH} /usr/bin/python3 -W ignore:setup.py install is deprecated -W ignore:easy_install command is deprecated setup.py egg_info --egg-base ../../build/rover_description build --build-base /home/andrei/project/strawberry_rover_ws/build/rover_description/build install --record /home/andrei/project/strawberry_rover_ws/build/rover_description/install.log --single-version-externally-managed install_data
