running egg_info
writing ../../build/rover_fake_stereo/rover_fake_stereo.egg-info/PKG-INFO
writing dependency_links to ../../build/rover_fake_stereo/rover_fake_stereo.egg-info/dependency_links.txt
writing entry points to ../../build/rover_fake_stereo/rover_fake_stereo.egg-info/entry_points.txt
writing requirements to ../../build/rover_fake_stereo/rover_fake_stereo.egg-info/requires.txt
writing top-level names to ../../build/rover_fake_stereo/rover_fake_stereo.egg-info/top_level.txt
reading manifest file '../../build/rover_fake_stereo/rover_fake_stereo.egg-info/SOURCES.txt'
writing manifest file '../../build/rover_fake_stereo/rover_fake_stereo.egg-info/SOURCES.txt'
running build
running build_py
copying rover_fake_stereo/fake_stereo_node.py -> /home/andrei/project/strawberry_rover_ws/build/rover_fake_stereo/build/lib/rover_fake_stereo
running install
running install_lib
copying /home/andrei/project/strawberry_rover_ws/build/rover_fake_stereo/build/lib/rover_fake_stereo/fake_stereo_node.py -> /home/andrei/project/strawberry_rover_ws/install/rover_fake_stereo/lib/python3.8/site-packages/rover_fake_stereo
byte-compiling /home/andrei/project/strawberry_rover_ws/install/rover_fake_stereo/lib/python3.8/site-packages/rover_fake_stereo/fake_stereo_node.py to fake_stereo_node.cpython-38.pyc
running install_data
copying config/fake_stereo.yaml -> /home/andrei/project/strawberry_rover_ws/install/rover_fake_stereo/share/rover_fake_stereo/config
running install_egg_info
removing '/home/andrei/project/strawberry_rover_ws/install/rover_fake_stereo/lib/python3.8/site-packages/rover_fake_stereo-0.0.0-py3.8.egg-info' (and everything under it)
Copying ../../build/rover_fake_stereo/rover_fake_stereo.egg-info to /home/andrei/project/strawberry_rover_ws/install/rover_fake_stereo/lib/python3.8/site-packages/rover_fake_stereo-0.0.0-py3.8.egg-info
running install_scripts
Installing fake_stereo_node script to /home/andrei/project/strawberry_rover_ws/install/rover_fake_stereo/lib/rover_fake_stereo
writing list of installed files to '/home/andrei/project/strawberry_rover_ws/build/rover_fake_stereo/install.log'
