[4.668s] Invoking command in '/home/andrei/project/strawberry_rover_ws/src/rover_simulation': PYTHONPATH=/home/andrei/project/strawberry_rover_ws/build/rover_simulation/prefix_override:/usr/lib/python3/dist-packages/colcon_core/task/python/colcon_distutils_commands:/home/andrei/project/strawberry_rover_ws/install/rover_simulation/lib/python3.8/site-packages:${PYTHONPATH} /usr/bin/python3 -W ignore:setup.py install is deprecated -W ignore:easy_install command is deprecated setup.py egg_info --egg-base ../../build/rover_simulation build --build-base /home/andrei/project/strawberry_rover_ws/build/rover_simulation/build install --record /home/andrei/project/strawberry_rover_ws/build/rover_simulation/install.log --single-version-externally-managed install_data
[5.289s] running egg_info
[5.291s] writing ../../build/rover_simulation/rover_simulation.egg-info/PKG-INFO
[5.293s] writing dependency_links to ../../build/rover_simulation/rover_simulation.egg-info/dependency_links.txt
[5.296s] writing entry points to ../../build/rover_simulation/rover_simulation.egg-info/entry_points.txt
[5.299s] writing requirements to ../../build/rover_simulation/rover_simulation.egg-info/requires.txt
[5.300s] writing top-level names to ../../build/rover_simulation/rover_simulation.egg-info/top_level.txt
[5.408s] reading manifest file '../../build/rover_simulation/rover_simulation.egg-info/SOURCES.txt'
[5.408s] writing manifest file '../../build/rover_simulation/rover_simulation.egg-info/SOURCES.txt'
[5.408s] running build
[5.408s] running build_py
[5.408s] running install
[5.409s] running install_lib
[5.409s] running install_data
[5.409s] copying config/rover_pose_simulator.yaml -> /home/andrei/project/strawberry_rover_ws/install/rover_simulation/share/rover_simulation/config
[5.409s] running install_egg_info
[5.428s] removing '/home/andrei/project/strawberry_rover_ws/install/rover_simulation/lib/python3.8/site-packages/rover_simulation-0.0.0-py3.8.egg-info' (and everything under it)
[5.428s] Copying ../../build/rover_simulation/rover_simulation.egg-info to /home/andrei/project/strawberry_rover_ws/install/rover_simulation/lib/python3.8/site-packages/rover_simulation-0.0.0-py3.8.egg-info
[5.428s] running install_scripts
[5.477s] Installing rover_pose_simulator script to /home/andrei/project/strawberry_rover_ws/install/rover_simulation/lib/rover_simulation
[5.479s] writing list of installed files to '/home/andrei/project/strawberry_rover_ws/build/rover_simulation/install.log'
[5.593s] Invoked command in '/home/andrei/project/strawberry_rover_ws/src/rover_simulation' returned '0': PYTHONPATH=/home/andrei/project/strawberry_rover_ws/build/rover_simulation/prefix_override:/usr/lib/python3/dist-packages/colcon_core/task/python/colcon_distutils_commands:/home/andrei/project/strawberry_rover_ws/install/rover_simulation/lib/python3.8/site-packages:${PYTHONPATH} /usr/bin/python3 -W ignore:setup.py install is deprecated -W ignore:easy_install command is deprecated setup.py egg_info --egg-base ../../build/rover_simulation build --build-base /home/andrei/project/strawberry_rover_ws/build/rover_simulation/build install --record /home/andrei/project/strawberry_rover_ws/build/rover_simulation/install.log --single-version-externally-managed install_data
