[5.987s] Invoking command in '/home/andrei/project/strawberry_rover_ws/src/rover_navigation': PYTHONPATH=/home/andrei/project/strawberry_rover_ws/build/rover_navigation/prefix_override:/usr/lib/python3/dist-packages/colcon_core/task/python/colcon_distutils_commands:/home/andrei/project/strawberry_rover_ws/install/rover_navigation/lib/python3.8/site-packages:${PYTHONPATH} /usr/bin/python3 -W ignore:setup.py install is deprecated -W ignore:easy_install command is deprecated setup.py egg_info --egg-base ../../build/rover_navigation build --build-base /home/andrei/project/strawberry_rover_ws/build/rover_navigation/build install --record /home/andrei/project/strawberry_rover_ws/build/rover_navigation/install.log --single-version-externally-managed install_data
[7.032s] running egg_info
[7.032s] writing ../../build/rover_navigation/rover_navigation.egg-info/PKG-INFO
[7.032s] writing dependency_links to ../../build/rover_navigation/rover_navigation.egg-info/dependency_links.txt
[7.032s] writing entry points to ../../build/rover_navigation/rover_navigation.egg-info/entry_points.txt
[7.032s] writing requirements to ../../build/rover_navigation/rover_navigation.egg-info/requires.txt
[7.032s] writing top-level names to ../../build/rover_navigation/rover_navigation.egg-info/top_level.txt
[7.194s] reading manifest file '../../build/rover_navigation/rover_navigation.egg-info/SOURCES.txt'
[7.194s] writing manifest file '../../build/rover_navigation/rover_navigation.egg-info/SOURCES.txt'
[7.194s] running build
[7.194s] running build_py
[7.194s] running install
[7.195s] running install_lib
[7.195s] running install_data
[7.195s] running install_egg_info
[7.195s] removing '/home/andrei/project/strawberry_rover_ws/install/rover_navigation/lib/python3.8/site-packages/rover_navigation-0.0.0-py3.8.egg-info' (and everything under it)
[7.195s] Copying ../../build/rover_navigation/rover_navigation.egg-info to /home/andrei/project/strawberry_rover_ws/install/rover_navigation/lib/python3.8/site-packages/rover_navigation-0.0.0-py3.8.egg-info
[7.195s] running install_scripts
[7.888s] Installing rover_navigation_node script to /home/andrei/project/strawberry_rover_ws/install/rover_navigation/lib/rover_navigation
[7.889s] writing list of installed files to '/home/andrei/project/strawberry_rover_ws/build/rover_navigation/install.log'
[8.523s] Invoked command in '/home/andrei/project/strawberry_rover_ws/src/rover_navigation' returned '0': PYTHONPATH=/home/andrei/project/strawberry_rover_ws/build/rover_navigation/prefix_override:/usr/lib/python3/dist-packages/colcon_core/task/python/colcon_distutils_commands:/home/andrei/project/strawberry_rover_ws/install/rover_navigation/lib/python3.8/site-packages:${PYTHONPATH} /usr/bin/python3 -W ignore:setup.py install is deprecated -W ignore:easy_install command is deprecated setup.py egg_info --egg-base ../../build/rover_navigation build --build-base /home/andrei/project/strawberry_rover_ws/build/rover_navigation/build install --record /home/andrei/project/strawberry_rover_ws/build/rover_navigation/install.log --single-version-externally-managed install_data
