[3.239s] Invoking command in '/home/andrei/project/strawberry_rover_ws/src/rover_fake_camera': PYTHONPATH=/home/andrei/project/strawberry_rover_ws/build/rover_fake_camera/prefix_override:/usr/lib/python3/dist-packages/colcon_core/task/python/colcon_distutils_commands:/home/andrei/project/strawberry_rover_ws/install/rover_fake_camera/lib/python3.8/site-packages:${PYTHONPATH} /usr/bin/python3 -W ignore:setup.py install is deprecated -W ignore:easy_install command is deprecated setup.py egg_info --egg-base ../../build/rover_fake_camera build --build-base /home/andrei/project/strawberry_rover_ws/build/rover_fake_camera/build install --record /home/andrei/project/strawberry_rover_ws/build/rover_fake_camera/install.log --single-version-externally-managed install_data
[3.813s] running egg_info
[3.817s] writing ../../build/rover_fake_camera/rover_fake_camera.egg-info/PKG-INFO
[3.817s] writing dependency_links to ../../build/rover_fake_camera/rover_fake_camera.egg-info/dependency_links.txt
[3.819s] writing entry points to ../../build/rover_fake_camera/rover_fake_camera.egg-info/entry_points.txt
[3.819s] writing requirements to ../../build/rover_fake_camera/rover_fake_camera.egg-info/requires.txt
[3.819s] writing top-level names to ../../build/rover_fake_camera/rover_fake_camera.egg-info/top_level.txt
[3.897s] reading manifest file '../../build/rover_fake_camera/rover_fake_camera.egg-info/SOURCES.txt'
[3.900s] writing manifest file '../../build/rover_fake_camera/rover_fake_camera.egg-info/SOURCES.txt'
[3.900s] running build
[3.901s] running build_py
[3.906s] copying rover_fake_camera/fake_camera_node.py -> /home/andrei/project/strawberry_rover_ws/build/rover_fake_camera/build/lib/rover_fake_camera
[3.908s] running install
[3.910s] running install_lib
[3.914s] copying /home/andrei/project/strawberry_rover_ws/build/rover_fake_camera/build/lib/rover_fake_camera/fake_camera_node.py -> /home/andrei/project/strawberry_rover_ws/install/rover_fake_camera/lib/python3.8/site-packages/rover_fake_camera
[3.916s] byte-compiling /home/andrei/project/strawberry_rover_ws/install/rover_fake_camera/lib/python3.8/site-packages/rover_fake_camera/fake_camera_node.py to fake_camera_node.cpython-38.pyc
[3.922s] running install_data
[3.925s] copying config/fake_camera.yaml -> /home/andrei/project/strawberry_rover_ws/install/rover_fake_camera/share/rover_fake_camera/config
[3.928s] running install_egg_info
[3.940s] removing '/home/andrei/project/strawberry_rover_ws/install/rover_fake_camera/lib/python3.8/site-packages/rover_fake_camera-0.0.0-py3.8.egg-info' (and everything under it)
[3.940s] Copying ../../build/rover_fake_camera/rover_fake_camera.egg-info to /home/andrei/project/strawberry_rover_ws/install/rover_fake_camera/lib/python3.8/site-packages/rover_fake_camera-0.0.0-py3.8.egg-info
[3.940s] running install_scripts
[3.996s] Installing fake_camera_node script to /home/andrei/project/strawberry_rover_ws/install/rover_fake_camera/lib/rover_fake_camera
[3.998s] writing list of installed files to '/home/andrei/project/strawberry_rover_ws/build/rover_fake_camera/install.log'
[4.156s] Invoked command in '/home/andrei/project/strawberry_rover_ws/src/rover_fake_camera' returned '0': PYTHONPATH=/home/andrei/project/strawberry_rover_ws/build/rover_fake_camera/prefix_override:/usr/lib/python3/dist-packages/colcon_core/task/python/colcon_distutils_commands:/home/andrei/project/strawberry_rover_ws/install/rover_fake_camera/lib/python3.8/site-packages:${PYTHONPATH} /usr/bin/python3 -W ignore:setup.py install is deprecated -W ignore:easy_install command is deprecated setup.py egg_info --egg-base ../../build/rover_fake_camera build --build-base /home/andrei/project/strawberry_rover_ws/build/rover_fake_camera/build install --record /home/andrei/project/strawberry_rover_ws/build/rover_fake_camera/install.log --single-version-externally-managed install_data
