running egg_info
creating ../../build/rover_utils/rover_utils.egg-info
writing ../../build/rover_utils/rover_utils.egg-info/PKG-INFO
writing dependency_links to ../../build/rover_utils/rover_utils.egg-info/dependency_links.txt
writing entry points to ../../build/rover_utils/rover_utils.egg-info/entry_points.txt
writing requirements to ../../build/rover_utils/rover_utils.egg-info/requires.txt
writing top-level names to ../../build/rover_utils/rover_utils.egg-info/top_level.txt
writing manifest file '../../build/rover_utils/rover_utils.egg-info/SOURCES.txt'
reading manifest file '../../build/rover_utils/rover_utils.egg-info/SOURCES.txt'
writing manifest file '../../build/rover_utils/rover_utils.egg-info/SOURCES.txt'
running build
running build_py
creating /home/andrei/project/strawberry_rover_ws/build/rover_utils/build
creating /home/andrei/project/strawberry_rover_ws/build/rover_utils/build/lib
creating /home/andrei/project/strawberry_rover_ws/build/rover_utils/build/lib/rover_utils
copying rover_utils/__init__.py -> /home/andrei/project/strawberry_rover_ws/build/rover_utils/build/lib/rover_utils
running install
running install_lib
creating /home/andrei/project/strawberry_rover_ws/install/rover_utils/lib/python3.8/site-packages/rover_utils
copying /home/andrei/project/strawberry_rover_ws/build/rover_utils/build/lib/rover_utils/__init__.py -> /home/andrei/project/strawberry_rover_ws/install/rover_utils/lib/python3.8/site-packages/rover_utils
byte-compiling /home/andrei/project/strawberry_rover_ws/install/rover_utils/lib/python3.8/site-packages/rover_utils/__init__.py to __init__.cpython-38.pyc
running install_data
creating /home/andrei/project/strawberry_rover_ws/install/rover_utils/share/ament_index
creating /home/andrei/project/strawberry_rover_ws/install/rover_utils/share/ament_index/resource_index
creating /home/andrei/project/strawberry_rover_ws/install/rover_utils/share/ament_index/resource_index/packages
copying resource/rover_utils -> /home/andrei/project/strawberry_rover_ws/install/rover_utils/share/ament_index/resource_index/packages
copying package.xml -> /home/andrei/project/strawberry_rover_ws/install/rover_utils/share/rover_utils
creating /home/andrei/project/strawberry_rover_ws/install/rover_utils/share/rover_utils/launch
creating /home/andrei/project/strawberry_rover_ws/install/rover_utils/share/rover_utils/config
running install_egg_info
Copying ../../build/rover_utils/rover_utils.egg-info to /home/andrei/project/strawberry_rover_ws/install/rover_utils/lib/python3.8/site-packages/rover_utils-0.0.0-py3.8.egg-info
running install_scripts
writing list of installed files to '/home/andrei/project/strawberry_rover_ws/build/rover_utils/install.log'
