[3.228s] Invoking command in '/home/andrei/project/strawberry_rover_ws/src/rover_simulation': PYTHONPATH=/home/andrei/project/strawberry_rover_ws/build/rover_simulation/prefix_override:/usr/lib/python3/dist-packages/colcon_core/task/python/colcon_distutils_commands:/home/andrei/project/strawberry_rover_ws/install/rover_simulation/lib/python3.8/site-packages:${PYTHONPATH} /usr/bin/python3 -W ignore:setup.py install is deprecated -W ignore:easy_install command is deprecated setup.py egg_info --egg-base ../../build/rover_simulation build --build-base /home/andrei/project/strawberry_rover_ws/build/rover_simulation/build install --record /home/andrei/project/strawberry_rover_ws/build/rover_simulation/install.log --single-version-externally-managed install_data
[3.710s] running egg_info
[3.711s] writing ../../build/rover_simulation/rover_simulation.egg-info/PKG-INFO
[3.712s] writing dependency_links to ../../build/rover_simulation/rover_simulation.egg-info/dependency_links.txt
[3.713s] writing entry points to ../../build/rover_simulation/rover_simulation.egg-info/entry_points.txt
[3.714s] writing requirements to ../../build/rover_simulation/rover_simulation.egg-info/requires.txt
[3.714s] writing top-level names to ../../build/rover_simulation/rover_simulation.egg-info/top_level.txt
[3.783s] reading manifest file '../../build/rover_simulation/rover_simulation.egg-info/SOURCES.txt'
[3.785s] writing manifest file '../../build/rover_simulation/rover_simulation.egg-info/SOURCES.txt'
[3.786s] running build
[3.786s] running build_py
[3.786s] running install
[3.789s] running install_lib
[3.793s] running install_data
[3.793s] copying config/rover_pose_simulator.yaml -> /home/andrei/project/strawberry_rover_ws/install/rover_simulation/share/rover_simulation/config
[3.794s] running install_egg_info
[3.800s] removing '/home/andrei/project/strawberry_rover_ws/install/rover_simulation/lib/python3.8/site-packages/rover_simulation-0.0.0-py3.8.egg-info' (and everything under it)
[3.801s] Copying ../../build/rover_simulation/rover_simulation.egg-info to /home/andrei/project/strawberry_rover_ws/install/rover_simulation/lib/python3.8/site-packages/rover_simulation-0.0.0-py3.8.egg-info
[3.803s] running install_scripts
[3.853s] Installing rover_pose_simulator script to /home/andrei/project/strawberry_rover_ws/install/rover_simulation/lib/rover_simulation
[3.854s] writing list of installed files to '/home/andrei/project/strawberry_rover_ws/build/rover_simulation/install.log'
[4.002s] Invoked command in '/home/andrei/project/strawberry_rover_ws/src/rover_simulation' returned '0': PYTHONPATH=/home/andrei/project/strawberry_rover_ws/build/rover_simulation/prefix_override:/usr/lib/python3/dist-packages/colcon_core/task/python/colcon_distutils_commands:/home/andrei/project/strawberry_rover_ws/install/rover_simulation/lib/python3.8/site-packages:${PYTHONPATH} /usr/bin/python3 -W ignore:setup.py install is deprecated -W ignore:easy_install command is deprecated setup.py egg_info --egg-base ../../build/rover_simulation build --build-base /home/andrei/project/strawberry_rover_ws/build/rover_simulation/build install --record /home/andrei/project/strawberry_rover_ws/build/rover_simulation/install.log --single-version-externally-managed install_data
