[1.390s] Invoking command in '/home/andrei/project/strawberry_rover_ws/src/rover_description': PYTHONPATH=/home/andrei/project/strawberry_rover_ws/build/rover_description/prefix_override:/usr/lib/python3/dist-packages/colcon_core/task/python/colcon_distutils_commands:/home/andrei/project/strawberry_rover_ws/install/rover_description/lib/python3.8/site-packages:${PYTHONPATH} /usr/bin/python3 -W ignore:setup.py install is deprecated -W ignore:easy_install command is deprecated setup.py egg_info --egg-base ../../build/rover_description build --build-base /home/andrei/project/strawberry_rover_ws/build/rover_description/build install --record /home/andrei/project/strawberry_rover_ws/build/rover_description/install.log --single-version-externally-managed install_data
[1.832s] running egg_info
[1.832s] writing ../../build/rover_description/rover_description.egg-info/PKG-INFO
[1.833s] writing dependency_links to ../../build/rover_description/rover_description.egg-info/dependency_links.txt
[1.833s] writing entry points to ../../build/rover_description/rover_description.egg-info/entry_points.txt
[1.833s] writing requirements to ../../build/rover_description/rover_description.egg-info/requires.txt
[1.836s] writing top-level names to ../../build/rover_description/rover_description.egg-info/top_level.txt
[1.899s] reading manifest file '../../build/rover_description/rover_description.egg-info/SOURCES.txt'
[1.900s] writing manifest file '../../build/rover_description/rover_description.egg-info/SOURCES.txt'
[1.901s] running build
[1.901s] running build_py
[1.901s] running install
[1.906s] running install_lib
[1.910s] running install_data
[1.910s] running install_egg_info
[1.914s] removing '/home/andrei/project/strawberry_rover_ws/install/rover_description/lib/python3.8/site-packages/rover_description-0.0.0-py3.8.egg-info' (and everything under it)
[1.914s] Copying ../../build/rover_description/rover_description.egg-info to /home/andrei/project/strawberry_rover_ws/install/rover_description/lib/python3.8/site-packages/rover_description-0.0.0-py3.8.egg-info
[1.916s] running install_scripts
[1.956s] writing list of installed files to '/home/andrei/project/strawberry_rover_ws/build/rover_description/install.log'
[2.047s] Invoked command in '/home/andrei/project/strawberry_rover_ws/src/rover_description' returned '0': PYTHONPATH=/home/andrei/project/strawberry_rover_ws/build/rover_description/prefix_override:/usr/lib/python3/dist-packages/colcon_core/task/python/colcon_distutils_commands:/home/andrei/project/strawberry_rover_ws/install/rover_description/lib/python3.8/site-packages:${PYTHONPATH} /usr/bin/python3 -W ignore:setup.py install is deprecated -W ignore:easy_install command is deprecated setup.py egg_info --egg-base ../../build/rover_description build --build-base /home/andrei/project/strawberry_rover_ws/build/rover_description/build install --record /home/andrei/project/strawberry_rover_ws/build/rover_description/install.log --single-version-externally-managed install_data
