[0.000000] (-) TimerEvent: {}
[0.000340] (-) JobUnselected: {'identifier': 'rover_bringup'}
[0.000512] (-) JobUnselected: {'identifier': 'rover_description'}
[0.000679] (-) JobUnselected: {'identifier': 'rover_fake_camera'}
[0.000830] (-) JobUnselected: {'identifier': 'rover_fake_lidar'}
[0.000974] (-) JobUnselected: {'identifier': 'rover_fake_stereo'}
[0.001116] (-) JobUnselected: {'identifier': 'rover_fsm'}
[0.001257] (-) JobUnselected: {'identifier': 'rover_navigation'}
[0.001402] (-) JobUnselected: {'identifier': 'rover_perception'}
[0.001549] (-) JobUnselected: {'identifier': 'rover_state'}
[0.001692] (-) JobUnselected: {'identifier': 'rover_utils'}
[0.001831] (-) JobUnselected: {'identifier': 'rover_visualization'}
[0.001984] (rover_simulation) JobQueued: {'identifier': 'rover_simulation', 'dependencies': OrderedDict()}
[0.008810] (rover_simulation) JobStarted: {'identifier': 'rover_simulation'}
[0.099220] (-) TimerEvent: {}
[0.199875] (-) TimerEvent: {}
[0.300504] (-) TimerEvent: {}
[0.401101] (-) TimerEvent: {}
[0.501736] (-) TimerEvent: {}
[0.603267] (-) TimerEvent: {}
[0.703952] (-) TimerEvent: {}
[0.804559] (-) TimerEvent: {}
[0.905139] (-) TimerEvent: {}
[1.005711] (-) TimerEvent: {}
[1.106270] (-) TimerEvent: {}
[1.206844] (-) TimerEvent: {}
[1.307411] (-) TimerEvent: {}
[1.409347] (-) TimerEvent: {}
[1.509985] (-) TimerEvent: {}
[1.533275] (rover_simulation) Command: {'cmd': ['/usr/bin/python3', '-W', 'ignore:setup.py install is deprecated', '-W', 'ignore:easy_install command is deprecated', 'setup.py', 'egg_info', '--egg-base', '../../build/rover_simulation', 'build', '--build-base', '/home/andrei/project/strawberry_rover_ws/build/rover_simulation/build', 'install', '--record', '/home/andrei/project/strawberry_rover_ws/build/rover_simulation/install.log', '--single-version-externally-managed', 'install_data'], 'cwd': '/home/andrei/project/strawberry_rover_ws/src/rover_simulation', 'env': {'LESSOPEN': '| /usr/bin/lesspipe %s', 'VSCODE_CWD': '/home/andrei', 'VSCODE_ESM_ENTRYPOINT': 'vs/workbench/api/node/extensionHostProcess', 'LANGUAGE': 'en', 'USER': 'andrei', 'SSH_CLIENT': '192.168.1.19 62331 22', 'LC_TIME': 'ru_RU.UTF-8', 'VSCODE_NLS_CONFIG': '{"userLocale":"en","osLocale":"en","resolvedLanguage":"en","defaultMessagesFile":"/home/andrei/.cursor-server/bin/linux-arm64/8c95649f251a168cc4bb34c89531fae7db4bd990/out/nls.messages.json","locale":"en","availableLanguages":{}}', 'CI': '1', 'VSCODE_HANDLES_UNCAUGHT_ERRORS': 'true', 'XDG_SESSION_TYPE': 'tty', 'DEBUG': 'release', 'SHLVL': '1', 'LD_LIBRARY_PATH': '/opt/ros/foxy/opt/yaml_cpp_vendor/lib:/opt/ros/foxy/opt/rviz_ogre_vendor/lib:/opt/ros/foxy/lib/aarch64-linux-gnu:/opt/ros/foxy/lib', 'BROWSER': '/home/andrei/.cursor-server/bin/linux-arm64/8c95649f251a168cc4bb34c89531fae7db4bd990/bin/helpers/browser.sh', 'MOTD_SHOWN': 'pam', 'HOME': '/home/andrei', 'NVM_BIN': '/home/andrei/.nvm/versions/node/v20.20.1/bin', 'VSCODE_IPC_HOOK_CLI': '/run/user/1000/vscode-ipc-87d7b719-0f3c-4fca-94e9-9b136f0fc576.sock', 'NVM_INC': '/home/andrei/.nvm/versions/node/v20.20.1/include/node', 'ROS_PYTHON_VERSION': '3', 'LC_MONETARY': 'ru_RU.UTF-8', 'NO_COLOR': '1', 'DBUS_SESSION_BUS_ADDRESS': 'unix:path=/run/user/1000/bus', 'NVM_DIR': '/home/andrei/.nvm', 'VSCODE_L10N_BUNDLE_LOCATION': '', 'COLCON_PREFIX_PATH': '/home/andrei/project/strawberry_rover_ws/install', 'ROS_DISTRO': 'foxy', 'OVSX_REGISTRY_URL': 'https://open-vsx.org', 'LOGNAME': 'andrei', 'FORCE_COLOR': '0', 'VSCODE_HANDLES_SIGPIPE': 'true', '_': '/usr/bin/colcon', 'ROS_VERSION': '2', 'XDG_SESSION_CLASS': 'user', 'TERM': 'dumb', 'XDG_SESSION_ID': '90', 'ROS_LOCALHOST_ONLY': '0', 'PATH': '/home/andrei/.cursor-server/bin/linux-arm64/8c95649f251a168cc4bb34c89531fae7db4bd990/bin/remote-cli:/home/andrei/.nvm/versions/node/v20.20.1/bin:/opt/ros/foxy/bin:/home/andrei/.cursor-server/bin/linux-arm64/8c95649f251a168cc4bb34c89531fae7db4bd990/bin/remote-cli:/usr/local/sbin:/usr/local/bin:/usr/sbin:/usr/bin:/sbin:/bin:/usr/games:/usr/local/games:/snap/bin', 'VSCODE_AGENT_FOLDER': '/home/andrei/.cursor-server', 'PAPERSIZE': 'a4', 'LC_ADDRESS': 'ru_RU.UTF-8', 'XDG_RUNTIME_DIR': '/run/user/1000', 'CURSOR_AGENT': '1', 'LANG': 'en_US.UTF-8', 'LC_TELEPHONE': 'ru_RU.UTF-8', 'LS_COLORS': '', 'AMENT_PREFIX_PATH': '/home/andrei/project/strawberry_rover_ws/install/rover_visualization:/home/andrei/project/strawberry_rover_ws/install/rover_utils:/home/andrei/project/strawberry_rover_ws/install/rover_state:/home/andrei/project/strawberry_rover_ws/install/rover_bringup:/home/andrei/project/strawberry_rover_ws/install/rover_simulation:/home/andrei/project/strawberry_rover_ws/install/rover_perception:/home/andrei/project/strawberry_rover_ws/install/rover_navigation:/home/andrei/project/strawberry_rover_ws/install/rover_fsm:/home/andrei/project/strawberry_rover_ws/install/rover_fake_stereo:/home/andrei/project/strawberry_rover_ws/install/rover_fake_lidar:/home/andrei/project/strawberry_rover_ws/install/rover_fake_camera:/home/andrei/project/strawberry_rover_ws/install/rover_description:/opt/ros/foxy', 'SHELL': '/bin/bash', 'LC_NAME': 'ru_RU.UTF-8', 'VSCODE_SERVER_SHUTDOWN_TIMEOUT': '300', 'LESSCLOSE': '/usr/bin/lesspipe %s %s', 'LC_MEASUREMENT': 'ru_RU.UTF-8', 'LC_IDENTIFICATION': 'ru_RU.UTF-8', 'PWD': '/home/andrei/project/strawberry_rover_ws/build/rover_simulation', 'SSH_CONNECTION': '192.168.1.19 62331 192.168.1.77 22', 'NVM_CD_FLAGS': '', 'XDG_DATA_DIRS': '/usr/local/share:/usr/share:/var/lib/snapd/desktop', 'PYTHONPATH': '/home/andrei/project/strawberry_rover_ws/build/rover_simulation/prefix_override:/usr/lib/python3/dist-packages/colcon_core/task/python/colcon_distutils_commands:/home/andrei/project/strawberry_rover_ws/install/rover_simulation/lib/python3.8/site-packages:/home/andrei/project/strawberry_rover_ws/install/rover_visualization/lib/python3.8/site-packages:/home/andrei/project/strawberry_rover_ws/install/rover_utils/lib/python3.8/site-packages:/home/andrei/project/strawberry_rover_ws/install/rover_state/lib/python3.8/site-packages:/home/andrei/project/strawberry_rover_ws/install/rover_bringup/lib/python3.8/site-packages:/home/andrei/project/strawberry_rover_ws/install/rover_simulation/lib/python3.8/site-packages:/home/andrei/project/strawberry_rover_ws/install/rover_perception/lib/python3.8/site-packages:/home/andrei/project/strawberry_rover_ws/install/rover_navigation/lib/python3.8/site-packages:/home/andrei/project/strawberry_rover_ws/install/rover_fsm/lib/python3.8/site-packages:/home/andrei/project/strawberry_rover_ws/install/rover_fake_stereo/lib/python3.8/site-packages:/home/andrei/project/strawberry_rover_ws/install/rover_fake_lidar/lib/python3.8/site-packages:/home/andrei/project/strawberry_rover_ws/install/rover_fake_camera/lib/python3.8/site-packages:/home/andrei/project/strawberry_rover_ws/install/rover_description/lib/python3.8/site-packages:/opt/ros/foxy/lib/python3.8/site-packages', 'LC_NUMERIC': 'ru_RU.UTF-8', 'LC_PAPER': 'ru_RU.UTF-8', 'COLCON': '1', '_ZO_DOCTOR': '0'}, 'shell': False}
[1.610228] (-) TimerEvent: {}
[1.710791] (-) TimerEvent: {}
[1.811351] (-) TimerEvent: {}
[1.911911] (-) TimerEvent: {}
[2.012632] (rover_simulation) StdoutLine: {'line': b'running egg_info\n'}
[2.013579] (-) TimerEvent: {}
[2.013658] (rover_simulation) StdoutLine: {'line': b'writing ../../build/rover_simulation/rover_simulation.egg-info/PKG-INFO\n'}
[2.014285] (rover_simulation) StdoutLine: {'line': b'writing dependency_links to ../../build/rover_simulation/rover_simulation.egg-info/dependency_links.txt\n'}
[2.014665] (rover_simulation) StdoutLine: {'line': b'writing entry points to ../../build/rover_simulation/rover_simulation.egg-info/entry_points.txt\n'}
[2.015014] (rover_simulation) StdoutLine: {'line': b'writing requirements to ../../build/rover_simulation/rover_simulation.egg-info/requires.txt\n'}
[2.017325] (rover_simulation) StdoutLine: {'line': b'writing top-level names to ../../build/rover_simulation/rover_simulation.egg-info/top_level.txt\n'}
[2.086444] (rover_simulation) StdoutLine: {'line': b"reading manifest file '../../build/rover_simulation/rover_simulation.egg-info/SOURCES.txt'\n"}
[2.087809] (rover_simulation) StdoutLine: {'line': b"writing manifest file '../../build/rover_simulation/rover_simulation.egg-info/SOURCES.txt'\n"}
[2.088341] (rover_simulation) StdoutLine: {'line': b'running build\n'}
[2.088520] (rover_simulation) StdoutLine: {'line': b'running build_py\n'}
[2.088858] (rover_simulation) StdoutLine: {'line': b'copying rover_simulation/rover_pose_simulator.py -> /home/andrei/project/strawberry_rover_ws/build/rover_simulation/build/lib/rover_simulation\n'}
[2.091845] (rover_simulation) StdoutLine: {'line': b'running install\n'}
[2.095697] (rover_simulation) StdoutLine: {'line': b'running install_lib\n'}
[2.099233] (rover_simulation) StdoutLine: {'line': b'copying /home/andrei/project/strawberry_rover_ws/build/rover_simulation/build/lib/rover_simulation/rover_pose_simulator.py -> /home/andrei/project/strawberry_rover_ws/install/rover_simulation/lib/python3.8/site-packages/rover_simulation\n'}
[2.101691] (rover_simulation) StdoutLine: {'line': b'byte-compiling /home/andrei/project/strawberry_rover_ws/install/rover_simulation/lib/python3.8/site-packages/rover_simulation/rover_pose_simulator.py to rover_pose_simulator.cpython-38.pyc\n'}
[2.111750] (rover_simulation) StdoutLine: {'line': b'running install_data\n'}
[2.113677] (-) TimerEvent: {}
[2.114298] (rover_simulation) StdoutLine: {'line': b'copying config/rover_pose_simulator.yaml -> /home/andrei/project/strawberry_rover_ws/install/rover_simulation/share/rover_simulation/config\n'}
[2.114511] (rover_simulation) StdoutLine: {'line': b'running install_egg_info\n'}
[2.117669] (rover_simulation) StdoutLine: {'line': b"removing '/home/andrei/project/strawberry_rover_ws/install/rover_simulation/lib/python3.8/site-packages/rover_simulation-0.0.0-py3.8.egg-info' (and everything under it)\n"}
[2.118383] (rover_simulation) StdoutLine: {'line': b'Copying ../../build/rover_simulation/rover_simulation.egg-info to /home/andrei/project/strawberry_rover_ws/install/rover_simulation/lib/python3.8/site-packages/rover_simulation-0.0.0-py3.8.egg-info\n'}
[2.120205] (rover_simulation) StdoutLine: {'line': b'running install_scripts\n'}
[2.164255] (rover_simulation) StdoutLine: {'line': b'Installing rover_pose_simulator script to /home/andrei/project/strawberry_rover_ws/install/rover_simulation/lib/rover_simulation\n'}
[2.165321] (rover_simulation) StdoutLine: {'line': b"writing list of installed files to '/home/andrei/project/strawberry_rover_ws/build/rover_simulation/install.log'\n"}
[2.213972] (-) TimerEvent: {}
[2.265691] (rover_simulation) CommandEnded: {'returncode': 0}
[2.305112] (rover_simulation) JobEnded: {'identifier': 'rover_simulation', 'rc': 0}
[2.307322] (-) EventReactorShutdown: {}
