[0.380s] DEBUG:colcon:Command line arguments: ['/usr/bin/colcon', 'build', '--packages-select', 'rover_description', 'rover_fake_camera', 'rover_fake_stereo', 'rover_simulation', 'rover_navigation', 'rover_fake_lidar', 'rover_bringup']
[0.381s] DEBUG:colcon:Parsed command line arguments: Namespace(allow_overriding=[], ament_cmake_args=None, base_paths=['.'], build_base='build', catkin_cmake_args=None, catkin_skip_building_tests=False, cmake_args=None, cmake_clean_cache=False, cmake_clean_first=False, cmake_force_configure=False, cmake_target=None, cmake_target_skip_unavailable=False, continue_on_error=False, event_handlers=None, executor='parallel', ignore_user_meta=False, install_base='install', log_base=None, log_level=None, main=<bound method BuildVerb.main of <colcon_core.verb.build.BuildVerb object at 0xffff8583e8e0>>, merge_install=False, metas=['./colcon.meta'], packages_above=None, packages_above_and_dependencies=None, packages_above_depth=None, packages_end=None, packages_ignore=None, packages_ignore_regex=None, packages_select=['rover_description', 'rover_fake_camera', 'rover_fake_stereo', 'rover_simulation', 'rover_navigation', 'rover_fake_lidar', 'rover_bringup'], packages_select_build_failed=False, packages_select_by_dep=None, packages_select_regex=None, packages_select_test_failures=False, packages_skip=None, packages_skip_build_finished=False, packages_skip_by_dep=None, packages_skip_regex=None, packages_skip_test_passed=False, packages_skip_up_to=None, packages_start=None, packages_up_to=None, packages_up_to_regex=None, parallel_workers=8, paths=None, symlink_install=False, test_result_base=None, verb_extension=<colcon_core.verb.build.BuildVerb object at 0xffff8583e8e0>, verb_name='build', verb_parser=<colcon_defaults.argument_parser.defaults.DefaultArgumentsDecorator object at 0xffff85750ca0>)
[0.687s] Level 1:colcon.colcon_core.package_discovery:discover_packages(colcon_meta) check parameters
[0.687s] Level 1:colcon.colcon_core.package_discovery:discover_packages(recursive) check parameters
[0.687s] Level 1:colcon.colcon_core.package_discovery:discover_packages(ignore) check parameters
[0.687s] Level 1:colcon.colcon_core.package_discovery:discover_packages(path) check parameters
[0.687s] Level 1:colcon.colcon_core.package_discovery:discover_packages(colcon_meta) discover
[0.688s] Level 1:colcon.colcon_core.package_discovery:discover_packages(recursive) discover
[0.688s] INFO:colcon.colcon_core.package_discovery:Crawling recursively for packages in '/home/andrei/project/strawberry_rover_ws'
[0.688s] Level 1:colcon.colcon_core.package_identification:_identify(.) by extensions ['ignore', 'ignore_ament_install']
[0.688s] Level 1:colcon.colcon_core.package_identification:_identify(.) by extension 'ignore'
[0.688s] Level 1:colcon.colcon_core.package_identification:_identify(.) by extension 'ignore_ament_install'
[0.688s] Level 1:colcon.colcon_core.package_identification:_identify(.) by extensions ['colcon_pkg']
[0.688s] Level 1:colcon.colcon_core.package_identification:_identify(.) by extension 'colcon_pkg'
[0.689s] Level 1:colcon.colcon_core.package_identification:_identify(.) by extensions ['colcon_meta']
[0.689s] Level 1:colcon.colcon_core.package_identification:_identify(.) by extension 'colcon_meta'
[0.689s] Level 1:colcon.colcon_core.package_identification:_identify(.) by extensions ['ros']
[0.689s] Level 1:colcon.colcon_core.package_identification:_identify(.) by extension 'ros'
[0.713s] Level 1:colcon.colcon_core.package_identification:_identify(.) by extensions ['cmake', 'python']
[0.714s] Level 1:colcon.colcon_core.package_identification:_identify(.) by extension 'cmake'
[0.714s] Level 1:colcon.colcon_core.package_identification:_identify(.) by extension 'python'
[0.714s] Level 1:colcon.colcon_core.package_identification:_identify(.) by extensions ['python_setup_py']
[0.714s] Level 1:colcon.colcon_core.package_identification:_identify(.) by extension 'python_setup_py'
[0.714s] Level 1:colcon.colcon_core.package_identification:_identify(PROMPTS) by extensions ['ignore', 'ignore_ament_install']
[0.715s] Level 1:colcon.colcon_core.package_identification:_identify(PROMPTS) by extension 'ignore'
[0.715s] Level 1:colcon.colcon_core.package_identification:_identify(PROMPTS) by extension 'ignore_ament_install'
[0.715s] Level 1:colcon.colcon_core.package_identification:_identify(PROMPTS) by extensions ['colcon_pkg']
[0.715s] Level 1:colcon.colcon_core.package_identification:_identify(PROMPTS) by extension 'colcon_pkg'
[0.715s] Level 1:colcon.colcon_core.package_identification:_identify(PROMPTS) by extensions ['colcon_meta']
[0.715s] Level 1:colcon.colcon_core.package_identification:_identify(PROMPTS) by extension 'colcon_meta'
[0.715s] Level 1:colcon.colcon_core.package_identification:_identify(PROMPTS) by extensions ['ros']
[0.715s] Level 1:colcon.colcon_core.package_identification:_identify(PROMPTS) by extension 'ros'
[0.716s] Level 1:colcon.colcon_core.package_identification:_identify(PROMPTS) by extensions ['cmake', 'python']
[0.716s] Level 1:colcon.colcon_core.package_identification:_identify(PROMPTS) by extension 'cmake'
[0.716s] Level 1:colcon.colcon_core.package_identification:_identify(PROMPTS) by extension 'python'
[0.716s] Level 1:colcon.colcon_core.package_identification:_identify(PROMPTS) by extensions ['python_setup_py']
[0.716s] Level 1:colcon.colcon_core.package_identification:_identify(PROMPTS) by extension 'python_setup_py'
[0.716s] Level 1:colcon.colcon_core.package_identification:_identify(build) by extensions ['ignore', 'ignore_ament_install']
[0.716s] Level 1:colcon.colcon_core.package_identification:_identify(build) by extension 'ignore'
[0.716s] Level 1:colcon.colcon_core.package_identification:_identify(build) ignored
[0.717s] Level 1:colcon.colcon_core.package_identification:_identify(install) by extensions ['ignore', 'ignore_ament_install']
[0.717s] Level 1:colcon.colcon_core.package_identification:_identify(install) by extension 'ignore'
[0.717s] Level 1:colcon.colcon_core.package_identification:_identify(install) ignored
[0.717s] Level 1:colcon.colcon_core.package_identification:_identify(log) by extensions ['ignore', 'ignore_ament_install']
[0.717s] Level 1:colcon.colcon_core.package_identification:_identify(log) by extension 'ignore'
[0.718s] Level 1:colcon.colcon_core.package_identification:_identify(log) ignored
[0.718s] Level 1:colcon.colcon_core.package_identification:_identify(src) by extensions ['ignore', 'ignore_ament_install']
[0.718s] Level 1:colcon.colcon_core.package_identification:_identify(src) by extension 'ignore'
[0.718s] Level 1:colcon.colcon_core.package_identification:_identify(src) by extension 'ignore_ament_install'
[0.718s] Level 1:colcon.colcon_core.package_identification:_identify(src) by extensions ['colcon_pkg']
[0.718s] Level 1:colcon.colcon_core.package_identification:_identify(src) by extension 'colcon_pkg'
[0.718s] Level 1:colcon.colcon_core.package_identification:_identify(src) by extensions ['colcon_meta']
[0.718s] Level 1:colcon.colcon_core.package_identification:_identify(src) by extension 'colcon_meta'
[0.718s] Level 1:colcon.colcon_core.package_identification:_identify(src) by extensions ['ros']
[0.718s] Level 1:colcon.colcon_core.package_identification:_identify(src) by extension 'ros'
[0.719s] Level 1:colcon.colcon_core.package_identification:_identify(src) by extensions ['cmake', 'python']
[0.719s] Level 1:colcon.colcon_core.package_identification:_identify(src) by extension 'cmake'
[0.719s] Level 1:colcon.colcon_core.package_identification:_identify(src) by extension 'python'
[0.719s] Level 1:colcon.colcon_core.package_identification:_identify(src) by extensions ['python_setup_py']
[0.719s] Level 1:colcon.colcon_core.package_identification:_identify(src) by extension 'python_setup_py'
[0.719s] Level 1:colcon.colcon_core.package_identification:_identify(src/rover_bringup) by extensions ['ignore', 'ignore_ament_install']
[0.719s] Level 1:colcon.colcon_core.package_identification:_identify(src/rover_bringup) by extension 'ignore'
[0.719s] Level 1:colcon.colcon_core.package_identification:_identify(src/rover_bringup) by extension 'ignore_ament_install'
[0.719s] Level 1:colcon.colcon_core.package_identification:_identify(src/rover_bringup) by extensions ['colcon_pkg']
[0.720s] Level 1:colcon.colcon_core.package_identification:_identify(src/rover_bringup) by extension 'colcon_pkg'
[0.720s] Level 1:colcon.colcon_core.package_identification:_identify(src/rover_bringup) by extensions ['colcon_meta']
[0.720s] Level 1:colcon.colcon_core.package_identification:_identify(src/rover_bringup) by extension 'colcon_meta'
[0.720s] Level 1:colcon.colcon_core.package_identification:_identify(src/rover_bringup) by extensions ['ros']
[0.720s] Level 1:colcon.colcon_core.package_identification:_identify(src/rover_bringup) by extension 'ros'
[0.725s] DEBUG:colcon.colcon_core.package_identification:Package 'src/rover_bringup' with type 'ros.ament_python' and name 'rover_bringup'
[0.726s] Level 1:colcon.colcon_core.package_identification:_identify(src/rover_description) by extensions ['ignore', 'ignore_ament_install']
[0.726s] Level 1:colcon.colcon_core.package_identification:_identify(src/rover_description) by extension 'ignore'
[0.726s] Level 1:colcon.colcon_core.package_identification:_identify(src/rover_description) by extension 'ignore_ament_install'
[0.726s] Level 1:colcon.colcon_core.package_identification:_identify(src/rover_description) by extensions ['colcon_pkg']
[0.726s] Level 1:colcon.colcon_core.package_identification:_identify(src/rover_description) by extension 'colcon_pkg'
[0.726s] Level 1:colcon.colcon_core.package_identification:_identify(src/rover_description) by extensions ['colcon_meta']
[0.726s] Level 1:colcon.colcon_core.package_identification:_identify(src/rover_description) by extension 'colcon_meta'
[0.727s] Level 1:colcon.colcon_core.package_identification:_identify(src/rover_description) by extensions ['ros']
[0.727s] Level 1:colcon.colcon_core.package_identification:_identify(src/rover_description) by extension 'ros'
[0.728s] DEBUG:colcon.colcon_core.package_identification:Package 'src/rover_description' with type 'ros.ament_python' and name 'rover_description'
[0.728s] Level 1:colcon.colcon_core.package_identification:_identify(src/rover_fake_camera) by extensions ['ignore', 'ignore_ament_install']
[0.728s] Level 1:colcon.colcon_core.package_identification:_identify(src/rover_fake_camera) by extension 'ignore'
[0.728s] Level 1:colcon.colcon_core.package_identification:_identify(src/rover_fake_camera) by extension 'ignore_ament_install'
[0.728s] Level 1:colcon.colcon_core.package_identification:_identify(src/rover_fake_camera) by extensions ['colcon_pkg']
[0.728s] Level 1:colcon.colcon_core.package_identification:_identify(src/rover_fake_camera) by extension 'colcon_pkg'
[0.729s] Level 1:colcon.colcon_core.package_identification:_identify(src/rover_fake_camera) by extensions ['colcon_meta']
[0.729s] Level 1:colcon.colcon_core.package_identification:_identify(src/rover_fake_camera) by extension 'colcon_meta'
[0.729s] Level 1:colcon.colcon_core.package_identification:_identify(src/rover_fake_camera) by extensions ['ros']
[0.729s] Level 1:colcon.colcon_core.package_identification:_identify(src/rover_fake_camera) by extension 'ros'
[0.730s] DEBUG:colcon.colcon_core.package_identification:Package 'src/rover_fake_camera' with type 'ros.ament_python' and name 'rover_fake_camera'
[0.730s] Level 1:colcon.colcon_core.package_identification:_identify(src/rover_fake_lidar) by extensions ['ignore', 'ignore_ament_install']
[0.730s] Level 1:colcon.colcon_core.package_identification:_identify(src/rover_fake_lidar) by extension 'ignore'
[0.731s] Level 1:colcon.colcon_core.package_identification:_identify(src/rover_fake_lidar) by extension 'ignore_ament_install'
[0.731s] Level 1:colcon.colcon_core.package_identification:_identify(src/rover_fake_lidar) by extensions ['colcon_pkg']
[0.731s] Level 1:colcon.colcon_core.package_identification:_identify(src/rover_fake_lidar) by extension 'colcon_pkg'
[0.731s] Level 1:colcon.colcon_core.package_identification:_identify(src/rover_fake_lidar) by extensions ['colcon_meta']
[0.731s] Level 1:colcon.colcon_core.package_identification:_identify(src/rover_fake_lidar) by extension 'colcon_meta'
[0.731s] Level 1:colcon.colcon_core.package_identification:_identify(src/rover_fake_lidar) by extensions ['ros']
[0.731s] Level 1:colcon.colcon_core.package_identification:_identify(src/rover_fake_lidar) by extension 'ros'
[0.732s] DEBUG:colcon.colcon_core.package_identification:Package 'src/rover_fake_lidar' with type 'ros.ament_python' and name 'rover_fake_lidar'
[0.732s] Level 1:colcon.colcon_core.package_identification:_identify(src/rover_fake_stereo) by extensions ['ignore', 'ignore_ament_install']
[0.732s] Level 1:colcon.colcon_core.package_identification:_identify(src/rover_fake_stereo) by extension 'ignore'
[0.732s] Level 1:colcon.colcon_core.package_identification:_identify(src/rover_fake_stereo) by extension 'ignore_ament_install'
[0.733s] Level 1:colcon.colcon_core.package_identification:_identify(src/rover_fake_stereo) by extensions ['colcon_pkg']
[0.733s] Level 1:colcon.colcon_core.package_identification:_identify(src/rover_fake_stereo) by extension 'colcon_pkg'
[0.733s] Level 1:colcon.colcon_core.package_identification:_identify(src/rover_fake_stereo) by extensions ['colcon_meta']
[0.733s] Level 1:colcon.colcon_core.package_identification:_identify(src/rover_fake_stereo) by extension 'colcon_meta'
[0.733s] Level 1:colcon.colcon_core.package_identification:_identify(src/rover_fake_stereo) by extensions ['ros']
[0.733s] Level 1:colcon.colcon_core.package_identification:_identify(src/rover_fake_stereo) by extension 'ros'
[0.734s] DEBUG:colcon.colcon_core.package_identification:Package 'src/rover_fake_stereo' with type 'ros.ament_python' and name 'rover_fake_stereo'
[0.734s] Level 1:colcon.colcon_core.package_identification:_identify(src/rover_fsm) by extensions ['ignore', 'ignore_ament_install']
[0.734s] Level 1:colcon.colcon_core.package_identification:_identify(src/rover_fsm) by extension 'ignore'
[0.734s] Level 1:colcon.colcon_core.package_identification:_identify(src/rover_fsm) by extension 'ignore_ament_install'
[0.734s] Level 1:colcon.colcon_core.package_identification:_identify(src/rover_fsm) by extensions ['colcon_pkg']
[0.735s] Level 1:colcon.colcon_core.package_identification:_identify(src/rover_fsm) by extension 'colcon_pkg'
[0.735s] Level 1:colcon.colcon_core.package_identification:_identify(src/rover_fsm) by extensions ['colcon_meta']
[0.735s] Level 1:colcon.colcon_core.package_identification:_identify(src/rover_fsm) by extension 'colcon_meta'
[0.735s] Level 1:colcon.colcon_core.package_identification:_identify(src/rover_fsm) by extensions ['ros']
[0.735s] Level 1:colcon.colcon_core.package_identification:_identify(src/rover_fsm) by extension 'ros'
[0.736s] DEBUG:colcon.colcon_core.package_identification:Package 'src/rover_fsm' with type 'ros.ament_python' and name 'rover_fsm'
[0.736s] Level 1:colcon.colcon_core.package_identification:_identify(src/rover_navigation) by extensions ['ignore', 'ignore_ament_install']
[0.736s] Level 1:colcon.colcon_core.package_identification:_identify(src/rover_navigation) by extension 'ignore'
[0.736s] Level 1:colcon.colcon_core.package_identification:_identify(src/rover_navigation) by extension 'ignore_ament_install'
[0.736s] Level 1:colcon.colcon_core.package_identification:_identify(src/rover_navigation) by extensions ['colcon_pkg']
[0.736s] Level 1:colcon.colcon_core.package_identification:_identify(src/rover_navigation) by extension 'colcon_pkg'
[0.737s] Level 1:colcon.colcon_core.package_identification:_identify(src/rover_navigation) by extensions ['colcon_meta']
[0.737s] Level 1:colcon.colcon_core.package_identification:_identify(src/rover_navigation) by extension 'colcon_meta'
[0.737s] Level 1:colcon.colcon_core.package_identification:_identify(src/rover_navigation) by extensions ['ros']
[0.737s] Level 1:colcon.colcon_core.package_identification:_identify(src/rover_navigation) by extension 'ros'
[0.738s] DEBUG:colcon.colcon_core.package_identification:Package 'src/rover_navigation' with type 'ros.ament_python' and name 'rover_navigation'
[0.738s] Level 1:colcon.colcon_core.package_identification:_identify(src/rover_perception) by extensions ['ignore', 'ignore_ament_install']
[0.738s] Level 1:colcon.colcon_core.package_identification:_identify(src/rover_perception) by extension 'ignore'
[0.738s] Level 1:colcon.colcon_core.package_identification:_identify(src/rover_perception) by extension 'ignore_ament_install'
[0.738s] Level 1:colcon.colcon_core.package_identification:_identify(src/rover_perception) by extensions ['colcon_pkg']
[0.738s] Level 1:colcon.colcon_core.package_identification:_identify(src/rover_perception) by extension 'colcon_pkg'
[0.739s] Level 1:colcon.colcon_core.package_identification:_identify(src/rover_perception) by extensions ['colcon_meta']
[0.739s] Level 1:colcon.colcon_core.package_identification:_identify(src/rover_perception) by extension 'colcon_meta'
[0.739s] Level 1:colcon.colcon_core.package_identification:_identify(src/rover_perception) by extensions ['ros']
[0.739s] Level 1:colcon.colcon_core.package_identification:_identify(src/rover_perception) by extension 'ros'
[0.740s] DEBUG:colcon.colcon_core.package_identification:Package 'src/rover_perception' with type 'ros.ament_python' and name 'rover_perception'
[0.740s] Level 1:colcon.colcon_core.package_identification:_identify(src/rover_simulation) by extensions ['ignore', 'ignore_ament_install']
[0.740s] Level 1:colcon.colcon_core.package_identification:_identify(src/rover_simulation) by extension 'ignore'
[0.740s] Level 1:colcon.colcon_core.package_identification:_identify(src/rover_simulation) by extension 'ignore_ament_install'
[0.740s] Level 1:colcon.colcon_core.package_identification:_identify(src/rover_simulation) by extensions ['colcon_pkg']
[0.741s] Level 1:colcon.colcon_core.package_identification:_identify(src/rover_simulation) by extension 'colcon_pkg'
[0.741s] Level 1:colcon.colcon_core.package_identification:_identify(src/rover_simulation) by extensions ['colcon_meta']
[0.741s] Level 1:colcon.colcon_core.package_identification:_identify(src/rover_simulation) by extension 'colcon_meta'
[0.741s] Level 1:colcon.colcon_core.package_identification:_identify(src/rover_simulation) by extensions ['ros']
[0.741s] Level 1:colcon.colcon_core.package_identification:_identify(src/rover_simulation) by extension 'ros'
[0.742s] DEBUG:colcon.colcon_core.package_identification:Package 'src/rover_simulation' with type 'ros.ament_python' and name 'rover_simulation'
[0.742s] Level 1:colcon.colcon_core.package_identification:_identify(src/rover_state) by extensions ['ignore', 'ignore_ament_install']
[0.742s] Level 1:colcon.colcon_core.package_identification:_identify(src/rover_state) by extension 'ignore'
[0.743s] Level 1:colcon.colcon_core.package_identification:_identify(src/rover_state) by extension 'ignore_ament_install'
[0.743s] Level 1:colcon.colcon_core.package_identification:_identify(src/rover_state) by extensions ['colcon_pkg']
[0.743s] Level 1:colcon.colcon_core.package_identification:_identify(src/rover_state) by extension 'colcon_pkg'
[0.743s] Level 1:colcon.colcon_core.package_identification:_identify(src/rover_state) by extensions ['colcon_meta']
[0.743s] Level 1:colcon.colcon_core.package_identification:_identify(src/rover_state) by extension 'colcon_meta'
[0.743s] Level 1:colcon.colcon_core.package_identification:_identify(src/rover_state) by extensions ['ros']
[0.743s] Level 1:colcon.colcon_core.package_identification:_identify(src/rover_state) by extension 'ros'
[0.744s] DEBUG:colcon.colcon_core.package_identification:Package 'src/rover_state' with type 'ros.ament_python' and name 'rover_state'
[0.744s] Level 1:colcon.colcon_core.package_identification:_identify(src/rover_utils) by extensions ['ignore', 'ignore_ament_install']
[0.744s] Level 1:colcon.colcon_core.package_identification:_identify(src/rover_utils) by extension 'ignore'
[0.744s] Level 1:colcon.colcon_core.package_identification:_identify(src/rover_utils) by extension 'ignore_ament_install'
[0.745s] Level 1:colcon.colcon_core.package_identification:_identify(src/rover_utils) by extensions ['colcon_pkg']
[0.745s] Level 1:colcon.colcon_core.package_identification:_identify(src/rover_utils) by extension 'colcon_pkg'
[0.745s] Level 1:colcon.colcon_core.package_identification:_identify(src/rover_utils) by extensions ['colcon_meta']
[0.745s] Level 1:colcon.colcon_core.package_identification:_identify(src/rover_utils) by extension 'colcon_meta'
[0.745s] Level 1:colcon.colcon_core.package_identification:_identify(src/rover_utils) by extensions ['ros']
[0.745s] Level 1:colcon.colcon_core.package_identification:_identify(src/rover_utils) by extension 'ros'
[0.746s] DEBUG:colcon.colcon_core.package_identification:Package 'src/rover_utils' with type 'ros.ament_python' and name 'rover_utils'
[0.746s] Level 1:colcon.colcon_core.package_identification:_identify(src/rover_visualization) by extensions ['ignore', 'ignore_ament_install']
[0.746s] Level 1:colcon.colcon_core.package_identification:_identify(src/rover_visualization) by extension 'ignore'
[0.746s] Level 1:colcon.colcon_core.package_identification:_identify(src/rover_visualization) by extension 'ignore_ament_install'
[0.746s] Level 1:colcon.colcon_core.package_identification:_identify(src/rover_visualization) by extensions ['colcon_pkg']
[0.746s] Level 1:colcon.colcon_core.package_identification:_identify(src/rover_visualization) by extension 'colcon_pkg'
[0.746s] Level 1:colcon.colcon_core.package_identification:_identify(src/rover_visualization) by extensions ['colcon_meta']
[0.747s] Level 1:colcon.colcon_core.package_identification:_identify(src/rover_visualization) by extension 'colcon_meta'
[0.747s] Level 1:colcon.colcon_core.package_identification:_identify(src/rover_visualization) by extensions ['ros']
[0.747s] Level 1:colcon.colcon_core.package_identification:_identify(src/rover_visualization) by extension 'ros'
[0.747s] DEBUG:colcon.colcon_core.package_identification:Package 'src/rover_visualization' with type 'ros.ament_python' and name 'rover_visualization'
[0.748s] Level 1:colcon.colcon_core.package_discovery:discover_packages(recursive) using defaults
[0.748s] Level 1:colcon.colcon_core.package_discovery:discover_packages(ignore) discover
[0.748s] Level 1:colcon.colcon_core.package_discovery:discover_packages(ignore) using defaults
[0.748s] Level 1:colcon.colcon_core.package_discovery:discover_packages(path) discover
[0.748s] Level 1:colcon.colcon_core.package_discovery:discover_packages(path) using defaults
[0.790s] INFO:colcon.colcon_core.package_selection:Skipping not selected package 'rover_fsm' in 'src/rover_fsm'
[0.790s] INFO:colcon.colcon_core.package_selection:Skipping not selected package 'rover_perception' in 'src/rover_perception'
[0.790s] INFO:colcon.colcon_core.package_selection:Skipping not selected package 'rover_state' in 'src/rover_state'
[0.790s] INFO:colcon.colcon_core.package_selection:Skipping not selected package 'rover_utils' in 'src/rover_utils'
[0.790s] INFO:colcon.colcon_core.package_selection:Skipping not selected package 'rover_visualization' in 'src/rover_visualization'
[0.791s] Level 1:colcon.colcon_core.package_discovery:discover_packages(prefix_path) check parameters
[0.791s] Level 1:colcon.colcon_core.package_discovery:discover_packages(prefix_path) discover
[0.796s] DEBUG:colcon.colcon_installed_package_information.package_discovery:Found 12 installed packages in /home/andrei/project/strawberry_rover_ws/install
[0.798s] DEBUG:colcon.colcon_installed_package_information.package_discovery:Found 256 installed packages in /opt/ros/foxy
[0.845s] Level 1:colcon.colcon_core.package_discovery:discover_packages(prefix_path) using defaults
[0.956s] Level 5:colcon.colcon_core.verb:set package 'rover_description' build argument 'cmake_args' from command line to 'None'
[0.956s] Level 5:colcon.colcon_core.verb:set package 'rover_description' build argument 'cmake_target' from command line to 'None'
[0.956s] Level 5:colcon.colcon_core.verb:set package 'rover_description' build argument 'cmake_target_skip_unavailable' from command line to 'False'
[0.956s] Level 5:colcon.colcon_core.verb:set package 'rover_description' build argument 'cmake_clean_cache' from command line to 'False'
[0.956s] Level 5:colcon.colcon_core.verb:set package 'rover_description' build argument 'cmake_clean_first' from command line to 'False'
[0.956s] Level 5:colcon.colcon_core.verb:set package 'rover_description' build argument 'cmake_force_configure' from command line to 'False'
[0.956s] Level 5:colcon.colcon_core.verb:set package 'rover_description' build argument 'ament_cmake_args' from command line to 'None'
[0.956s] Level 5:colcon.colcon_core.verb:set package 'rover_description' build argument 'catkin_cmake_args' from command line to 'None'
[0.957s] Level 5:colcon.colcon_core.verb:set package 'rover_description' build argument 'catkin_skip_building_tests' from command line to 'False'
[0.957s] DEBUG:colcon.colcon_core.verb:Building package 'rover_description' with the following arguments: {'ament_cmake_args': None, 'build_base': '/home/andrei/project/strawberry_rover_ws/build/rover_description', 'catkin_cmake_args': None, 'catkin_skip_building_tests': False, 'cmake_args': None, 'cmake_clean_cache': False, 'cmake_clean_first': False, 'cmake_force_configure': False, 'cmake_target': None, 'cmake_target_skip_unavailable': False, 'install_base': '/home/andrei/project/strawberry_rover_ws/install/rover_description', 'merge_install': False, 'path': '/home/andrei/project/strawberry_rover_ws/src/rover_description', 'symlink_install': False, 'test_result_base': None}
[0.957s] Level 5:colcon.colcon_core.verb:set package 'rover_fake_camera' build argument 'cmake_args' from command line to 'None'
[0.957s] Level 5:colcon.colcon_core.verb:set package 'rover_fake_camera' build argument 'cmake_target' from command line to 'None'
[0.957s] Level 5:colcon.colcon_core.verb:set package 'rover_fake_camera' build argument 'cmake_target_skip_unavailable' from command line to 'False'
[0.958s] Level 5:colcon.colcon_core.verb:set package 'rover_fake_camera' build argument 'cmake_clean_cache' from command line to 'False'
[0.958s] Level 5:colcon.colcon_core.verb:set package 'rover_fake_camera' build argument 'cmake_clean_first' from command line to 'False'
[0.958s] Level 5:colcon.colcon_core.verb:set package 'rover_fake_camera' build argument 'cmake_force_configure' from command line to 'False'
[0.958s] Level 5:colcon.colcon_core.verb:set package 'rover_fake_camera' build argument 'ament_cmake_args' from command line to 'None'
[0.958s] Level 5:colcon.colcon_core.verb:set package 'rover_fake_camera' build argument 'catkin_cmake_args' from command line to 'None'
[0.958s] Level 5:colcon.colcon_core.verb:set package 'rover_fake_camera' build argument 'catkin_skip_building_tests' from command line to 'False'
[0.958s] DEBUG:colcon.colcon_core.verb:Building package 'rover_fake_camera' with the following arguments: {'ament_cmake_args': None, 'build_base': '/home/andrei/project/strawberry_rover_ws/build/rover_fake_camera', 'catkin_cmake_args': None, 'catkin_skip_building_tests': False, 'cmake_args': None, 'cmake_clean_cache': False, 'cmake_clean_first': False, 'cmake_force_configure': False, 'cmake_target': None, 'cmake_target_skip_unavailable': False, 'install_base': '/home/andrei/project/strawberry_rover_ws/install/rover_fake_camera', 'merge_install': False, 'path': '/home/andrei/project/strawberry_rover_ws/src/rover_fake_camera', 'symlink_install': False, 'test_result_base': None}
[0.958s] Level 5:colcon.colcon_core.verb:set package 'rover_fake_lidar' build argument 'cmake_args' from command line to 'None'
[0.959s] Level 5:colcon.colcon_core.verb:set package 'rover_fake_lidar' build argument 'cmake_target' from command line to 'None'
[0.959s] Level 5:colcon.colcon_core.verb:set package 'rover_fake_lidar' build argument 'cmake_target_skip_unavailable' from command line to 'False'
[0.959s] Level 5:colcon.colcon_core.verb:set package 'rover_fake_lidar' build argument 'cmake_clean_cache' from command line to 'False'
[0.959s] Level 5:colcon.colcon_core.verb:set package 'rover_fake_lidar' build argument 'cmake_clean_first' from command line to 'False'
[0.959s] Level 5:colcon.colcon_core.verb:set package 'rover_fake_lidar' build argument 'cmake_force_configure' from command line to 'False'
[0.959s] Level 5:colcon.colcon_core.verb:set package 'rover_fake_lidar' build argument 'ament_cmake_args' from command line to 'None'
[0.959s] Level 5:colcon.colcon_core.verb:set package 'rover_fake_lidar' build argument 'catkin_cmake_args' from command line to 'None'
[0.959s] Level 5:colcon.colcon_core.verb:set package 'rover_fake_lidar' build argument 'catkin_skip_building_tests' from command line to 'False'
[0.959s] DEBUG:colcon.colcon_core.verb:Building package 'rover_fake_lidar' with the following arguments: {'ament_cmake_args': None, 'build_base': '/home/andrei/project/strawberry_rover_ws/build/rover_fake_lidar', 'catkin_cmake_args': None, 'catkin_skip_building_tests': False, 'cmake_args': None, 'cmake_clean_cache': False, 'cmake_clean_first': False, 'cmake_force_configure': False, 'cmake_target': None, 'cmake_target_skip_unavailable': False, 'install_base': '/home/andrei/project/strawberry_rover_ws/install/rover_fake_lidar', 'merge_install': False, 'path': '/home/andrei/project/strawberry_rover_ws/src/rover_fake_lidar', 'symlink_install': False, 'test_result_base': None}
[0.960s] Level 5:colcon.colcon_core.verb:set package 'rover_fake_stereo' build argument 'cmake_args' from command line to 'None'
[0.960s] Level 5:colcon.colcon_core.verb:set package 'rover_fake_stereo' build argument 'cmake_target' from command line to 'None'
[0.960s] Level 5:colcon.colcon_core.verb:set package 'rover_fake_stereo' build argument 'cmake_target_skip_unavailable' from command line to 'False'
[0.960s] Level 5:colcon.colcon_core.verb:set package 'rover_fake_stereo' build argument 'cmake_clean_cache' from command line to 'False'
[0.960s] Level 5:colcon.colcon_core.verb:set package 'rover_fake_stereo' build argument 'cmake_clean_first' from command line to 'False'
[0.960s] Level 5:colcon.colcon_core.verb:set package 'rover_fake_stereo' build argument 'cmake_force_configure' from command line to 'False'
[0.960s] Level 5:colcon.colcon_core.verb:set package 'rover_fake_stereo' build argument 'ament_cmake_args' from command line to 'None'
[0.960s] Level 5:colcon.colcon_core.verb:set package 'rover_fake_stereo' build argument 'catkin_cmake_args' from command line to 'None'
[0.960s] Level 5:colcon.colcon_core.verb:set package 'rover_fake_stereo' build argument 'catkin_skip_building_tests' from command line to 'False'
[0.960s] DEBUG:colcon.colcon_core.verb:Building package 'rover_fake_stereo' with the following arguments: {'ament_cmake_args': None, 'build_base': '/home/andrei/project/strawberry_rover_ws/build/rover_fake_stereo', 'catkin_cmake_args': None, 'catkin_skip_building_tests': False, 'cmake_args': None, 'cmake_clean_cache': False, 'cmake_clean_first': False, 'cmake_force_configure': False, 'cmake_target': None, 'cmake_target_skip_unavailable': False, 'install_base': '/home/andrei/project/strawberry_rover_ws/install/rover_fake_stereo', 'merge_install': False, 'path': '/home/andrei/project/strawberry_rover_ws/src/rover_fake_stereo', 'symlink_install': False, 'test_result_base': None}
[0.961s] Level 5:colcon.colcon_core.verb:set package 'rover_navigation' build argument 'cmake_args' from command line to 'None'
[0.961s] Level 5:colcon.colcon_core.verb:set package 'rover_navigation' build argument 'cmake_target' from command line to 'None'
[0.961s] Level 5:colcon.colcon_core.verb:set package 'rover_navigation' build argument 'cmake_target_skip_unavailable' from command line to 'False'
[0.961s] Level 5:colcon.colcon_core.verb:set package 'rover_navigation' build argument 'cmake_clean_cache' from command line to 'False'
[0.961s] Level 5:colcon.colcon_core.verb:set package 'rover_navigation' build argument 'cmake_clean_first' from command line to 'False'
[0.961s] Level 5:colcon.colcon_core.verb:set package 'rover_navigation' build argument 'cmake_force_configure' from command line to 'False'
[0.961s] Level 5:colcon.colcon_core.verb:set package 'rover_navigation' build argument 'ament_cmake_args' from command line to 'None'
[0.961s] Level 5:colcon.colcon_core.verb:set package 'rover_navigation' build argument 'catkin_cmake_args' from command line to 'None'
[0.961s] Level 5:colcon.colcon_core.verb:set package 'rover_navigation' build argument 'catkin_skip_building_tests' from command line to 'False'
[0.961s] DEBUG:colcon.colcon_core.verb:Building package 'rover_navigation' with the following arguments: {'ament_cmake_args': None, 'build_base': '/home/andrei/project/strawberry_rover_ws/build/rover_navigation', 'catkin_cmake_args': None, 'catkin_skip_building_tests': False, 'cmake_args': None, 'cmake_clean_cache': False, 'cmake_clean_first': False, 'cmake_force_configure': False, 'cmake_target': None, 'cmake_target_skip_unavailable': False, 'install_base': '/home/andrei/project/strawberry_rover_ws/install/rover_navigation', 'merge_install': False, 'path': '/home/andrei/project/strawberry_rover_ws/src/rover_navigation', 'symlink_install': False, 'test_result_base': None}
[0.962s] Level 5:colcon.colcon_core.verb:set package 'rover_simulation' build argument 'cmake_args' from command line to 'None'
[0.962s] Level 5:colcon.colcon_core.verb:set package 'rover_simulation' build argument 'cmake_target' from command line to 'None'
[0.962s] Level 5:colcon.colcon_core.verb:set package 'rover_simulation' build argument 'cmake_target_skip_unavailable' from command line to 'False'
[0.962s] Level 5:colcon.colcon_core.verb:set package 'rover_simulation' build argument 'cmake_clean_cache' from command line to 'False'
[0.962s] Level 5:colcon.colcon_core.verb:set package 'rover_simulation' build argument 'cmake_clean_first' from command line to 'False'
[0.962s] Level 5:colcon.colcon_core.verb:set package 'rover_simulation' build argument 'cmake_force_configure' from command line to 'False'
[0.962s] Level 5:colcon.colcon_core.verb:set package 'rover_simulation' build argument 'ament_cmake_args' from command line to 'None'
[0.962s] Level 5:colcon.colcon_core.verb:set package 'rover_simulation' build argument 'catkin_cmake_args' from command line to 'None'
[0.962s] Level 5:colcon.colcon_core.verb:set package 'rover_simulation' build argument 'catkin_skip_building_tests' from command line to 'False'
[0.962s] DEBUG:colcon.colcon_core.verb:Building package 'rover_simulation' with the following arguments: {'ament_cmake_args': None, 'build_base': '/home/andrei/project/strawberry_rover_ws/build/rover_simulation', 'catkin_cmake_args': None, 'catkin_skip_building_tests': False, 'cmake_args': None, 'cmake_clean_cache': False, 'cmake_clean_first': False, 'cmake_force_configure': False, 'cmake_target': None, 'cmake_target_skip_unavailable': False, 'install_base': '/home/andrei/project/strawberry_rover_ws/install/rover_simulation', 'merge_install': False, 'path': '/home/andrei/project/strawberry_rover_ws/src/rover_simulation', 'symlink_install': False, 'test_result_base': None}
[0.963s] Level 5:colcon.colcon_core.verb:set package 'rover_bringup' build argument 'cmake_args' from command line to 'None'
[0.963s] Level 5:colcon.colcon_core.verb:set package 'rover_bringup' build argument 'cmake_target' from command line to 'None'
[0.963s] Level 5:colcon.colcon_core.verb:set package 'rover_bringup' build argument 'cmake_target_skip_unavailable' from command line to 'False'
[0.963s] Level 5:colcon.colcon_core.verb:set package 'rover_bringup' build argument 'cmake_clean_cache' from command line to 'False'
[0.963s] Level 5:colcon.colcon_core.verb:set package 'rover_bringup' build argument 'cmake_clean_first' from command line to 'False'
[0.963s] Level 5:colcon.colcon_core.verb:set package 'rover_bringup' build argument 'cmake_force_configure' from command line to 'False'
[0.963s] Level 5:colcon.colcon_core.verb:set package 'rover_bringup' build argument 'ament_cmake_args' from command line to 'None'
[0.963s] Level 5:colcon.colcon_core.verb:set package 'rover_bringup' build argument 'catkin_cmake_args' from command line to 'None'
[0.963s] Level 5:colcon.colcon_core.verb:set package 'rover_bringup' build argument 'catkin_skip_building_tests' from command line to 'False'
[0.963s] DEBUG:colcon.colcon_core.verb:Building package 'rover_bringup' with the following arguments: {'ament_cmake_args': None, 'build_base': '/home/andrei/project/strawberry_rover_ws/build/rover_bringup', 'catkin_cmake_args': None, 'catkin_skip_building_tests': False, 'cmake_args': None, 'cmake_clean_cache': False, 'cmake_clean_first': False, 'cmake_force_configure': False, 'cmake_target': None, 'cmake_target_skip_unavailable': False, 'install_base': '/home/andrei/project/strawberry_rover_ws/install/rover_bringup', 'merge_install': False, 'path': '/home/andrei/project/strawberry_rover_ws/src/rover_bringup', 'symlink_install': False, 'test_result_base': None}
[0.964s] INFO:colcon.colcon_core.executor:Executing jobs using 'parallel' executor
[0.967s] DEBUG:colcon.colcon_parallel_executor.executor.parallel:run_until_complete
[0.968s] INFO:colcon.colcon_ros.task.ament_python.build:Building ROS package in '/home/andrei/project/strawberry_rover_ws/src/rover_description' with build type 'ament_python'
[0.968s] Level 1:colcon.colcon_core.shell:create_environment_hook('rover_description', 'ament_prefix_path')
[0.975s] INFO:colcon.colcon_core.plugin_system:Skipping extension 'colcon_core.shell.bat': Not used on non-Windows systems
[0.975s] INFO:colcon.colcon_core.shell:Creating environment hook '/home/andrei/project/strawberry_rover_ws/install/rover_description/share/rover_description/hook/ament_prefix_path.ps1'
[0.978s] INFO:colcon.colcon_core.shell:Creating environment descriptor '/home/andrei/project/strawberry_rover_ws/install/rover_description/share/rover_description/hook/ament_prefix_path.dsv'
[0.979s] INFO:colcon.colcon_core.shell:Creating environment hook '/home/andrei/project/strawberry_rover_ws/install/rover_description/share/rover_description/hook/ament_prefix_path.sh'
[0.981s] INFO:colcon.colcon_core.shell:Skip shell extension 'powershell' for command environment: Not usable outside of PowerShell
[0.981s] DEBUG:colcon.colcon_core.shell:Skip shell extension 'dsv' for command environment
[1.000s] INFO:colcon.colcon_ros.task.ament_python.build:Building ROS package in '/home/andrei/project/strawberry_rover_ws/src/rover_fake_camera' with build type 'ament_python'
[1.001s] Level 1:colcon.colcon_core.shell:create_environment_hook('rover_fake_camera', 'ament_prefix_path')
[1.002s] INFO:colcon.colcon_core.shell:Creating environment hook '/home/andrei/project/strawberry_rover_ws/install/rover_fake_camera/share/rover_fake_camera/hook/ament_prefix_path.ps1'
[1.005s] INFO:colcon.colcon_core.shell:Creating environment descriptor '/home/andrei/project/strawberry_rover_ws/install/rover_fake_camera/share/rover_fake_camera/hook/ament_prefix_path.dsv'
[1.006s] INFO:colcon.colcon_core.shell:Creating environment hook '/home/andrei/project/strawberry_rover_ws/install/rover_fake_camera/share/rover_fake_camera/hook/ament_prefix_path.sh'
[1.010s] INFO:colcon.colcon_core.shell:Skip shell extension 'powershell' for command environment: Not usable outside of PowerShell
[1.010s] DEBUG:colcon.colcon_core.shell:Skip shell extension 'dsv' for command environment
[1.026s] INFO:colcon.colcon_ros.task.ament_python.build:Building ROS package in '/home/andrei/project/strawberry_rover_ws/src/rover_fake_lidar' with build type 'ament_python'
[1.027s] Level 1:colcon.colcon_core.shell:create_environment_hook('rover_fake_lidar', 'ament_prefix_path')
[1.028s] INFO:colcon.colcon_core.shell:Creating environment hook '/home/andrei/project/strawberry_rover_ws/install/rover_fake_lidar/share/rover_fake_lidar/hook/ament_prefix_path.ps1'
[1.031s] INFO:colcon.colcon_core.shell:Creating environment descriptor '/home/andrei/project/strawberry_rover_ws/install/rover_fake_lidar/share/rover_fake_lidar/hook/ament_prefix_path.dsv'
[1.035s] INFO:colcon.colcon_core.shell:Creating environment hook '/home/andrei/project/strawberry_rover_ws/install/rover_fake_lidar/share/rover_fake_lidar/hook/ament_prefix_path.sh'
[1.037s] INFO:colcon.colcon_core.shell:Skip shell extension 'powershell' for command environment: Not usable outside of PowerShell
[1.037s] DEBUG:colcon.colcon_core.shell:Skip shell extension 'dsv' for command environment
[1.053s] INFO:colcon.colcon_ros.task.ament_python.build:Building ROS package in '/home/andrei/project/strawberry_rover_ws/src/rover_fake_stereo' with build type 'ament_python'
[1.054s] Level 1:colcon.colcon_core.shell:create_environment_hook('rover_fake_stereo', 'ament_prefix_path')
[1.055s] INFO:colcon.colcon_core.shell:Creating environment hook '/home/andrei/project/strawberry_rover_ws/install/rover_fake_stereo/share/rover_fake_stereo/hook/ament_prefix_path.ps1'
[1.058s] INFO:colcon.colcon_core.shell:Creating environment descriptor '/home/andrei/project/strawberry_rover_ws/install/rover_fake_stereo/share/rover_fake_stereo/hook/ament_prefix_path.dsv'
[1.061s] INFO:colcon.colcon_core.shell:Creating environment hook '/home/andrei/project/strawberry_rover_ws/install/rover_fake_stereo/share/rover_fake_stereo/hook/ament_prefix_path.sh'
[1.064s] INFO:colcon.colcon_core.shell:Skip shell extension 'powershell' for command environment: Not usable outside of PowerShell
[1.064s] DEBUG:colcon.colcon_core.shell:Skip shell extension 'dsv' for command environment
[1.081s] INFO:colcon.colcon_ros.task.ament_python.build:Building ROS package in '/home/andrei/project/strawberry_rover_ws/src/rover_navigation' with build type 'ament_python'
[1.082s] Level 1:colcon.colcon_core.shell:create_environment_hook('rover_navigation', 'ament_prefix_path')
[1.084s] INFO:colcon.colcon_core.shell:Creating environment hook '/home/andrei/project/strawberry_rover_ws/install/rover_navigation/share/rover_navigation/hook/ament_prefix_path.ps1'
[1.086s] INFO:colcon.colcon_core.shell:Creating environment descriptor '/home/andrei/project/strawberry_rover_ws/install/rover_navigation/share/rover_navigation/hook/ament_prefix_path.dsv'
[1.089s] INFO:colcon.colcon_core.shell:Creating environment hook '/home/andrei/project/strawberry_rover_ws/install/rover_navigation/share/rover_navigation/hook/ament_prefix_path.sh'
[1.091s] INFO:colcon.colcon_core.shell:Skip shell extension 'powershell' for command environment: Not usable outside of PowerShell
[1.091s] DEBUG:colcon.colcon_core.shell:Skip shell extension 'dsv' for command environment
[1.106s] INFO:colcon.colcon_ros.task.ament_python.build:Building ROS package in '/home/andrei/project/strawberry_rover_ws/src/rover_simulation' with build type 'ament_python'
[1.107s] Level 1:colcon.colcon_core.shell:create_environment_hook('rover_simulation', 'ament_prefix_path')
[1.108s] INFO:colcon.colcon_core.shell:Creating environment hook '/home/andrei/project/strawberry_rover_ws/install/rover_simulation/share/rover_simulation/hook/ament_prefix_path.ps1'
[1.110s] INFO:colcon.colcon_core.shell:Creating environment descriptor '/home/andrei/project/strawberry_rover_ws/install/rover_simulation/share/rover_simulation/hook/ament_prefix_path.dsv'
[1.111s] INFO:colcon.colcon_core.shell:Creating environment hook '/home/andrei/project/strawberry_rover_ws/install/rover_simulation/share/rover_simulation/hook/ament_prefix_path.sh'
[1.115s] INFO:colcon.colcon_core.shell:Skip shell extension 'powershell' for command environment: Not usable outside of PowerShell
[1.115s] DEBUG:colcon.colcon_core.shell:Skip shell extension 'dsv' for command environment
[1.652s] INFO:colcon.colcon_core.task.python.build:Building Python package in '/home/andrei/project/strawberry_rover_ws/src/rover_description'
[1.654s] INFO:colcon.colcon_core.shell:Skip shell extension 'powershell' for command environment: Not usable outside of PowerShell
[1.654s] DEBUG:colcon.colcon_core.shell:Skip shell extension 'dsv' for command environment
[2.188s] INFO:colcon.colcon_core.task.python.build:Building Python package in '/home/andrei/project/strawberry_rover_ws/src/rover_fake_camera'
[2.190s] INFO:colcon.colcon_core.shell:Skip shell extension 'powershell' for command environment: Not usable outside of PowerShell
[2.190s] DEBUG:colcon.colcon_core.shell:Skip shell extension 'dsv' for command environment
[2.713s] INFO:colcon.colcon_core.task.python.build:Building Python package in '/home/andrei/project/strawberry_rover_ws/src/rover_fake_lidar'
[2.715s] INFO:colcon.colcon_core.shell:Skip shell extension 'powershell' for command environment: Not usable outside of PowerShell
[2.715s] DEBUG:colcon.colcon_core.shell:Skip shell extension 'dsv' for command environment
[3.264s] INFO:colcon.colcon_core.task.python.build:Building Python package in '/home/andrei/project/strawberry_rover_ws/src/rover_fake_stereo'
[3.266s] INFO:colcon.colcon_core.shell:Skip shell extension 'powershell' for command environment: Not usable outside of PowerShell
[3.266s] DEBUG:colcon.colcon_core.shell:Skip shell extension 'dsv' for command environment
[3.828s] INFO:colcon.colcon_core.task.python.build:Building Python package in '/home/andrei/project/strawberry_rover_ws/src/rover_navigation'
[3.830s] INFO:colcon.colcon_core.shell:Skip shell extension 'powershell' for command environment: Not usable outside of PowerShell
[3.831s] DEBUG:colcon.colcon_core.shell:Skip shell extension 'dsv' for command environment
[4.357s] INFO:colcon.colcon_core.task.python.build:Building Python package in '/home/andrei/project/strawberry_rover_ws/src/rover_simulation'
[4.359s] INFO:colcon.colcon_core.shell:Skip shell extension 'powershell' for command environment: Not usable outside of PowerShell
[4.359s] DEBUG:colcon.colcon_core.shell:Skip shell extension 'dsv' for command environment
[5.480s] DEBUG:colcon.colcon_core.event_handler.log_command:Invoking command in '/home/andrei/project/strawberry_rover_ws/src/rover_fake_lidar': PYTHONPATH=/home/andrei/project/strawberry_rover_ws/build/rover_fake_lidar/prefix_override:/usr/lib/python3/dist-packages/colcon_core/task/python/colcon_distutils_commands:/home/andrei/project/strawberry_rover_ws/install/rover_fake_lidar/lib/python3.8/site-packages:${PYTHONPATH} /usr/bin/python3 -W ignore:setup.py install is deprecated -W ignore:easy_install command is deprecated setup.py egg_info --egg-base ../../build/rover_fake_lidar build --build-base /home/andrei/project/strawberry_rover_ws/build/rover_fake_lidar/build install --record /home/andrei/project/strawberry_rover_ws/build/rover_fake_lidar/install.log --single-version-externally-managed install_data
[5.521s] DEBUG:colcon.colcon_core.event_handler.log_command:Invoking command in '/home/andrei/project/strawberry_rover_ws/src/rover_description': PYTHONPATH=/home/andrei/project/strawberry_rover_ws/build/rover_description/prefix_override:/usr/lib/python3/dist-packages/colcon_core/task/python/colcon_distutils_commands:/home/andrei/project/strawberry_rover_ws/install/rover_description/lib/python3.8/site-packages:${PYTHONPATH} /usr/bin/python3 -W ignore:setup.py install is deprecated -W ignore:easy_install command is deprecated setup.py egg_info --egg-base ../../build/rover_description build --build-base /home/andrei/project/strawberry_rover_ws/build/rover_description/build install --record /home/andrei/project/strawberry_rover_ws/build/rover_description/install.log --single-version-externally-managed install_data
[5.542s] DEBUG:colcon.colcon_core.event_handler.log_command:Invoking command in '/home/andrei/project/strawberry_rover_ws/src/rover_fake_stereo': PYTHONPATH=/home/andrei/project/strawberry_rover_ws/build/rover_fake_stereo/prefix_override:/usr/lib/python3/dist-packages/colcon_core/task/python/colcon_distutils_commands:/home/andrei/project/strawberry_rover_ws/install/rover_fake_stereo/lib/python3.8/site-packages:${PYTHONPATH} /usr/bin/python3 -W ignore:setup.py install is deprecated -W ignore:easy_install command is deprecated setup.py egg_info --egg-base ../../build/rover_fake_stereo build --build-base /home/andrei/project/strawberry_rover_ws/build/rover_fake_stereo/build install --record /home/andrei/project/strawberry_rover_ws/build/rover_fake_stereo/install.log --single-version-externally-managed install_data
[5.566s] DEBUG:colcon.colcon_core.event_handler.log_command:Invoking command in '/home/andrei/project/strawberry_rover_ws/src/rover_navigation': PYTHONPATH=/home/andrei/project/strawberry_rover_ws/build/rover_navigation/prefix_override:/usr/lib/python3/dist-packages/colcon_core/task/python/colcon_distutils_commands:/home/andrei/project/strawberry_rover_ws/install/rover_navigation/lib/python3.8/site-packages:${PYTHONPATH} /usr/bin/python3 -W ignore:setup.py install is deprecated -W ignore:easy_install command is deprecated setup.py egg_info --egg-base ../../build/rover_navigation build --build-base /home/andrei/project/strawberry_rover_ws/build/rover_navigation/build install --record /home/andrei/project/strawberry_rover_ws/build/rover_navigation/install.log --single-version-externally-managed install_data
[5.585s] DEBUG:colcon.colcon_core.event_handler.log_command:Invoking command in '/home/andrei/project/strawberry_rover_ws/src/rover_fake_camera': PYTHONPATH=/home/andrei/project/strawberry_rover_ws/build/rover_fake_camera/prefix_override:/usr/lib/python3/dist-packages/colcon_core/task/python/colcon_distutils_commands:/home/andrei/project/strawberry_rover_ws/install/rover_fake_camera/lib/python3.8/site-packages:${PYTHONPATH} /usr/bin/python3 -W ignore:setup.py install is deprecated -W ignore:easy_install command is deprecated setup.py egg_info --egg-base ../../build/rover_fake_camera build --build-base /home/andrei/project/strawberry_rover_ws/build/rover_fake_camera/build install --record /home/andrei/project/strawberry_rover_ws/build/rover_fake_camera/install.log --single-version-externally-managed install_data
[5.606s] DEBUG:colcon.colcon_core.event_handler.log_command:Invoking command in '/home/andrei/project/strawberry_rover_ws/src/rover_simulation': PYTHONPATH=/home/andrei/project/strawberry_rover_ws/build/rover_simulation/prefix_override:/usr/lib/python3/dist-packages/colcon_core/task/python/colcon_distutils_commands:/home/andrei/project/strawberry_rover_ws/install/rover_simulation/lib/python3.8/site-packages:${PYTHONPATH} /usr/bin/python3 -W ignore:setup.py install is deprecated -W ignore:easy_install command is deprecated setup.py egg_info --egg-base ../../build/rover_simulation build --build-base /home/andrei/project/strawberry_rover_ws/build/rover_simulation/build install --record /home/andrei/project/strawberry_rover_ws/build/rover_simulation/install.log --single-version-externally-managed install_data
[6.330s] DEBUG:colcon.colcon_core.event_handler.log_command:Invoked command in '/home/andrei/project/strawberry_rover_ws/src/rover_fake_lidar' returned '0': PYTHONPATH=/home/andrei/project/strawberry_rover_ws/build/rover_fake_lidar/prefix_override:/usr/lib/python3/dist-packages/colcon_core/task/python/colcon_distutils_commands:/home/andrei/project/strawberry_rover_ws/install/rover_fake_lidar/lib/python3.8/site-packages:${PYTHONPATH} /usr/bin/python3 -W ignore:setup.py install is deprecated -W ignore:easy_install command is deprecated setup.py egg_info --egg-base ../../build/rover_fake_lidar build --build-base /home/andrei/project/strawberry_rover_ws/build/rover_fake_lidar/build install --record /home/andrei/project/strawberry_rover_ws/build/rover_fake_lidar/install.log --single-version-externally-managed install_data
[6.333s] Level 1:colcon.colcon_core.environment:checking '/home/andrei/project/strawberry_rover_ws/install/rover_fake_lidar' for CMake module files
[6.334s] Level 1:colcon.colcon_core.environment:checking '/home/andrei/project/strawberry_rover_ws/install/rover_fake_lidar' for CMake config files
[6.337s] Level 1:colcon.colcon_core.environment:checking '/home/andrei/project/strawberry_rover_ws/install/rover_fake_lidar/lib'
[6.338s] Level 1:colcon.colcon_core.environment:checking '/home/andrei/project/strawberry_rover_ws/install/rover_fake_lidar/bin'
[6.338s] Level 1:colcon.colcon_core.environment:checking '/home/andrei/project/strawberry_rover_ws/install/rover_fake_lidar/lib/pkgconfig/rover_fake_lidar.pc'
[6.339s] Level 1:colcon.colcon_core.environment:checking '/home/andrei/project/strawberry_rover_ws/install/rover_fake_lidar/lib/python3.8/site-packages'
[6.339s] Level 1:colcon.colcon_core.shell:create_environment_hook('rover_fake_lidar', 'pythonpath')
[6.340s] INFO:colcon.colcon_core.shell:Creating environment hook '/home/andrei/project/strawberry_rover_ws/install/rover_fake_lidar/share/rover_fake_lidar/hook/pythonpath.ps1'
[6.343s] INFO:colcon.colcon_core.shell:Creating environment descriptor '/home/andrei/project/strawberry_rover_ws/install/rover_fake_lidar/share/rover_fake_lidar/hook/pythonpath.dsv'
[6.349s] INFO:colcon.colcon_core.shell:Creating environment hook '/home/andrei/project/strawberry_rover_ws/install/rover_fake_lidar/share/rover_fake_lidar/hook/pythonpath.sh'
[6.352s] Level 1:colcon.colcon_core.environment:checking '/home/andrei/project/strawberry_rover_ws/install/rover_fake_lidar/bin'
[6.352s] Level 1:colcon.colcon_core.environment:create_environment_scripts_only(rover_fake_lidar)
[6.353s] INFO:colcon.colcon_core.shell:Creating package script '/home/andrei/project/strawberry_rover_ws/install/rover_fake_lidar/share/rover_fake_lidar/package.ps1'
[6.356s] INFO:colcon.colcon_core.shell:Creating package descriptor '/home/andrei/project/strawberry_rover_ws/install/rover_fake_lidar/share/rover_fake_lidar/package.dsv'
[6.358s] INFO:colcon.colcon_core.shell:Creating package script '/home/andrei/project/strawberry_rover_ws/install/rover_fake_lidar/share/rover_fake_lidar/package.sh'
[6.361s] INFO:colcon.colcon_core.shell:Creating package script '/home/andrei/project/strawberry_rover_ws/install/rover_fake_lidar/share/rover_fake_lidar/package.bash'
[6.363s] INFO:colcon.colcon_core.shell:Creating package script '/home/andrei/project/strawberry_rover_ws/install/rover_fake_lidar/share/rover_fake_lidar/package.zsh'
[6.365s] Level 1:colcon.colcon_core.environment:create_file_with_runtime_dependencies(/home/andrei/project/strawberry_rover_ws/install/rover_fake_lidar/share/colcon-core/packages/rover_fake_lidar)
[6.370s] Level 1:colcon.colcon_core.environment:checking '/home/andrei/project/strawberry_rover_ws/install/rover_description' for CMake module files
[6.371s] DEBUG:colcon.colcon_core.event_handler.log_command:Invoked command in '/home/andrei/project/strawberry_rover_ws/src/rover_description' returned '0': PYTHONPATH=/home/andrei/project/strawberry_rover_ws/build/rover_description/prefix_override:/usr/lib/python3/dist-packages/colcon_core/task/python/colcon_distutils_commands:/home/andrei/project/strawberry_rover_ws/install/rover_description/lib/python3.8/site-packages:${PYTHONPATH} /usr/bin/python3 -W ignore:setup.py install is deprecated -W ignore:easy_install command is deprecated setup.py egg_info --egg-base ../../build/rover_description build --build-base /home/andrei/project/strawberry_rover_ws/build/rover_description/build install --record /home/andrei/project/strawberry_rover_ws/build/rover_description/install.log --single-version-externally-managed install_data
[6.372s] Level 1:colcon.colcon_core.environment:checking '/home/andrei/project/strawberry_rover_ws/install/rover_description' for CMake config files
[6.374s] Level 1:colcon.colcon_core.environment:checking '/home/andrei/project/strawberry_rover_ws/install/rover_description/lib'
[6.375s] Level 1:colcon.colcon_core.environment:checking '/home/andrei/project/strawberry_rover_ws/install/rover_description/bin'
[6.375s] Level 1:colcon.colcon_core.environment:checking '/home/andrei/project/strawberry_rover_ws/install/rover_description/lib/pkgconfig/rover_description.pc'
[6.376s] Level 1:colcon.colcon_core.environment:checking '/home/andrei/project/strawberry_rover_ws/install/rover_description/lib/python3.8/site-packages'
[6.376s] Level 1:colcon.colcon_core.shell:create_environment_hook('rover_description', 'pythonpath')
[6.377s] INFO:colcon.colcon_core.shell:Creating environment hook '/home/andrei/project/strawberry_rover_ws/install/rover_description/share/rover_description/hook/pythonpath.ps1'
[6.379s] INFO:colcon.colcon_core.shell:Creating environment descriptor '/home/andrei/project/strawberry_rover_ws/install/rover_description/share/rover_description/hook/pythonpath.dsv'
[6.380s] INFO:colcon.colcon_core.shell:Creating environment hook '/home/andrei/project/strawberry_rover_ws/install/rover_description/share/rover_description/hook/pythonpath.sh'
[6.382s] Level 1:colcon.colcon_core.environment:checking '/home/andrei/project/strawberry_rover_ws/install/rover_description/bin'
[6.382s] Level 1:colcon.colcon_core.environment:create_environment_scripts_only(rover_description)
[6.383s] INFO:colcon.colcon_core.shell:Creating package script '/home/andrei/project/strawberry_rover_ws/install/rover_description/share/rover_description/package.ps1'
[6.385s] INFO:colcon.colcon_core.shell:Creating package descriptor '/home/andrei/project/strawberry_rover_ws/install/rover_description/share/rover_description/package.dsv'
[6.386s] INFO:colcon.colcon_core.shell:Creating package script '/home/andrei/project/strawberry_rover_ws/install/rover_description/share/rover_description/package.sh'
[6.387s] INFO:colcon.colcon_core.shell:Creating package script '/home/andrei/project/strawberry_rover_ws/install/rover_description/share/rover_description/package.bash'
[6.388s] INFO:colcon.colcon_core.shell:Creating package script '/home/andrei/project/strawberry_rover_ws/install/rover_description/share/rover_description/package.zsh'
[6.389s] Level 1:colcon.colcon_core.environment:create_file_with_runtime_dependencies(/home/andrei/project/strawberry_rover_ws/install/rover_description/share/colcon-core/packages/rover_description)
[6.393s] Level 1:colcon.colcon_core.environment:checking '/home/andrei/project/strawberry_rover_ws/install/rover_fake_stereo' for CMake module files
[6.394s] DEBUG:colcon.colcon_core.event_handler.log_command:Invoked command in '/home/andrei/project/strawberry_rover_ws/src/rover_fake_stereo' returned '0': PYTHONPATH=/home/andrei/project/strawberry_rover_ws/build/rover_fake_stereo/prefix_override:/usr/lib/python3/dist-packages/colcon_core/task/python/colcon_distutils_commands:/home/andrei/project/strawberry_rover_ws/install/rover_fake_stereo/lib/python3.8/site-packages:${PYTHONPATH} /usr/bin/python3 -W ignore:setup.py install is deprecated -W ignore:easy_install command is deprecated setup.py egg_info --egg-base ../../build/rover_fake_stereo build --build-base /home/andrei/project/strawberry_rover_ws/build/rover_fake_stereo/build install --record /home/andrei/project/strawberry_rover_ws/build/rover_fake_stereo/install.log --single-version-externally-managed install_data
[6.395s] Level 1:colcon.colcon_core.environment:checking '/home/andrei/project/strawberry_rover_ws/install/rover_fake_stereo' for CMake config files
[6.396s] Level 1:colcon.colcon_core.environment:checking '/home/andrei/project/strawberry_rover_ws/install/rover_fake_stereo/lib'
[6.397s] Level 1:colcon.colcon_core.environment:checking '/home/andrei/project/strawberry_rover_ws/install/rover_fake_stereo/bin'
[6.397s] Level 1:colcon.colcon_core.environment:checking '/home/andrei/project/strawberry_rover_ws/install/rover_fake_stereo/lib/pkgconfig/rover_fake_stereo.pc'
[6.397s] Level 1:colcon.colcon_core.environment:checking '/home/andrei/project/strawberry_rover_ws/install/rover_fake_stereo/lib/python3.8/site-packages'
[6.397s] Level 1:colcon.colcon_core.shell:create_environment_hook('rover_fake_stereo', 'pythonpath')
[6.398s] INFO:colcon.colcon_core.shell:Creating environment hook '/home/andrei/project/strawberry_rover_ws/install/rover_fake_stereo/share/rover_fake_stereo/hook/pythonpath.ps1'
[6.401s] INFO:colcon.colcon_core.shell:Creating environment descriptor '/home/andrei/project/strawberry_rover_ws/install/rover_fake_stereo/share/rover_fake_stereo/hook/pythonpath.dsv'
[6.402s] INFO:colcon.colcon_core.shell:Creating environment hook '/home/andrei/project/strawberry_rover_ws/install/rover_fake_stereo/share/rover_fake_stereo/hook/pythonpath.sh'
[6.403s] Level 1:colcon.colcon_core.environment:checking '/home/andrei/project/strawberry_rover_ws/install/rover_fake_stereo/bin'
[6.403s] Level 1:colcon.colcon_core.environment:create_environment_scripts_only(rover_fake_stereo)
[6.404s] INFO:colcon.colcon_core.shell:Creating package script '/home/andrei/project/strawberry_rover_ws/install/rover_fake_stereo/share/rover_fake_stereo/package.ps1'
[6.405s] INFO:colcon.colcon_core.shell:Creating package descriptor '/home/andrei/project/strawberry_rover_ws/install/rover_fake_stereo/share/rover_fake_stereo/package.dsv'
[6.406s] INFO:colcon.colcon_core.shell:Creating package script '/home/andrei/project/strawberry_rover_ws/install/rover_fake_stereo/share/rover_fake_stereo/package.sh'
[6.407s] INFO:colcon.colcon_core.shell:Creating package script '/home/andrei/project/strawberry_rover_ws/install/rover_fake_stereo/share/rover_fake_stereo/package.bash'
[6.408s] INFO:colcon.colcon_core.shell:Creating package script '/home/andrei/project/strawberry_rover_ws/install/rover_fake_stereo/share/rover_fake_stereo/package.zsh'
[6.409s] Level 1:colcon.colcon_core.environment:create_file_with_runtime_dependencies(/home/andrei/project/strawberry_rover_ws/install/rover_fake_stereo/share/colcon-core/packages/rover_fake_stereo)
[6.413s] Level 1:colcon.colcon_core.environment:checking '/home/andrei/project/strawberry_rover_ws/install/rover_navigation' for CMake module files
[6.414s] DEBUG:colcon.colcon_core.event_handler.log_command:Invoked command in '/home/andrei/project/strawberry_rover_ws/src/rover_navigation' returned '0': PYTHONPATH=/home/andrei/project/strawberry_rover_ws/build/rover_navigation/prefix_override:/usr/lib/python3/dist-packages/colcon_core/task/python/colcon_distutils_commands:/home/andrei/project/strawberry_rover_ws/install/rover_navigation/lib/python3.8/site-packages:${PYTHONPATH} /usr/bin/python3 -W ignore:setup.py install is deprecated -W ignore:easy_install command is deprecated setup.py egg_info --egg-base ../../build/rover_navigation build --build-base /home/andrei/project/strawberry_rover_ws/build/rover_navigation/build install --record /home/andrei/project/strawberry_rover_ws/build/rover_navigation/install.log --single-version-externally-managed install_data
[6.415s] Level 1:colcon.colcon_core.environment:checking '/home/andrei/project/strawberry_rover_ws/install/rover_navigation' for CMake config files
[6.416s] Level 1:colcon.colcon_core.environment:checking '/home/andrei/project/strawberry_rover_ws/install/rover_navigation/lib'
[6.416s] Level 1:colcon.colcon_core.environment:checking '/home/andrei/project/strawberry_rover_ws/install/rover_navigation/bin'
[6.416s] Level 1:colcon.colcon_core.environment:checking '/home/andrei/project/strawberry_rover_ws/install/rover_navigation/lib/pkgconfig/rover_navigation.pc'
[6.417s] Level 1:colcon.colcon_core.environment:checking '/home/andrei/project/strawberry_rover_ws/install/rover_navigation/lib/python3.8/site-packages'
[6.417s] Level 1:colcon.colcon_core.shell:create_environment_hook('rover_navigation', 'pythonpath')
[6.418s] INFO:colcon.colcon_core.shell:Creating environment hook '/home/andrei/project/strawberry_rover_ws/install/rover_navigation/share/rover_navigation/hook/pythonpath.ps1'
[6.419s] INFO:colcon.colcon_core.shell:Creating environment descriptor '/home/andrei/project/strawberry_rover_ws/install/rover_navigation/share/rover_navigation/hook/pythonpath.dsv'
[6.420s] INFO:colcon.colcon_core.shell:Creating environment hook '/home/andrei/project/strawberry_rover_ws/install/rover_navigation/share/rover_navigation/hook/pythonpath.sh'
[6.421s] Level 1:colcon.colcon_core.environment:checking '/home/andrei/project/strawberry_rover_ws/install/rover_navigation/bin'
[6.422s] Level 1:colcon.colcon_core.environment:create_environment_scripts_only(rover_navigation)
[6.422s] INFO:colcon.colcon_core.shell:Creating package script '/home/andrei/project/strawberry_rover_ws/install/rover_navigation/share/rover_navigation/package.ps1'
[6.424s] INFO:colcon.colcon_core.shell:Creating package descriptor '/home/andrei/project/strawberry_rover_ws/install/rover_navigation/share/rover_navigation/package.dsv'
[6.425s] INFO:colcon.colcon_core.shell:Creating package script '/home/andrei/project/strawberry_rover_ws/install/rover_navigation/share/rover_navigation/package.sh'
[6.426s] INFO:colcon.colcon_core.shell:Creating package script '/home/andrei/project/strawberry_rover_ws/install/rover_navigation/share/rover_navigation/package.bash'
[6.426s] INFO:colcon.colcon_core.shell:Creating package script '/home/andrei/project/strawberry_rover_ws/install/rover_navigation/share/rover_navigation/package.zsh'
[6.427s] Level 1:colcon.colcon_core.environment:create_file_with_runtime_dependencies(/home/andrei/project/strawberry_rover_ws/install/rover_navigation/share/colcon-core/packages/rover_navigation)
[6.431s] Level 1:colcon.colcon_core.environment:checking '/home/andrei/project/strawberry_rover_ws/install/rover_simulation' for CMake module files
[6.434s] Level 1:colcon.colcon_core.environment:checking '/home/andrei/project/strawberry_rover_ws/install/rover_simulation' for CMake config files
[6.434s] DEBUG:colcon.colcon_core.event_handler.log_command:Invoked command in '/home/andrei/project/strawberry_rover_ws/src/rover_simulation' returned '0': PYTHONPATH=/home/andrei/project/strawberry_rover_ws/build/rover_simulation/prefix_override:/usr/lib/python3/dist-packages/colcon_core/task/python/colcon_distutils_commands:/home/andrei/project/strawberry_rover_ws/install/rover_simulation/lib/python3.8/site-packages:${PYTHONPATH} /usr/bin/python3 -W ignore:setup.py install is deprecated -W ignore:easy_install command is deprecated setup.py egg_info --egg-base ../../build/rover_simulation build --build-base /home/andrei/project/strawberry_rover_ws/build/rover_simulation/build install --record /home/andrei/project/strawberry_rover_ws/build/rover_simulation/install.log --single-version-externally-managed install_data
[6.435s] Level 1:colcon.colcon_core.environment:checking '/home/andrei/project/strawberry_rover_ws/install/rover_simulation/lib'
[6.435s] Level 1:colcon.colcon_core.environment:checking '/home/andrei/project/strawberry_rover_ws/install/rover_simulation/bin'
[6.436s] Level 1:colcon.colcon_core.environment:checking '/home/andrei/project/strawberry_rover_ws/install/rover_simulation/lib/pkgconfig/rover_simulation.pc'
[6.436s] Level 1:colcon.colcon_core.environment:checking '/home/andrei/project/strawberry_rover_ws/install/rover_simulation/lib/python3.8/site-packages'
[6.436s] Level 1:colcon.colcon_core.shell:create_environment_hook('rover_simulation', 'pythonpath')
[6.437s] INFO:colcon.colcon_core.shell:Creating environment hook '/home/andrei/project/strawberry_rover_ws/install/rover_simulation/share/rover_simulation/hook/pythonpath.ps1'
[6.438s] INFO:colcon.colcon_core.shell:Creating environment descriptor '/home/andrei/project/strawberry_rover_ws/install/rover_simulation/share/rover_simulation/hook/pythonpath.dsv'
[6.439s] INFO:colcon.colcon_core.shell:Creating environment hook '/home/andrei/project/strawberry_rover_ws/install/rover_simulation/share/rover_simulation/hook/pythonpath.sh'
[6.440s] Level 1:colcon.colcon_core.environment:checking '/home/andrei/project/strawberry_rover_ws/install/rover_simulation/bin'
[6.440s] Level 1:colcon.colcon_core.environment:create_environment_scripts_only(rover_simulation)
[6.441s] INFO:colcon.colcon_core.shell:Creating package script '/home/andrei/project/strawberry_rover_ws/install/rover_simulation/share/rover_simulation/package.ps1'
[6.442s] INFO:colcon.colcon_core.shell:Creating package descriptor '/home/andrei/project/strawberry_rover_ws/install/rover_simulation/share/rover_simulation/package.dsv'
[6.443s] INFO:colcon.colcon_core.shell:Creating package script '/home/andrei/project/strawberry_rover_ws/install/rover_simulation/share/rover_simulation/package.sh'
[6.444s] INFO:colcon.colcon_core.shell:Creating package script '/home/andrei/project/strawberry_rover_ws/install/rover_simulation/share/rover_simulation/package.bash'
[6.445s] INFO:colcon.colcon_core.shell:Creating package script '/home/andrei/project/strawberry_rover_ws/install/rover_simulation/share/rover_simulation/package.zsh'
[6.446s] Level 1:colcon.colcon_core.environment:create_file_with_runtime_dependencies(/home/andrei/project/strawberry_rover_ws/install/rover_simulation/share/colcon-core/packages/rover_simulation)
[6.450s] Level 1:colcon.colcon_core.environment:checking '/home/andrei/project/strawberry_rover_ws/install/rover_fake_camera' for CMake module files
[6.451s] DEBUG:colcon.colcon_core.event_handler.log_command:Invoked command in '/home/andrei/project/strawberry_rover_ws/src/rover_fake_camera' returned '0': PYTHONPATH=/home/andrei/project/strawberry_rover_ws/build/rover_fake_camera/prefix_override:/usr/lib/python3/dist-packages/colcon_core/task/python/colcon_distutils_commands:/home/andrei/project/strawberry_rover_ws/install/rover_fake_camera/lib/python3.8/site-packages:${PYTHONPATH} /usr/bin/python3 -W ignore:setup.py install is deprecated -W ignore:easy_install command is deprecated setup.py egg_info --egg-base ../../build/rover_fake_camera build --build-base /home/andrei/project/strawberry_rover_ws/build/rover_fake_camera/build install --record /home/andrei/project/strawberry_rover_ws/build/rover_fake_camera/install.log --single-version-externally-managed install_data
[6.452s] Level 1:colcon.colcon_core.environment:checking '/home/andrei/project/strawberry_rover_ws/install/rover_fake_camera' for CMake config files
[6.453s] Level 1:colcon.colcon_core.environment:checking '/home/andrei/project/strawberry_rover_ws/install/rover_fake_camera/lib'
[6.453s] Level 1:colcon.colcon_core.environment:checking '/home/andrei/project/strawberry_rover_ws/install/rover_fake_camera/bin'
[6.453s] Level 1:colcon.colcon_core.environment:checking '/home/andrei/project/strawberry_rover_ws/install/rover_fake_camera/lib/pkgconfig/rover_fake_camera.pc'
[6.454s] Level 1:colcon.colcon_core.environment:checking '/home/andrei/project/strawberry_rover_ws/install/rover_fake_camera/lib/python3.8/site-packages'
[6.454s] Level 1:colcon.colcon_core.shell:create_environment_hook('rover_fake_camera', 'pythonpath')
[6.455s] INFO:colcon.colcon_core.shell:Creating environment hook '/home/andrei/project/strawberry_rover_ws/install/rover_fake_camera/share/rover_fake_camera/hook/pythonpath.ps1'
[6.456s] INFO:colcon.colcon_core.shell:Creating environment descriptor '/home/andrei/project/strawberry_rover_ws/install/rover_fake_camera/share/rover_fake_camera/hook/pythonpath.dsv'
[6.457s] INFO:colcon.colcon_core.shell:Creating environment hook '/home/andrei/project/strawberry_rover_ws/install/rover_fake_camera/share/rover_fake_camera/hook/pythonpath.sh'
[6.458s] Level 1:colcon.colcon_core.environment:checking '/home/andrei/project/strawberry_rover_ws/install/rover_fake_camera/bin'
[6.458s] Level 1:colcon.colcon_core.environment:create_environment_scripts_only(rover_fake_camera)
[6.459s] INFO:colcon.colcon_core.shell:Creating package script '/home/andrei/project/strawberry_rover_ws/install/rover_fake_camera/share/rover_fake_camera/package.ps1'
[6.461s] INFO:colcon.colcon_core.shell:Creating package descriptor '/home/andrei/project/strawberry_rover_ws/install/rover_fake_camera/share/rover_fake_camera/package.dsv'
[6.462s] INFO:colcon.colcon_core.shell:Creating package script '/home/andrei/project/strawberry_rover_ws/install/rover_fake_camera/share/rover_fake_camera/package.sh'
[6.464s] INFO:colcon.colcon_core.shell:Creating package script '/home/andrei/project/strawberry_rover_ws/install/rover_fake_camera/share/rover_fake_camera/package.bash'
[6.465s] INFO:colcon.colcon_core.shell:Creating package script '/home/andrei/project/strawberry_rover_ws/install/rover_fake_camera/share/rover_fake_camera/package.zsh'
[6.466s] Level 1:colcon.colcon_core.environment:create_file_with_runtime_dependencies(/home/andrei/project/strawberry_rover_ws/install/rover_fake_camera/share/colcon-core/packages/rover_fake_camera)
[6.468s] INFO:colcon.colcon_ros.task.ament_python.build:Building ROS package in '/home/andrei/project/strawberry_rover_ws/src/rover_bringup' with build type 'ament_python'
[6.468s] Level 1:colcon.colcon_core.shell:create_environment_hook('rover_bringup', 'ament_prefix_path')
[6.469s] INFO:colcon.colcon_core.shell:Creating environment hook '/home/andrei/project/strawberry_rover_ws/install/rover_bringup/share/rover_bringup/hook/ament_prefix_path.ps1'
[6.471s] INFO:colcon.colcon_core.shell:Creating environment descriptor '/home/andrei/project/strawberry_rover_ws/install/rover_bringup/share/rover_bringup/hook/ament_prefix_path.dsv'
[6.474s] INFO:colcon.colcon_core.shell:Creating environment hook '/home/andrei/project/strawberry_rover_ws/install/rover_bringup/share/rover_bringup/hook/ament_prefix_path.sh'
[6.476s] INFO:colcon.colcon_core.shell:Skip shell extension 'powershell' for command environment: Not usable outside of PowerShell
[6.476s] DEBUG:colcon.colcon_core.shell:Skip shell extension 'dsv' for command environment
[7.004s] INFO:colcon.colcon_core.task.python.build:Building Python package in '/home/andrei/project/strawberry_rover_ws/src/rover_bringup'
[7.006s] INFO:colcon.colcon_core.shell:Skip shell extension 'powershell' for command environment: Not usable outside of PowerShell
[7.006s] DEBUG:colcon.colcon_core.shell:Skip shell extension 'dsv' for command environment
[7.953s] DEBUG:colcon.colcon_core.event_handler.log_command:Invoking command in '/home/andrei/project/strawberry_rover_ws/src/rover_bringup': AMENT_PREFIX_PATH=/home/andrei/project/strawberry_rover_ws/install/rover_simulation:/home/andrei/project/strawberry_rover_ws/install/rover_navigation:/home/andrei/project/strawberry_rover_ws/install/rover_fake_stereo:/home/andrei/project/strawberry_rover_ws/install/rover_fake_lidar:/home/andrei/project/strawberry_rover_ws/install/rover_fake_camera:/home/andrei/project/strawberry_rover_ws/install/rover_description:/home/andrei/project/strawberry_rover_ws/install/rover_visualization:/home/andrei/project/strawberry_rover_ws/install/rover_utils:/home/andrei/project/strawberry_rover_ws/install/rover_state:/home/andrei/project/strawberry_rover_ws/install/rover_bringup:/home/andrei/project/strawberry_rover_ws/install/rover_perception:/home/andrei/project/strawberry_rover_ws/install/rover_fsm:/opt/ros/foxy PYTHONPATH=/home/andrei/project/strawberry_rover_ws/build/rover_bringup/prefix_override:/usr/lib/python3/dist-packages/colcon_core/task/python/colcon_distutils_commands:/home/andrei/project/strawberry_rover_ws/install/rover_bringup/lib/python3.8/site-packages:/home/andrei/project/strawberry_rover_ws/install/rover_simulation/lib/python3.8/site-packages:/home/andrei/project/strawberry_rover_ws/install/rover_navigation/lib/python3.8/site-packages:/home/andrei/project/strawberry_rover_ws/install/rover_fake_stereo/lib/python3.8/site-packages:/home/andrei/project/strawberry_rover_ws/install/rover_fake_lidar/lib/python3.8/site-packages:/home/andrei/project/strawberry_rover_ws/install/rover_fake_camera/lib/python3.8/site-packages:/home/andrei/project/strawberry_rover_ws/install/rover_description/lib/python3.8/site-packages:/home/andrei/project/strawberry_rover_ws/install/rover_visualization/lib/python3.8/site-packages:/home/andrei/project/strawberry_rover_ws/install/rover_utils/lib/python3.8/site-packages:/home/andrei/project/strawberry_rover_ws/install/rover_state/lib/python3.8/site-packages:/home/andrei/project/strawberry_rover_ws/install/rover_bringup/lib/python3.8/site-packages:/home/andrei/project/strawberry_rover_ws/install/rover_perception/lib/python3.8/site-packages:/home/andrei/project/strawberry_rover_ws/install/rover_fsm/lib/python3.8/site-packages:/opt/ros/foxy/lib/python3.8/site-packages /usr/bin/python3 -W ignore:setup.py install is deprecated -W ignore:easy_install command is deprecated setup.py egg_info --egg-base ../../build/rover_bringup build --build-base /home/andrei/project/strawberry_rover_ws/build/rover_bringup/build install --record /home/andrei/project/strawberry_rover_ws/build/rover_bringup/install.log --single-version-externally-managed install_data
[8.670s] Level 1:colcon.colcon_core.environment:checking '/home/andrei/project/strawberry_rover_ws/install/rover_bringup' for CMake module files
[8.672s] DEBUG:colcon.colcon_core.event_handler.log_command:Invoked command in '/home/andrei/project/strawberry_rover_ws/src/rover_bringup' returned '0': AMENT_PREFIX_PATH=/home/andrei/project/strawberry_rover_ws/install/rover_simulation:/home/andrei/project/strawberry_rover_ws/install/rover_navigation:/home/andrei/project/strawberry_rover_ws/install/rover_fake_stereo:/home/andrei/project/strawberry_rover_ws/install/rover_fake_lidar:/home/andrei/project/strawberry_rover_ws/install/rover_fake_camera:/home/andrei/project/strawberry_rover_ws/install/rover_description:/home/andrei/project/strawberry_rover_ws/install/rover_visualization:/home/andrei/project/strawberry_rover_ws/install/rover_utils:/home/andrei/project/strawberry_rover_ws/install/rover_state:/home/andrei/project/strawberry_rover_ws/install/rover_bringup:/home/andrei/project/strawberry_rover_ws/install/rover_perception:/home/andrei/project/strawberry_rover_ws/install/rover_fsm:/opt/ros/foxy PYTHONPATH=/home/andrei/project/strawberry_rover_ws/build/rover_bringup/prefix_override:/usr/lib/python3/dist-packages/colcon_core/task/python/colcon_distutils_commands:/home/andrei/project/strawberry_rover_ws/install/rover_bringup/lib/python3.8/site-packages:/home/andrei/project/strawberry_rover_ws/install/rover_simulation/lib/python3.8/site-packages:/home/andrei/project/strawberry_rover_ws/install/rover_navigation/lib/python3.8/site-packages:/home/andrei/project/strawberry_rover_ws/install/rover_fake_stereo/lib/python3.8/site-packages:/home/andrei/project/strawberry_rover_ws/install/rover_fake_lidar/lib/python3.8/site-packages:/home/andrei/project/strawberry_rover_ws/install/rover_fake_camera/lib/python3.8/site-packages:/home/andrei/project/strawberry_rover_ws/install/rover_description/lib/python3.8/site-packages:/home/andrei/project/strawberry_rover_ws/install/rover_visualization/lib/python3.8/site-packages:/home/andrei/project/strawberry_rover_ws/install/rover_utils/lib/python3.8/site-packages:/home/andrei/project/strawberry_rover_ws/install/rover_state/lib/python3.8/site-packages:/home/andrei/project/strawberry_rover_ws/install/rover_bringup/lib/python3.8/site-packages:/home/andrei/project/strawberry_rover_ws/install/rover_perception/lib/python3.8/site-packages:/home/andrei/project/strawberry_rover_ws/install/rover_fsm/lib/python3.8/site-packages:/opt/ros/foxy/lib/python3.8/site-packages /usr/bin/python3 -W ignore:setup.py install is deprecated -W ignore:easy_install command is deprecated setup.py egg_info --egg-base ../../build/rover_bringup build --build-base /home/andrei/project/strawberry_rover_ws/build/rover_bringup/build install --record /home/andrei/project/strawberry_rover_ws/build/rover_bringup/install.log --single-version-externally-managed install_data
[8.674s] Level 1:colcon.colcon_core.environment:checking '/home/andrei/project/strawberry_rover_ws/install/rover_bringup' for CMake config files
[8.677s] Level 1:colcon.colcon_core.environment:checking '/home/andrei/project/strawberry_rover_ws/install/rover_bringup/lib'
[8.677s] Level 1:colcon.colcon_core.environment:checking '/home/andrei/project/strawberry_rover_ws/install/rover_bringup/bin'
[8.677s] Level 1:colcon.colcon_core.environment:checking '/home/andrei/project/strawberry_rover_ws/install/rover_bringup/lib/pkgconfig/rover_bringup.pc'
[8.678s] Level 1:colcon.colcon_core.environment:checking '/home/andrei/project/strawberry_rover_ws/install/rover_bringup/lib/python3.8/site-packages'
[8.679s] Level 1:colcon.colcon_core.shell:create_environment_hook('rover_bringup', 'pythonpath')
[8.680s] INFO:colcon.colcon_core.shell:Creating environment hook '/home/andrei/project/strawberry_rover_ws/install/rover_bringup/share/rover_bringup/hook/pythonpath.ps1'
[8.683s] INFO:colcon.colcon_core.shell:Creating environment descriptor '/home/andrei/project/strawberry_rover_ws/install/rover_bringup/share/rover_bringup/hook/pythonpath.dsv'
[8.686s] INFO:colcon.colcon_core.shell:Creating environment hook '/home/andrei/project/strawberry_rover_ws/install/rover_bringup/share/rover_bringup/hook/pythonpath.sh'
[8.687s] Level 1:colcon.colcon_core.environment:checking '/home/andrei/project/strawberry_rover_ws/install/rover_bringup/bin'
[8.688s] Level 1:colcon.colcon_core.environment:create_environment_scripts_only(rover_bringup)
[8.689s] INFO:colcon.colcon_core.shell:Creating package script '/home/andrei/project/strawberry_rover_ws/install/rover_bringup/share/rover_bringup/package.ps1'
[8.691s] INFO:colcon.colcon_core.shell:Creating package descriptor '/home/andrei/project/strawberry_rover_ws/install/rover_bringup/share/rover_bringup/package.dsv'
[8.692s] INFO:colcon.colcon_core.shell:Creating package script '/home/andrei/project/strawberry_rover_ws/install/rover_bringup/share/rover_bringup/package.sh'
[8.694s] INFO:colcon.colcon_core.shell:Creating package script '/home/andrei/project/strawberry_rover_ws/install/rover_bringup/share/rover_bringup/package.bash'
[8.695s] INFO:colcon.colcon_core.shell:Creating package script '/home/andrei/project/strawberry_rover_ws/install/rover_bringup/share/rover_bringup/package.zsh'
[8.696s] Level 1:colcon.colcon_core.environment:create_file_with_runtime_dependencies(/home/andrei/project/strawberry_rover_ws/install/rover_bringup/share/colcon-core/packages/rover_bringup)
[8.698s] DEBUG:colcon.colcon_parallel_executor.executor.parallel:closing loop
[8.699s] DEBUG:colcon.colcon_parallel_executor.executor.parallel:loop closed
[8.699s] DEBUG:colcon.colcon_parallel_executor.executor.parallel:run_until_complete finished with '0'
[8.700s] DEBUG:colcon.colcon_core.event_reactor:joining thread
[8.725s] INFO:colcon.colcon_core.plugin_system:Skipping extension 'colcon_notification.desktop_notification.terminal_notifier': Not used on non-Darwin systems
[8.725s] INFO:colcon.colcon_core.plugin_system:Skipping extension 'colcon_notification.desktop_notification.win32': Not used on non-Windows systems
[8.726s] INFO:colcon.colcon_notification.desktop_notification:Sending desktop notification using 'notify2'
[8.775s] DEBUG:colcon.colcon_core.event_reactor:joined thread
[8.777s] INFO:colcon.colcon_core.shell:Creating prefix script '/home/andrei/project/strawberry_rover_ws/install/local_setup.ps1'
[8.780s] INFO:colcon.colcon_core.shell:Creating prefix util module '/home/andrei/project/strawberry_rover_ws/install/_local_setup_util_ps1.py'
[8.785s] INFO:colcon.colcon_core.shell:Creating prefix chain script '/home/andrei/project/strawberry_rover_ws/install/setup.ps1'
[8.789s] INFO:colcon.colcon_core.shell:Creating prefix script '/home/andrei/project/strawberry_rover_ws/install/local_setup.sh'
[8.790s] INFO:colcon.colcon_core.shell:Creating prefix util module '/home/andrei/project/strawberry_rover_ws/install/_local_setup_util_sh.py'
[8.792s] INFO:colcon.colcon_core.shell:Creating prefix chain script '/home/andrei/project/strawberry_rover_ws/install/setup.sh'
[8.795s] INFO:colcon.colcon_core.shell:Creating prefix script '/home/andrei/project/strawberry_rover_ws/install/local_setup.bash'
[8.796s] INFO:colcon.colcon_core.shell:Creating prefix chain script '/home/andrei/project/strawberry_rover_ws/install/setup.bash'
[8.799s] INFO:colcon.colcon_core.shell:Creating prefix script '/home/andrei/project/strawberry_rover_ws/install/local_setup.zsh'
[8.801s] INFO:colcon.colcon_core.shell:Creating prefix chain script '/home/andrei/project/strawberry_rover_ws/install/setup.zsh'
