running egg_info
writing ../../build/rover_simulation/rover_simulation.egg-info/PKG-INFO
writing dependency_links to ../../build/rover_simulation/rover_simulation.egg-info/dependency_links.txt
writing entry points to ../../build/rover_simulation/rover_simulation.egg-info/entry_points.txt
writing requirements to ../../build/rover_simulation/rover_simulation.egg-info/requires.txt
writing top-level names to ../../build/rover_simulation/rover_simulation.egg-info/top_level.txt
reading manifest file '../../build/rover_simulation/rover_simulation.egg-info/SOURCES.txt'
writing manifest file '../../build/rover_simulation/rover_simulation.egg-info/SOURCES.txt'
running build
running build_py
running install
running install_lib
running install_data
copying config/rover_pose_simulator.yaml -> /home/andrei/project/strawberry_rover_ws/install/rover_simulation/share/rover_simulation/config
running install_egg_info
removing '/home/andrei/project/strawberry_rover_ws/install/rover_simulation/lib/python3.8/site-packages/rover_simulation-0.0.0-py3.8.egg-info' (and everything under it)
Copying ../../build/rover_simulation/rover_simulation.egg-info to /home/andrei/project/strawberry_rover_ws/install/rover_simulation/lib/python3.8/site-packages/rover_simulation-0.0.0-py3.8.egg-info
running install_scripts
Installing rover_pose_simulator script to /home/andrei/project/strawberry_rover_ws/install/rover_simulation/lib/rover_simulation
writing list of installed files to '/home/andrei/project/strawberry_rover_ws/build/rover_simulation/install.log'
