running egg_info
creating ../../build/rover_description/rover_description.egg-info
writing ../../build/rover_description/rover_description.egg-info/PKG-INFO
writing dependency_links to ../../build/rover_description/rover_description.egg-info/dependency_links.txt
writing entry points to ../../build/rover_description/rover_description.egg-info/entry_points.txt
writing requirements to ../../build/rover_description/rover_description.egg-info/requires.txt
writing top-level names to ../../build/rover_description/rover_description.egg-info/top_level.txt
writing manifest file '../../build/rover_description/rover_description.egg-info/SOURCES.txt'
reading manifest file '../../build/rover_description/rover_description.egg-info/SOURCES.txt'
writing manifest file '../../build/rover_description/rover_description.egg-info/SOURCES.txt'
running build
running build_py
creating /home/andrei/project/strawberry_rover_ws/build/rover_description/build
creating /home/andrei/project/strawberry_rover_ws/build/rover_description/build/lib
creating /home/andrei/project/strawberry_rover_ws/build/rover_description/build/lib/rover_description
copying rover_description/__init__.py -> /home/andrei/project/strawberry_rover_ws/build/rover_description/build/lib/rover_description
running install
running install_lib
creating /home/andrei/project/strawberry_rover_ws/install/rover_description/lib/python3.8/site-packages/rover_description
copying /home/andrei/project/strawberry_rover_ws/build/rover_description/build/lib/rover_description/__init__.py -> /home/andrei/project/strawberry_rover_ws/install/rover_description/lib/python3.8/site-packages/rover_description
byte-compiling /home/andrei/project/strawberry_rover_ws/install/rover_description/lib/python3.8/site-packages/rover_description/__init__.py to __init__.cpython-38.pyc
running install_data
creating /home/andrei/project/strawberry_rover_ws/install/rover_description/share/ament_index
creating /home/andrei/project/strawberry_rover_ws/install/rover_description/share/ament_index/resource_index
creating /home/andrei/project/strawberry_rover_ws/install/rover_description/share/ament_index/resource_index/packages
copying resource/rover_description -> /home/andrei/project/strawberry_rover_ws/install/rover_description/share/ament_index/resource_index/packages
copying package.xml -> /home/andrei/project/strawberry_rover_ws/install/rover_description/share/rover_description
creating /home/andrei/project/strawberry_rover_ws/install/rover_description/share/rover_description/launch
creating /home/andrei/project/strawberry_rover_ws/install/rover_description/share/rover_description/config
creating /home/andrei/project/strawberry_rover_ws/install/rover_description/share/rover_description/urdf
running install_egg_info
Copying ../../build/rover_description/rover_description.egg-info to /home/andrei/project/strawberry_rover_ws/install/rover_description/lib/python3.8/site-packages/rover_description-0.0.0-py3.8.egg-info
running install_scripts
writing list of installed files to '/home/andrei/project/strawberry_rover_ws/build/rover_description/install.log'
