[3.647s] Invoking command in '/home/andrei/project/strawberry_rover_ws/src/rover_simulation': PYTHONPATH=/home/andrei/project/strawberry_rover_ws/build/rover_simulation/prefix_override:/usr/lib/python3/dist-packages/colcon_core/task/python/colcon_distutils_commands:/home/andrei/project/strawberry_rover_ws/install/rover_simulation/lib/python3.8/site-packages:${PYTHONPATH} /usr/bin/python3 -W ignore:setup.py install is deprecated -W ignore:easy_install command is deprecated setup.py egg_info --egg-base ../../build/rover_simulation build --build-base /home/andrei/project/strawberry_rover_ws/build/rover_simulation/build install --record /home/andrei/project/strawberry_rover_ws/build/rover_simulation/install.log --single-version-externally-managed install_data
[4.243s] running egg_info
[4.243s] writing ../../build/rover_simulation/rover_simulation.egg-info/PKG-INFO
[4.243s] writing dependency_links to ../../build/rover_simulation/rover_simulation.egg-info/dependency_links.txt
[4.243s] writing entry points to ../../build/rover_simulation/rover_simulation.egg-info/entry_points.txt
[4.243s] writing requirements to ../../build/rover_simulation/rover_simulation.egg-info/requires.txt
[4.243s] writing top-level names to ../../build/rover_simulation/rover_simulation.egg-info/top_level.txt
[4.311s] reading manifest file '../../build/rover_simulation/rover_simulation.egg-info/SOURCES.txt'
[4.317s] writing manifest file '../../build/rover_simulation/rover_simulation.egg-info/SOURCES.txt'
[4.317s] running build
[4.317s] running build_py
[4.317s] copying rover_simulation/rover_pose_simulator.py -> /home/andrei/project/strawberry_rover_ws/build/rover_simulation/build/lib/rover_simulation
[4.317s] running install
[4.318s] running install_lib
[4.327s] copying /home/andrei/project/strawberry_rover_ws/build/rover_simulation/build/lib/rover_simulation/rover_pose_simulator.py -> /home/andrei/project/strawberry_rover_ws/install/rover_simulation/lib/python3.8/site-packages/rover_simulation
[4.327s] byte-compiling /home/andrei/project/strawberry_rover_ws/install/rover_simulation/lib/python3.8/site-packages/rover_simulation/rover_pose_simulator.py to rover_pose_simulator.cpython-38.pyc
[4.328s] running install_data
[4.331s] copying config/rover_pose_simulator.yaml -> /home/andrei/project/strawberry_rover_ws/install/rover_simulation/share/rover_simulation/config
[4.338s] running install_egg_info
[4.339s] removing '/home/andrei/project/strawberry_rover_ws/install/rover_simulation/lib/python3.8/site-packages/rover_simulation-0.0.0-py3.8.egg-info' (and everything under it)
[4.344s] Copying ../../build/rover_simulation/rover_simulation.egg-info to /home/andrei/project/strawberry_rover_ws/install/rover_simulation/lib/python3.8/site-packages/rover_simulation-0.0.0-py3.8.egg-info
[4.344s] running install_scripts
[4.390s] Installing rover_pose_simulator script to /home/andrei/project/strawberry_rover_ws/install/rover_simulation/lib/rover_simulation
[4.391s] writing list of installed files to '/home/andrei/project/strawberry_rover_ws/build/rover_simulation/install.log'
[4.509s] Invoked command in '/home/andrei/project/strawberry_rover_ws/src/rover_simulation' returned '0': PYTHONPATH=/home/andrei/project/strawberry_rover_ws/build/rover_simulation/prefix_override:/usr/lib/python3/dist-packages/colcon_core/task/python/colcon_distutils_commands:/home/andrei/project/strawberry_rover_ws/install/rover_simulation/lib/python3.8/site-packages:${PYTHONPATH} /usr/bin/python3 -W ignore:setup.py install is deprecated -W ignore:easy_install command is deprecated setup.py egg_info --egg-base ../../build/rover_simulation build --build-base /home/andrei/project/strawberry_rover_ws/build/rover_simulation/build install --record /home/andrei/project/strawberry_rover_ws/build/rover_simulation/install.log --single-version-externally-managed install_data
