[5.469s] Invoking command in '/home/andrei/project/strawberry_rover_ws/src/rover_simulation': PYTHONPATH=/home/andrei/project/strawberry_rover_ws/build/rover_simulation/prefix_override:/usr/lib/python3/dist-packages/colcon_core/task/python/colcon_distutils_commands:/home/andrei/project/strawberry_rover_ws/install/rover_simulation/lib/python3.8/site-packages:${PYTHONPATH} /usr/bin/python3 -W ignore:setup.py install is deprecated -W ignore:easy_install command is deprecated setup.py egg_info --egg-base ../../build/rover_simulation build --build-base /home/andrei/project/strawberry_rover_ws/build/rover_simulation/build install --record /home/andrei/project/strawberry_rover_ws/build/rover_simulation/install.log --single-version-externally-managed install_data
[6.227s] running egg_info
[6.229s] writing ../../build/rover_simulation/rover_simulation.egg-info/PKG-INFO
[6.230s] writing dependency_links to ../../build/rover_simulation/rover_simulation.egg-info/dependency_links.txt
[6.231s] writing entry points to ../../build/rover_simulation/rover_simulation.egg-info/entry_points.txt
[6.232s] writing requirements to ../../build/rover_simulation/rover_simulation.egg-info/requires.txt
[6.232s] writing top-level names to ../../build/rover_simulation/rover_simulation.egg-info/top_level.txt
[6.296s] reading manifest file '../../build/rover_simulation/rover_simulation.egg-info/SOURCES.txt'
[6.298s] writing manifest file '../../build/rover_simulation/rover_simulation.egg-info/SOURCES.txt'
[6.299s] running build
[6.300s] running build_py
[6.301s] running install
[6.304s] running install_lib
[6.310s] running install_data
[6.311s] running install_egg_info
[6.316s] removing '/home/andrei/project/strawberry_rover_ws/install/rover_simulation/lib/python3.8/site-packages/rover_simulation-0.0.0-py3.8.egg-info' (and everything under it)
[6.320s] Copying ../../build/rover_simulation/rover_simulation.egg-info to /home/andrei/project/strawberry_rover_ws/install/rover_simulation/lib/python3.8/site-packages/rover_simulation-0.0.0-py3.8.egg-info
[6.327s] running install_scripts
[6.376s] Installing rover_pose_simulator script to /home/andrei/project/strawberry_rover_ws/install/rover_simulation/lib/rover_simulation
[6.380s] writing list of installed files to '/home/andrei/project/strawberry_rover_ws/build/rover_simulation/install.log'
[6.863s] Invoked command in '/home/andrei/project/strawberry_rover_ws/src/rover_simulation' returned '0': PYTHONPATH=/home/andrei/project/strawberry_rover_ws/build/rover_simulation/prefix_override:/usr/lib/python3/dist-packages/colcon_core/task/python/colcon_distutils_commands:/home/andrei/project/strawberry_rover_ws/install/rover_simulation/lib/python3.8/site-packages:${PYTHONPATH} /usr/bin/python3 -W ignore:setup.py install is deprecated -W ignore:easy_install command is deprecated setup.py egg_info --egg-base ../../build/rover_simulation build --build-base /home/andrei/project/strawberry_rover_ws/build/rover_simulation/build install --record /home/andrei/project/strawberry_rover_ws/build/rover_simulation/install.log --single-version-externally-managed install_data
