[0.428s] DEBUG:colcon:Command line arguments: ['/usr/bin/colcon', 'build', '--packages-select', 'rover_navigation', 'rover_fake_lidar', 'rover_bringup']
[0.429s] DEBUG:colcon:Parsed command line arguments: Namespace(allow_overriding=[], ament_cmake_args=None, base_paths=['.'], build_base='build', catkin_cmake_args=None, catkin_skip_building_tests=False, cmake_args=None, cmake_clean_cache=False, cmake_clean_first=False, cmake_force_configure=False, cmake_target=None, cmake_target_skip_unavailable=False, continue_on_error=False, event_handlers=None, executor='parallel', ignore_user_meta=False, install_base='install', log_base=None, log_level=None, main=<bound method BuildVerb.main of <colcon_core.verb.build.BuildVerb object at 0xffffa61d0a30>>, merge_install=False, metas=['./colcon.meta'], packages_above=None, packages_above_and_dependencies=None, packages_above_depth=None, packages_end=None, packages_ignore=None, packages_ignore_regex=None, packages_select=['rover_navigation', 'rover_fake_lidar', 'rover_bringup'], packages_select_build_failed=False, packages_select_by_dep=None, packages_select_regex=None, packages_select_test_failures=False, packages_skip=None, packages_skip_build_finished=False, packages_skip_by_dep=None, packages_skip_regex=None, packages_skip_test_passed=False, packages_skip_up_to=None, packages_start=None, packages_up_to=None, packages_up_to_regex=None, parallel_workers=8, paths=None, symlink_install=False, test_result_base=None, verb_extension=<colcon_core.verb.build.BuildVerb object at 0xffffa61d0a30>, verb_name='build', verb_parser=<colcon_defaults.argument_parser.defaults.DefaultArgumentsDecorator object at 0xffffa60e4df0>)
[0.752s] Level 1:colcon.colcon_core.package_discovery:discover_packages(colcon_meta) check parameters
[0.753s] Level 1:colcon.colcon_core.package_discovery:discover_packages(recursive) check parameters
[0.753s] Level 1:colcon.colcon_core.package_discovery:discover_packages(ignore) check parameters
[0.753s] Level 1:colcon.colcon_core.package_discovery:discover_packages(path) check parameters
[0.753s] Level 1:colcon.colcon_core.package_discovery:discover_packages(colcon_meta) discover
[0.753s] Level 1:colcon.colcon_core.package_discovery:discover_packages(recursive) discover
[0.753s] INFO:colcon.colcon_core.package_discovery:Crawling recursively for packages in '/home/andrei/project/strawberry_rover_ws'
[0.754s] Level 1:colcon.colcon_core.package_identification:_identify(.) by extensions ['ignore', 'ignore_ament_install']
[0.754s] Level 1:colcon.colcon_core.package_identification:_identify(.) by extension 'ignore'
[0.754s] Level 1:colcon.colcon_core.package_identification:_identify(.) by extension 'ignore_ament_install'
[0.754s] Level 1:colcon.colcon_core.package_identification:_identify(.) by extensions ['colcon_pkg']
[0.754s] Level 1:colcon.colcon_core.package_identification:_identify(.) by extension 'colcon_pkg'
[0.754s] Level 1:colcon.colcon_core.package_identification:_identify(.) by extensions ['colcon_meta']
[0.754s] Level 1:colcon.colcon_core.package_identification:_identify(.) by extension 'colcon_meta'
[0.755s] Level 1:colcon.colcon_core.package_identification:_identify(.) by extensions ['ros']
[0.755s] Level 1:colcon.colcon_core.package_identification:_identify(.) by extension 'ros'
[0.779s] Level 1:colcon.colcon_core.package_identification:_identify(.) by extensions ['cmake', 'python']
[0.780s] Level 1:colcon.colcon_core.package_identification:_identify(.) by extension 'cmake'
[0.780s] Level 1:colcon.colcon_core.package_identification:_identify(.) by extension 'python'
[0.780s] Level 1:colcon.colcon_core.package_identification:_identify(.) by extensions ['python_setup_py']
[0.780s] Level 1:colcon.colcon_core.package_identification:_identify(.) by extension 'python_setup_py'
[0.781s] Level 1:colcon.colcon_core.package_identification:_identify(PROMPTS) by extensions ['ignore', 'ignore_ament_install']
[0.781s] Level 1:colcon.colcon_core.package_identification:_identify(PROMPTS) by extension 'ignore'
[0.781s] Level 1:colcon.colcon_core.package_identification:_identify(PROMPTS) by extension 'ignore_ament_install'
[0.781s] Level 1:colcon.colcon_core.package_identification:_identify(PROMPTS) by extensions ['colcon_pkg']
[0.781s] Level 1:colcon.colcon_core.package_identification:_identify(PROMPTS) by extension 'colcon_pkg'
[0.781s] Level 1:colcon.colcon_core.package_identification:_identify(PROMPTS) by extensions ['colcon_meta']
[0.781s] Level 1:colcon.colcon_core.package_identification:_identify(PROMPTS) by extension 'colcon_meta'
[0.781s] Level 1:colcon.colcon_core.package_identification:_identify(PROMPTS) by extensions ['ros']
[0.781s] Level 1:colcon.colcon_core.package_identification:_identify(PROMPTS) by extension 'ros'
[0.782s] Level 1:colcon.colcon_core.package_identification:_identify(PROMPTS) by extensions ['cmake', 'python']
[0.782s] Level 1:colcon.colcon_core.package_identification:_identify(PROMPTS) by extension 'cmake'
[0.782s] Level 1:colcon.colcon_core.package_identification:_identify(PROMPTS) by extension 'python'
[0.782s] Level 1:colcon.colcon_core.package_identification:_identify(PROMPTS) by extensions ['python_setup_py']
[0.782s] Level 1:colcon.colcon_core.package_identification:_identify(PROMPTS) by extension 'python_setup_py'
[0.782s] Level 1:colcon.colcon_core.package_identification:_identify(build) by extensions ['ignore', 'ignore_ament_install']
[0.782s] Level 1:colcon.colcon_core.package_identification:_identify(build) by extension 'ignore'
[0.782s] Level 1:colcon.colcon_core.package_identification:_identify(build) ignored
[0.783s] Level 1:colcon.colcon_core.package_identification:_identify(install) by extensions ['ignore', 'ignore_ament_install']
[0.783s] Level 1:colcon.colcon_core.package_identification:_identify(install) by extension 'ignore'
[0.783s] Level 1:colcon.colcon_core.package_identification:_identify(install) ignored
[0.783s] Level 1:colcon.colcon_core.package_identification:_identify(log) by extensions ['ignore', 'ignore_ament_install']
[0.783s] Level 1:colcon.colcon_core.package_identification:_identify(log) by extension 'ignore'
[0.784s] Level 1:colcon.colcon_core.package_identification:_identify(log) ignored
[0.784s] Level 1:colcon.colcon_core.package_identification:_identify(src) by extensions ['ignore', 'ignore_ament_install']
[0.784s] Level 1:colcon.colcon_core.package_identification:_identify(src) by extension 'ignore'
[0.784s] Level 1:colcon.colcon_core.package_identification:_identify(src) by extension 'ignore_ament_install'
[0.784s] Level 1:colcon.colcon_core.package_identification:_identify(src) by extensions ['colcon_pkg']
[0.784s] Level 1:colcon.colcon_core.package_identification:_identify(src) by extension 'colcon_pkg'
[0.784s] Level 1:colcon.colcon_core.package_identification:_identify(src) by extensions ['colcon_meta']
[0.784s] Level 1:colcon.colcon_core.package_identification:_identify(src) by extension 'colcon_meta'
[0.784s] Level 1:colcon.colcon_core.package_identification:_identify(src) by extensions ['ros']
[0.784s] Level 1:colcon.colcon_core.package_identification:_identify(src) by extension 'ros'
[0.785s] Level 1:colcon.colcon_core.package_identification:_identify(src) by extensions ['cmake', 'python']
[0.785s] Level 1:colcon.colcon_core.package_identification:_identify(src) by extension 'cmake'
[0.785s] Level 1:colcon.colcon_core.package_identification:_identify(src) by extension 'python'
[0.785s] Level 1:colcon.colcon_core.package_identification:_identify(src) by extensions ['python_setup_py']
[0.785s] Level 1:colcon.colcon_core.package_identification:_identify(src) by extension 'python_setup_py'
[0.785s] Level 1:colcon.colcon_core.package_identification:_identify(src/rover_bringup) by extensions ['ignore', 'ignore_ament_install']
[0.785s] Level 1:colcon.colcon_core.package_identification:_identify(src/rover_bringup) by extension 'ignore'
[0.785s] Level 1:colcon.colcon_core.package_identification:_identify(src/rover_bringup) by extension 'ignore_ament_install'
[0.786s] Level 1:colcon.colcon_core.package_identification:_identify(src/rover_bringup) by extensions ['colcon_pkg']
[0.786s] Level 1:colcon.colcon_core.package_identification:_identify(src/rover_bringup) by extension 'colcon_pkg'
[0.786s] Level 1:colcon.colcon_core.package_identification:_identify(src/rover_bringup) by extensions ['colcon_meta']
[0.786s] Level 1:colcon.colcon_core.package_identification:_identify(src/rover_bringup) by extension 'colcon_meta'
[0.786s] Level 1:colcon.colcon_core.package_identification:_identify(src/rover_bringup) by extensions ['ros']
[0.786s] Level 1:colcon.colcon_core.package_identification:_identify(src/rover_bringup) by extension 'ros'
[0.791s] DEBUG:colcon.colcon_core.package_identification:Package 'src/rover_bringup' with type 'ros.ament_python' and name 'rover_bringup'
[0.792s] Level 1:colcon.colcon_core.package_identification:_identify(src/rover_description) by extensions ['ignore', 'ignore_ament_install']
[0.792s] Level 1:colcon.colcon_core.package_identification:_identify(src/rover_description) by extension 'ignore'
[0.792s] Level 1:colcon.colcon_core.package_identification:_identify(src/rover_description) by extension 'ignore_ament_install'
[0.792s] Level 1:colcon.colcon_core.package_identification:_identify(src/rover_description) by extensions ['colcon_pkg']
[0.792s] Level 1:colcon.colcon_core.package_identification:_identify(src/rover_description) by extension 'colcon_pkg'
[0.792s] Level 1:colcon.colcon_core.package_identification:_identify(src/rover_description) by extensions ['colcon_meta']
[0.793s] Level 1:colcon.colcon_core.package_identification:_identify(src/rover_description) by extension 'colcon_meta'
[0.793s] Level 1:colcon.colcon_core.package_identification:_identify(src/rover_description) by extensions ['ros']
[0.793s] Level 1:colcon.colcon_core.package_identification:_identify(src/rover_description) by extension 'ros'
[0.794s] DEBUG:colcon.colcon_core.package_identification:Package 'src/rover_description' with type 'ros.ament_python' and name 'rover_description'
[0.794s] Level 1:colcon.colcon_core.package_identification:_identify(src/rover_fake_camera) by extensions ['ignore', 'ignore_ament_install']
[0.794s] Level 1:colcon.colcon_core.package_identification:_identify(src/rover_fake_camera) by extension 'ignore'
[0.794s] Level 1:colcon.colcon_core.package_identification:_identify(src/rover_fake_camera) by extension 'ignore_ament_install'
[0.794s] Level 1:colcon.colcon_core.package_identification:_identify(src/rover_fake_camera) by extensions ['colcon_pkg']
[0.795s] Level 1:colcon.colcon_core.package_identification:_identify(src/rover_fake_camera) by extension 'colcon_pkg'
[0.795s] Level 1:colcon.colcon_core.package_identification:_identify(src/rover_fake_camera) by extensions ['colcon_meta']
[0.795s] Level 1:colcon.colcon_core.package_identification:_identify(src/rover_fake_camera) by extension 'colcon_meta'
[0.795s] Level 1:colcon.colcon_core.package_identification:_identify(src/rover_fake_camera) by extensions ['ros']
[0.795s] Level 1:colcon.colcon_core.package_identification:_identify(src/rover_fake_camera) by extension 'ros'
[0.796s] DEBUG:colcon.colcon_core.package_identification:Package 'src/rover_fake_camera' with type 'ros.ament_python' and name 'rover_fake_camera'
[0.796s] Level 1:colcon.colcon_core.package_identification:_identify(src/rover_fake_lidar) by extensions ['ignore', 'ignore_ament_install']
[0.797s] Level 1:colcon.colcon_core.package_identification:_identify(src/rover_fake_lidar) by extension 'ignore'
[0.797s] Level 1:colcon.colcon_core.package_identification:_identify(src/rover_fake_lidar) by extension 'ignore_ament_install'
[0.797s] Level 1:colcon.colcon_core.package_identification:_identify(src/rover_fake_lidar) by extensions ['colcon_pkg']
[0.797s] Level 1:colcon.colcon_core.package_identification:_identify(src/rover_fake_lidar) by extension 'colcon_pkg'
[0.797s] Level 1:colcon.colcon_core.package_identification:_identify(src/rover_fake_lidar) by extensions ['colcon_meta']
[0.797s] Level 1:colcon.colcon_core.package_identification:_identify(src/rover_fake_lidar) by extension 'colcon_meta'
[0.797s] Level 1:colcon.colcon_core.package_identification:_identify(src/rover_fake_lidar) by extensions ['ros']
[0.797s] Level 1:colcon.colcon_core.package_identification:_identify(src/rover_fake_lidar) by extension 'ros'
[0.798s] DEBUG:colcon.colcon_core.package_identification:Package 'src/rover_fake_lidar' with type 'ros.ament_python' and name 'rover_fake_lidar'
[0.799s] Level 1:colcon.colcon_core.package_identification:_identify(src/rover_fake_stereo) by extensions ['ignore', 'ignore_ament_install']
[0.799s] Level 1:colcon.colcon_core.package_identification:_identify(src/rover_fake_stereo) by extension 'ignore'
[0.799s] Level 1:colcon.colcon_core.package_identification:_identify(src/rover_fake_stereo) by extension 'ignore_ament_install'
[0.799s] Level 1:colcon.colcon_core.package_identification:_identify(src/rover_fake_stereo) by extensions ['colcon_pkg']
[0.799s] Level 1:colcon.colcon_core.package_identification:_identify(src/rover_fake_stereo) by extension 'colcon_pkg'
[0.799s] Level 1:colcon.colcon_core.package_identification:_identify(src/rover_fake_stereo) by extensions ['colcon_meta']
[0.799s] Level 1:colcon.colcon_core.package_identification:_identify(src/rover_fake_stereo) by extension 'colcon_meta'
[0.799s] Level 1:colcon.colcon_core.package_identification:_identify(src/rover_fake_stereo) by extensions ['ros']
[0.799s] Level 1:colcon.colcon_core.package_identification:_identify(src/rover_fake_stereo) by extension 'ros'
[0.800s] DEBUG:colcon.colcon_core.package_identification:Package 'src/rover_fake_stereo' with type 'ros.ament_python' and name 'rover_fake_stereo'
[0.800s] Level 1:colcon.colcon_core.package_identification:_identify(src/rover_fsm) by extensions ['ignore', 'ignore_ament_install']
[0.801s] Level 1:colcon.colcon_core.package_identification:_identify(src/rover_fsm) by extension 'ignore'
[0.801s] Level 1:colcon.colcon_core.package_identification:_identify(src/rover_fsm) by extension 'ignore_ament_install'
[0.801s] Level 1:colcon.colcon_core.package_identification:_identify(src/rover_fsm) by extensions ['colcon_pkg']
[0.801s] Level 1:colcon.colcon_core.package_identification:_identify(src/rover_fsm) by extension 'colcon_pkg'
[0.801s] Level 1:colcon.colcon_core.package_identification:_identify(src/rover_fsm) by extensions ['colcon_meta']
[0.801s] Level 1:colcon.colcon_core.package_identification:_identify(src/rover_fsm) by extension 'colcon_meta'
[0.801s] Level 1:colcon.colcon_core.package_identification:_identify(src/rover_fsm) by extensions ['ros']
[0.801s] Level 1:colcon.colcon_core.package_identification:_identify(src/rover_fsm) by extension 'ros'
[0.802s] DEBUG:colcon.colcon_core.package_identification:Package 'src/rover_fsm' with type 'ros.ament_python' and name 'rover_fsm'
[0.802s] Level 1:colcon.colcon_core.package_identification:_identify(src/rover_navigation) by extensions ['ignore', 'ignore_ament_install']
[0.802s] Level 1:colcon.colcon_core.package_identification:_identify(src/rover_navigation) by extension 'ignore'
[0.803s] Level 1:colcon.colcon_core.package_identification:_identify(src/rover_navigation) by extension 'ignore_ament_install'
[0.803s] Level 1:colcon.colcon_core.package_identification:_identify(src/rover_navigation) by extensions ['colcon_pkg']
[0.803s] Level 1:colcon.colcon_core.package_identification:_identify(src/rover_navigation) by extension 'colcon_pkg'
[0.803s] Level 1:colcon.colcon_core.package_identification:_identify(src/rover_navigation) by extensions ['colcon_meta']
[0.803s] Level 1:colcon.colcon_core.package_identification:_identify(src/rover_navigation) by extension 'colcon_meta'
[0.803s] Level 1:colcon.colcon_core.package_identification:_identify(src/rover_navigation) by extensions ['ros']
[0.803s] Level 1:colcon.colcon_core.package_identification:_identify(src/rover_navigation) by extension 'ros'
[0.804s] DEBUG:colcon.colcon_core.package_identification:Package 'src/rover_navigation' with type 'ros.ament_python' and name 'rover_navigation'
[0.804s] Level 1:colcon.colcon_core.package_identification:_identify(src/rover_perception) by extensions ['ignore', 'ignore_ament_install']
[0.804s] Level 1:colcon.colcon_core.package_identification:_identify(src/rover_perception) by extension 'ignore'
[0.805s] Level 1:colcon.colcon_core.package_identification:_identify(src/rover_perception) by extension 'ignore_ament_install'
[0.805s] Level 1:colcon.colcon_core.package_identification:_identify(src/rover_perception) by extensions ['colcon_pkg']
[0.805s] Level 1:colcon.colcon_core.package_identification:_identify(src/rover_perception) by extension 'colcon_pkg'
[0.805s] Level 1:colcon.colcon_core.package_identification:_identify(src/rover_perception) by extensions ['colcon_meta']
[0.805s] Level 1:colcon.colcon_core.package_identification:_identify(src/rover_perception) by extension 'colcon_meta'
[0.805s] Level 1:colcon.colcon_core.package_identification:_identify(src/rover_perception) by extensions ['ros']
[0.805s] Level 1:colcon.colcon_core.package_identification:_identify(src/rover_perception) by extension 'ros'
[0.806s] DEBUG:colcon.colcon_core.package_identification:Package 'src/rover_perception' with type 'ros.ament_python' and name 'rover_perception'
[0.806s] Level 1:colcon.colcon_core.package_identification:_identify(src/rover_simulation) by extensions ['ignore', 'ignore_ament_install']
[0.806s] Level 1:colcon.colcon_core.package_identification:_identify(src/rover_simulation) by extension 'ignore'
[0.807s] Level 1:colcon.colcon_core.package_identification:_identify(src/rover_simulation) by extension 'ignore_ament_install'
[0.807s] Level 1:colcon.colcon_core.package_identification:_identify(src/rover_simulation) by extensions ['colcon_pkg']
[0.807s] Level 1:colcon.colcon_core.package_identification:_identify(src/rover_simulation) by extension 'colcon_pkg'
[0.807s] Level 1:colcon.colcon_core.package_identification:_identify(src/rover_simulation) by extensions ['colcon_meta']
[0.807s] Level 1:colcon.colcon_core.package_identification:_identify(src/rover_simulation) by extension 'colcon_meta'
[0.807s] Level 1:colcon.colcon_core.package_identification:_identify(src/rover_simulation) by extensions ['ros']
[0.807s] Level 1:colcon.colcon_core.package_identification:_identify(src/rover_simulation) by extension 'ros'
[0.808s] DEBUG:colcon.colcon_core.package_identification:Package 'src/rover_simulation' with type 'ros.ament_python' and name 'rover_simulation'
[0.808s] Level 1:colcon.colcon_core.package_identification:_identify(src/rover_state) by extensions ['ignore', 'ignore_ament_install']
[0.809s] Level 1:colcon.colcon_core.package_identification:_identify(src/rover_state) by extension 'ignore'
[0.809s] Level 1:colcon.colcon_core.package_identification:_identify(src/rover_state) by extension 'ignore_ament_install'
[0.809s] Level 1:colcon.colcon_core.package_identification:_identify(src/rover_state) by extensions ['colcon_pkg']
[0.809s] Level 1:colcon.colcon_core.package_identification:_identify(src/rover_state) by extension 'colcon_pkg'
[0.809s] Level 1:colcon.colcon_core.package_identification:_identify(src/rover_state) by extensions ['colcon_meta']
[0.809s] Level 1:colcon.colcon_core.package_identification:_identify(src/rover_state) by extension 'colcon_meta'
[0.809s] Level 1:colcon.colcon_core.package_identification:_identify(src/rover_state) by extensions ['ros']
[0.809s] Level 1:colcon.colcon_core.package_identification:_identify(src/rover_state) by extension 'ros'
[0.810s] DEBUG:colcon.colcon_core.package_identification:Package 'src/rover_state' with type 'ros.ament_python' and name 'rover_state'
[0.810s] Level 1:colcon.colcon_core.package_identification:_identify(src/rover_utils) by extensions ['ignore', 'ignore_ament_install']
[0.810s] Level 1:colcon.colcon_core.package_identification:_identify(src/rover_utils) by extension 'ignore'
[0.811s] Level 1:colcon.colcon_core.package_identification:_identify(src/rover_utils) by extension 'ignore_ament_install'
[0.811s] Level 1:colcon.colcon_core.package_identification:_identify(src/rover_utils) by extensions ['colcon_pkg']
[0.811s] Level 1:colcon.colcon_core.package_identification:_identify(src/rover_utils) by extension 'colcon_pkg'
[0.811s] Level 1:colcon.colcon_core.package_identification:_identify(src/rover_utils) by extensions ['colcon_meta']
[0.811s] Level 1:colcon.colcon_core.package_identification:_identify(src/rover_utils) by extension 'colcon_meta'
[0.811s] Level 1:colcon.colcon_core.package_identification:_identify(src/rover_utils) by extensions ['ros']
[0.811s] Level 1:colcon.colcon_core.package_identification:_identify(src/rover_utils) by extension 'ros'
[0.812s] DEBUG:colcon.colcon_core.package_identification:Package 'src/rover_utils' with type 'ros.ament_python' and name 'rover_utils'
[0.812s] Level 1:colcon.colcon_core.package_identification:_identify(src/rover_visualization) by extensions ['ignore', 'ignore_ament_install']
[0.812s] Level 1:colcon.colcon_core.package_identification:_identify(src/rover_visualization) by extension 'ignore'
[0.812s] Level 1:colcon.colcon_core.package_identification:_identify(src/rover_visualization) by extension 'ignore_ament_install'
[0.812s] Level 1:colcon.colcon_core.package_identification:_identify(src/rover_visualization) by extensions ['colcon_pkg']
[0.813s] Level 1:colcon.colcon_core.package_identification:_identify(src/rover_visualization) by extension 'colcon_pkg'
[0.813s] Level 1:colcon.colcon_core.package_identification:_identify(src/rover_visualization) by extensions ['colcon_meta']
[0.813s] Level 1:colcon.colcon_core.package_identification:_identify(src/rover_visualization) by extension 'colcon_meta'
[0.813s] Level 1:colcon.colcon_core.package_identification:_identify(src/rover_visualization) by extensions ['ros']
[0.813s] Level 1:colcon.colcon_core.package_identification:_identify(src/rover_visualization) by extension 'ros'
[0.814s] DEBUG:colcon.colcon_core.package_identification:Package 'src/rover_visualization' with type 'ros.ament_python' and name 'rover_visualization'
[0.814s] Level 1:colcon.colcon_core.package_discovery:discover_packages(recursive) using defaults
[0.814s] Level 1:colcon.colcon_core.package_discovery:discover_packages(ignore) discover
[0.814s] Level 1:colcon.colcon_core.package_discovery:discover_packages(ignore) using defaults
[0.814s] Level 1:colcon.colcon_core.package_discovery:discover_packages(path) discover
[0.814s] Level 1:colcon.colcon_core.package_discovery:discover_packages(path) using defaults
[0.855s] INFO:colcon.colcon_core.package_selection:Skipping not selected package 'rover_description' in 'src/rover_description'
[0.855s] INFO:colcon.colcon_core.package_selection:Skipping not selected package 'rover_fake_camera' in 'src/rover_fake_camera'
[0.855s] INFO:colcon.colcon_core.package_selection:Skipping not selected package 'rover_fake_stereo' in 'src/rover_fake_stereo'
[0.855s] INFO:colcon.colcon_core.package_selection:Skipping not selected package 'rover_fsm' in 'src/rover_fsm'
[0.856s] INFO:colcon.colcon_core.package_selection:Skipping not selected package 'rover_perception' in 'src/rover_perception'
[0.856s] INFO:colcon.colcon_core.package_selection:Skipping not selected package 'rover_simulation' in 'src/rover_simulation'
[0.856s] INFO:colcon.colcon_core.package_selection:Skipping not selected package 'rover_state' in 'src/rover_state'
[0.856s] INFO:colcon.colcon_core.package_selection:Skipping not selected package 'rover_utils' in 'src/rover_utils'
[0.856s] INFO:colcon.colcon_core.package_selection:Skipping not selected package 'rover_visualization' in 'src/rover_visualization'
[0.857s] Level 1:colcon.colcon_core.package_discovery:discover_packages(prefix_path) check parameters
[0.857s] Level 1:colcon.colcon_core.package_discovery:discover_packages(prefix_path) discover
[0.862s] DEBUG:colcon.colcon_installed_package_information.package_discovery:Found 12 installed packages in /home/andrei/project/strawberry_rover_ws/install
[0.864s] DEBUG:colcon.colcon_installed_package_information.package_discovery:Found 256 installed packages in /opt/ros/foxy
[0.912s] Level 1:colcon.colcon_core.package_discovery:discover_packages(prefix_path) using defaults
[1.025s] Level 5:colcon.colcon_core.verb:set package 'rover_fake_lidar' build argument 'cmake_args' from command line to 'None'
[1.026s] Level 5:colcon.colcon_core.verb:set package 'rover_fake_lidar' build argument 'cmake_target' from command line to 'None'
[1.026s] Level 5:colcon.colcon_core.verb:set package 'rover_fake_lidar' build argument 'cmake_target_skip_unavailable' from command line to 'False'
[1.026s] Level 5:colcon.colcon_core.verb:set package 'rover_fake_lidar' build argument 'cmake_clean_cache' from command line to 'False'
[1.026s] Level 5:colcon.colcon_core.verb:set package 'rover_fake_lidar' build argument 'cmake_clean_first' from command line to 'False'
[1.026s] Level 5:colcon.colcon_core.verb:set package 'rover_fake_lidar' build argument 'cmake_force_configure' from command line to 'False'
[1.026s] Level 5:colcon.colcon_core.verb:set package 'rover_fake_lidar' build argument 'ament_cmake_args' from command line to 'None'
[1.026s] Level 5:colcon.colcon_core.verb:set package 'rover_fake_lidar' build argument 'catkin_cmake_args' from command line to 'None'
[1.026s] Level 5:colcon.colcon_core.verb:set package 'rover_fake_lidar' build argument 'catkin_skip_building_tests' from command line to 'False'
[1.026s] DEBUG:colcon.colcon_core.verb:Building package 'rover_fake_lidar' with the following arguments: {'ament_cmake_args': None, 'build_base': '/home/andrei/project/strawberry_rover_ws/build/rover_fake_lidar', 'catkin_cmake_args': None, 'catkin_skip_building_tests': False, 'cmake_args': None, 'cmake_clean_cache': False, 'cmake_clean_first': False, 'cmake_force_configure': False, 'cmake_target': None, 'cmake_target_skip_unavailable': False, 'install_base': '/home/andrei/project/strawberry_rover_ws/install/rover_fake_lidar', 'merge_install': False, 'path': '/home/andrei/project/strawberry_rover_ws/src/rover_fake_lidar', 'symlink_install': False, 'test_result_base': None}
[1.027s] Level 5:colcon.colcon_core.verb:set package 'rover_navigation' build argument 'cmake_args' from command line to 'None'
[1.027s] Level 5:colcon.colcon_core.verb:set package 'rover_navigation' build argument 'cmake_target' from command line to 'None'
[1.027s] Level 5:colcon.colcon_core.verb:set package 'rover_navigation' build argument 'cmake_target_skip_unavailable' from command line to 'False'
[1.027s] Level 5:colcon.colcon_core.verb:set package 'rover_navigation' build argument 'cmake_clean_cache' from command line to 'False'
[1.027s] Level 5:colcon.colcon_core.verb:set package 'rover_navigation' build argument 'cmake_clean_first' from command line to 'False'
[1.027s] Level 5:colcon.colcon_core.verb:set package 'rover_navigation' build argument 'cmake_force_configure' from command line to 'False'
[1.027s] Level 5:colcon.colcon_core.verb:set package 'rover_navigation' build argument 'ament_cmake_args' from command line to 'None'
[1.027s] Level 5:colcon.colcon_core.verb:set package 'rover_navigation' build argument 'catkin_cmake_args' from command line to 'None'
[1.028s] Level 5:colcon.colcon_core.verb:set package 'rover_navigation' build argument 'catkin_skip_building_tests' from command line to 'False'
[1.028s] DEBUG:colcon.colcon_core.verb:Building package 'rover_navigation' with the following arguments: {'ament_cmake_args': None, 'build_base': '/home/andrei/project/strawberry_rover_ws/build/rover_navigation', 'catkin_cmake_args': None, 'catkin_skip_building_tests': False, 'cmake_args': None, 'cmake_clean_cache': False, 'cmake_clean_first': False, 'cmake_force_configure': False, 'cmake_target': None, 'cmake_target_skip_unavailable': False, 'install_base': '/home/andrei/project/strawberry_rover_ws/install/rover_navigation', 'merge_install': False, 'path': '/home/andrei/project/strawberry_rover_ws/src/rover_navigation', 'symlink_install': False, 'test_result_base': None}
[1.028s] Level 5:colcon.colcon_core.verb:set package 'rover_bringup' build argument 'cmake_args' from command line to 'None'
[1.028s] Level 5:colcon.colcon_core.verb:set package 'rover_bringup' build argument 'cmake_target' from command line to 'None'
[1.028s] Level 5:colcon.colcon_core.verb:set package 'rover_bringup' build argument 'cmake_target_skip_unavailable' from command line to 'False'
[1.028s] Level 5:colcon.colcon_core.verb:set package 'rover_bringup' build argument 'cmake_clean_cache' from command line to 'False'
[1.029s] Level 5:colcon.colcon_core.verb:set package 'rover_bringup' build argument 'cmake_clean_first' from command line to 'False'
[1.029s] Level 5:colcon.colcon_core.verb:set package 'rover_bringup' build argument 'cmake_force_configure' from command line to 'False'
[1.029s] Level 5:colcon.colcon_core.verb:set package 'rover_bringup' build argument 'ament_cmake_args' from command line to 'None'
[1.029s] Level 5:colcon.colcon_core.verb:set package 'rover_bringup' build argument 'catkin_cmake_args' from command line to 'None'
[1.029s] Level 5:colcon.colcon_core.verb:set package 'rover_bringup' build argument 'catkin_skip_building_tests' from command line to 'False'
[1.029s] DEBUG:colcon.colcon_core.verb:Building package 'rover_bringup' with the following arguments: {'ament_cmake_args': None, 'build_base': '/home/andrei/project/strawberry_rover_ws/build/rover_bringup', 'catkin_cmake_args': None, 'catkin_skip_building_tests': False, 'cmake_args': None, 'cmake_clean_cache': False, 'cmake_clean_first': False, 'cmake_force_configure': False, 'cmake_target': None, 'cmake_target_skip_unavailable': False, 'install_base': '/home/andrei/project/strawberry_rover_ws/install/rover_bringup', 'merge_install': False, 'path': '/home/andrei/project/strawberry_rover_ws/src/rover_bringup', 'symlink_install': False, 'test_result_base': None}
[1.029s] INFO:colcon.colcon_core.executor:Executing jobs using 'parallel' executor
[1.033s] DEBUG:colcon.colcon_parallel_executor.executor.parallel:run_until_complete
[1.033s] INFO:colcon.colcon_ros.task.ament_python.build:Building ROS package in '/home/andrei/project/strawberry_rover_ws/src/rover_fake_lidar' with build type 'ament_python'
[1.034s] Level 1:colcon.colcon_core.shell:create_environment_hook('rover_fake_lidar', 'ament_prefix_path')
[1.039s] INFO:colcon.colcon_core.plugin_system:Skipping extension 'colcon_core.shell.bat': Not used on non-Windows systems
[1.040s] INFO:colcon.colcon_core.shell:Creating environment hook '/home/andrei/project/strawberry_rover_ws/install/rover_fake_lidar/share/rover_fake_lidar/hook/ament_prefix_path.ps1'
[1.043s] INFO:colcon.colcon_core.shell:Creating environment descriptor '/home/andrei/project/strawberry_rover_ws/install/rover_fake_lidar/share/rover_fake_lidar/hook/ament_prefix_path.dsv'
[1.049s] INFO:colcon.colcon_core.shell:Creating environment hook '/home/andrei/project/strawberry_rover_ws/install/rover_fake_lidar/share/rover_fake_lidar/hook/ament_prefix_path.sh'
[1.051s] INFO:colcon.colcon_core.shell:Skip shell extension 'powershell' for command environment: Not usable outside of PowerShell
[1.051s] DEBUG:colcon.colcon_core.shell:Skip shell extension 'dsv' for command environment
[1.066s] INFO:colcon.colcon_ros.task.ament_python.build:Building ROS package in '/home/andrei/project/strawberry_rover_ws/src/rover_navigation' with build type 'ament_python'
[1.067s] Level 1:colcon.colcon_core.shell:create_environment_hook('rover_navigation', 'ament_prefix_path')
[1.068s] INFO:colcon.colcon_core.shell:Creating environment hook '/home/andrei/project/strawberry_rover_ws/install/rover_navigation/share/rover_navigation/hook/ament_prefix_path.ps1'
[1.071s] INFO:colcon.colcon_core.shell:Creating environment descriptor '/home/andrei/project/strawberry_rover_ws/install/rover_navigation/share/rover_navigation/hook/ament_prefix_path.dsv'
[1.074s] INFO:colcon.colcon_core.shell:Creating environment hook '/home/andrei/project/strawberry_rover_ws/install/rover_navigation/share/rover_navigation/hook/ament_prefix_path.sh'
[1.076s] INFO:colcon.colcon_core.shell:Skip shell extension 'powershell' for command environment: Not usable outside of PowerShell
[1.076s] DEBUG:colcon.colcon_core.shell:Skip shell extension 'dsv' for command environment
[1.591s] INFO:colcon.colcon_core.task.python.build:Building Python package in '/home/andrei/project/strawberry_rover_ws/src/rover_fake_lidar'
[1.593s] INFO:colcon.colcon_core.shell:Skip shell extension 'powershell' for command environment: Not usable outside of PowerShell
[1.593s] DEBUG:colcon.colcon_core.shell:Skip shell extension 'dsv' for command environment
[2.104s] INFO:colcon.colcon_core.task.python.build:Building Python package in '/home/andrei/project/strawberry_rover_ws/src/rover_navigation'
[2.106s] INFO:colcon.colcon_core.shell:Skip shell extension 'powershell' for command environment: Not usable outside of PowerShell
[2.106s] DEBUG:colcon.colcon_core.shell:Skip shell extension 'dsv' for command environment
[3.088s] DEBUG:colcon.colcon_core.event_handler.log_command:Invoking command in '/home/andrei/project/strawberry_rover_ws/src/rover_fake_lidar': PYTHONPATH=/home/andrei/project/strawberry_rover_ws/build/rover_fake_lidar/prefix_override:/usr/lib/python3/dist-packages/colcon_core/task/python/colcon_distutils_commands:/home/andrei/project/strawberry_rover_ws/install/rover_fake_lidar/lib/python3.8/site-packages:${PYTHONPATH} /usr/bin/python3 -W ignore:setup.py install is deprecated -W ignore:easy_install command is deprecated setup.py egg_info --egg-base ../../build/rover_fake_lidar build --build-base /home/andrei/project/strawberry_rover_ws/build/rover_fake_lidar/build install --record /home/andrei/project/strawberry_rover_ws/build/rover_fake_lidar/install.log --single-version-externally-managed install_data
[3.101s] DEBUG:colcon.colcon_core.event_handler.log_command:Invoking command in '/home/andrei/project/strawberry_rover_ws/src/rover_navigation': PYTHONPATH=/home/andrei/project/strawberry_rover_ws/build/rover_navigation/prefix_override:/usr/lib/python3/dist-packages/colcon_core/task/python/colcon_distutils_commands:/home/andrei/project/strawberry_rover_ws/install/rover_navigation/lib/python3.8/site-packages:${PYTHONPATH} /usr/bin/python3 -W ignore:setup.py install is deprecated -W ignore:easy_install command is deprecated setup.py egg_info --egg-base ../../build/rover_navigation build --build-base /home/andrei/project/strawberry_rover_ws/build/rover_navigation/build install --record /home/andrei/project/strawberry_rover_ws/build/rover_navigation/install.log --single-version-externally-managed install_data
[3.814s] DEBUG:colcon.colcon_core.event_handler.log_command:Invoked command in '/home/andrei/project/strawberry_rover_ws/src/rover_fake_lidar' returned '0': PYTHONPATH=/home/andrei/project/strawberry_rover_ws/build/rover_fake_lidar/prefix_override:/usr/lib/python3/dist-packages/colcon_core/task/python/colcon_distutils_commands:/home/andrei/project/strawberry_rover_ws/install/rover_fake_lidar/lib/python3.8/site-packages:${PYTHONPATH} /usr/bin/python3 -W ignore:setup.py install is deprecated -W ignore:easy_install command is deprecated setup.py egg_info --egg-base ../../build/rover_fake_lidar build --build-base /home/andrei/project/strawberry_rover_ws/build/rover_fake_lidar/build install --record /home/andrei/project/strawberry_rover_ws/build/rover_fake_lidar/install.log --single-version-externally-managed install_data
[3.821s] Level 1:colcon.colcon_core.environment:checking '/home/andrei/project/strawberry_rover_ws/install/rover_fake_lidar' for CMake module files
[3.822s] Level 1:colcon.colcon_core.environment:checking '/home/andrei/project/strawberry_rover_ws/install/rover_fake_lidar' for CMake config files
[3.825s] Level 1:colcon.colcon_core.environment:checking '/home/andrei/project/strawberry_rover_ws/install/rover_fake_lidar/lib'
[3.825s] Level 1:colcon.colcon_core.environment:checking '/home/andrei/project/strawberry_rover_ws/install/rover_fake_lidar/bin'
[3.825s] Level 1:colcon.colcon_core.environment:checking '/home/andrei/project/strawberry_rover_ws/install/rover_fake_lidar/lib/pkgconfig/rover_fake_lidar.pc'
[3.826s] Level 1:colcon.colcon_core.environment:checking '/home/andrei/project/strawberry_rover_ws/install/rover_fake_lidar/lib/python3.8/site-packages'
[3.826s] Level 1:colcon.colcon_core.shell:create_environment_hook('rover_fake_lidar', 'pythonpath')
[3.827s] INFO:colcon.colcon_core.shell:Creating environment hook '/home/andrei/project/strawberry_rover_ws/install/rover_fake_lidar/share/rover_fake_lidar/hook/pythonpath.ps1'
[3.829s] INFO:colcon.colcon_core.shell:Creating environment descriptor '/home/andrei/project/strawberry_rover_ws/install/rover_fake_lidar/share/rover_fake_lidar/hook/pythonpath.dsv'
[3.831s] INFO:colcon.colcon_core.shell:Creating environment hook '/home/andrei/project/strawberry_rover_ws/install/rover_fake_lidar/share/rover_fake_lidar/hook/pythonpath.sh'
[3.833s] Level 1:colcon.colcon_core.environment:checking '/home/andrei/project/strawberry_rover_ws/install/rover_fake_lidar/bin'
[3.833s] Level 1:colcon.colcon_core.environment:create_environment_scripts_only(rover_fake_lidar)
[3.834s] INFO:colcon.colcon_core.shell:Creating package script '/home/andrei/project/strawberry_rover_ws/install/rover_fake_lidar/share/rover_fake_lidar/package.ps1'
[3.836s] INFO:colcon.colcon_core.shell:Creating package descriptor '/home/andrei/project/strawberry_rover_ws/install/rover_fake_lidar/share/rover_fake_lidar/package.dsv'
[3.837s] INFO:colcon.colcon_core.shell:Creating package script '/home/andrei/project/strawberry_rover_ws/install/rover_fake_lidar/share/rover_fake_lidar/package.sh'
[3.838s] INFO:colcon.colcon_core.shell:Creating package script '/home/andrei/project/strawberry_rover_ws/install/rover_fake_lidar/share/rover_fake_lidar/package.bash'
[3.840s] INFO:colcon.colcon_core.shell:Creating package script '/home/andrei/project/strawberry_rover_ws/install/rover_fake_lidar/share/rover_fake_lidar/package.zsh'
[3.841s] Level 1:colcon.colcon_core.environment:create_file_with_runtime_dependencies(/home/andrei/project/strawberry_rover_ws/install/rover_fake_lidar/share/colcon-core/packages/rover_fake_lidar)
[3.845s] Level 1:colcon.colcon_core.environment:checking '/home/andrei/project/strawberry_rover_ws/install/rover_navigation' for CMake module files
[3.846s] DEBUG:colcon.colcon_core.event_handler.log_command:Invoked command in '/home/andrei/project/strawberry_rover_ws/src/rover_navigation' returned '0': PYTHONPATH=/home/andrei/project/strawberry_rover_ws/build/rover_navigation/prefix_override:/usr/lib/python3/dist-packages/colcon_core/task/python/colcon_distutils_commands:/home/andrei/project/strawberry_rover_ws/install/rover_navigation/lib/python3.8/site-packages:${PYTHONPATH} /usr/bin/python3 -W ignore:setup.py install is deprecated -W ignore:easy_install command is deprecated setup.py egg_info --egg-base ../../build/rover_navigation build --build-base /home/andrei/project/strawberry_rover_ws/build/rover_navigation/build install --record /home/andrei/project/strawberry_rover_ws/build/rover_navigation/install.log --single-version-externally-managed install_data
[3.847s] Level 1:colcon.colcon_core.environment:checking '/home/andrei/project/strawberry_rover_ws/install/rover_navigation' for CMake config files
[3.848s] Level 1:colcon.colcon_core.environment:checking '/home/andrei/project/strawberry_rover_ws/install/rover_navigation/lib'
[3.848s] Level 1:colcon.colcon_core.environment:checking '/home/andrei/project/strawberry_rover_ws/install/rover_navigation/bin'
[3.848s] Level 1:colcon.colcon_core.environment:checking '/home/andrei/project/strawberry_rover_ws/install/rover_navigation/lib/pkgconfig/rover_navigation.pc'
[3.849s] Level 1:colcon.colcon_core.environment:checking '/home/andrei/project/strawberry_rover_ws/install/rover_navigation/lib/python3.8/site-packages'
[3.849s] Level 1:colcon.colcon_core.shell:create_environment_hook('rover_navigation', 'pythonpath')
[3.849s] INFO:colcon.colcon_core.shell:Creating environment hook '/home/andrei/project/strawberry_rover_ws/install/rover_navigation/share/rover_navigation/hook/pythonpath.ps1'
[3.851s] INFO:colcon.colcon_core.shell:Creating environment descriptor '/home/andrei/project/strawberry_rover_ws/install/rover_navigation/share/rover_navigation/hook/pythonpath.dsv'
[3.851s] INFO:colcon.colcon_core.shell:Creating environment hook '/home/andrei/project/strawberry_rover_ws/install/rover_navigation/share/rover_navigation/hook/pythonpath.sh'
[3.853s] Level 1:colcon.colcon_core.environment:checking '/home/andrei/project/strawberry_rover_ws/install/rover_navigation/bin'
[3.853s] Level 1:colcon.colcon_core.environment:create_environment_scripts_only(rover_navigation)
[3.854s] INFO:colcon.colcon_core.shell:Creating package script '/home/andrei/project/strawberry_rover_ws/install/rover_navigation/share/rover_navigation/package.ps1'
[3.855s] INFO:colcon.colcon_core.shell:Creating package descriptor '/home/andrei/project/strawberry_rover_ws/install/rover_navigation/share/rover_navigation/package.dsv'
[3.856s] INFO:colcon.colcon_core.shell:Creating package script '/home/andrei/project/strawberry_rover_ws/install/rover_navigation/share/rover_navigation/package.sh'
[3.856s] INFO:colcon.colcon_core.shell:Creating package script '/home/andrei/project/strawberry_rover_ws/install/rover_navigation/share/rover_navigation/package.bash'
[3.857s] INFO:colcon.colcon_core.shell:Creating package script '/home/andrei/project/strawberry_rover_ws/install/rover_navigation/share/rover_navigation/package.zsh'
[3.858s] Level 1:colcon.colcon_core.environment:create_file_with_runtime_dependencies(/home/andrei/project/strawberry_rover_ws/install/rover_navigation/share/colcon-core/packages/rover_navigation)
[3.859s] INFO:colcon.colcon_ros.task.ament_python.build:Building ROS package in '/home/andrei/project/strawberry_rover_ws/src/rover_bringup' with build type 'ament_python'
[3.860s] Level 1:colcon.colcon_core.shell:create_environment_hook('rover_bringup', 'ament_prefix_path')
[3.860s] INFO:colcon.colcon_core.shell:Creating environment hook '/home/andrei/project/strawberry_rover_ws/install/rover_bringup/share/rover_bringup/hook/ament_prefix_path.ps1'
[3.862s] INFO:colcon.colcon_core.shell:Creating environment descriptor '/home/andrei/project/strawberry_rover_ws/install/rover_bringup/share/rover_bringup/hook/ament_prefix_path.dsv'
[3.863s] INFO:colcon.colcon_core.shell:Creating environment hook '/home/andrei/project/strawberry_rover_ws/install/rover_bringup/share/rover_bringup/hook/ament_prefix_path.sh'
[3.864s] INFO:colcon.colcon_core.shell:Skip shell extension 'powershell' for command environment: Not usable outside of PowerShell
[3.864s] DEBUG:colcon.colcon_core.shell:Skip shell extension 'dsv' for command environment
[4.399s] INFO:colcon.colcon_core.task.python.build:Building Python package in '/home/andrei/project/strawberry_rover_ws/src/rover_bringup'
[4.401s] INFO:colcon.colcon_core.shell:Skip shell extension 'powershell' for command environment: Not usable outside of PowerShell
[4.401s] DEBUG:colcon.colcon_core.shell:Skip shell extension 'dsv' for command environment
[5.336s] DEBUG:colcon.colcon_core.event_handler.log_command:Invoking command in '/home/andrei/project/strawberry_rover_ws/src/rover_bringup': AMENT_PREFIX_PATH=/home/andrei/project/strawberry_rover_ws/install/rover_simulation:/home/andrei/project/strawberry_rover_ws/install/rover_navigation:/home/andrei/project/strawberry_rover_ws/install/rover_fake_stereo:/home/andrei/project/strawberry_rover_ws/install/rover_fake_lidar:/home/andrei/project/strawberry_rover_ws/install/rover_fake_camera:/home/andrei/project/strawberry_rover_ws/install/rover_description:/home/andrei/project/strawberry_rover_ws/install/rover_visualization:/home/andrei/project/strawberry_rover_ws/install/rover_utils:/home/andrei/project/strawberry_rover_ws/install/rover_state:/home/andrei/project/strawberry_rover_ws/install/rover_bringup:/home/andrei/project/strawberry_rover_ws/install/rover_perception:/home/andrei/project/strawberry_rover_ws/install/rover_fsm:/opt/ros/foxy PYTHONPATH=/home/andrei/project/strawberry_rover_ws/build/rover_bringup/prefix_override:/usr/lib/python3/dist-packages/colcon_core/task/python/colcon_distutils_commands:/home/andrei/project/strawberry_rover_ws/install/rover_bringup/lib/python3.8/site-packages:/home/andrei/project/strawberry_rover_ws/install/rover_simulation/lib/python3.8/site-packages:/home/andrei/project/strawberry_rover_ws/install/rover_navigation/lib/python3.8/site-packages:/home/andrei/project/strawberry_rover_ws/install/rover_fake_stereo/lib/python3.8/site-packages:/home/andrei/project/strawberry_rover_ws/install/rover_fake_lidar/lib/python3.8/site-packages:/home/andrei/project/strawberry_rover_ws/install/rover_fake_camera/lib/python3.8/site-packages:/home/andrei/project/strawberry_rover_ws/install/rover_description/lib/python3.8/site-packages:/home/andrei/project/strawberry_rover_ws/install/rover_visualization/lib/python3.8/site-packages:/home/andrei/project/strawberry_rover_ws/install/rover_utils/lib/python3.8/site-packages:/home/andrei/project/strawberry_rover_ws/install/rover_state/lib/python3.8/site-packages:/home/andrei/project/strawberry_rover_ws/install/rover_bringup/lib/python3.8/site-packages:/home/andrei/project/strawberry_rover_ws/install/rover_perception/lib/python3.8/site-packages:/home/andrei/project/strawberry_rover_ws/install/rover_fsm/lib/python3.8/site-packages:/opt/ros/foxy/lib/python3.8/site-packages /usr/bin/python3 -W ignore:setup.py install is deprecated -W ignore:easy_install command is deprecated setup.py egg_info --egg-base ../../build/rover_bringup build --build-base /home/andrei/project/strawberry_rover_ws/build/rover_bringup/build install --record /home/andrei/project/strawberry_rover_ws/build/rover_bringup/install.log --single-version-externally-managed install_data
[6.009s] Level 1:colcon.colcon_core.environment:checking '/home/andrei/project/strawberry_rover_ws/install/rover_bringup' for CMake module files
[6.012s] DEBUG:colcon.colcon_core.event_handler.log_command:Invoked command in '/home/andrei/project/strawberry_rover_ws/src/rover_bringup' returned '0': AMENT_PREFIX_PATH=/home/andrei/project/strawberry_rover_ws/install/rover_simulation:/home/andrei/project/strawberry_rover_ws/install/rover_navigation:/home/andrei/project/strawberry_rover_ws/install/rover_fake_stereo:/home/andrei/project/strawberry_rover_ws/install/rover_fake_lidar:/home/andrei/project/strawberry_rover_ws/install/rover_fake_camera:/home/andrei/project/strawberry_rover_ws/install/rover_description:/home/andrei/project/strawberry_rover_ws/install/rover_visualization:/home/andrei/project/strawberry_rover_ws/install/rover_utils:/home/andrei/project/strawberry_rover_ws/install/rover_state:/home/andrei/project/strawberry_rover_ws/install/rover_bringup:/home/andrei/project/strawberry_rover_ws/install/rover_perception:/home/andrei/project/strawberry_rover_ws/install/rover_fsm:/opt/ros/foxy PYTHONPATH=/home/andrei/project/strawberry_rover_ws/build/rover_bringup/prefix_override:/usr/lib/python3/dist-packages/colcon_core/task/python/colcon_distutils_commands:/home/andrei/project/strawberry_rover_ws/install/rover_bringup/lib/python3.8/site-packages:/home/andrei/project/strawberry_rover_ws/install/rover_simulation/lib/python3.8/site-packages:/home/andrei/project/strawberry_rover_ws/install/rover_navigation/lib/python3.8/site-packages:/home/andrei/project/strawberry_rover_ws/install/rover_fake_stereo/lib/python3.8/site-packages:/home/andrei/project/strawberry_rover_ws/install/rover_fake_lidar/lib/python3.8/site-packages:/home/andrei/project/strawberry_rover_ws/install/rover_fake_camera/lib/python3.8/site-packages:/home/andrei/project/strawberry_rover_ws/install/rover_description/lib/python3.8/site-packages:/home/andrei/project/strawberry_rover_ws/install/rover_visualization/lib/python3.8/site-packages:/home/andrei/project/strawberry_rover_ws/install/rover_utils/lib/python3.8/site-packages:/home/andrei/project/strawberry_rover_ws/install/rover_state/lib/python3.8/site-packages:/home/andrei/project/strawberry_rover_ws/install/rover_bringup/lib/python3.8/site-packages:/home/andrei/project/strawberry_rover_ws/install/rover_perception/lib/python3.8/site-packages:/home/andrei/project/strawberry_rover_ws/install/rover_fsm/lib/python3.8/site-packages:/opt/ros/foxy/lib/python3.8/site-packages /usr/bin/python3 -W ignore:setup.py install is deprecated -W ignore:easy_install command is deprecated setup.py egg_info --egg-base ../../build/rover_bringup build --build-base /home/andrei/project/strawberry_rover_ws/build/rover_bringup/build install --record /home/andrei/project/strawberry_rover_ws/build/rover_bringup/install.log --single-version-externally-managed install_data
[6.012s] Level 1:colcon.colcon_core.environment:checking '/home/andrei/project/strawberry_rover_ws/install/rover_bringup' for CMake config files
[6.015s] Level 1:colcon.colcon_core.environment:checking '/home/andrei/project/strawberry_rover_ws/install/rover_bringup/lib'
[6.016s] Level 1:colcon.colcon_core.environment:checking '/home/andrei/project/strawberry_rover_ws/install/rover_bringup/bin'
[6.016s] Level 1:colcon.colcon_core.environment:checking '/home/andrei/project/strawberry_rover_ws/install/rover_bringup/lib/pkgconfig/rover_bringup.pc'
[6.017s] Level 1:colcon.colcon_core.environment:checking '/home/andrei/project/strawberry_rover_ws/install/rover_bringup/lib/python3.8/site-packages'
[6.017s] Level 1:colcon.colcon_core.shell:create_environment_hook('rover_bringup', 'pythonpath')
[6.018s] INFO:colcon.colcon_core.shell:Creating environment hook '/home/andrei/project/strawberry_rover_ws/install/rover_bringup/share/rover_bringup/hook/pythonpath.ps1'
[6.021s] INFO:colcon.colcon_core.shell:Creating environment descriptor '/home/andrei/project/strawberry_rover_ws/install/rover_bringup/share/rover_bringup/hook/pythonpath.dsv'
[6.031s] INFO:colcon.colcon_core.shell:Creating environment hook '/home/andrei/project/strawberry_rover_ws/install/rover_bringup/share/rover_bringup/hook/pythonpath.sh'
[6.033s] Level 1:colcon.colcon_core.environment:checking '/home/andrei/project/strawberry_rover_ws/install/rover_bringup/bin'
[6.034s] Level 1:colcon.colcon_core.environment:create_environment_scripts_only(rover_bringup)
[6.035s] INFO:colcon.colcon_core.shell:Creating package script '/home/andrei/project/strawberry_rover_ws/install/rover_bringup/share/rover_bringup/package.ps1'
[6.036s] INFO:colcon.colcon_core.shell:Creating package descriptor '/home/andrei/project/strawberry_rover_ws/install/rover_bringup/share/rover_bringup/package.dsv'
[6.037s] INFO:colcon.colcon_core.shell:Creating package script '/home/andrei/project/strawberry_rover_ws/install/rover_bringup/share/rover_bringup/package.sh'
[6.038s] INFO:colcon.colcon_core.shell:Creating package script '/home/andrei/project/strawberry_rover_ws/install/rover_bringup/share/rover_bringup/package.bash'
[6.038s] INFO:colcon.colcon_core.shell:Creating package script '/home/andrei/project/strawberry_rover_ws/install/rover_bringup/share/rover_bringup/package.zsh'
[6.039s] Level 1:colcon.colcon_core.environment:create_file_with_runtime_dependencies(/home/andrei/project/strawberry_rover_ws/install/rover_bringup/share/colcon-core/packages/rover_bringup)
[6.040s] DEBUG:colcon.colcon_parallel_executor.executor.parallel:closing loop
[6.041s] DEBUG:colcon.colcon_parallel_executor.executor.parallel:loop closed
[6.041s] DEBUG:colcon.colcon_parallel_executor.executor.parallel:run_until_complete finished with '0'
[6.041s] DEBUG:colcon.colcon_core.event_reactor:joining thread
[6.056s] INFO:colcon.colcon_core.plugin_system:Skipping extension 'colcon_notification.desktop_notification.terminal_notifier': Not used on non-Darwin systems
[6.057s] INFO:colcon.colcon_core.plugin_system:Skipping extension 'colcon_notification.desktop_notification.win32': Not used on non-Windows systems
[6.057s] INFO:colcon.colcon_notification.desktop_notification:Sending desktop notification using 'notify2'
[6.088s] DEBUG:colcon.colcon_core.event_reactor:joined thread
[6.089s] INFO:colcon.colcon_core.shell:Creating prefix script '/home/andrei/project/strawberry_rover_ws/install/local_setup.ps1'
[6.092s] INFO:colcon.colcon_core.shell:Creating prefix util module '/home/andrei/project/strawberry_rover_ws/install/_local_setup_util_ps1.py'
[6.097s] INFO:colcon.colcon_core.shell:Creating prefix chain script '/home/andrei/project/strawberry_rover_ws/install/setup.ps1'
[6.101s] INFO:colcon.colcon_core.shell:Creating prefix script '/home/andrei/project/strawberry_rover_ws/install/local_setup.sh'
[6.102s] INFO:colcon.colcon_core.shell:Creating prefix util module '/home/andrei/project/strawberry_rover_ws/install/_local_setup_util_sh.py'
[6.103s] INFO:colcon.colcon_core.shell:Creating prefix chain script '/home/andrei/project/strawberry_rover_ws/install/setup.sh'
[6.106s] INFO:colcon.colcon_core.shell:Creating prefix script '/home/andrei/project/strawberry_rover_ws/install/local_setup.bash'
[6.107s] INFO:colcon.colcon_core.shell:Creating prefix chain script '/home/andrei/project/strawberry_rover_ws/install/setup.bash'
[6.110s] INFO:colcon.colcon_core.shell:Creating prefix script '/home/andrei/project/strawberry_rover_ws/install/local_setup.zsh'
[6.111s] INFO:colcon.colcon_core.shell:Creating prefix chain script '/home/andrei/project/strawberry_rover_ws/install/setup.zsh'
