[5.430s] Invoking command in '/home/andrei/project/strawberry_rover_ws/src/rover_perception': PYTHONPATH=/home/andrei/project/strawberry_rover_ws/build/rover_perception/prefix_override:/usr/lib/python3/dist-packages/colcon_core/task/python/colcon_distutils_commands:/home/andrei/project/strawberry_rover_ws/install/rover_perception/lib/python3.8/site-packages:${PYTHONPATH} /usr/bin/python3 -W ignore:setup.py install is deprecated -W ignore:easy_install command is deprecated setup.py egg_info --egg-base ../../build/rover_perception build --build-base /home/andrei/project/strawberry_rover_ws/build/rover_perception/build install --record /home/andrei/project/strawberry_rover_ws/build/rover_perception/install.log --single-version-externally-managed install_data
[6.163s] running egg_info
[6.168s] writing ../../build/rover_perception/rover_perception.egg-info/PKG-INFO
[6.169s] writing dependency_links to ../../build/rover_perception/rover_perception.egg-info/dependency_links.txt
[6.174s] writing entry points to ../../build/rover_perception/rover_perception.egg-info/entry_points.txt
[6.174s] writing requirements to ../../build/rover_perception/rover_perception.egg-info/requires.txt
[6.174s] writing top-level names to ../../build/rover_perception/rover_perception.egg-info/top_level.txt
[6.311s] reading manifest file '../../build/rover_perception/rover_perception.egg-info/SOURCES.txt'
[6.311s] writing manifest file '../../build/rover_perception/rover_perception.egg-info/SOURCES.txt'
[6.311s] running build
[6.312s] running build_py
[6.316s] running install
[6.320s] running install_lib
[6.325s] running install_data
[6.326s] running install_egg_info
[6.333s] removing '/home/andrei/project/strawberry_rover_ws/install/rover_perception/lib/python3.8/site-packages/rover_perception-0.0.0-py3.8.egg-info' (and everything under it)
[6.335s] Copying ../../build/rover_perception/rover_perception.egg-info to /home/andrei/project/strawberry_rover_ws/install/rover_perception/lib/python3.8/site-packages/rover_perception-0.0.0-py3.8.egg-info
[6.336s] running install_scripts
[6.430s] Installing camera_preprocess_node script to /home/andrei/project/strawberry_rover_ws/install/rover_perception/lib/rover_perception
[6.433s] Installing rgb_camera_node script to /home/andrei/project/strawberry_rover_ws/install/rover_perception/lib/rover_perception
[6.436s] Installing sensor_fusion_node script to /home/andrei/project/strawberry_rover_ws/install/rover_perception/lib/rover_perception
[6.440s] writing list of installed files to '/home/andrei/project/strawberry_rover_ws/build/rover_perception/install.log'
[6.738s] Invoked command in '/home/andrei/project/strawberry_rover_ws/src/rover_perception' returned '0': PYTHONPATH=/home/andrei/project/strawberry_rover_ws/build/rover_perception/prefix_override:/usr/lib/python3/dist-packages/colcon_core/task/python/colcon_distutils_commands:/home/andrei/project/strawberry_rover_ws/install/rover_perception/lib/python3.8/site-packages:${PYTHONPATH} /usr/bin/python3 -W ignore:setup.py install is deprecated -W ignore:easy_install command is deprecated setup.py egg_info --egg-base ../../build/rover_perception build --build-base /home/andrei/project/strawberry_rover_ws/build/rover_perception/build install --record /home/andrei/project/strawberry_rover_ws/build/rover_perception/install.log --single-version-externally-managed install_data
