[4.551s] Invoking command in '/home/andrei/project/strawberry_rover_ws/src/rover_description': PYTHONPATH=/home/andrei/project/strawberry_rover_ws/build/rover_description/prefix_override:/usr/lib/python3/dist-packages/colcon_core/task/python/colcon_distutils_commands:/home/andrei/project/strawberry_rover_ws/install/rover_description/lib/python3.8/site-packages:${PYTHONPATH} /usr/bin/python3 -W ignore:setup.py install is deprecated -W ignore:easy_install command is deprecated setup.py egg_info --egg-base ../../build/rover_description build --build-base /home/andrei/project/strawberry_rover_ws/build/rover_description/build install --record /home/andrei/project/strawberry_rover_ws/build/rover_description/install.log --single-version-externally-managed install_data
[5.066s] running egg_info
[5.068s] writing ../../build/rover_description/rover_description.egg-info/PKG-INFO
[5.070s] writing dependency_links to ../../build/rover_description/rover_description.egg-info/dependency_links.txt
[5.070s] writing entry points to ../../build/rover_description/rover_description.egg-info/entry_points.txt
[5.072s] writing requirements to ../../build/rover_description/rover_description.egg-info/requires.txt
[5.073s] writing top-level names to ../../build/rover_description/rover_description.egg-info/top_level.txt
[5.146s] reading manifest file '../../build/rover_description/rover_description.egg-info/SOURCES.txt'
[5.148s] writing manifest file '../../build/rover_description/rover_description.egg-info/SOURCES.txt'
[5.148s] running build
[5.149s] running build_py
[5.152s] running install
[5.158s] running install_lib
[5.163s] running install_data
[5.163s] running install_egg_info
[5.169s] removing '/home/andrei/project/strawberry_rover_ws/install/rover_description/lib/python3.8/site-packages/rover_description-0.0.0-py3.8.egg-info' (and everything under it)
[5.169s] Copying ../../build/rover_description/rover_description.egg-info to /home/andrei/project/strawberry_rover_ws/install/rover_description/lib/python3.8/site-packages/rover_description-0.0.0-py3.8.egg-info
[5.172s] running install_scripts
[5.225s] writing list of installed files to '/home/andrei/project/strawberry_rover_ws/build/rover_description/install.log'
[5.401s] Invoked command in '/home/andrei/project/strawberry_rover_ws/src/rover_description' returned '0': PYTHONPATH=/home/andrei/project/strawberry_rover_ws/build/rover_description/prefix_override:/usr/lib/python3/dist-packages/colcon_core/task/python/colcon_distutils_commands:/home/andrei/project/strawberry_rover_ws/install/rover_description/lib/python3.8/site-packages:${PYTHONPATH} /usr/bin/python3 -W ignore:setup.py install is deprecated -W ignore:easy_install command is deprecated setup.py egg_info --egg-base ../../build/rover_description build --build-base /home/andrei/project/strawberry_rover_ws/build/rover_description/build install --record /home/andrei/project/strawberry_rover_ws/build/rover_description/install.log --single-version-externally-managed install_data
