[0.366s] DEBUG:colcon:Command line arguments: ['/usr/bin/colcon', 'build', '--packages-select', 'rover_description', 'rover_fake_camera', 'rover_fake_stereo', 'rover_simulation', 'rover_navigation', 'rover_fake_lidar', 'rover_bringup']
[0.366s] DEBUG:colcon:Parsed command line arguments: Namespace(allow_overriding=[], ament_cmake_args=None, base_paths=['.'], build_base='build', catkin_cmake_args=None, catkin_skip_building_tests=False, cmake_args=None, cmake_clean_cache=False, cmake_clean_first=False, cmake_force_configure=False, cmake_target=None, cmake_target_skip_unavailable=False, continue_on_error=False, event_handlers=None, executor='parallel', ignore_user_meta=False, install_base='install', log_base=None, log_level=None, main=<bound method BuildVerb.main of <colcon_core.verb.build.BuildVerb object at 0xffffa80c18e0>>, merge_install=False, metas=['./colcon.meta'], packages_above=None, packages_above_and_dependencies=None, packages_above_depth=None, packages_end=None, packages_ignore=None, packages_ignore_regex=None, packages_select=['rover_description', 'rover_fake_camera', 'rover_fake_stereo', 'rover_simulation', 'rover_navigation', 'rover_fake_lidar', 'rover_bringup'], packages_select_build_failed=False, packages_select_by_dep=None, packages_select_regex=None, packages_select_test_failures=False, packages_skip=None, packages_skip_build_finished=False, packages_skip_by_dep=None, packages_skip_regex=None, packages_skip_test_passed=False, packages_skip_up_to=None, packages_start=None, packages_up_to=None, packages_up_to_regex=None, parallel_workers=8, paths=None, symlink_install=False, test_result_base=None, verb_extension=<colcon_core.verb.build.BuildVerb object at 0xffffa80c18e0>, verb_name='build', verb_parser=<colcon_defaults.argument_parser.defaults.DefaultArgumentsDecorator object at 0xffffa7fd3ca0>)
[0.662s] Level 1:colcon.colcon_core.package_discovery:discover_packages(colcon_meta) check parameters
[0.662s] Level 1:colcon.colcon_core.package_discovery:discover_packages(recursive) check parameters
[0.662s] Level 1:colcon.colcon_core.package_discovery:discover_packages(ignore) check parameters
[0.662s] Level 1:colcon.colcon_core.package_discovery:discover_packages(path) check parameters
[0.662s] Level 1:colcon.colcon_core.package_discovery:discover_packages(colcon_meta) discover
[0.663s] Level 1:colcon.colcon_core.package_discovery:discover_packages(recursive) discover
[0.663s] INFO:colcon.colcon_core.package_discovery:Crawling recursively for packages in '/home/andrei/project/strawberry_rover_ws'
[0.663s] Level 1:colcon.colcon_core.package_identification:_identify(.) by extensions ['ignore', 'ignore_ament_install']
[0.663s] Level 1:colcon.colcon_core.package_identification:_identify(.) by extension 'ignore'
[0.663s] Level 1:colcon.colcon_core.package_identification:_identify(.) by extension 'ignore_ament_install'
[0.664s] Level 1:colcon.colcon_core.package_identification:_identify(.) by extensions ['colcon_pkg']
[0.664s] Level 1:colcon.colcon_core.package_identification:_identify(.) by extension 'colcon_pkg'
[0.664s] Level 1:colcon.colcon_core.package_identification:_identify(.) by extensions ['colcon_meta']
[0.664s] Level 1:colcon.colcon_core.package_identification:_identify(.) by extension 'colcon_meta'
[0.664s] Level 1:colcon.colcon_core.package_identification:_identify(.) by extensions ['ros']
[0.664s] Level 1:colcon.colcon_core.package_identification:_identify(.) by extension 'ros'
[0.688s] Level 1:colcon.colcon_core.package_identification:_identify(.) by extensions ['cmake', 'python']
[0.688s] Level 1:colcon.colcon_core.package_identification:_identify(.) by extension 'cmake'
[0.688s] Level 1:colcon.colcon_core.package_identification:_identify(.) by extension 'python'
[0.688s] Level 1:colcon.colcon_core.package_identification:_identify(.) by extensions ['python_setup_py']
[0.688s] Level 1:colcon.colcon_core.package_identification:_identify(.) by extension 'python_setup_py'
[0.689s] Level 1:colcon.colcon_core.package_identification:_identify(PROMPTS) by extensions ['ignore', 'ignore_ament_install']
[0.689s] Level 1:colcon.colcon_core.package_identification:_identify(PROMPTS) by extension 'ignore'
[0.689s] Level 1:colcon.colcon_core.package_identification:_identify(PROMPTS) by extension 'ignore_ament_install'
[0.689s] Level 1:colcon.colcon_core.package_identification:_identify(PROMPTS) by extensions ['colcon_pkg']
[0.689s] Level 1:colcon.colcon_core.package_identification:_identify(PROMPTS) by extension 'colcon_pkg'
[0.689s] Level 1:colcon.colcon_core.package_identification:_identify(PROMPTS) by extensions ['colcon_meta']
[0.689s] Level 1:colcon.colcon_core.package_identification:_identify(PROMPTS) by extension 'colcon_meta'
[0.689s] Level 1:colcon.colcon_core.package_identification:_identify(PROMPTS) by extensions ['ros']
[0.689s] Level 1:colcon.colcon_core.package_identification:_identify(PROMPTS) by extension 'ros'
[0.690s] Level 1:colcon.colcon_core.package_identification:_identify(PROMPTS) by extensions ['cmake', 'python']
[0.690s] Level 1:colcon.colcon_core.package_identification:_identify(PROMPTS) by extension 'cmake'
[0.690s] Level 1:colcon.colcon_core.package_identification:_identify(PROMPTS) by extension 'python'
[0.690s] Level 1:colcon.colcon_core.package_identification:_identify(PROMPTS) by extensions ['python_setup_py']
[0.690s] Level 1:colcon.colcon_core.package_identification:_identify(PROMPTS) by extension 'python_setup_py'
[0.690s] Level 1:colcon.colcon_core.package_identification:_identify(build) by extensions ['ignore', 'ignore_ament_install']
[0.690s] Level 1:colcon.colcon_core.package_identification:_identify(build) by extension 'ignore'
[0.690s] Level 1:colcon.colcon_core.package_identification:_identify(build) ignored
[0.691s] Level 1:colcon.colcon_core.package_identification:_identify(install) by extensions ['ignore', 'ignore_ament_install']
[0.691s] Level 1:colcon.colcon_core.package_identification:_identify(install) by extension 'ignore'
[0.691s] Level 1:colcon.colcon_core.package_identification:_identify(install) ignored
[0.691s] Level 1:colcon.colcon_core.package_identification:_identify(log) by extensions ['ignore', 'ignore_ament_install']
[0.691s] Level 1:colcon.colcon_core.package_identification:_identify(log) by extension 'ignore'
[0.691s] Level 1:colcon.colcon_core.package_identification:_identify(log) ignored
[0.692s] Level 1:colcon.colcon_core.package_identification:_identify(src) by extensions ['ignore', 'ignore_ament_install']
[0.692s] Level 1:colcon.colcon_core.package_identification:_identify(src) by extension 'ignore'
[0.692s] Level 1:colcon.colcon_core.package_identification:_identify(src) by extension 'ignore_ament_install'
[0.692s] Level 1:colcon.colcon_core.package_identification:_identify(src) by extensions ['colcon_pkg']
[0.692s] Level 1:colcon.colcon_core.package_identification:_identify(src) by extension 'colcon_pkg'
[0.692s] Level 1:colcon.colcon_core.package_identification:_identify(src) by extensions ['colcon_meta']
[0.692s] Level 1:colcon.colcon_core.package_identification:_identify(src) by extension 'colcon_meta'
[0.692s] Level 1:colcon.colcon_core.package_identification:_identify(src) by extensions ['ros']
[0.692s] Level 1:colcon.colcon_core.package_identification:_identify(src) by extension 'ros'
[0.693s] Level 1:colcon.colcon_core.package_identification:_identify(src) by extensions ['cmake', 'python']
[0.693s] Level 1:colcon.colcon_core.package_identification:_identify(src) by extension 'cmake'
[0.693s] Level 1:colcon.colcon_core.package_identification:_identify(src) by extension 'python'
[0.693s] Level 1:colcon.colcon_core.package_identification:_identify(src) by extensions ['python_setup_py']
[0.693s] Level 1:colcon.colcon_core.package_identification:_identify(src) by extension 'python_setup_py'
[0.693s] Level 1:colcon.colcon_core.package_identification:_identify(src/rover_bringup) by extensions ['ignore', 'ignore_ament_install']
[0.693s] Level 1:colcon.colcon_core.package_identification:_identify(src/rover_bringup) by extension 'ignore'
[0.693s] Level 1:colcon.colcon_core.package_identification:_identify(src/rover_bringup) by extension 'ignore_ament_install'
[0.693s] Level 1:colcon.colcon_core.package_identification:_identify(src/rover_bringup) by extensions ['colcon_pkg']
[0.693s] Level 1:colcon.colcon_core.package_identification:_identify(src/rover_bringup) by extension 'colcon_pkg'
[0.694s] Level 1:colcon.colcon_core.package_identification:_identify(src/rover_bringup) by extensions ['colcon_meta']
[0.694s] Level 1:colcon.colcon_core.package_identification:_identify(src/rover_bringup) by extension 'colcon_meta'
[0.694s] Level 1:colcon.colcon_core.package_identification:_identify(src/rover_bringup) by extensions ['ros']
[0.694s] Level 1:colcon.colcon_core.package_identification:_identify(src/rover_bringup) by extension 'ros'
[0.699s] DEBUG:colcon.colcon_core.package_identification:Package 'src/rover_bringup' with type 'ros.ament_python' and name 'rover_bringup'
[0.699s] Level 1:colcon.colcon_core.package_identification:_identify(src/rover_description) by extensions ['ignore', 'ignore_ament_install']
[0.699s] Level 1:colcon.colcon_core.package_identification:_identify(src/rover_description) by extension 'ignore'
[0.700s] Level 1:colcon.colcon_core.package_identification:_identify(src/rover_description) by extension 'ignore_ament_install'
[0.700s] Level 1:colcon.colcon_core.package_identification:_identify(src/rover_description) by extensions ['colcon_pkg']
[0.700s] Level 1:colcon.colcon_core.package_identification:_identify(src/rover_description) by extension 'colcon_pkg'
[0.700s] Level 1:colcon.colcon_core.package_identification:_identify(src/rover_description) by extensions ['colcon_meta']
[0.700s] Level 1:colcon.colcon_core.package_identification:_identify(src/rover_description) by extension 'colcon_meta'
[0.700s] Level 1:colcon.colcon_core.package_identification:_identify(src/rover_description) by extensions ['ros']
[0.700s] Level 1:colcon.colcon_core.package_identification:_identify(src/rover_description) by extension 'ros'
[0.701s] DEBUG:colcon.colcon_core.package_identification:Package 'src/rover_description' with type 'ros.ament_python' and name 'rover_description'
[0.701s] Level 1:colcon.colcon_core.package_identification:_identify(src/rover_fake_camera) by extensions ['ignore', 'ignore_ament_install']
[0.701s] Level 1:colcon.colcon_core.package_identification:_identify(src/rover_fake_camera) by extension 'ignore'
[0.702s] Level 1:colcon.colcon_core.package_identification:_identify(src/rover_fake_camera) by extension 'ignore_ament_install'
[0.702s] Level 1:colcon.colcon_core.package_identification:_identify(src/rover_fake_camera) by extensions ['colcon_pkg']
[0.702s] Level 1:colcon.colcon_core.package_identification:_identify(src/rover_fake_camera) by extension 'colcon_pkg'
[0.702s] Level 1:colcon.colcon_core.package_identification:_identify(src/rover_fake_camera) by extensions ['colcon_meta']
[0.702s] Level 1:colcon.colcon_core.package_identification:_identify(src/rover_fake_camera) by extension 'colcon_meta'
[0.702s] Level 1:colcon.colcon_core.package_identification:_identify(src/rover_fake_camera) by extensions ['ros']
[0.702s] Level 1:colcon.colcon_core.package_identification:_identify(src/rover_fake_camera) by extension 'ros'
[0.703s] DEBUG:colcon.colcon_core.package_identification:Package 'src/rover_fake_camera' with type 'ros.ament_python' and name 'rover_fake_camera'
[0.703s] Level 1:colcon.colcon_core.package_identification:_identify(src/rover_fake_lidar) by extensions ['ignore', 'ignore_ament_install']
[0.704s] Level 1:colcon.colcon_core.package_identification:_identify(src/rover_fake_lidar) by extension 'ignore'
[0.704s] Level 1:colcon.colcon_core.package_identification:_identify(src/rover_fake_lidar) by extension 'ignore_ament_install'
[0.704s] Level 1:colcon.colcon_core.package_identification:_identify(src/rover_fake_lidar) by extensions ['colcon_pkg']
[0.704s] Level 1:colcon.colcon_core.package_identification:_identify(src/rover_fake_lidar) by extension 'colcon_pkg'
[0.704s] Level 1:colcon.colcon_core.package_identification:_identify(src/rover_fake_lidar) by extensions ['colcon_meta']
[0.704s] Level 1:colcon.colcon_core.package_identification:_identify(src/rover_fake_lidar) by extension 'colcon_meta'
[0.704s] Level 1:colcon.colcon_core.package_identification:_identify(src/rover_fake_lidar) by extensions ['ros']
[0.704s] Level 1:colcon.colcon_core.package_identification:_identify(src/rover_fake_lidar) by extension 'ros'
[0.705s] DEBUG:colcon.colcon_core.package_identification:Package 'src/rover_fake_lidar' with type 'ros.ament_python' and name 'rover_fake_lidar'
[0.705s] Level 1:colcon.colcon_core.package_identification:_identify(src/rover_fake_stereo) by extensions ['ignore', 'ignore_ament_install']
[0.706s] Level 1:colcon.colcon_core.package_identification:_identify(src/rover_fake_stereo) by extension 'ignore'
[0.706s] Level 1:colcon.colcon_core.package_identification:_identify(src/rover_fake_stereo) by extension 'ignore_ament_install'
[0.706s] Level 1:colcon.colcon_core.package_identification:_identify(src/rover_fake_stereo) by extensions ['colcon_pkg']
[0.706s] Level 1:colcon.colcon_core.package_identification:_identify(src/rover_fake_stereo) by extension 'colcon_pkg'
[0.706s] Level 1:colcon.colcon_core.package_identification:_identify(src/rover_fake_stereo) by extensions ['colcon_meta']
[0.706s] Level 1:colcon.colcon_core.package_identification:_identify(src/rover_fake_stereo) by extension 'colcon_meta'
[0.706s] Level 1:colcon.colcon_core.package_identification:_identify(src/rover_fake_stereo) by extensions ['ros']
[0.706s] Level 1:colcon.colcon_core.package_identification:_identify(src/rover_fake_stereo) by extension 'ros'
[0.707s] DEBUG:colcon.colcon_core.package_identification:Package 'src/rover_fake_stereo' with type 'ros.ament_python' and name 'rover_fake_stereo'
[0.707s] Level 1:colcon.colcon_core.package_identification:_identify(src/rover_fsm) by extensions ['ignore', 'ignore_ament_install']
[0.707s] Level 1:colcon.colcon_core.package_identification:_identify(src/rover_fsm) by extension 'ignore'
[0.708s] Level 1:colcon.colcon_core.package_identification:_identify(src/rover_fsm) by extension 'ignore_ament_install'
[0.708s] Level 1:colcon.colcon_core.package_identification:_identify(src/rover_fsm) by extensions ['colcon_pkg']
[0.708s] Level 1:colcon.colcon_core.package_identification:_identify(src/rover_fsm) by extension 'colcon_pkg'
[0.708s] Level 1:colcon.colcon_core.package_identification:_identify(src/rover_fsm) by extensions ['colcon_meta']
[0.708s] Level 1:colcon.colcon_core.package_identification:_identify(src/rover_fsm) by extension 'colcon_meta'
[0.708s] Level 1:colcon.colcon_core.package_identification:_identify(src/rover_fsm) by extensions ['ros']
[0.708s] Level 1:colcon.colcon_core.package_identification:_identify(src/rover_fsm) by extension 'ros'
[0.709s] DEBUG:colcon.colcon_core.package_identification:Package 'src/rover_fsm' with type 'ros.ament_python' and name 'rover_fsm'
[0.709s] Level 1:colcon.colcon_core.package_identification:_identify(src/rover_navigation) by extensions ['ignore', 'ignore_ament_install']
[0.709s] Level 1:colcon.colcon_core.package_identification:_identify(src/rover_navigation) by extension 'ignore'
[0.709s] Level 1:colcon.colcon_core.package_identification:_identify(src/rover_navigation) by extension 'ignore_ament_install'
[0.709s] Level 1:colcon.colcon_core.package_identification:_identify(src/rover_navigation) by extensions ['colcon_pkg']
[0.710s] Level 1:colcon.colcon_core.package_identification:_identify(src/rover_navigation) by extension 'colcon_pkg'
[0.710s] Level 1:colcon.colcon_core.package_identification:_identify(src/rover_navigation) by extensions ['colcon_meta']
[0.710s] Level 1:colcon.colcon_core.package_identification:_identify(src/rover_navigation) by extension 'colcon_meta'
[0.710s] Level 1:colcon.colcon_core.package_identification:_identify(src/rover_navigation) by extensions ['ros']
[0.710s] Level 1:colcon.colcon_core.package_identification:_identify(src/rover_navigation) by extension 'ros'
[0.711s] DEBUG:colcon.colcon_core.package_identification:Package 'src/rover_navigation' with type 'ros.ament_python' and name 'rover_navigation'
[0.711s] Level 1:colcon.colcon_core.package_identification:_identify(src/rover_perception) by extensions ['ignore', 'ignore_ament_install']
[0.711s] Level 1:colcon.colcon_core.package_identification:_identify(src/rover_perception) by extension 'ignore'
[0.711s] Level 1:colcon.colcon_core.package_identification:_identify(src/rover_perception) by extension 'ignore_ament_install'
[0.711s] Level 1:colcon.colcon_core.package_identification:_identify(src/rover_perception) by extensions ['colcon_pkg']
[0.711s] Level 1:colcon.colcon_core.package_identification:_identify(src/rover_perception) by extension 'colcon_pkg'
[0.712s] Level 1:colcon.colcon_core.package_identification:_identify(src/rover_perception) by extensions ['colcon_meta']
[0.712s] Level 1:colcon.colcon_core.package_identification:_identify(src/rover_perception) by extension 'colcon_meta'
[0.712s] Level 1:colcon.colcon_core.package_identification:_identify(src/rover_perception) by extensions ['ros']
[0.712s] Level 1:colcon.colcon_core.package_identification:_identify(src/rover_perception) by extension 'ros'
[0.713s] DEBUG:colcon.colcon_core.package_identification:Package 'src/rover_perception' with type 'ros.ament_python' and name 'rover_perception'
[0.713s] Level 1:colcon.colcon_core.package_identification:_identify(src/rover_simulation) by extensions ['ignore', 'ignore_ament_install']
[0.713s] Level 1:colcon.colcon_core.package_identification:_identify(src/rover_simulation) by extension 'ignore'
[0.713s] Level 1:colcon.colcon_core.package_identification:_identify(src/rover_simulation) by extension 'ignore_ament_install'
[0.713s] Level 1:colcon.colcon_core.package_identification:_identify(src/rover_simulation) by extensions ['colcon_pkg']
[0.713s] Level 1:colcon.colcon_core.package_identification:_identify(src/rover_simulation) by extension 'colcon_pkg'
[0.713s] Level 1:colcon.colcon_core.package_identification:_identify(src/rover_simulation) by extensions ['colcon_meta']
[0.714s] Level 1:colcon.colcon_core.package_identification:_identify(src/rover_simulation) by extension 'colcon_meta'
[0.714s] Level 1:colcon.colcon_core.package_identification:_identify(src/rover_simulation) by extensions ['ros']
[0.714s] Level 1:colcon.colcon_core.package_identification:_identify(src/rover_simulation) by extension 'ros'
[0.715s] DEBUG:colcon.colcon_core.package_identification:Package 'src/rover_simulation' with type 'ros.ament_python' and name 'rover_simulation'
[0.715s] Level 1:colcon.colcon_core.package_identification:_identify(src/rover_state) by extensions ['ignore', 'ignore_ament_install']
[0.715s] Level 1:colcon.colcon_core.package_identification:_identify(src/rover_state) by extension 'ignore'
[0.715s] Level 1:colcon.colcon_core.package_identification:_identify(src/rover_state) by extension 'ignore_ament_install'
[0.715s] Level 1:colcon.colcon_core.package_identification:_identify(src/rover_state) by extensions ['colcon_pkg']
[0.715s] Level 1:colcon.colcon_core.package_identification:_identify(src/rover_state) by extension 'colcon_pkg'
[0.716s] Level 1:colcon.colcon_core.package_identification:_identify(src/rover_state) by extensions ['colcon_meta']
[0.716s] Level 1:colcon.colcon_core.package_identification:_identify(src/rover_state) by extension 'colcon_meta'
[0.716s] Level 1:colcon.colcon_core.package_identification:_identify(src/rover_state) by extensions ['ros']
[0.716s] Level 1:colcon.colcon_core.package_identification:_identify(src/rover_state) by extension 'ros'
[0.717s] DEBUG:colcon.colcon_core.package_identification:Package 'src/rover_state' with type 'ros.ament_python' and name 'rover_state'
[0.717s] Level 1:colcon.colcon_core.package_identification:_identify(src/rover_utils) by extensions ['ignore', 'ignore_ament_install']
[0.717s] Level 1:colcon.colcon_core.package_identification:_identify(src/rover_utils) by extension 'ignore'
[0.717s] Level 1:colcon.colcon_core.package_identification:_identify(src/rover_utils) by extension 'ignore_ament_install'
[0.717s] Level 1:colcon.colcon_core.package_identification:_identify(src/rover_utils) by extensions ['colcon_pkg']
[0.717s] Level 1:colcon.colcon_core.package_identification:_identify(src/rover_utils) by extension 'colcon_pkg'
[0.717s] Level 1:colcon.colcon_core.package_identification:_identify(src/rover_utils) by extensions ['colcon_meta']
[0.717s] Level 1:colcon.colcon_core.package_identification:_identify(src/rover_utils) by extension 'colcon_meta'
[0.717s] Level 1:colcon.colcon_core.package_identification:_identify(src/rover_utils) by extensions ['ros']
[0.718s] Level 1:colcon.colcon_core.package_identification:_identify(src/rover_utils) by extension 'ros'
[0.718s] DEBUG:colcon.colcon_core.package_identification:Package 'src/rover_utils' with type 'ros.ament_python' and name 'rover_utils'
[0.718s] Level 1:colcon.colcon_core.package_identification:_identify(src/rover_visualization) by extensions ['ignore', 'ignore_ament_install']
[0.719s] Level 1:colcon.colcon_core.package_identification:_identify(src/rover_visualization) by extension 'ignore'
[0.719s] Level 1:colcon.colcon_core.package_identification:_identify(src/rover_visualization) by extension 'ignore_ament_install'
[0.719s] Level 1:colcon.colcon_core.package_identification:_identify(src/rover_visualization) by extensions ['colcon_pkg']
[0.719s] Level 1:colcon.colcon_core.package_identification:_identify(src/rover_visualization) by extension 'colcon_pkg'
[0.719s] Level 1:colcon.colcon_core.package_identification:_identify(src/rover_visualization) by extensions ['colcon_meta']
[0.719s] Level 1:colcon.colcon_core.package_identification:_identify(src/rover_visualization) by extension 'colcon_meta'
[0.719s] Level 1:colcon.colcon_core.package_identification:_identify(src/rover_visualization) by extensions ['ros']
[0.719s] Level 1:colcon.colcon_core.package_identification:_identify(src/rover_visualization) by extension 'ros'
[0.720s] DEBUG:colcon.colcon_core.package_identification:Package 'src/rover_visualization' with type 'ros.ament_python' and name 'rover_visualization'
[0.720s] Level 1:colcon.colcon_core.package_discovery:discover_packages(recursive) using defaults
[0.720s] Level 1:colcon.colcon_core.package_discovery:discover_packages(ignore) discover
[0.720s] Level 1:colcon.colcon_core.package_discovery:discover_packages(ignore) using defaults
[0.720s] Level 1:colcon.colcon_core.package_discovery:discover_packages(path) discover
[0.720s] Level 1:colcon.colcon_core.package_discovery:discover_packages(path) using defaults
[0.759s] INFO:colcon.colcon_core.package_selection:Skipping not selected package 'rover_fsm' in 'src/rover_fsm'
[0.760s] INFO:colcon.colcon_core.package_selection:Skipping not selected package 'rover_perception' in 'src/rover_perception'
[0.760s] INFO:colcon.colcon_core.package_selection:Skipping not selected package 'rover_state' in 'src/rover_state'
[0.760s] INFO:colcon.colcon_core.package_selection:Skipping not selected package 'rover_utils' in 'src/rover_utils'
[0.760s] INFO:colcon.colcon_core.package_selection:Skipping not selected package 'rover_visualization' in 'src/rover_visualization'
[0.761s] Level 1:colcon.colcon_core.package_discovery:discover_packages(prefix_path) check parameters
[0.761s] Level 1:colcon.colcon_core.package_discovery:discover_packages(prefix_path) discover
[0.766s] DEBUG:colcon.colcon_installed_package_information.package_discovery:Found 12 installed packages in /home/andrei/project/strawberry_rover_ws/install
[0.768s] DEBUG:colcon.colcon_installed_package_information.package_discovery:Found 256 installed packages in /opt/ros/foxy
[0.813s] Level 1:colcon.colcon_core.package_discovery:discover_packages(prefix_path) using defaults
[0.920s] Level 5:colcon.colcon_core.verb:set package 'rover_description' build argument 'cmake_args' from command line to 'None'
[0.920s] Level 5:colcon.colcon_core.verb:set package 'rover_description' build argument 'cmake_target' from command line to 'None'
[0.920s] Level 5:colcon.colcon_core.verb:set package 'rover_description' build argument 'cmake_target_skip_unavailable' from command line to 'False'
[0.920s] Level 5:colcon.colcon_core.verb:set package 'rover_description' build argument 'cmake_clean_cache' from command line to 'False'
[0.920s] Level 5:colcon.colcon_core.verb:set package 'rover_description' build argument 'cmake_clean_first' from command line to 'False'
[0.920s] Level 5:colcon.colcon_core.verb:set package 'rover_description' build argument 'cmake_force_configure' from command line to 'False'
[0.920s] Level 5:colcon.colcon_core.verb:set package 'rover_description' build argument 'ament_cmake_args' from command line to 'None'
[0.921s] Level 5:colcon.colcon_core.verb:set package 'rover_description' build argument 'catkin_cmake_args' from command line to 'None'
[0.921s] Level 5:colcon.colcon_core.verb:set package 'rover_description' build argument 'catkin_skip_building_tests' from command line to 'False'
[0.921s] DEBUG:colcon.colcon_core.verb:Building package 'rover_description' with the following arguments: {'ament_cmake_args': None, 'build_base': '/home/andrei/project/strawberry_rover_ws/build/rover_description', 'catkin_cmake_args': None, 'catkin_skip_building_tests': False, 'cmake_args': None, 'cmake_clean_cache': False, 'cmake_clean_first': False, 'cmake_force_configure': False, 'cmake_target': None, 'cmake_target_skip_unavailable': False, 'install_base': '/home/andrei/project/strawberry_rover_ws/install/rover_description', 'merge_install': False, 'path': '/home/andrei/project/strawberry_rover_ws/src/rover_description', 'symlink_install': False, 'test_result_base': None}
[0.921s] Level 5:colcon.colcon_core.verb:set package 'rover_fake_camera' build argument 'cmake_args' from command line to 'None'
[0.921s] Level 5:colcon.colcon_core.verb:set package 'rover_fake_camera' build argument 'cmake_target' from command line to 'None'
[0.922s] Level 5:colcon.colcon_core.verb:set package 'rover_fake_camera' build argument 'cmake_target_skip_unavailable' from command line to 'False'
[0.922s] Level 5:colcon.colcon_core.verb:set package 'rover_fake_camera' build argument 'cmake_clean_cache' from command line to 'False'
[0.922s] Level 5:colcon.colcon_core.verb:set package 'rover_fake_camera' build argument 'cmake_clean_first' from command line to 'False'
[0.922s] Level 5:colcon.colcon_core.verb:set package 'rover_fake_camera' build argument 'cmake_force_configure' from command line to 'False'
[0.922s] Level 5:colcon.colcon_core.verb:set package 'rover_fake_camera' build argument 'ament_cmake_args' from command line to 'None'
[0.922s] Level 5:colcon.colcon_core.verb:set package 'rover_fake_camera' build argument 'catkin_cmake_args' from command line to 'None'
[0.922s] Level 5:colcon.colcon_core.verb:set package 'rover_fake_camera' build argument 'catkin_skip_building_tests' from command line to 'False'
[0.922s] DEBUG:colcon.colcon_core.verb:Building package 'rover_fake_camera' with the following arguments: {'ament_cmake_args': None, 'build_base': '/home/andrei/project/strawberry_rover_ws/build/rover_fake_camera', 'catkin_cmake_args': None, 'catkin_skip_building_tests': False, 'cmake_args': None, 'cmake_clean_cache': False, 'cmake_clean_first': False, 'cmake_force_configure': False, 'cmake_target': None, 'cmake_target_skip_unavailable': False, 'install_base': '/home/andrei/project/strawberry_rover_ws/install/rover_fake_camera', 'merge_install': False, 'path': '/home/andrei/project/strawberry_rover_ws/src/rover_fake_camera', 'symlink_install': False, 'test_result_base': None}
[0.922s] Level 5:colcon.colcon_core.verb:set package 'rover_fake_lidar' build argument 'cmake_args' from command line to 'None'
[0.923s] Level 5:colcon.colcon_core.verb:set package 'rover_fake_lidar' build argument 'cmake_target' from command line to 'None'
[0.923s] Level 5:colcon.colcon_core.verb:set package 'rover_fake_lidar' build argument 'cmake_target_skip_unavailable' from command line to 'False'
[0.923s] Level 5:colcon.colcon_core.verb:set package 'rover_fake_lidar' build argument 'cmake_clean_cache' from command line to 'False'
[0.923s] Level 5:colcon.colcon_core.verb:set package 'rover_fake_lidar' build argument 'cmake_clean_first' from command line to 'False'
[0.923s] Level 5:colcon.colcon_core.verb:set package 'rover_fake_lidar' build argument 'cmake_force_configure' from command line to 'False'
[0.923s] Level 5:colcon.colcon_core.verb:set package 'rover_fake_lidar' build argument 'ament_cmake_args' from command line to 'None'
[0.923s] Level 5:colcon.colcon_core.verb:set package 'rover_fake_lidar' build argument 'catkin_cmake_args' from command line to 'None'
[0.923s] Level 5:colcon.colcon_core.verb:set package 'rover_fake_lidar' build argument 'catkin_skip_building_tests' from command line to 'False'
[0.923s] DEBUG:colcon.colcon_core.verb:Building package 'rover_fake_lidar' with the following arguments: {'ament_cmake_args': None, 'build_base': '/home/andrei/project/strawberry_rover_ws/build/rover_fake_lidar', 'catkin_cmake_args': None, 'catkin_skip_building_tests': False, 'cmake_args': None, 'cmake_clean_cache': False, 'cmake_clean_first': False, 'cmake_force_configure': False, 'cmake_target': None, 'cmake_target_skip_unavailable': False, 'install_base': '/home/andrei/project/strawberry_rover_ws/install/rover_fake_lidar', 'merge_install': False, 'path': '/home/andrei/project/strawberry_rover_ws/src/rover_fake_lidar', 'symlink_install': False, 'test_result_base': None}
[0.924s] Level 5:colcon.colcon_core.verb:set package 'rover_fake_stereo' build argument 'cmake_args' from command line to 'None'
[0.924s] Level 5:colcon.colcon_core.verb:set package 'rover_fake_stereo' build argument 'cmake_target' from command line to 'None'
[0.924s] Level 5:colcon.colcon_core.verb:set package 'rover_fake_stereo' build argument 'cmake_target_skip_unavailable' from command line to 'False'
[0.924s] Level 5:colcon.colcon_core.verb:set package 'rover_fake_stereo' build argument 'cmake_clean_cache' from command line to 'False'
[0.924s] Level 5:colcon.colcon_core.verb:set package 'rover_fake_stereo' build argument 'cmake_clean_first' from command line to 'False'
[0.924s] Level 5:colcon.colcon_core.verb:set package 'rover_fake_stereo' build argument 'cmake_force_configure' from command line to 'False'
[0.924s] Level 5:colcon.colcon_core.verb:set package 'rover_fake_stereo' build argument 'ament_cmake_args' from command line to 'None'
[0.924s] Level 5:colcon.colcon_core.verb:set package 'rover_fake_stereo' build argument 'catkin_cmake_args' from command line to 'None'
[0.924s] Level 5:colcon.colcon_core.verb:set package 'rover_fake_stereo' build argument 'catkin_skip_building_tests' from command line to 'False'
[0.924s] DEBUG:colcon.colcon_core.verb:Building package 'rover_fake_stereo' with the following arguments: {'ament_cmake_args': None, 'build_base': '/home/andrei/project/strawberry_rover_ws/build/rover_fake_stereo', 'catkin_cmake_args': None, 'catkin_skip_building_tests': False, 'cmake_args': None, 'cmake_clean_cache': False, 'cmake_clean_first': False, 'cmake_force_configure': False, 'cmake_target': None, 'cmake_target_skip_unavailable': False, 'install_base': '/home/andrei/project/strawberry_rover_ws/install/rover_fake_stereo', 'merge_install': False, 'path': '/home/andrei/project/strawberry_rover_ws/src/rover_fake_stereo', 'symlink_install': False, 'test_result_base': None}
[0.925s] Level 5:colcon.colcon_core.verb:set package 'rover_navigation' build argument 'cmake_args' from command line to 'None'
[0.925s] Level 5:colcon.colcon_core.verb:set package 'rover_navigation' build argument 'cmake_target' from command line to 'None'
[0.925s] Level 5:colcon.colcon_core.verb:set package 'rover_navigation' build argument 'cmake_target_skip_unavailable' from command line to 'False'
[0.925s] Level 5:colcon.colcon_core.verb:set package 'rover_navigation' build argument 'cmake_clean_cache' from command line to 'False'
[0.925s] Level 5:colcon.colcon_core.verb:set package 'rover_navigation' build argument 'cmake_clean_first' from command line to 'False'
[0.925s] Level 5:colcon.colcon_core.verb:set package 'rover_navigation' build argument 'cmake_force_configure' from command line to 'False'
[0.925s] Level 5:colcon.colcon_core.verb:set package 'rover_navigation' build argument 'ament_cmake_args' from command line to 'None'
[0.925s] Level 5:colcon.colcon_core.verb:set package 'rover_navigation' build argument 'catkin_cmake_args' from command line to 'None'
[0.925s] Level 5:colcon.colcon_core.verb:set package 'rover_navigation' build argument 'catkin_skip_building_tests' from command line to 'False'
[0.925s] DEBUG:colcon.colcon_core.verb:Building package 'rover_navigation' with the following arguments: {'ament_cmake_args': None, 'build_base': '/home/andrei/project/strawberry_rover_ws/build/rover_navigation', 'catkin_cmake_args': None, 'catkin_skip_building_tests': False, 'cmake_args': None, 'cmake_clean_cache': False, 'cmake_clean_first': False, 'cmake_force_configure': False, 'cmake_target': None, 'cmake_target_skip_unavailable': False, 'install_base': '/home/andrei/project/strawberry_rover_ws/install/rover_navigation', 'merge_install': False, 'path': '/home/andrei/project/strawberry_rover_ws/src/rover_navigation', 'symlink_install': False, 'test_result_base': None}
[0.926s] Level 5:colcon.colcon_core.verb:set package 'rover_simulation' build argument 'cmake_args' from command line to 'None'
[0.926s] Level 5:colcon.colcon_core.verb:set package 'rover_simulation' build argument 'cmake_target' from command line to 'None'
[0.926s] Level 5:colcon.colcon_core.verb:set package 'rover_simulation' build argument 'cmake_target_skip_unavailable' from command line to 'False'
[0.926s] Level 5:colcon.colcon_core.verb:set package 'rover_simulation' build argument 'cmake_clean_cache' from command line to 'False'
[0.926s] Level 5:colcon.colcon_core.verb:set package 'rover_simulation' build argument 'cmake_clean_first' from command line to 'False'
[0.926s] Level 5:colcon.colcon_core.verb:set package 'rover_simulation' build argument 'cmake_force_configure' from command line to 'False'
[0.926s] Level 5:colcon.colcon_core.verb:set package 'rover_simulation' build argument 'ament_cmake_args' from command line to 'None'
[0.926s] Level 5:colcon.colcon_core.verb:set package 'rover_simulation' build argument 'catkin_cmake_args' from command line to 'None'
[0.926s] Level 5:colcon.colcon_core.verb:set package 'rover_simulation' build argument 'catkin_skip_building_tests' from command line to 'False'
[0.926s] DEBUG:colcon.colcon_core.verb:Building package 'rover_simulation' with the following arguments: {'ament_cmake_args': None, 'build_base': '/home/andrei/project/strawberry_rover_ws/build/rover_simulation', 'catkin_cmake_args': None, 'catkin_skip_building_tests': False, 'cmake_args': None, 'cmake_clean_cache': False, 'cmake_clean_first': False, 'cmake_force_configure': False, 'cmake_target': None, 'cmake_target_skip_unavailable': False, 'install_base': '/home/andrei/project/strawberry_rover_ws/install/rover_simulation', 'merge_install': False, 'path': '/home/andrei/project/strawberry_rover_ws/src/rover_simulation', 'symlink_install': False, 'test_result_base': None}
[0.927s] Level 5:colcon.colcon_core.verb:set package 'rover_bringup' build argument 'cmake_args' from command line to 'None'
[0.927s] Level 5:colcon.colcon_core.verb:set package 'rover_bringup' build argument 'cmake_target' from command line to 'None'
[0.927s] Level 5:colcon.colcon_core.verb:set package 'rover_bringup' build argument 'cmake_target_skip_unavailable' from command line to 'False'
[0.927s] Level 5:colcon.colcon_core.verb:set package 'rover_bringup' build argument 'cmake_clean_cache' from command line to 'False'
[0.927s] Level 5:colcon.colcon_core.verb:set package 'rover_bringup' build argument 'cmake_clean_first' from command line to 'False'
[0.927s] Level 5:colcon.colcon_core.verb:set package 'rover_bringup' build argument 'cmake_force_configure' from command line to 'False'
[0.927s] Level 5:colcon.colcon_core.verb:set package 'rover_bringup' build argument 'ament_cmake_args' from command line to 'None'
[0.927s] Level 5:colcon.colcon_core.verb:set package 'rover_bringup' build argument 'catkin_cmake_args' from command line to 'None'
[0.927s] Level 5:colcon.colcon_core.verb:set package 'rover_bringup' build argument 'catkin_skip_building_tests' from command line to 'False'
[0.927s] DEBUG:colcon.colcon_core.verb:Building package 'rover_bringup' with the following arguments: {'ament_cmake_args': None, 'build_base': '/home/andrei/project/strawberry_rover_ws/build/rover_bringup', 'catkin_cmake_args': None, 'catkin_skip_building_tests': False, 'cmake_args': None, 'cmake_clean_cache': False, 'cmake_clean_first': False, 'cmake_force_configure': False, 'cmake_target': None, 'cmake_target_skip_unavailable': False, 'install_base': '/home/andrei/project/strawberry_rover_ws/install/rover_bringup', 'merge_install': False, 'path': '/home/andrei/project/strawberry_rover_ws/src/rover_bringup', 'symlink_install': False, 'test_result_base': None}
[0.927s] INFO:colcon.colcon_core.executor:Executing jobs using 'parallel' executor
[0.931s] DEBUG:colcon.colcon_parallel_executor.executor.parallel:run_until_complete
[0.931s] INFO:colcon.colcon_ros.task.ament_python.build:Building ROS package in '/home/andrei/project/strawberry_rover_ws/src/rover_description' with build type 'ament_python'
[0.932s] Level 1:colcon.colcon_core.shell:create_environment_hook('rover_description', 'ament_prefix_path')
[0.937s] INFO:colcon.colcon_core.plugin_system:Skipping extension 'colcon_core.shell.bat': Not used on non-Windows systems
[0.937s] INFO:colcon.colcon_core.shell:Creating environment hook '/home/andrei/project/strawberry_rover_ws/install/rover_description/share/rover_description/hook/ament_prefix_path.ps1'
[0.939s] INFO:colcon.colcon_core.shell:Creating environment descriptor '/home/andrei/project/strawberry_rover_ws/install/rover_description/share/rover_description/hook/ament_prefix_path.dsv'
[0.941s] INFO:colcon.colcon_core.shell:Creating environment hook '/home/andrei/project/strawberry_rover_ws/install/rover_description/share/rover_description/hook/ament_prefix_path.sh'
[0.944s] INFO:colcon.colcon_core.shell:Skip shell extension 'powershell' for command environment: Not usable outside of PowerShell
[0.944s] DEBUG:colcon.colcon_core.shell:Skip shell extension 'dsv' for command environment
[0.959s] INFO:colcon.colcon_ros.task.ament_python.build:Building ROS package in '/home/andrei/project/strawberry_rover_ws/src/rover_fake_camera' with build type 'ament_python'
[0.960s] Level 1:colcon.colcon_core.shell:create_environment_hook('rover_fake_camera', 'ament_prefix_path')
[0.961s] INFO:colcon.colcon_core.shell:Creating environment hook '/home/andrei/project/strawberry_rover_ws/install/rover_fake_camera/share/rover_fake_camera/hook/ament_prefix_path.ps1'
[0.964s] INFO:colcon.colcon_core.shell:Creating environment descriptor '/home/andrei/project/strawberry_rover_ws/install/rover_fake_camera/share/rover_fake_camera/hook/ament_prefix_path.dsv'
[0.967s] INFO:colcon.colcon_core.shell:Creating environment hook '/home/andrei/project/strawberry_rover_ws/install/rover_fake_camera/share/rover_fake_camera/hook/ament_prefix_path.sh'
[0.969s] INFO:colcon.colcon_core.shell:Skip shell extension 'powershell' for command environment: Not usable outside of PowerShell
[0.969s] DEBUG:colcon.colcon_core.shell:Skip shell extension 'dsv' for command environment
[0.982s] INFO:colcon.colcon_ros.task.ament_python.build:Building ROS package in '/home/andrei/project/strawberry_rover_ws/src/rover_fake_lidar' with build type 'ament_python'
[0.983s] Level 1:colcon.colcon_core.shell:create_environment_hook('rover_fake_lidar', 'ament_prefix_path')
[0.984s] INFO:colcon.colcon_core.shell:Creating environment hook '/home/andrei/project/strawberry_rover_ws/install/rover_fake_lidar/share/rover_fake_lidar/hook/ament_prefix_path.ps1'
[0.986s] INFO:colcon.colcon_core.shell:Creating environment descriptor '/home/andrei/project/strawberry_rover_ws/install/rover_fake_lidar/share/rover_fake_lidar/hook/ament_prefix_path.dsv'
[0.988s] INFO:colcon.colcon_core.shell:Creating environment hook '/home/andrei/project/strawberry_rover_ws/install/rover_fake_lidar/share/rover_fake_lidar/hook/ament_prefix_path.sh'
[0.990s] INFO:colcon.colcon_core.shell:Skip shell extension 'powershell' for command environment: Not usable outside of PowerShell
[0.990s] DEBUG:colcon.colcon_core.shell:Skip shell extension 'dsv' for command environment
[1.003s] INFO:colcon.colcon_ros.task.ament_python.build:Building ROS package in '/home/andrei/project/strawberry_rover_ws/src/rover_fake_stereo' with build type 'ament_python'
[1.004s] Level 1:colcon.colcon_core.shell:create_environment_hook('rover_fake_stereo', 'ament_prefix_path')
[1.005s] INFO:colcon.colcon_core.shell:Creating environment hook '/home/andrei/project/strawberry_rover_ws/install/rover_fake_stereo/share/rover_fake_stereo/hook/ament_prefix_path.ps1'
[1.007s] INFO:colcon.colcon_core.shell:Creating environment descriptor '/home/andrei/project/strawberry_rover_ws/install/rover_fake_stereo/share/rover_fake_stereo/hook/ament_prefix_path.dsv'
[1.008s] INFO:colcon.colcon_core.shell:Creating environment hook '/home/andrei/project/strawberry_rover_ws/install/rover_fake_stereo/share/rover_fake_stereo/hook/ament_prefix_path.sh'
[1.009s] INFO:colcon.colcon_core.shell:Skip shell extension 'powershell' for command environment: Not usable outside of PowerShell
[1.010s] DEBUG:colcon.colcon_core.shell:Skip shell extension 'dsv' for command environment
[1.022s] INFO:colcon.colcon_ros.task.ament_python.build:Building ROS package in '/home/andrei/project/strawberry_rover_ws/src/rover_navigation' with build type 'ament_python'
[1.023s] Level 1:colcon.colcon_core.shell:create_environment_hook('rover_navigation', 'ament_prefix_path')
[1.024s] INFO:colcon.colcon_core.shell:Creating environment hook '/home/andrei/project/strawberry_rover_ws/install/rover_navigation/share/rover_navigation/hook/ament_prefix_path.ps1'
[1.027s] INFO:colcon.colcon_core.shell:Creating environment descriptor '/home/andrei/project/strawberry_rover_ws/install/rover_navigation/share/rover_navigation/hook/ament_prefix_path.dsv'
[1.028s] INFO:colcon.colcon_core.shell:Creating environment hook '/home/andrei/project/strawberry_rover_ws/install/rover_navigation/share/rover_navigation/hook/ament_prefix_path.sh'
[1.029s] INFO:colcon.colcon_core.shell:Skip shell extension 'powershell' for command environment: Not usable outside of PowerShell
[1.029s] DEBUG:colcon.colcon_core.shell:Skip shell extension 'dsv' for command environment
[1.042s] INFO:colcon.colcon_ros.task.ament_python.build:Building ROS package in '/home/andrei/project/strawberry_rover_ws/src/rover_simulation' with build type 'ament_python'
[1.043s] Level 1:colcon.colcon_core.shell:create_environment_hook('rover_simulation', 'ament_prefix_path')
[1.044s] INFO:colcon.colcon_core.shell:Creating environment hook '/home/andrei/project/strawberry_rover_ws/install/rover_simulation/share/rover_simulation/hook/ament_prefix_path.ps1'
[1.046s] INFO:colcon.colcon_core.shell:Creating environment descriptor '/home/andrei/project/strawberry_rover_ws/install/rover_simulation/share/rover_simulation/hook/ament_prefix_path.dsv'
[1.047s] INFO:colcon.colcon_core.shell:Creating environment hook '/home/andrei/project/strawberry_rover_ws/install/rover_simulation/share/rover_simulation/hook/ament_prefix_path.sh'
[1.048s] INFO:colcon.colcon_core.shell:Skip shell extension 'powershell' for command environment: Not usable outside of PowerShell
[1.048s] DEBUG:colcon.colcon_core.shell:Skip shell extension 'dsv' for command environment
[1.535s] INFO:colcon.colcon_core.task.python.build:Building Python package in '/home/andrei/project/strawberry_rover_ws/src/rover_description'
[1.537s] INFO:colcon.colcon_core.shell:Skip shell extension 'powershell' for command environment: Not usable outside of PowerShell
[1.537s] DEBUG:colcon.colcon_core.shell:Skip shell extension 'dsv' for command environment
[2.029s] INFO:colcon.colcon_core.task.python.build:Building Python package in '/home/andrei/project/strawberry_rover_ws/src/rover_fake_camera'
[2.031s] INFO:colcon.colcon_core.shell:Skip shell extension 'powershell' for command environment: Not usable outside of PowerShell
[2.031s] DEBUG:colcon.colcon_core.shell:Skip shell extension 'dsv' for command environment
[2.507s] INFO:colcon.colcon_core.task.python.build:Building Python package in '/home/andrei/project/strawberry_rover_ws/src/rover_fake_lidar'
[2.509s] INFO:colcon.colcon_core.shell:Skip shell extension 'powershell' for command environment: Not usable outside of PowerShell
[2.509s] DEBUG:colcon.colcon_core.shell:Skip shell extension 'dsv' for command environment
[3.009s] INFO:colcon.colcon_core.task.python.build:Building Python package in '/home/andrei/project/strawberry_rover_ws/src/rover_fake_stereo'
[3.012s] INFO:colcon.colcon_core.shell:Skip shell extension 'powershell' for command environment: Not usable outside of PowerShell
[3.012s] DEBUG:colcon.colcon_core.shell:Skip shell extension 'dsv' for command environment
[3.524s] INFO:colcon.colcon_core.task.python.build:Building Python package in '/home/andrei/project/strawberry_rover_ws/src/rover_navigation'
[3.526s] INFO:colcon.colcon_core.shell:Skip shell extension 'powershell' for command environment: Not usable outside of PowerShell
[3.527s] DEBUG:colcon.colcon_core.shell:Skip shell extension 'dsv' for command environment
[4.021s] INFO:colcon.colcon_core.task.python.build:Building Python package in '/home/andrei/project/strawberry_rover_ws/src/rover_simulation'
[4.023s] INFO:colcon.colcon_core.shell:Skip shell extension 'powershell' for command environment: Not usable outside of PowerShell
[4.024s] DEBUG:colcon.colcon_core.shell:Skip shell extension 'dsv' for command environment
[5.123s] DEBUG:colcon.colcon_core.event_handler.log_command:Invoking command in '/home/andrei/project/strawberry_rover_ws/src/rover_description': PYTHONPATH=/home/andrei/project/strawberry_rover_ws/build/rover_description/prefix_override:/usr/lib/python3/dist-packages/colcon_core/task/python/colcon_distutils_commands:/home/andrei/project/strawberry_rover_ws/install/rover_description/lib/python3.8/site-packages:${PYTHONPATH} /usr/bin/python3 -W ignore:setup.py install is deprecated -W ignore:easy_install command is deprecated setup.py egg_info --egg-base ../../build/rover_description build --build-base /home/andrei/project/strawberry_rover_ws/build/rover_description/build install --record /home/andrei/project/strawberry_rover_ws/build/rover_description/install.log --single-version-externally-managed install_data
[5.141s] DEBUG:colcon.colcon_core.event_handler.log_command:Invoking command in '/home/andrei/project/strawberry_rover_ws/src/rover_fake_camera': PYTHONPATH=/home/andrei/project/strawberry_rover_ws/build/rover_fake_camera/prefix_override:/usr/lib/python3/dist-packages/colcon_core/task/python/colcon_distutils_commands:/home/andrei/project/strawberry_rover_ws/install/rover_fake_camera/lib/python3.8/site-packages:${PYTHONPATH} /usr/bin/python3 -W ignore:setup.py install is deprecated -W ignore:easy_install command is deprecated setup.py egg_info --egg-base ../../build/rover_fake_camera build --build-base /home/andrei/project/strawberry_rover_ws/build/rover_fake_camera/build install --record /home/andrei/project/strawberry_rover_ws/build/rover_fake_camera/install.log --single-version-externally-managed install_data
[5.164s] DEBUG:colcon.colcon_core.event_handler.log_command:Invoking command in '/home/andrei/project/strawberry_rover_ws/src/rover_fake_lidar': PYTHONPATH=/home/andrei/project/strawberry_rover_ws/build/rover_fake_lidar/prefix_override:/usr/lib/python3/dist-packages/colcon_core/task/python/colcon_distutils_commands:/home/andrei/project/strawberry_rover_ws/install/rover_fake_lidar/lib/python3.8/site-packages:${PYTHONPATH} /usr/bin/python3 -W ignore:setup.py install is deprecated -W ignore:easy_install command is deprecated setup.py egg_info --egg-base ../../build/rover_fake_lidar build --build-base /home/andrei/project/strawberry_rover_ws/build/rover_fake_lidar/build install --record /home/andrei/project/strawberry_rover_ws/build/rover_fake_lidar/install.log --single-version-externally-managed install_data
[5.183s] DEBUG:colcon.colcon_core.event_handler.log_command:Invoking command in '/home/andrei/project/strawberry_rover_ws/src/rover_fake_stereo': PYTHONPATH=/home/andrei/project/strawberry_rover_ws/build/rover_fake_stereo/prefix_override:/usr/lib/python3/dist-packages/colcon_core/task/python/colcon_distutils_commands:/home/andrei/project/strawberry_rover_ws/install/rover_fake_stereo/lib/python3.8/site-packages:${PYTHONPATH} /usr/bin/python3 -W ignore:setup.py install is deprecated -W ignore:easy_install command is deprecated setup.py egg_info --egg-base ../../build/rover_fake_stereo build --build-base /home/andrei/project/strawberry_rover_ws/build/rover_fake_stereo/build install --record /home/andrei/project/strawberry_rover_ws/build/rover_fake_stereo/install.log --single-version-externally-managed install_data
[5.198s] DEBUG:colcon.colcon_core.event_handler.log_command:Invoking command in '/home/andrei/project/strawberry_rover_ws/src/rover_navigation': PYTHONPATH=/home/andrei/project/strawberry_rover_ws/build/rover_navigation/prefix_override:/usr/lib/python3/dist-packages/colcon_core/task/python/colcon_distutils_commands:/home/andrei/project/strawberry_rover_ws/install/rover_navigation/lib/python3.8/site-packages:${PYTHONPATH} /usr/bin/python3 -W ignore:setup.py install is deprecated -W ignore:easy_install command is deprecated setup.py egg_info --egg-base ../../build/rover_navigation build --build-base /home/andrei/project/strawberry_rover_ws/build/rover_navigation/build install --record /home/andrei/project/strawberry_rover_ws/build/rover_navigation/install.log --single-version-externally-managed install_data
[5.211s] DEBUG:colcon.colcon_core.event_handler.log_command:Invoking command in '/home/andrei/project/strawberry_rover_ws/src/rover_simulation': PYTHONPATH=/home/andrei/project/strawberry_rover_ws/build/rover_simulation/prefix_override:/usr/lib/python3/dist-packages/colcon_core/task/python/colcon_distutils_commands:/home/andrei/project/strawberry_rover_ws/install/rover_simulation/lib/python3.8/site-packages:${PYTHONPATH} /usr/bin/python3 -W ignore:setup.py install is deprecated -W ignore:easy_install command is deprecated setup.py egg_info --egg-base ../../build/rover_simulation build --build-base /home/andrei/project/strawberry_rover_ws/build/rover_simulation/build install --record /home/andrei/project/strawberry_rover_ws/build/rover_simulation/install.log --single-version-externally-managed install_data
[5.925s] DEBUG:colcon.colcon_core.event_handler.log_command:Invoked command in '/home/andrei/project/strawberry_rover_ws/src/rover_description' returned '0': PYTHONPATH=/home/andrei/project/strawberry_rover_ws/build/rover_description/prefix_override:/usr/lib/python3/dist-packages/colcon_core/task/python/colcon_distutils_commands:/home/andrei/project/strawberry_rover_ws/install/rover_description/lib/python3.8/site-packages:${PYTHONPATH} /usr/bin/python3 -W ignore:setup.py install is deprecated -W ignore:easy_install command is deprecated setup.py egg_info --egg-base ../../build/rover_description build --build-base /home/andrei/project/strawberry_rover_ws/build/rover_description/build install --record /home/andrei/project/strawberry_rover_ws/build/rover_description/install.log --single-version-externally-managed install_data
[5.936s] Level 1:colcon.colcon_core.environment:checking '/home/andrei/project/strawberry_rover_ws/install/rover_description' for CMake module files
[5.937s] Level 1:colcon.colcon_core.environment:checking '/home/andrei/project/strawberry_rover_ws/install/rover_description' for CMake config files
[5.940s] Level 1:colcon.colcon_core.environment:checking '/home/andrei/project/strawberry_rover_ws/install/rover_description/lib'
[5.940s] Level 1:colcon.colcon_core.environment:checking '/home/andrei/project/strawberry_rover_ws/install/rover_description/bin'
[5.941s] Level 1:colcon.colcon_core.environment:checking '/home/andrei/project/strawberry_rover_ws/install/rover_description/lib/pkgconfig/rover_description.pc'
[5.941s] Level 1:colcon.colcon_core.environment:checking '/home/andrei/project/strawberry_rover_ws/install/rover_description/lib/python3.8/site-packages'
[5.942s] Level 1:colcon.colcon_core.shell:create_environment_hook('rover_description', 'pythonpath')
[5.942s] INFO:colcon.colcon_core.shell:Creating environment hook '/home/andrei/project/strawberry_rover_ws/install/rover_description/share/rover_description/hook/pythonpath.ps1'
[5.945s] INFO:colcon.colcon_core.shell:Creating environment descriptor '/home/andrei/project/strawberry_rover_ws/install/rover_description/share/rover_description/hook/pythonpath.dsv'
[5.951s] INFO:colcon.colcon_core.shell:Creating environment hook '/home/andrei/project/strawberry_rover_ws/install/rover_description/share/rover_description/hook/pythonpath.sh'
[5.954s] Level 1:colcon.colcon_core.environment:checking '/home/andrei/project/strawberry_rover_ws/install/rover_description/bin'
[5.954s] Level 1:colcon.colcon_core.environment:create_environment_scripts_only(rover_description)
[5.955s] INFO:colcon.colcon_core.shell:Creating package script '/home/andrei/project/strawberry_rover_ws/install/rover_description/share/rover_description/package.ps1'
[5.958s] INFO:colcon.colcon_core.shell:Creating package descriptor '/home/andrei/project/strawberry_rover_ws/install/rover_description/share/rover_description/package.dsv'
[5.960s] INFO:colcon.colcon_core.shell:Creating package script '/home/andrei/project/strawberry_rover_ws/install/rover_description/share/rover_description/package.sh'
[5.962s] INFO:colcon.colcon_core.shell:Creating package script '/home/andrei/project/strawberry_rover_ws/install/rover_description/share/rover_description/package.bash'
[5.964s] INFO:colcon.colcon_core.shell:Creating package script '/home/andrei/project/strawberry_rover_ws/install/rover_description/share/rover_description/package.zsh'
[5.965s] Level 1:colcon.colcon_core.environment:create_file_with_runtime_dependencies(/home/andrei/project/strawberry_rover_ws/install/rover_description/share/colcon-core/packages/rover_description)
[5.970s] Level 1:colcon.colcon_core.environment:checking '/home/andrei/project/strawberry_rover_ws/install/rover_fake_camera' for CMake module files
[5.972s] DEBUG:colcon.colcon_core.event_handler.log_command:Invoked command in '/home/andrei/project/strawberry_rover_ws/src/rover_fake_camera' returned '0': PYTHONPATH=/home/andrei/project/strawberry_rover_ws/build/rover_fake_camera/prefix_override:/usr/lib/python3/dist-packages/colcon_core/task/python/colcon_distutils_commands:/home/andrei/project/strawberry_rover_ws/install/rover_fake_camera/lib/python3.8/site-packages:${PYTHONPATH} /usr/bin/python3 -W ignore:setup.py install is deprecated -W ignore:easy_install command is deprecated setup.py egg_info --egg-base ../../build/rover_fake_camera build --build-base /home/andrei/project/strawberry_rover_ws/build/rover_fake_camera/build install --record /home/andrei/project/strawberry_rover_ws/build/rover_fake_camera/install.log --single-version-externally-managed install_data
[5.972s] Level 1:colcon.colcon_core.environment:checking '/home/andrei/project/strawberry_rover_ws/install/rover_fake_camera' for CMake config files
[5.974s] Level 1:colcon.colcon_core.environment:checking '/home/andrei/project/strawberry_rover_ws/install/rover_fake_camera/lib'
[5.974s] Level 1:colcon.colcon_core.environment:checking '/home/andrei/project/strawberry_rover_ws/install/rover_fake_camera/bin'
[5.974s] Level 1:colcon.colcon_core.environment:checking '/home/andrei/project/strawberry_rover_ws/install/rover_fake_camera/lib/pkgconfig/rover_fake_camera.pc'
[5.974s] Level 1:colcon.colcon_core.environment:checking '/home/andrei/project/strawberry_rover_ws/install/rover_fake_camera/lib/python3.8/site-packages'
[5.975s] Level 1:colcon.colcon_core.shell:create_environment_hook('rover_fake_camera', 'pythonpath')
[5.975s] INFO:colcon.colcon_core.shell:Creating environment hook '/home/andrei/project/strawberry_rover_ws/install/rover_fake_camera/share/rover_fake_camera/hook/pythonpath.ps1'
[5.976s] INFO:colcon.colcon_core.shell:Creating environment descriptor '/home/andrei/project/strawberry_rover_ws/install/rover_fake_camera/share/rover_fake_camera/hook/pythonpath.dsv'
[5.977s] INFO:colcon.colcon_core.shell:Creating environment hook '/home/andrei/project/strawberry_rover_ws/install/rover_fake_camera/share/rover_fake_camera/hook/pythonpath.sh'
[5.979s] Level 1:colcon.colcon_core.environment:checking '/home/andrei/project/strawberry_rover_ws/install/rover_fake_camera/bin'
[5.979s] Level 1:colcon.colcon_core.environment:create_environment_scripts_only(rover_fake_camera)
[5.979s] INFO:colcon.colcon_core.shell:Creating package script '/home/andrei/project/strawberry_rover_ws/install/rover_fake_camera/share/rover_fake_camera/package.ps1'
[5.981s] INFO:colcon.colcon_core.shell:Creating package descriptor '/home/andrei/project/strawberry_rover_ws/install/rover_fake_camera/share/rover_fake_camera/package.dsv'
[5.981s] INFO:colcon.colcon_core.shell:Creating package script '/home/andrei/project/strawberry_rover_ws/install/rover_fake_camera/share/rover_fake_camera/package.sh'
[5.982s] INFO:colcon.colcon_core.shell:Creating package script '/home/andrei/project/strawberry_rover_ws/install/rover_fake_camera/share/rover_fake_camera/package.bash'
[5.983s] INFO:colcon.colcon_core.shell:Creating package script '/home/andrei/project/strawberry_rover_ws/install/rover_fake_camera/share/rover_fake_camera/package.zsh'
[5.984s] Level 1:colcon.colcon_core.environment:create_file_with_runtime_dependencies(/home/andrei/project/strawberry_rover_ws/install/rover_fake_camera/share/colcon-core/packages/rover_fake_camera)
[5.987s] Level 1:colcon.colcon_core.environment:checking '/home/andrei/project/strawberry_rover_ws/install/rover_fake_stereo' for CMake module files
[5.989s] DEBUG:colcon.colcon_core.event_handler.log_command:Invoked command in '/home/andrei/project/strawberry_rover_ws/src/rover_fake_stereo' returned '0': PYTHONPATH=/home/andrei/project/strawberry_rover_ws/build/rover_fake_stereo/prefix_override:/usr/lib/python3/dist-packages/colcon_core/task/python/colcon_distutils_commands:/home/andrei/project/strawberry_rover_ws/install/rover_fake_stereo/lib/python3.8/site-packages:${PYTHONPATH} /usr/bin/python3 -W ignore:setup.py install is deprecated -W ignore:easy_install command is deprecated setup.py egg_info --egg-base ../../build/rover_fake_stereo build --build-base /home/andrei/project/strawberry_rover_ws/build/rover_fake_stereo/build install --record /home/andrei/project/strawberry_rover_ws/build/rover_fake_stereo/install.log --single-version-externally-managed install_data
[5.989s] Level 1:colcon.colcon_core.environment:checking '/home/andrei/project/strawberry_rover_ws/install/rover_fake_stereo' for CMake config files
[5.990s] Level 1:colcon.colcon_core.environment:checking '/home/andrei/project/strawberry_rover_ws/install/rover_fake_stereo/lib'
[5.990s] Level 1:colcon.colcon_core.environment:checking '/home/andrei/project/strawberry_rover_ws/install/rover_fake_stereo/bin'
[5.991s] Level 1:colcon.colcon_core.environment:checking '/home/andrei/project/strawberry_rover_ws/install/rover_fake_stereo/lib/pkgconfig/rover_fake_stereo.pc'
[5.991s] Level 1:colcon.colcon_core.environment:checking '/home/andrei/project/strawberry_rover_ws/install/rover_fake_stereo/lib/python3.8/site-packages'
[5.991s] Level 1:colcon.colcon_core.shell:create_environment_hook('rover_fake_stereo', 'pythonpath')
[5.992s] INFO:colcon.colcon_core.shell:Creating environment hook '/home/andrei/project/strawberry_rover_ws/install/rover_fake_stereo/share/rover_fake_stereo/hook/pythonpath.ps1'
[5.993s] INFO:colcon.colcon_core.shell:Creating environment descriptor '/home/andrei/project/strawberry_rover_ws/install/rover_fake_stereo/share/rover_fake_stereo/hook/pythonpath.dsv'
[5.994s] INFO:colcon.colcon_core.shell:Creating environment hook '/home/andrei/project/strawberry_rover_ws/install/rover_fake_stereo/share/rover_fake_stereo/hook/pythonpath.sh'
[5.995s] Level 1:colcon.colcon_core.environment:checking '/home/andrei/project/strawberry_rover_ws/install/rover_fake_stereo/bin'
[5.995s] Level 1:colcon.colcon_core.environment:create_environment_scripts_only(rover_fake_stereo)
[5.996s] INFO:colcon.colcon_core.shell:Creating package script '/home/andrei/project/strawberry_rover_ws/install/rover_fake_stereo/share/rover_fake_stereo/package.ps1'
[5.997s] INFO:colcon.colcon_core.shell:Creating package descriptor '/home/andrei/project/strawberry_rover_ws/install/rover_fake_stereo/share/rover_fake_stereo/package.dsv'
[5.998s] INFO:colcon.colcon_core.shell:Creating package script '/home/andrei/project/strawberry_rover_ws/install/rover_fake_stereo/share/rover_fake_stereo/package.sh'
[5.999s] INFO:colcon.colcon_core.shell:Creating package script '/home/andrei/project/strawberry_rover_ws/install/rover_fake_stereo/share/rover_fake_stereo/package.bash'
[6.000s] INFO:colcon.colcon_core.shell:Creating package script '/home/andrei/project/strawberry_rover_ws/install/rover_fake_stereo/share/rover_fake_stereo/package.zsh'
[6.000s] Level 1:colcon.colcon_core.environment:create_file_with_runtime_dependencies(/home/andrei/project/strawberry_rover_ws/install/rover_fake_stereo/share/colcon-core/packages/rover_fake_stereo)
[6.002s] Level 1:colcon.colcon_core.environment:checking '/home/andrei/project/strawberry_rover_ws/install/rover_navigation' for CMake module files
[6.004s] DEBUG:colcon.colcon_core.event_handler.log_command:Invoked command in '/home/andrei/project/strawberry_rover_ws/src/rover_navigation' returned '0': PYTHONPATH=/home/andrei/project/strawberry_rover_ws/build/rover_navigation/prefix_override:/usr/lib/python3/dist-packages/colcon_core/task/python/colcon_distutils_commands:/home/andrei/project/strawberry_rover_ws/install/rover_navigation/lib/python3.8/site-packages:${PYTHONPATH} /usr/bin/python3 -W ignore:setup.py install is deprecated -W ignore:easy_install command is deprecated setup.py egg_info --egg-base ../../build/rover_navigation build --build-base /home/andrei/project/strawberry_rover_ws/build/rover_navigation/build install --record /home/andrei/project/strawberry_rover_ws/build/rover_navigation/install.log --single-version-externally-managed install_data
[6.004s] Level 1:colcon.colcon_core.environment:checking '/home/andrei/project/strawberry_rover_ws/install/rover_navigation' for CMake config files
[6.005s] Level 1:colcon.colcon_core.environment:checking '/home/andrei/project/strawberry_rover_ws/install/rover_navigation/lib'
[6.006s] Level 1:colcon.colcon_core.environment:checking '/home/andrei/project/strawberry_rover_ws/install/rover_navigation/bin'
[6.006s] Level 1:colcon.colcon_core.environment:checking '/home/andrei/project/strawberry_rover_ws/install/rover_navigation/lib/pkgconfig/rover_navigation.pc'
[6.006s] Level 1:colcon.colcon_core.environment:checking '/home/andrei/project/strawberry_rover_ws/install/rover_navigation/lib/python3.8/site-packages'
[6.006s] Level 1:colcon.colcon_core.shell:create_environment_hook('rover_navigation', 'pythonpath')
[6.007s] INFO:colcon.colcon_core.shell:Creating environment hook '/home/andrei/project/strawberry_rover_ws/install/rover_navigation/share/rover_navigation/hook/pythonpath.ps1'
[6.008s] INFO:colcon.colcon_core.shell:Creating environment descriptor '/home/andrei/project/strawberry_rover_ws/install/rover_navigation/share/rover_navigation/hook/pythonpath.dsv'
[6.009s] INFO:colcon.colcon_core.shell:Creating environment hook '/home/andrei/project/strawberry_rover_ws/install/rover_navigation/share/rover_navigation/hook/pythonpath.sh'
[6.010s] Level 1:colcon.colcon_core.environment:checking '/home/andrei/project/strawberry_rover_ws/install/rover_navigation/bin'
[6.010s] Level 1:colcon.colcon_core.environment:create_environment_scripts_only(rover_navigation)
[6.011s] INFO:colcon.colcon_core.shell:Creating package script '/home/andrei/project/strawberry_rover_ws/install/rover_navigation/share/rover_navigation/package.ps1'
[6.012s] INFO:colcon.colcon_core.shell:Creating package descriptor '/home/andrei/project/strawberry_rover_ws/install/rover_navigation/share/rover_navigation/package.dsv'
[6.013s] INFO:colcon.colcon_core.shell:Creating package script '/home/andrei/project/strawberry_rover_ws/install/rover_navigation/share/rover_navigation/package.sh'
[6.014s] INFO:colcon.colcon_core.shell:Creating package script '/home/andrei/project/strawberry_rover_ws/install/rover_navigation/share/rover_navigation/package.bash'
[6.014s] INFO:colcon.colcon_core.shell:Creating package script '/home/andrei/project/strawberry_rover_ws/install/rover_navigation/share/rover_navigation/package.zsh'
[6.015s] Level 1:colcon.colcon_core.environment:create_file_with_runtime_dependencies(/home/andrei/project/strawberry_rover_ws/install/rover_navigation/share/colcon-core/packages/rover_navigation)
[6.017s] Level 1:colcon.colcon_core.environment:checking '/home/andrei/project/strawberry_rover_ws/install/rover_fake_lidar' for CMake module files
[6.019s] DEBUG:colcon.colcon_core.event_handler.log_command:Invoked command in '/home/andrei/project/strawberry_rover_ws/src/rover_fake_lidar' returned '0': PYTHONPATH=/home/andrei/project/strawberry_rover_ws/build/rover_fake_lidar/prefix_override:/usr/lib/python3/dist-packages/colcon_core/task/python/colcon_distutils_commands:/home/andrei/project/strawberry_rover_ws/install/rover_fake_lidar/lib/python3.8/site-packages:${PYTHONPATH} /usr/bin/python3 -W ignore:setup.py install is deprecated -W ignore:easy_install command is deprecated setup.py egg_info --egg-base ../../build/rover_fake_lidar build --build-base /home/andrei/project/strawberry_rover_ws/build/rover_fake_lidar/build install --record /home/andrei/project/strawberry_rover_ws/build/rover_fake_lidar/install.log --single-version-externally-managed install_data
[6.019s] Level 1:colcon.colcon_core.environment:checking '/home/andrei/project/strawberry_rover_ws/install/rover_fake_lidar' for CMake config files
[6.020s] Level 1:colcon.colcon_core.environment:checking '/home/andrei/project/strawberry_rover_ws/install/rover_fake_lidar/lib'
[6.020s] Level 1:colcon.colcon_core.environment:checking '/home/andrei/project/strawberry_rover_ws/install/rover_fake_lidar/bin'
[6.021s] Level 1:colcon.colcon_core.environment:checking '/home/andrei/project/strawberry_rover_ws/install/rover_fake_lidar/lib/pkgconfig/rover_fake_lidar.pc'
[6.021s] Level 1:colcon.colcon_core.environment:checking '/home/andrei/project/strawberry_rover_ws/install/rover_fake_lidar/lib/python3.8/site-packages'
[6.021s] Level 1:colcon.colcon_core.shell:create_environment_hook('rover_fake_lidar', 'pythonpath')
[6.021s] INFO:colcon.colcon_core.shell:Creating environment hook '/home/andrei/project/strawberry_rover_ws/install/rover_fake_lidar/share/rover_fake_lidar/hook/pythonpath.ps1'
[6.022s] INFO:colcon.colcon_core.shell:Creating environment descriptor '/home/andrei/project/strawberry_rover_ws/install/rover_fake_lidar/share/rover_fake_lidar/hook/pythonpath.dsv'
[6.023s] INFO:colcon.colcon_core.shell:Creating environment hook '/home/andrei/project/strawberry_rover_ws/install/rover_fake_lidar/share/rover_fake_lidar/hook/pythonpath.sh'
[6.024s] Level 1:colcon.colcon_core.environment:checking '/home/andrei/project/strawberry_rover_ws/install/rover_fake_lidar/bin'
[6.024s] Level 1:colcon.colcon_core.environment:create_environment_scripts_only(rover_fake_lidar)
[6.025s] INFO:colcon.colcon_core.shell:Creating package script '/home/andrei/project/strawberry_rover_ws/install/rover_fake_lidar/share/rover_fake_lidar/package.ps1'
[6.026s] INFO:colcon.colcon_core.shell:Creating package descriptor '/home/andrei/project/strawberry_rover_ws/install/rover_fake_lidar/share/rover_fake_lidar/package.dsv'
[6.027s] INFO:colcon.colcon_core.shell:Creating package script '/home/andrei/project/strawberry_rover_ws/install/rover_fake_lidar/share/rover_fake_lidar/package.sh'
[6.028s] INFO:colcon.colcon_core.shell:Creating package script '/home/andrei/project/strawberry_rover_ws/install/rover_fake_lidar/share/rover_fake_lidar/package.bash'
[6.028s] INFO:colcon.colcon_core.shell:Creating package script '/home/andrei/project/strawberry_rover_ws/install/rover_fake_lidar/share/rover_fake_lidar/package.zsh'
[6.029s] Level 1:colcon.colcon_core.environment:create_file_with_runtime_dependencies(/home/andrei/project/strawberry_rover_ws/install/rover_fake_lidar/share/colcon-core/packages/rover_fake_lidar)
[6.032s] Level 1:colcon.colcon_core.environment:checking '/home/andrei/project/strawberry_rover_ws/install/rover_simulation' for CMake module files
[6.034s] DEBUG:colcon.colcon_core.event_handler.log_command:Invoked command in '/home/andrei/project/strawberry_rover_ws/src/rover_simulation' returned '0': PYTHONPATH=/home/andrei/project/strawberry_rover_ws/build/rover_simulation/prefix_override:/usr/lib/python3/dist-packages/colcon_core/task/python/colcon_distutils_commands:/home/andrei/project/strawberry_rover_ws/install/rover_simulation/lib/python3.8/site-packages:${PYTHONPATH} /usr/bin/python3 -W ignore:setup.py install is deprecated -W ignore:easy_install command is deprecated setup.py egg_info --egg-base ../../build/rover_simulation build --build-base /home/andrei/project/strawberry_rover_ws/build/rover_simulation/build install --record /home/andrei/project/strawberry_rover_ws/build/rover_simulation/install.log --single-version-externally-managed install_data
[6.034s] Level 1:colcon.colcon_core.environment:checking '/home/andrei/project/strawberry_rover_ws/install/rover_simulation' for CMake config files
[6.035s] Level 1:colcon.colcon_core.environment:checking '/home/andrei/project/strawberry_rover_ws/install/rover_simulation/lib'
[6.035s] Level 1:colcon.colcon_core.environment:checking '/home/andrei/project/strawberry_rover_ws/install/rover_simulation/bin'
[6.036s] Level 1:colcon.colcon_core.environment:checking '/home/andrei/project/strawberry_rover_ws/install/rover_simulation/lib/pkgconfig/rover_simulation.pc'
[6.036s] Level 1:colcon.colcon_core.environment:checking '/home/andrei/project/strawberry_rover_ws/install/rover_simulation/lib/python3.8/site-packages'
[6.036s] Level 1:colcon.colcon_core.shell:create_environment_hook('rover_simulation', 'pythonpath')
[6.036s] INFO:colcon.colcon_core.shell:Creating environment hook '/home/andrei/project/strawberry_rover_ws/install/rover_simulation/share/rover_simulation/hook/pythonpath.ps1'
[6.038s] INFO:colcon.colcon_core.shell:Creating environment descriptor '/home/andrei/project/strawberry_rover_ws/install/rover_simulation/share/rover_simulation/hook/pythonpath.dsv'
[6.038s] INFO:colcon.colcon_core.shell:Creating environment hook '/home/andrei/project/strawberry_rover_ws/install/rover_simulation/share/rover_simulation/hook/pythonpath.sh'
[6.039s] Level 1:colcon.colcon_core.environment:checking '/home/andrei/project/strawberry_rover_ws/install/rover_simulation/bin'
[6.040s] Level 1:colcon.colcon_core.environment:create_environment_scripts_only(rover_simulation)
[6.040s] INFO:colcon.colcon_core.shell:Creating package script '/home/andrei/project/strawberry_rover_ws/install/rover_simulation/share/rover_simulation/package.ps1'
[6.041s] INFO:colcon.colcon_core.shell:Creating package descriptor '/home/andrei/project/strawberry_rover_ws/install/rover_simulation/share/rover_simulation/package.dsv'
[6.042s] INFO:colcon.colcon_core.shell:Creating package script '/home/andrei/project/strawberry_rover_ws/install/rover_simulation/share/rover_simulation/package.sh'
[6.043s] INFO:colcon.colcon_core.shell:Creating package script '/home/andrei/project/strawberry_rover_ws/install/rover_simulation/share/rover_simulation/package.bash'
[6.044s] INFO:colcon.colcon_core.shell:Creating package script '/home/andrei/project/strawberry_rover_ws/install/rover_simulation/share/rover_simulation/package.zsh'
[6.044s] Level 1:colcon.colcon_core.environment:create_file_with_runtime_dependencies(/home/andrei/project/strawberry_rover_ws/install/rover_simulation/share/colcon-core/packages/rover_simulation)
[6.045s] INFO:colcon.colcon_ros.task.ament_python.build:Building ROS package in '/home/andrei/project/strawberry_rover_ws/src/rover_bringup' with build type 'ament_python'
[6.046s] Level 1:colcon.colcon_core.shell:create_environment_hook('rover_bringup', 'ament_prefix_path')
[6.046s] INFO:colcon.colcon_core.shell:Creating environment hook '/home/andrei/project/strawberry_rover_ws/install/rover_bringup/share/rover_bringup/hook/ament_prefix_path.ps1'
[6.047s] INFO:colcon.colcon_core.shell:Creating environment descriptor '/home/andrei/project/strawberry_rover_ws/install/rover_bringup/share/rover_bringup/hook/ament_prefix_path.dsv'
[6.050s] INFO:colcon.colcon_core.shell:Creating environment hook '/home/andrei/project/strawberry_rover_ws/install/rover_bringup/share/rover_bringup/hook/ament_prefix_path.sh'
[6.051s] INFO:colcon.colcon_core.shell:Skip shell extension 'powershell' for command environment: Not usable outside of PowerShell
[6.051s] DEBUG:colcon.colcon_core.shell:Skip shell extension 'dsv' for command environment
[6.557s] INFO:colcon.colcon_core.task.python.build:Building Python package in '/home/andrei/project/strawberry_rover_ws/src/rover_bringup'
[6.559s] INFO:colcon.colcon_core.shell:Skip shell extension 'powershell' for command environment: Not usable outside of PowerShell
[6.559s] DEBUG:colcon.colcon_core.shell:Skip shell extension 'dsv' for command environment
[7.466s] DEBUG:colcon.colcon_core.event_handler.log_command:Invoking command in '/home/andrei/project/strawberry_rover_ws/src/rover_bringup': AMENT_PREFIX_PATH=/home/andrei/project/strawberry_rover_ws/install/rover_simulation:/home/andrei/project/strawberry_rover_ws/install/rover_navigation:/home/andrei/project/strawberry_rover_ws/install/rover_fake_stereo:/home/andrei/project/strawberry_rover_ws/install/rover_fake_lidar:/home/andrei/project/strawberry_rover_ws/install/rover_fake_camera:/home/andrei/project/strawberry_rover_ws/install/rover_description:/home/andrei/project/strawberry_rover_ws/install/rover_visualization:/home/andrei/project/strawberry_rover_ws/install/rover_utils:/home/andrei/project/strawberry_rover_ws/install/rover_state:/home/andrei/project/strawberry_rover_ws/install/rover_bringup:/home/andrei/project/strawberry_rover_ws/install/rover_perception:/home/andrei/project/strawberry_rover_ws/install/rover_fsm:/opt/ros/foxy PYTHONPATH=/home/andrei/project/strawberry_rover_ws/build/rover_bringup/prefix_override:/usr/lib/python3/dist-packages/colcon_core/task/python/colcon_distutils_commands:/home/andrei/project/strawberry_rover_ws/install/rover_bringup/lib/python3.8/site-packages:/home/andrei/project/strawberry_rover_ws/install/rover_simulation/lib/python3.8/site-packages:/home/andrei/project/strawberry_rover_ws/install/rover_navigation/lib/python3.8/site-packages:/home/andrei/project/strawberry_rover_ws/install/rover_fake_stereo/lib/python3.8/site-packages:/home/andrei/project/strawberry_rover_ws/install/rover_fake_lidar/lib/python3.8/site-packages:/home/andrei/project/strawberry_rover_ws/install/rover_fake_camera/lib/python3.8/site-packages:/home/andrei/project/strawberry_rover_ws/install/rover_description/lib/python3.8/site-packages:/home/andrei/project/strawberry_rover_ws/install/rover_visualization/lib/python3.8/site-packages:/home/andrei/project/strawberry_rover_ws/install/rover_utils/lib/python3.8/site-packages:/home/andrei/project/strawberry_rover_ws/install/rover_state/lib/python3.8/site-packages:/home/andrei/project/strawberry_rover_ws/install/rover_bringup/lib/python3.8/site-packages:/home/andrei/project/strawberry_rover_ws/install/rover_perception/lib/python3.8/site-packages:/home/andrei/project/strawberry_rover_ws/install/rover_fsm/lib/python3.8/site-packages:/opt/ros/foxy/lib/python3.8/site-packages /usr/bin/python3 -W ignore:setup.py install is deprecated -W ignore:easy_install command is deprecated setup.py egg_info --egg-base ../../build/rover_bringup build --build-base /home/andrei/project/strawberry_rover_ws/build/rover_bringup/build install --record /home/andrei/project/strawberry_rover_ws/build/rover_bringup/install.log --single-version-externally-managed install_data
[8.074s] Level 1:colcon.colcon_core.environment:checking '/home/andrei/project/strawberry_rover_ws/install/rover_bringup' for CMake module files
[8.076s] DEBUG:colcon.colcon_core.event_handler.log_command:Invoked command in '/home/andrei/project/strawberry_rover_ws/src/rover_bringup' returned '0': AMENT_PREFIX_PATH=/home/andrei/project/strawberry_rover_ws/install/rover_simulation:/home/andrei/project/strawberry_rover_ws/install/rover_navigation:/home/andrei/project/strawberry_rover_ws/install/rover_fake_stereo:/home/andrei/project/strawberry_rover_ws/install/rover_fake_lidar:/home/andrei/project/strawberry_rover_ws/install/rover_fake_camera:/home/andrei/project/strawberry_rover_ws/install/rover_description:/home/andrei/project/strawberry_rover_ws/install/rover_visualization:/home/andrei/project/strawberry_rover_ws/install/rover_utils:/home/andrei/project/strawberry_rover_ws/install/rover_state:/home/andrei/project/strawberry_rover_ws/install/rover_bringup:/home/andrei/project/strawberry_rover_ws/install/rover_perception:/home/andrei/project/strawberry_rover_ws/install/rover_fsm:/opt/ros/foxy PYTHONPATH=/home/andrei/project/strawberry_rover_ws/build/rover_bringup/prefix_override:/usr/lib/python3/dist-packages/colcon_core/task/python/colcon_distutils_commands:/home/andrei/project/strawberry_rover_ws/install/rover_bringup/lib/python3.8/site-packages:/home/andrei/project/strawberry_rover_ws/install/rover_simulation/lib/python3.8/site-packages:/home/andrei/project/strawberry_rover_ws/install/rover_navigation/lib/python3.8/site-packages:/home/andrei/project/strawberry_rover_ws/install/rover_fake_stereo/lib/python3.8/site-packages:/home/andrei/project/strawberry_rover_ws/install/rover_fake_lidar/lib/python3.8/site-packages:/home/andrei/project/strawberry_rover_ws/install/rover_fake_camera/lib/python3.8/site-packages:/home/andrei/project/strawberry_rover_ws/install/rover_description/lib/python3.8/site-packages:/home/andrei/project/strawberry_rover_ws/install/rover_visualization/lib/python3.8/site-packages:/home/andrei/project/strawberry_rover_ws/install/rover_utils/lib/python3.8/site-packages:/home/andrei/project/strawberry_rover_ws/install/rover_state/lib/python3.8/site-packages:/home/andrei/project/strawberry_rover_ws/install/rover_bringup/lib/python3.8/site-packages:/home/andrei/project/strawberry_rover_ws/install/rover_perception/lib/python3.8/site-packages:/home/andrei/project/strawberry_rover_ws/install/rover_fsm/lib/python3.8/site-packages:/opt/ros/foxy/lib/python3.8/site-packages /usr/bin/python3 -W ignore:setup.py install is deprecated -W ignore:easy_install command is deprecated setup.py egg_info --egg-base ../../build/rover_bringup build --build-base /home/andrei/project/strawberry_rover_ws/build/rover_bringup/build install --record /home/andrei/project/strawberry_rover_ws/build/rover_bringup/install.log --single-version-externally-managed install_data
[8.078s] Level 1:colcon.colcon_core.environment:checking '/home/andrei/project/strawberry_rover_ws/install/rover_bringup' for CMake config files
[8.080s] Level 1:colcon.colcon_core.environment:checking '/home/andrei/project/strawberry_rover_ws/install/rover_bringup/lib'
[8.081s] Level 1:colcon.colcon_core.environment:checking '/home/andrei/project/strawberry_rover_ws/install/rover_bringup/bin'
[8.081s] Level 1:colcon.colcon_core.environment:checking '/home/andrei/project/strawberry_rover_ws/install/rover_bringup/lib/pkgconfig/rover_bringup.pc'
[8.082s] Level 1:colcon.colcon_core.environment:checking '/home/andrei/project/strawberry_rover_ws/install/rover_bringup/lib/python3.8/site-packages'
[8.082s] Level 1:colcon.colcon_core.shell:create_environment_hook('rover_bringup', 'pythonpath')
[8.083s] INFO:colcon.colcon_core.shell:Creating environment hook '/home/andrei/project/strawberry_rover_ws/install/rover_bringup/share/rover_bringup/hook/pythonpath.ps1'
[8.086s] INFO:colcon.colcon_core.shell:Creating environment descriptor '/home/andrei/project/strawberry_rover_ws/install/rover_bringup/share/rover_bringup/hook/pythonpath.dsv'
[8.089s] INFO:colcon.colcon_core.shell:Creating environment hook '/home/andrei/project/strawberry_rover_ws/install/rover_bringup/share/rover_bringup/hook/pythonpath.sh'
[8.091s] Level 1:colcon.colcon_core.environment:checking '/home/andrei/project/strawberry_rover_ws/install/rover_bringup/bin'
[8.091s] Level 1:colcon.colcon_core.environment:create_environment_scripts_only(rover_bringup)
[8.092s] INFO:colcon.colcon_core.shell:Creating package script '/home/andrei/project/strawberry_rover_ws/install/rover_bringup/share/rover_bringup/package.ps1'
[8.095s] INFO:colcon.colcon_core.shell:Creating package descriptor '/home/andrei/project/strawberry_rover_ws/install/rover_bringup/share/rover_bringup/package.dsv'
[8.097s] INFO:colcon.colcon_core.shell:Creating package script '/home/andrei/project/strawberry_rover_ws/install/rover_bringup/share/rover_bringup/package.sh'
[8.098s] INFO:colcon.colcon_core.shell:Creating package script '/home/andrei/project/strawberry_rover_ws/install/rover_bringup/share/rover_bringup/package.bash'
[8.100s] INFO:colcon.colcon_core.shell:Creating package script '/home/andrei/project/strawberry_rover_ws/install/rover_bringup/share/rover_bringup/package.zsh'
[8.102s] Level 1:colcon.colcon_core.environment:create_file_with_runtime_dependencies(/home/andrei/project/strawberry_rover_ws/install/rover_bringup/share/colcon-core/packages/rover_bringup)
[8.104s] DEBUG:colcon.colcon_parallel_executor.executor.parallel:closing loop
[8.106s] DEBUG:colcon.colcon_parallel_executor.executor.parallel:loop closed
[8.107s] DEBUG:colcon.colcon_parallel_executor.executor.parallel:run_until_complete finished with '0'
[8.107s] DEBUG:colcon.colcon_core.event_reactor:joining thread
[8.130s] INFO:colcon.colcon_core.plugin_system:Skipping extension 'colcon_notification.desktop_notification.terminal_notifier': Not used on non-Darwin systems
[8.131s] INFO:colcon.colcon_core.plugin_system:Skipping extension 'colcon_notification.desktop_notification.win32': Not used on non-Windows systems
[8.131s] INFO:colcon.colcon_notification.desktop_notification:Sending desktop notification using 'notify2'
[8.174s] DEBUG:colcon.colcon_core.event_reactor:joined thread
[8.176s] INFO:colcon.colcon_core.shell:Creating prefix script '/home/andrei/project/strawberry_rover_ws/install/local_setup.ps1'
[8.181s] INFO:colcon.colcon_core.shell:Creating prefix util module '/home/andrei/project/strawberry_rover_ws/install/_local_setup_util_ps1.py'
[8.188s] INFO:colcon.colcon_core.shell:Creating prefix chain script '/home/andrei/project/strawberry_rover_ws/install/setup.ps1'
[8.193s] INFO:colcon.colcon_core.shell:Creating prefix script '/home/andrei/project/strawberry_rover_ws/install/local_setup.sh'
[8.195s] INFO:colcon.colcon_core.shell:Creating prefix util module '/home/andrei/project/strawberry_rover_ws/install/_local_setup_util_sh.py'
[8.197s] INFO:colcon.colcon_core.shell:Creating prefix chain script '/home/andrei/project/strawberry_rover_ws/install/setup.sh'
[8.200s] INFO:colcon.colcon_core.shell:Creating prefix script '/home/andrei/project/strawberry_rover_ws/install/local_setup.bash'
[8.202s] INFO:colcon.colcon_core.shell:Creating prefix chain script '/home/andrei/project/strawberry_rover_ws/install/setup.bash'
[8.205s] INFO:colcon.colcon_core.shell:Creating prefix script '/home/andrei/project/strawberry_rover_ws/install/local_setup.zsh'
[8.206s] INFO:colcon.colcon_core.shell:Creating prefix chain script '/home/andrei/project/strawberry_rover_ws/install/setup.zsh'
