[2.122s] Invoking command in '/home/andrei/project/strawberry_rover_ws/src/rover_navigation': PYTHONPATH=/home/andrei/project/strawberry_rover_ws/build/rover_navigation/prefix_override:/usr/lib/python3/dist-packages/colcon_core/task/python/colcon_distutils_commands:/home/andrei/project/strawberry_rover_ws/install/rover_navigation/lib/python3.8/site-packages:${PYTHONPATH} /usr/bin/python3 -W ignore:setup.py install is deprecated -W ignore:easy_install command is deprecated setup.py egg_info --egg-base ../../build/rover_navigation build --build-base /home/andrei/project/strawberry_rover_ws/build/rover_navigation/build install --record /home/andrei/project/strawberry_rover_ws/build/rover_navigation/install.log --single-version-externally-managed install_data
[2.608s] running egg_info
[2.609s] writing ../../build/rover_navigation/rover_navigation.egg-info/PKG-INFO
[2.610s] writing dependency_links to ../../build/rover_navigation/rover_navigation.egg-info/dependency_links.txt
[2.611s] writing entry points to ../../build/rover_navigation/rover_navigation.egg-info/entry_points.txt
[2.612s] writing requirements to ../../build/rover_navigation/rover_navigation.egg-info/requires.txt
[2.612s] writing top-level names to ../../build/rover_navigation/rover_navigation.egg-info/top_level.txt
[2.680s] reading manifest file '../../build/rover_navigation/rover_navigation.egg-info/SOURCES.txt'
[2.682s] writing manifest file '../../build/rover_navigation/rover_navigation.egg-info/SOURCES.txt'
[2.682s] running build
[2.683s] running build_py
[2.683s] running install
[2.685s] running install_lib
[2.689s] running install_data
[2.690s] running install_egg_info
[2.694s] removing '/home/andrei/project/strawberry_rover_ws/install/rover_navigation/lib/python3.8/site-packages/rover_navigation-0.0.0-py3.8.egg-info' (and everything under it)
[2.696s] Copying ../../build/rover_navigation/rover_navigation.egg-info to /home/andrei/project/strawberry_rover_ws/install/rover_navigation/lib/python3.8/site-packages/rover_navigation-0.0.0-py3.8.egg-info
[2.697s] running install_scripts
[2.744s] Installing rover_navigation_node script to /home/andrei/project/strawberry_rover_ws/install/rover_navigation/lib/rover_navigation
[2.745s] writing list of installed files to '/home/andrei/project/strawberry_rover_ws/build/rover_navigation/install.log'
[2.845s] Invoked command in '/home/andrei/project/strawberry_rover_ws/src/rover_navigation' returned '0': PYTHONPATH=/home/andrei/project/strawberry_rover_ws/build/rover_navigation/prefix_override:/usr/lib/python3/dist-packages/colcon_core/task/python/colcon_distutils_commands:/home/andrei/project/strawberry_rover_ws/install/rover_navigation/lib/python3.8/site-packages:${PYTHONPATH} /usr/bin/python3 -W ignore:setup.py install is deprecated -W ignore:easy_install command is deprecated setup.py egg_info --egg-base ../../build/rover_navigation build --build-base /home/andrei/project/strawberry_rover_ws/build/rover_navigation/build install --record /home/andrei/project/strawberry_rover_ws/build/rover_navigation/install.log --single-version-externally-managed install_data
