[5.887s] Invoking command in '/home/andrei/project/strawberry_rover_ws/src/rover_state': PYTHONPATH=/home/andrei/project/strawberry_rover_ws/build/rover_state/prefix_override:/usr/lib/python3/dist-packages/colcon_core/task/python/colcon_distutils_commands:/home/andrei/project/strawberry_rover_ws/install/rover_state/lib/python3.8/site-packages:${PYTHONPATH} /usr/bin/python3 -W ignore:setup.py install is deprecated -W ignore:easy_install command is deprecated setup.py egg_info --egg-base ../../build/rover_state build --build-base /home/andrei/project/strawberry_rover_ws/build/rover_state/build install --record /home/andrei/project/strawberry_rover_ws/build/rover_state/install.log --single-version-externally-managed install_data
[7.103s] running egg_info
[7.104s] writing ../../build/rover_state/rover_state.egg-info/PKG-INFO
[7.104s] writing dependency_links to ../../build/rover_state/rover_state.egg-info/dependency_links.txt
[7.104s] writing entry points to ../../build/rover_state/rover_state.egg-info/entry_points.txt
[7.104s] writing requirements to ../../build/rover_state/rover_state.egg-info/requires.txt
[7.104s] writing top-level names to ../../build/rover_state/rover_state.egg-info/top_level.txt
[7.105s] reading manifest file '../../build/rover_state/rover_state.egg-info/SOURCES.txt'
[7.105s] writing manifest file '../../build/rover_state/rover_state.egg-info/SOURCES.txt'
[7.105s] running build
[7.105s] running build_py
[7.105s] running install
[7.105s] running install_lib
[7.105s] running install_data
[7.105s] running install_egg_info
[7.109s] removing '/home/andrei/project/strawberry_rover_ws/install/rover_state/lib/python3.8/site-packages/rover_state-0.0.0-py3.8.egg-info' (and everything under it)
[7.110s] Copying ../../build/rover_state/rover_state.egg-info to /home/andrei/project/strawberry_rover_ws/install/rover_state/lib/python3.8/site-packages/rover_state-0.0.0-py3.8.egg-info
[7.115s] running install_scripts
[7.115s] writing list of installed files to '/home/andrei/project/strawberry_rover_ws/build/rover_state/install.log'
[7.211s] Invoked command in '/home/andrei/project/strawberry_rover_ws/src/rover_state' returned '0': PYTHONPATH=/home/andrei/project/strawberry_rover_ws/build/rover_state/prefix_override:/usr/lib/python3/dist-packages/colcon_core/task/python/colcon_distutils_commands:/home/andrei/project/strawberry_rover_ws/install/rover_state/lib/python3.8/site-packages:${PYTHONPATH} /usr/bin/python3 -W ignore:setup.py install is deprecated -W ignore:easy_install command is deprecated setup.py egg_info --egg-base ../../build/rover_state build --build-base /home/andrei/project/strawberry_rover_ws/build/rover_state/build install --record /home/andrei/project/strawberry_rover_ws/build/rover_state/install.log --single-version-externally-managed install_data
