[1.723s] Invoking command in '/home/andrei/project/strawberry_rover_ws/src/rover_web_interface': PYTHONPATH=/home/andrei/project/strawberry_rover_ws/build/rover_web_interface/prefix_override:/usr/lib/python3/dist-packages/colcon_core/task/python/colcon_distutils_commands:/home/andrei/project/strawberry_rover_ws/install/rover_web_interface/lib/python3.8/site-packages:${PYTHONPATH} /usr/bin/python3 -W ignore:setup.py install is deprecated -W ignore:easy_install command is deprecated setup.py egg_info --egg-base ../../build/rover_web_interface build --build-base /home/andrei/project/strawberry_rover_ws/build/rover_web_interface/build install --record /home/andrei/project/strawberry_rover_ws/build/rover_web_interface/install.log --install-scripts $base/lib/rover_web_interface --single-version-externally-managed install_data
[2.234s] running egg_info
[2.238s] writing ../../build/rover_web_interface/rover_web_interface.egg-info/PKG-INFO
[2.239s] writing dependency_links to ../../build/rover_web_interface/rover_web_interface.egg-info/dependency_links.txt
[2.242s] writing entry points to ../../build/rover_web_interface/rover_web_interface.egg-info/entry_points.txt
[2.243s] writing requirements to ../../build/rover_web_interface/rover_web_interface.egg-info/requires.txt
[2.244s] writing top-level names to ../../build/rover_web_interface/rover_web_interface.egg-info/top_level.txt
[2.319s] reading manifest file '../../build/rover_web_interface/rover_web_interface.egg-info/SOURCES.txt'
[2.325s] writing manifest file '../../build/rover_web_interface/rover_web_interface.egg-info/SOURCES.txt'
[2.326s] running build
[2.326s] running build_py
[2.326s] running install
[2.330s] running install_lib
[2.335s] running install_data
[2.336s] running install_egg_info
[2.343s] removing '/home/andrei/project/strawberry_rover_ws/install/rover_web_interface/lib/python3.8/site-packages/rover_web_interface-0.0.0-py3.8.egg-info' (and everything under it)
[2.344s] Copying ../../build/rover_web_interface/rover_web_interface.egg-info to /home/andrei/project/strawberry_rover_ws/install/rover_web_interface/lib/python3.8/site-packages/rover_web_interface-0.0.0-py3.8.egg-info
[2.346s] running install_scripts
[2.394s] Installing rover_web_server script to /home/andrei/project/strawberry_rover_ws/install/rover_web_interface/lib/rover_web_interface
[2.399s] writing list of installed files to '/home/andrei/project/strawberry_rover_ws/build/rover_web_interface/install.log'
[2.498s] Invoked command in '/home/andrei/project/strawberry_rover_ws/src/rover_web_interface' returned '0': PYTHONPATH=/home/andrei/project/strawberry_rover_ws/build/rover_web_interface/prefix_override:/usr/lib/python3/dist-packages/colcon_core/task/python/colcon_distutils_commands:/home/andrei/project/strawberry_rover_ws/install/rover_web_interface/lib/python3.8/site-packages:${PYTHONPATH} /usr/bin/python3 -W ignore:setup.py install is deprecated -W ignore:easy_install command is deprecated setup.py egg_info --egg-base ../../build/rover_web_interface build --build-base /home/andrei/project/strawberry_rover_ws/build/rover_web_interface/build install --record /home/andrei/project/strawberry_rover_ws/build/rover_web_interface/install.log --install-scripts $base/lib/rover_web_interface --single-version-externally-managed install_data
