[1.263s] Invoking command in '/home/andrei/project/strawberry_rover_ws/src/rover_navigation': PYTHONPATH=/home/andrei/project/strawberry_rover_ws/build/rover_navigation/prefix_override:/usr/lib/python3/dist-packages/colcon_core/task/python/colcon_distutils_commands:/home/andrei/project/strawberry_rover_ws/install/rover_navigation/lib/python3.8/site-packages:${PYTHONPATH} /usr/bin/python3 -W ignore:setup.py install is deprecated -W ignore:easy_install command is deprecated setup.py egg_info --egg-base ../../build/rover_navigation build --build-base /home/andrei/project/strawberry_rover_ws/build/rover_navigation/build install --record /home/andrei/project/strawberry_rover_ws/build/rover_navigation/install.log --single-version-externally-managed install_data
[1.700s] running egg_info
[1.701s] creating ../../build/rover_navigation/rover_navigation.egg-info
[1.702s] writing ../../build/rover_navigation/rover_navigation.egg-info/PKG-INFO
[1.703s] writing dependency_links to ../../build/rover_navigation/rover_navigation.egg-info/dependency_links.txt
[1.703s] writing entry points to ../../build/rover_navigation/rover_navigation.egg-info/entry_points.txt
[1.703s] writing requirements to ../../build/rover_navigation/rover_navigation.egg-info/requires.txt
[1.703s] writing top-level names to ../../build/rover_navigation/rover_navigation.egg-info/top_level.txt
[1.707s] writing manifest file '../../build/rover_navigation/rover_navigation.egg-info/SOURCES.txt'
[1.770s] reading manifest file '../../build/rover_navigation/rover_navigation.egg-info/SOURCES.txt'
[1.771s] writing manifest file '../../build/rover_navigation/rover_navigation.egg-info/SOURCES.txt'
[1.771s] running build
[1.772s] running build_py
[1.772s] creating /home/andrei/project/strawberry_rover_ws/build/rover_navigation/build
[1.772s] creating /home/andrei/project/strawberry_rover_ws/build/rover_navigation/build/lib
[1.772s] creating /home/andrei/project/strawberry_rover_ws/build/rover_navigation/build/lib/rover_navigation
[1.773s] copying rover_navigation/rover_navigation_node.py -> /home/andrei/project/strawberry_rover_ws/build/rover_navigation/build/lib/rover_navigation
[1.774s] copying rover_navigation/__init__.py -> /home/andrei/project/strawberry_rover_ws/build/rover_navigation/build/lib/rover_navigation
[1.774s] running install
[1.776s] running install_lib
[1.778s] creating /home/andrei/project/strawberry_rover_ws/install/rover_navigation/lib/python3.8/site-packages/rover_navigation
[1.778s] copying /home/andrei/project/strawberry_rover_ws/build/rover_navigation/build/lib/rover_navigation/rover_navigation_node.py -> /home/andrei/project/strawberry_rover_ws/install/rover_navigation/lib/python3.8/site-packages/rover_navigation
[1.778s] copying /home/andrei/project/strawberry_rover_ws/build/rover_navigation/build/lib/rover_navigation/__init__.py -> /home/andrei/project/strawberry_rover_ws/install/rover_navigation/lib/python3.8/site-packages/rover_navigation
[1.779s] byte-compiling /home/andrei/project/strawberry_rover_ws/install/rover_navigation/lib/python3.8/site-packages/rover_navigation/rover_navigation_node.py to rover_navigation_node.cpython-38.pyc
[1.783s] byte-compiling /home/andrei/project/strawberry_rover_ws/install/rover_navigation/lib/python3.8/site-packages/rover_navigation/__init__.py to __init__.cpython-38.pyc
[1.783s] running install_data
[1.784s] creating /home/andrei/project/strawberry_rover_ws/install/rover_navigation/share/ament_index
[1.784s] creating /home/andrei/project/strawberry_rover_ws/install/rover_navigation/share/ament_index/resource_index
[1.784s] creating /home/andrei/project/strawberry_rover_ws/install/rover_navigation/share/ament_index/resource_index/packages
[1.785s] copying resource/rover_navigation -> /home/andrei/project/strawberry_rover_ws/install/rover_navigation/share/ament_index/resource_index/packages
[1.785s] copying package.xml -> /home/andrei/project/strawberry_rover_ws/install/rover_navigation/share/rover_navigation
[1.785s] creating /home/andrei/project/strawberry_rover_ws/install/rover_navigation/share/rover_navigation/launch
[1.785s] copying launch/rover_navigation.launch.py -> /home/andrei/project/strawberry_rover_ws/install/rover_navigation/share/rover_navigation/launch
[1.785s] creating /home/andrei/project/strawberry_rover_ws/install/rover_navigation/share/rover_navigation/config
[1.785s] copying config/rover_navigation.yaml -> /home/andrei/project/strawberry_rover_ws/install/rover_navigation/share/rover_navigation/config
[1.785s] running install_egg_info
[1.788s] Copying ../../build/rover_navigation/rover_navigation.egg-info to /home/andrei/project/strawberry_rover_ws/install/rover_navigation/lib/python3.8/site-packages/rover_navigation-0.0.0-py3.8.egg-info
[1.790s] running install_scripts
[1.824s] Installing rover_navigation_node script to /home/andrei/project/strawberry_rover_ws/install/rover_navigation/lib/rover_navigation
[1.824s] writing list of installed files to '/home/andrei/project/strawberry_rover_ws/build/rover_navigation/install.log'
[1.884s] Invoked command in '/home/andrei/project/strawberry_rover_ws/src/rover_navigation' returned '0': PYTHONPATH=/home/andrei/project/strawberry_rover_ws/build/rover_navigation/prefix_override:/usr/lib/python3/dist-packages/colcon_core/task/python/colcon_distutils_commands:/home/andrei/project/strawberry_rover_ws/install/rover_navigation/lib/python3.8/site-packages:${PYTHONPATH} /usr/bin/python3 -W ignore:setup.py install is deprecated -W ignore:easy_install command is deprecated setup.py egg_info --egg-base ../../build/rover_navigation build --build-base /home/andrei/project/strawberry_rover_ws/build/rover_navigation/build install --record /home/andrei/project/strawberry_rover_ws/build/rover_navigation/install.log --single-version-externally-managed install_data
