[0.000000] (-) TimerEvent: {}
[0.000253] (-) JobUnselected: {'identifier': 'rover_description'}
[0.000513] (-) JobUnselected: {'identifier': 'rover_fake_camera'}
[0.000829] (-) JobUnselected: {'identifier': 'rover_fake_lidar'}
[0.001043] (-) JobUnselected: {'identifier': 'rover_fake_stereo'}
[0.001494] (-) JobUnselected: {'identifier': 'rover_fsm'}
[0.001825] (-) JobUnselected: {'identifier': 'rover_perception'}
[0.002085] (-) JobUnselected: {'identifier': 'rover_simulation'}
[0.002205] (-) JobUnselected: {'identifier': 'rover_state'}
[0.002411] (-) JobUnselected: {'identifier': 'rover_utils'}
[0.002498] (-) JobUnselected: {'identifier': 'rover_visualization'}
[0.002592] (rover_navigation) JobQueued: {'identifier': 'rover_navigation', 'dependencies': OrderedDict()}
[0.002664] (rover_bringup) JobQueued: {'identifier': 'rover_bringup', 'dependencies': OrderedDict([('rover_description', '/home/andrei/project/strawberry_rover_ws/install/rover_description'), ('rover_fake_camera', '/home/andrei/project/strawberry_rover_ws/install/rover_fake_camera'), ('rover_fake_lidar', '/home/andrei/project/strawberry_rover_ws/install/rover_fake_lidar'), ('rover_fake_stereo', '/home/andrei/project/strawberry_rover_ws/install/rover_fake_stereo'), ('rover_navigation', '/home/andrei/project/strawberry_rover_ws/install/rover_navigation'), ('rover_simulation', '/home/andrei/project/strawberry_rover_ws/install/rover_simulation')])}
[0.003187] (rover_navigation) JobStarted: {'identifier': 'rover_navigation'}
[0.099167] (-) TimerEvent: {}
[0.199833] (-) TimerEvent: {}
[0.300371] (-) TimerEvent: {}
[0.400911] (-) TimerEvent: {}
[0.501535] (-) TimerEvent: {}
[0.602156] (-) TimerEvent: {}
[0.702753] (-) TimerEvent: {}
[0.803361] (-) TimerEvent: {}
[0.904015] (-) TimerEvent: {}
[1.004634] (-) TimerEvent: {}
[1.105198] (-) TimerEvent: {}
[1.205717] (-) TimerEvent: {}
[1.306209] (-) TimerEvent: {}
[1.406818] (-) TimerEvent: {}
[1.462870] (rover_navigation) Command: {'cmd': ['/usr/bin/python3', '-W', 'ignore:setup.py install is deprecated', '-W', 'ignore:easy_install command is deprecated', 'setup.py', 'egg_info', '--egg-base', '../../build/rover_navigation', 'build', '--build-base', '/home/andrei/project/strawberry_rover_ws/build/rover_navigation/build', 'install', '--record', '/home/andrei/project/strawberry_rover_ws/build/rover_navigation/install.log', '--single-version-externally-managed', 'install_data'], 'cwd': '/home/andrei/project/strawberry_rover_ws/src/rover_navigation', 'env': {'LESSOPEN': '| /usr/bin/lesspipe %s', 'VSCODE_CWD': '/home/andrei', 'VSCODE_ESM_ENTRYPOINT': 'vs/workbench/api/node/extensionHostProcess', 'LANGUAGE': 'en', 'USER': 'andrei', 'SSH_CLIENT': '192.168.1.19 57184 22', 'LC_TIME': 'ru_RU.UTF-8', 'VSCODE_NLS_CONFIG': '{"userLocale":"en","osLocale":"en","resolvedLanguage":"en","defaultMessagesFile":"/home/andrei/.cursor-server/bin/linux-arm64/8c95649f251a168cc4bb34c89531fae7db4bd990/out/nls.messages.json","locale":"en","availableLanguages":{}}', 'CI': '1', 'VSCODE_HANDLES_UNCAUGHT_ERRORS': 'true', 'XDG_SESSION_TYPE': 'tty', 'DEBUG': 'release', 'SHLVL': '1', 'LD_LIBRARY_PATH': '/opt/ros/foxy/opt/yaml_cpp_vendor/lib:/opt/ros/foxy/opt/rviz_ogre_vendor/lib:/opt/ros/foxy/lib/aarch64-linux-gnu:/opt/ros/foxy/lib', 'BROWSER': '/home/andrei/.cursor-server/bin/linux-arm64/8c95649f251a168cc4bb34c89531fae7db4bd990/bin/helpers/browser.sh', 'MOTD_SHOWN': 'pam', 'HOME': '/home/andrei', 'NVM_BIN': '/home/andrei/.nvm/versions/node/v20.20.1/bin', 'VSCODE_IPC_HOOK_CLI': '/run/user/1000/vscode-ipc-b33840fc-25ce-403a-beff-4fc3f87a7b41.sock', 'NVM_INC': '/home/andrei/.nvm/versions/node/v20.20.1/include/node', 'ROS_PYTHON_VERSION': '3', 'LC_MONETARY': 'ru_RU.UTF-8', 'NO_COLOR': '1', 'DBUS_SESSION_BUS_ADDRESS': 'unix:path=/run/user/1000/bus', 'NVM_DIR': '/home/andrei/.nvm', 'VSCODE_L10N_BUNDLE_LOCATION': '', 'COLCON_PREFIX_PATH': '/home/andrei/project/strawberry_rover_ws/install', 'ROS_DISTRO': 'foxy', 'OVSX_REGISTRY_URL': 'https://open-vsx.org', 'LOGNAME': 'andrei', 'FORCE_COLOR': '0', 'VSCODE_HANDLES_SIGPIPE': 'true', '_': '/usr/bin/colcon', 'ROS_VERSION': '2', 'XDG_SESSION_CLASS': 'user', 'TERM': 'dumb', 'XDG_SESSION_ID': '149', 'ROS_LOCALHOST_ONLY': '0', 'PATH': '/home/andrei/.cursor-server/bin/linux-arm64/8c95649f251a168cc4bb34c89531fae7db4bd990/bin/remote-cli:/home/andrei/.nvm/versions/node/v20.20.1/bin:/opt/ros/foxy/bin:/home/andrei/.cursor-server/bin/linux-arm64/8c95649f251a168cc4bb34c89531fae7db4bd990/bin/remote-cli:/usr/local/sbin:/usr/local/bin:/usr/sbin:/usr/bin:/sbin:/bin:/usr/games:/usr/local/games:/snap/bin', 'VSCODE_AGENT_FOLDER': '/home/andrei/.cursor-server', 'PAPERSIZE': 'a4', 'LC_ADDRESS': 'ru_RU.UTF-8', 'XDG_RUNTIME_DIR': '/run/user/1000', 'CURSOR_AGENT': '1', 'LANG': 'en_US.UTF-8', 'LC_TELEPHONE': 'ru_RU.UTF-8', 'LS_COLORS': '', 'AMENT_PREFIX_PATH': '/home/andrei/project/strawberry_rover_ws/install/rover_visualization:/home/andrei/project/strawberry_rover_ws/install/rover_utils:/home/andrei/project/strawberry_rover_ws/install/rover_state:/home/andrei/project/strawberry_rover_ws/install/rover_bringup:/home/andrei/project/strawberry_rover_ws/install/rover_simulation:/home/andrei/project/strawberry_rover_ws/install/rover_perception:/home/andrei/project/strawberry_rover_ws/install/rover_navigation:/home/andrei/project/strawberry_rover_ws/install/rover_fsm:/home/andrei/project/strawberry_rover_ws/install/rover_fake_stereo:/home/andrei/project/strawberry_rover_ws/install/rover_fake_lidar:/home/andrei/project/strawberry_rover_ws/install/rover_fake_camera:/home/andrei/project/strawberry_rover_ws/install/rover_description:/opt/ros/foxy', 'SHELL': '/bin/bash', 'LC_NAME': 'ru_RU.UTF-8', 'VSCODE_SERVER_SHUTDOWN_TIMEOUT': '300', 'LESSCLOSE': '/usr/bin/lesspipe %s %s', 'LC_MEASUREMENT': 'ru_RU.UTF-8', 'LC_IDENTIFICATION': 'ru_RU.UTF-8', 'PWD': '/home/andrei/project/strawberry_rover_ws/build/rover_navigation', 'SSH_CONNECTION': '192.168.1.19 57184 192.168.1.77 22', 'NVM_CD_FLAGS': '', 'XDG_DATA_DIRS': '/usr/local/share:/usr/share:/var/lib/snapd/desktop', 'PYTHONPATH': '/home/andrei/project/strawberry_rover_ws/build/rover_navigation/prefix_override:/usr/lib/python3/dist-packages/colcon_core/task/python/colcon_distutils_commands:/home/andrei/project/strawberry_rover_ws/install/rover_navigation/lib/python3.8/site-packages:/home/andrei/project/strawberry_rover_ws/install/rover_visualization/lib/python3.8/site-packages:/home/andrei/project/strawberry_rover_ws/install/rover_utils/lib/python3.8/site-packages:/home/andrei/project/strawberry_rover_ws/install/rover_state/lib/python3.8/site-packages:/home/andrei/project/strawberry_rover_ws/install/rover_bringup/lib/python3.8/site-packages:/home/andrei/project/strawberry_rover_ws/install/rover_simulation/lib/python3.8/site-packages:/home/andrei/project/strawberry_rover_ws/install/rover_perception/lib/python3.8/site-packages:/home/andrei/project/strawberry_rover_ws/install/rover_navigation/lib/python3.8/site-packages:/home/andrei/project/strawberry_rover_ws/install/rover_fsm/lib/python3.8/site-packages:/home/andrei/project/strawberry_rover_ws/install/rover_fake_stereo/lib/python3.8/site-packages:/home/andrei/project/strawberry_rover_ws/install/rover_fake_lidar/lib/python3.8/site-packages:/home/andrei/project/strawberry_rover_ws/install/rover_fake_camera/lib/python3.8/site-packages:/home/andrei/project/strawberry_rover_ws/install/rover_description/lib/python3.8/site-packages:/opt/ros/foxy/lib/python3.8/site-packages', 'LC_NUMERIC': 'ru_RU.UTF-8', 'LC_PAPER': 'ru_RU.UTF-8', 'COLCON': '1', '_ZO_DOCTOR': '0'}, 'shell': False}
[1.507012] (-) TimerEvent: {}
[1.607634] (-) TimerEvent: {}
[1.708255] (-) TimerEvent: {}
[1.808909] (-) TimerEvent: {}
[1.909519] (-) TimerEvent: {}
[1.916221] (rover_navigation) StdoutLine: {'line': b'running egg_info\n'}
[1.917334] (rover_navigation) StdoutLine: {'line': b'writing ../../build/rover_navigation/rover_navigation.egg-info/PKG-INFO\n'}
[1.918106] (rover_navigation) StdoutLine: {'line': b'writing dependency_links to ../../build/rover_navigation/rover_navigation.egg-info/dependency_links.txt\n'}
[1.918588] (rover_navigation) StdoutLine: {'line': b'writing entry points to ../../build/rover_navigation/rover_navigation.egg-info/entry_points.txt\n'}
[1.918870] (rover_navigation) StdoutLine: {'line': b'writing requirements to ../../build/rover_navigation/rover_navigation.egg-info/requires.txt\n'}
[1.920136] (rover_navigation) StdoutLine: {'line': b'writing top-level names to ../../build/rover_navigation/rover_navigation.egg-info/top_level.txt\n'}
[1.985548] (rover_navigation) StdoutLine: {'line': b"reading manifest file '../../build/rover_navigation/rover_navigation.egg-info/SOURCES.txt'\n"}
[1.986915] (rover_navigation) StdoutLine: {'line': b"writing manifest file '../../build/rover_navigation/rover_navigation.egg-info/SOURCES.txt'\n"}
[1.987529] (rover_navigation) StdoutLine: {'line': b'running build\n'}
[1.988043] (rover_navigation) StdoutLine: {'line': b'running build_py\n'}
[1.988320] (rover_navigation) StdoutLine: {'line': b'copying rover_navigation/rover_navigation_node.py -> /home/andrei/project/strawberry_rover_ws/build/rover_navigation/build/lib/rover_navigation\n'}
[1.990827] (rover_navigation) StdoutLine: {'line': b'running install\n'}
[1.994856] (rover_navigation) StdoutLine: {'line': b'running install_lib\n'}
[1.998262] (rover_navigation) StdoutLine: {'line': b'copying /home/andrei/project/strawberry_rover_ws/build/rover_navigation/build/lib/rover_navigation/rover_navigation_node.py -> /home/andrei/project/strawberry_rover_ws/install/rover_navigation/lib/python3.8/site-packages/rover_navigation\n'}
[2.000557] (rover_navigation) StdoutLine: {'line': b'byte-compiling /home/andrei/project/strawberry_rover_ws/install/rover_navigation/lib/python3.8/site-packages/rover_navigation/rover_navigation_node.py to rover_navigation_node.cpython-38.pyc\n'}
[2.009626] (-) TimerEvent: {}
[2.010512] (rover_navigation) StdoutLine: {'line': b'running install_data\n'}
[2.011762] (rover_navigation) StdoutLine: {'line': b'running install_egg_info\n'}
[2.016744] (rover_navigation) StdoutLine: {'line': b"removing '/home/andrei/project/strawberry_rover_ws/install/rover_navigation/lib/python3.8/site-packages/rover_navigation-0.0.0-py3.8.egg-info' (and everything under it)\n"}
[2.017430] (rover_navigation) StdoutLine: {'line': b'Copying ../../build/rover_navigation/rover_navigation.egg-info to /home/andrei/project/strawberry_rover_ws/install/rover_navigation/lib/python3.8/site-packages/rover_navigation-0.0.0-py3.8.egg-info\n'}
[2.019282] (rover_navigation) StdoutLine: {'line': b'running install_scripts\n'}
[2.061126] (rover_navigation) StdoutLine: {'line': b'Installing rover_navigation_node script to /home/andrei/project/strawberry_rover_ws/install/rover_navigation/lib/rover_navigation\n'}
[2.062250] (rover_navigation) StdoutLine: {'line': b"writing list of installed files to '/home/andrei/project/strawberry_rover_ws/build/rover_navigation/install.log'\n"}
[2.109869] (-) TimerEvent: {}
[2.164326] (rover_navigation) CommandEnded: {'returncode': 0}
[2.201253] (rover_navigation) JobEnded: {'identifier': 'rover_navigation', 'rc': 0}
[2.204507] (rover_bringup) JobStarted: {'identifier': 'rover_bringup'}
[2.209954] (-) TimerEvent: {}
[2.310593] (-) TimerEvent: {}
[2.411369] (-) TimerEvent: {}
[2.511969] (-) TimerEvent: {}
[2.612483] (-) TimerEvent: {}
[2.713051] (-) TimerEvent: {}
[2.814052] (-) TimerEvent: {}
[2.915100] (-) TimerEvent: {}
[3.015774] (-) TimerEvent: {}
[3.116335] (-) TimerEvent: {}
[3.216880] (-) TimerEvent: {}
[3.317447] (-) TimerEvent: {}
[3.418050] (-) TimerEvent: {}
[3.518669] (-) TimerEvent: {}
[3.619344] (-) TimerEvent: {}
[3.720205] (-) TimerEvent: {}
[3.744260] (rover_bringup) Command: {'cmd': ['/usr/bin/python3', '-W', 'ignore:setup.py install is deprecated', '-W', 'ignore:easy_install command is deprecated', 'setup.py', 'egg_info', '--egg-base', '../../build/rover_bringup', 'build', '--build-base', '/home/andrei/project/strawberry_rover_ws/build/rover_bringup/build', 'install', '--record', '/home/andrei/project/strawberry_rover_ws/build/rover_bringup/install.log', '--single-version-externally-managed', 'install_data'], 'cwd': '/home/andrei/project/strawberry_rover_ws/src/rover_bringup', 'env': {'LESSOPEN': '| /usr/bin/lesspipe %s', 'VSCODE_CWD': '/home/andrei', 'VSCODE_ESM_ENTRYPOINT': 'vs/workbench/api/node/extensionHostProcess', 'LANGUAGE': 'en', 'USER': 'andrei', 'SSH_CLIENT': '192.168.1.19 57184 22', 'LC_TIME': 'ru_RU.UTF-8', 'VSCODE_NLS_CONFIG': '{"userLocale":"en","osLocale":"en","resolvedLanguage":"en","defaultMessagesFile":"/home/andrei/.cursor-server/bin/linux-arm64/8c95649f251a168cc4bb34c89531fae7db4bd990/out/nls.messages.json","locale":"en","availableLanguages":{}}', 'CI': '1', 'VSCODE_HANDLES_UNCAUGHT_ERRORS': 'true', 'XDG_SESSION_TYPE': 'tty', 'DEBUG': 'release', 'SHLVL': '1', 'LD_LIBRARY_PATH': '/opt/ros/foxy/opt/yaml_cpp_vendor/lib:/opt/ros/foxy/opt/rviz_ogre_vendor/lib:/opt/ros/foxy/lib/aarch64-linux-gnu:/opt/ros/foxy/lib', 'BROWSER': '/home/andrei/.cursor-server/bin/linux-arm64/8c95649f251a168cc4bb34c89531fae7db4bd990/bin/helpers/browser.sh', 'MOTD_SHOWN': 'pam', 'HOME': '/home/andrei', 'NVM_BIN': '/home/andrei/.nvm/versions/node/v20.20.1/bin', 'VSCODE_IPC_HOOK_CLI': '/run/user/1000/vscode-ipc-b33840fc-25ce-403a-beff-4fc3f87a7b41.sock', 'NVM_INC': '/home/andrei/.nvm/versions/node/v20.20.1/include/node', 'ROS_PYTHON_VERSION': '3', 'LC_MONETARY': 'ru_RU.UTF-8', 'NO_COLOR': '1', 'DBUS_SESSION_BUS_ADDRESS': 'unix:path=/run/user/1000/bus', 'NVM_DIR': '/home/andrei/.nvm', 'VSCODE_L10N_BUNDLE_LOCATION': '', 'COLCON_PREFIX_PATH': '/home/andrei/project/strawberry_rover_ws/install', 'ROS_DISTRO': 'foxy', 'OVSX_REGISTRY_URL': 'https://open-vsx.org', 'LOGNAME': 'andrei', 'FORCE_COLOR': '0', 'VSCODE_HANDLES_SIGPIPE': 'true', '_': '/usr/bin/colcon', 'ROS_VERSION': '2', 'XDG_SESSION_CLASS': 'user', 'TERM': 'dumb', 'XDG_SESSION_ID': '149', 'ROS_LOCALHOST_ONLY': '0', 'PATH': '/home/andrei/.cursor-server/bin/linux-arm64/8c95649f251a168cc4bb34c89531fae7db4bd990/bin/remote-cli:/home/andrei/.nvm/versions/node/v20.20.1/bin:/opt/ros/foxy/bin:/home/andrei/.cursor-server/bin/linux-arm64/8c95649f251a168cc4bb34c89531fae7db4bd990/bin/remote-cli:/usr/local/sbin:/usr/local/bin:/usr/sbin:/usr/bin:/sbin:/bin:/usr/games:/usr/local/games:/snap/bin', 'VSCODE_AGENT_FOLDER': '/home/andrei/.cursor-server', 'PAPERSIZE': 'a4', 'LC_ADDRESS': 'ru_RU.UTF-8', 'XDG_RUNTIME_DIR': '/run/user/1000', 'CURSOR_AGENT': '1', 'LANG': 'en_US.UTF-8', 'LC_TELEPHONE': 'ru_RU.UTF-8', 'LS_COLORS': '', 'AMENT_PREFIX_PATH': '/home/andrei/project/strawberry_rover_ws/install/rover_simulation:/home/andrei/project/strawberry_rover_ws/install/rover_navigation:/home/andrei/project/strawberry_rover_ws/install/rover_fake_stereo:/home/andrei/project/strawberry_rover_ws/install/rover_fake_lidar:/home/andrei/project/strawberry_rover_ws/install/rover_fake_camera:/home/andrei/project/strawberry_rover_ws/install/rover_description:/home/andrei/project/strawberry_rover_ws/install/rover_visualization:/home/andrei/project/strawberry_rover_ws/install/rover_utils:/home/andrei/project/strawberry_rover_ws/install/rover_state:/home/andrei/project/strawberry_rover_ws/install/rover_bringup:/home/andrei/project/strawberry_rover_ws/install/rover_perception:/home/andrei/project/strawberry_rover_ws/install/rover_fsm:/opt/ros/foxy', 'SHELL': '/bin/bash', 'LC_NAME': 'ru_RU.UTF-8', 'VSCODE_SERVER_SHUTDOWN_TIMEOUT': '300', 'LESSCLOSE': '/usr/bin/lesspipe %s %s', 'LC_MEASUREMENT': 'ru_RU.UTF-8', 'LC_IDENTIFICATION': 'ru_RU.UTF-8', 'PWD': '/home/andrei/project/strawberry_rover_ws/build/rover_bringup', 'SSH_CONNECTION': '192.168.1.19 57184 192.168.1.77 22', 'NVM_CD_FLAGS': '', 'XDG_DATA_DIRS': '/usr/local/share:/usr/share:/var/lib/snapd/desktop', 'PYTHONPATH': '/home/andrei/project/strawberry_rover_ws/build/rover_bringup/prefix_override:/usr/lib/python3/dist-packages/colcon_core/task/python/colcon_distutils_commands:/home/andrei/project/strawberry_rover_ws/install/rover_bringup/lib/python3.8/site-packages:/home/andrei/project/strawberry_rover_ws/install/rover_simulation/lib/python3.8/site-packages:/home/andrei/project/strawberry_rover_ws/install/rover_navigation/lib/python3.8/site-packages:/home/andrei/project/strawberry_rover_ws/install/rover_fake_stereo/lib/python3.8/site-packages:/home/andrei/project/strawberry_rover_ws/install/rover_fake_lidar/lib/python3.8/site-packages:/home/andrei/project/strawberry_rover_ws/install/rover_fake_camera/lib/python3.8/site-packages:/home/andrei/project/strawberry_rover_ws/install/rover_description/lib/python3.8/site-packages:/home/andrei/project/strawberry_rover_ws/install/rover_visualization/lib/python3.8/site-packages:/home/andrei/project/strawberry_rover_ws/install/rover_utils/lib/python3.8/site-packages:/home/andrei/project/strawberry_rover_ws/install/rover_state/lib/python3.8/site-packages:/home/andrei/project/strawberry_rover_ws/install/rover_bringup/lib/python3.8/site-packages:/home/andrei/project/strawberry_rover_ws/install/rover_perception/lib/python3.8/site-packages:/home/andrei/project/strawberry_rover_ws/install/rover_fsm/lib/python3.8/site-packages:/opt/ros/foxy/lib/python3.8/site-packages', 'LC_NUMERIC': 'ru_RU.UTF-8', 'LC_PAPER': 'ru_RU.UTF-8', 'COLCON': '1', '_ZO_DOCTOR': '0'}, 'shell': False}
[3.820425] (-) TimerEvent: {}
[3.921011] (-) TimerEvent: {}
[4.021554] (-) TimerEvent: {}
[4.122146] (-) TimerEvent: {}
[4.186735] (rover_bringup) StdoutLine: {'line': b'running egg_info\n'}
[4.187948] (rover_bringup) StdoutLine: {'line': b'writing ../../build/rover_bringup/rover_bringup.egg-info/PKG-INFO\n'}
[4.188330] (rover_bringup) StdoutLine: {'line': b'writing dependency_links to ../../build/rover_bringup/rover_bringup.egg-info/dependency_links.txt\n'}
[4.188729] (rover_bringup) StdoutLine: {'line': b'writing entry points to ../../build/rover_bringup/rover_bringup.egg-info/entry_points.txt\n'}
[4.189004] (rover_bringup) StdoutLine: {'line': b'writing requirements to ../../build/rover_bringup/rover_bringup.egg-info/requires.txt\n'}
[4.191007] (rover_bringup) StdoutLine: {'line': b'writing top-level names to ../../build/rover_bringup/rover_bringup.egg-info/top_level.txt\n'}
[4.222324] (-) TimerEvent: {}
[4.254327] (rover_bringup) StdoutLine: {'line': b"reading manifest file '../../build/rover_bringup/rover_bringup.egg-info/SOURCES.txt'\n"}
[4.255601] (rover_bringup) StdoutLine: {'line': b"writing manifest file '../../build/rover_bringup/rover_bringup.egg-info/SOURCES.txt'\n"}
[4.256202] (rover_bringup) StdoutLine: {'line': b'running build\n'}
[4.256697] (rover_bringup) StdoutLine: {'line': b'running build_py\n'}
[4.256976] (rover_bringup) StdoutLine: {'line': b'running install\n'}
[4.260449] (rover_bringup) StdoutLine: {'line': b'running install_lib\n'}
[4.263918] (rover_bringup) StdoutLine: {'line': b'running install_data\n'}
[4.264457] (rover_bringup) StdoutLine: {'line': b'running install_egg_info\n'}
[4.268789] (rover_bringup) StdoutLine: {'line': b"removing '/home/andrei/project/strawberry_rover_ws/install/rover_bringup/lib/python3.8/site-packages/rover_bringup-0.0.0-py3.8.egg-info' (and everything under it)\n"}
[4.269674] (rover_bringup) StdoutLine: {'line': b'Copying ../../build/rover_bringup/rover_bringup.egg-info to /home/andrei/project/strawberry_rover_ws/install/rover_bringup/lib/python3.8/site-packages/rover_bringup-0.0.0-py3.8.egg-info\n'}
[4.271742] (rover_bringup) StdoutLine: {'line': b'running install_scripts\n'}
[4.312709] (rover_bringup) StdoutLine: {'line': b"writing list of installed files to '/home/andrei/project/strawberry_rover_ws/build/rover_bringup/install.log'\n"}
[4.322424] (-) TimerEvent: {}
[4.405596] (rover_bringup) CommandEnded: {'returncode': 0}
[4.424180] (-) TimerEvent: {}
[4.428983] (rover_bringup) JobEnded: {'identifier': 'rover_bringup', 'rc': 0}
[4.430826] (-) EventReactorShutdown: {}
