[7.129s] Invoking command in '/home/andrei/project/strawberry_rover_ws/src/rover_fake_lidar': PYTHONPATH=/home/andrei/project/strawberry_rover_ws/build/rover_fake_lidar/prefix_override:/usr/lib/python3/dist-packages/colcon_core/task/python/colcon_distutils_commands:/home/andrei/project/strawberry_rover_ws/install/rover_fake_lidar/lib/python3.8/site-packages:${PYTHONPATH} /usr/bin/python3 -W ignore:setup.py install is deprecated -W ignore:easy_install command is deprecated setup.py egg_info --egg-base ../../build/rover_fake_lidar build --build-base /home/andrei/project/strawberry_rover_ws/build/rover_fake_lidar/build install --record /home/andrei/project/strawberry_rover_ws/build/rover_fake_lidar/install.log --single-version-externally-managed install_data
[8.018s] running egg_info
[8.018s] writing ../../build/rover_fake_lidar/rover_fake_lidar.egg-info/PKG-INFO
[8.018s] writing dependency_links to ../../build/rover_fake_lidar/rover_fake_lidar.egg-info/dependency_links.txt
[8.018s] writing entry points to ../../build/rover_fake_lidar/rover_fake_lidar.egg-info/entry_points.txt
[8.023s] writing requirements to ../../build/rover_fake_lidar/rover_fake_lidar.egg-info/requires.txt
[8.024s] writing top-level names to ../../build/rover_fake_lidar/rover_fake_lidar.egg-info/top_level.txt
[8.170s] reading manifest file '../../build/rover_fake_lidar/rover_fake_lidar.egg-info/SOURCES.txt'
[8.170s] writing manifest file '../../build/rover_fake_lidar/rover_fake_lidar.egg-info/SOURCES.txt'
[8.170s] running build
[8.170s] running build_py
[8.170s] copying rover_fake_lidar/fake_lidar_node.py -> /home/andrei/project/strawberry_rover_ws/build/rover_fake_lidar/build/lib/rover_fake_lidar
[8.170s] running install
[8.170s] running install_lib
[8.170s] copying /home/andrei/project/strawberry_rover_ws/build/rover_fake_lidar/build/lib/rover_fake_lidar/fake_lidar_node.py -> /home/andrei/project/strawberry_rover_ws/install/rover_fake_lidar/lib/python3.8/site-packages/rover_fake_lidar
[8.171s] byte-compiling /home/andrei/project/strawberry_rover_ws/install/rover_fake_lidar/lib/python3.8/site-packages/rover_fake_lidar/fake_lidar_node.py to fake_lidar_node.cpython-38.pyc
[8.171s] running install_data
[8.171s] copying package.xml -> /home/andrei/project/strawberry_rover_ws/install/rover_fake_lidar/share/rover_fake_lidar
[8.171s] copying config/fake_lidar.yaml -> /home/andrei/project/strawberry_rover_ws/install/rover_fake_lidar/share/rover_fake_lidar/config
[8.171s] running install_egg_info
[8.171s] removing '/home/andrei/project/strawberry_rover_ws/install/rover_fake_lidar/lib/python3.8/site-packages/rover_fake_lidar-0.0.0-py3.8.egg-info' (and everything under it)
[8.172s] Copying ../../build/rover_fake_lidar/rover_fake_lidar.egg-info to /home/andrei/project/strawberry_rover_ws/install/rover_fake_lidar/lib/python3.8/site-packages/rover_fake_lidar-0.0.0-py3.8.egg-info
[8.172s] running install_scripts
[8.172s] Installing fake_lidar_node script to /home/andrei/project/strawberry_rover_ws/install/rover_fake_lidar/lib/rover_fake_lidar
[8.172s] writing list of installed files to '/home/andrei/project/strawberry_rover_ws/build/rover_fake_lidar/install.log'
[8.237s] Invoked command in '/home/andrei/project/strawberry_rover_ws/src/rover_fake_lidar' returned '0': PYTHONPATH=/home/andrei/project/strawberry_rover_ws/build/rover_fake_lidar/prefix_override:/usr/lib/python3/dist-packages/colcon_core/task/python/colcon_distutils_commands:/home/andrei/project/strawberry_rover_ws/install/rover_fake_lidar/lib/python3.8/site-packages:${PYTHONPATH} /usr/bin/python3 -W ignore:setup.py install is deprecated -W ignore:easy_install command is deprecated setup.py egg_info --egg-base ../../build/rover_fake_lidar build --build-base /home/andrei/project/strawberry_rover_ws/build/rover_fake_lidar/build install --record /home/andrei/project/strawberry_rover_ws/build/rover_fake_lidar/install.log --single-version-externally-managed install_data
