[4.242s] Invoking command in '/home/andrei/project/strawberry_rover_ws/src/rover_simulation': PYTHONPATH=/home/andrei/project/strawberry_rover_ws/build/rover_simulation/prefix_override:/usr/lib/python3/dist-packages/colcon_core/task/python/colcon_distutils_commands:/home/andrei/project/strawberry_rover_ws/install/rover_simulation/lib/python3.8/site-packages:${PYTHONPATH} /usr/bin/python3 -W ignore:setup.py install is deprecated -W ignore:easy_install command is deprecated setup.py egg_info --egg-base ../../build/rover_simulation build --build-base /home/andrei/project/strawberry_rover_ws/build/rover_simulation/build install --record /home/andrei/project/strawberry_rover_ws/build/rover_simulation/install.log --single-version-externally-managed install_data
[4.741s] running egg_info
[4.743s] writing ../../build/rover_simulation/rover_simulation.egg-info/PKG-INFO
[4.743s] writing dependency_links to ../../build/rover_simulation/rover_simulation.egg-info/dependency_links.txt
[4.744s] writing entry points to ../../build/rover_simulation/rover_simulation.egg-info/entry_points.txt
[4.745s] writing requirements to ../../build/rover_simulation/rover_simulation.egg-info/requires.txt
[4.746s] writing top-level names to ../../build/rover_simulation/rover_simulation.egg-info/top_level.txt
[4.819s] reading manifest file '../../build/rover_simulation/rover_simulation.egg-info/SOURCES.txt'
[4.820s] writing manifest file '../../build/rover_simulation/rover_simulation.egg-info/SOURCES.txt'
[4.821s] running build
[4.821s] running build_py
[4.825s] running install
[4.829s] running install_lib
[4.833s] running install_data
[4.833s] running install_egg_info
[4.839s] removing '/home/andrei/project/strawberry_rover_ws/install/rover_simulation/lib/python3.8/site-packages/rover_simulation-0.0.0-py3.8.egg-info' (and everything under it)
[4.840s] Copying ../../build/rover_simulation/rover_simulation.egg-info to /home/andrei/project/strawberry_rover_ws/install/rover_simulation/lib/python3.8/site-packages/rover_simulation-0.0.0-py3.8.egg-info
[4.842s] running install_scripts
[4.900s] Installing rover_pose_simulator script to /home/andrei/project/strawberry_rover_ws/install/rover_simulation/lib/rover_simulation
[4.907s] writing list of installed files to '/home/andrei/project/strawberry_rover_ws/build/rover_simulation/install.log'
[5.062s] Invoked command in '/home/andrei/project/strawberry_rover_ws/src/rover_simulation' returned '0': PYTHONPATH=/home/andrei/project/strawberry_rover_ws/build/rover_simulation/prefix_override:/usr/lib/python3/dist-packages/colcon_core/task/python/colcon_distutils_commands:/home/andrei/project/strawberry_rover_ws/install/rover_simulation/lib/python3.8/site-packages:${PYTHONPATH} /usr/bin/python3 -W ignore:setup.py install is deprecated -W ignore:easy_install command is deprecated setup.py egg_info --egg-base ../../build/rover_simulation build --build-base /home/andrei/project/strawberry_rover_ws/build/rover_simulation/build install --record /home/andrei/project/strawberry_rover_ws/build/rover_simulation/install.log --single-version-externally-managed install_data
