[5.248s] Invoking command in '/home/andrei/project/strawberry_rover_ws/src/rover_bringup': PYTHONPATH=/home/andrei/project/strawberry_rover_ws/build/rover_bringup/prefix_override:/usr/lib/python3/dist-packages/colcon_core/task/python/colcon_distutils_commands:/home/andrei/project/strawberry_rover_ws/install/rover_bringup/lib/python3.8/site-packages:${PYTHONPATH} /usr/bin/python3 -W ignore:setup.py install is deprecated -W ignore:easy_install command is deprecated setup.py egg_info --egg-base ../../build/rover_bringup build --build-base /home/andrei/project/strawberry_rover_ws/build/rover_bringup/build install --record /home/andrei/project/strawberry_rover_ws/build/rover_bringup/install.log --single-version-externally-managed install_data
[6.037s] running egg_info
[6.061s] writing ../../build/rover_bringup/rover_bringup.egg-info/PKG-INFO
[6.067s] writing dependency_links to ../../build/rover_bringup/rover_bringup.egg-info/dependency_links.txt
[6.075s] writing entry points to ../../build/rover_bringup/rover_bringup.egg-info/entry_points.txt
[6.075s] writing requirements to ../../build/rover_bringup/rover_bringup.egg-info/requires.txt
[6.075s] writing top-level names to ../../build/rover_bringup/rover_bringup.egg-info/top_level.txt
[6.147s] reading manifest file '../../build/rover_bringup/rover_bringup.egg-info/SOURCES.txt'
[6.150s] writing manifest file '../../build/rover_bringup/rover_bringup.egg-info/SOURCES.txt'
[6.151s] running build
[6.151s] running build_py
[6.158s] running install
[6.162s] running install_lib
[6.166s] running install_data
[6.167s] running install_egg_info
[6.173s] removing '/home/andrei/project/strawberry_rover_ws/install/rover_bringup/lib/python3.8/site-packages/rover_bringup-0.0.0-py3.8.egg-info' (and everything under it)
[6.180s] Copying ../../build/rover_bringup/rover_bringup.egg-info to /home/andrei/project/strawberry_rover_ws/install/rover_bringup/lib/python3.8/site-packages/rover_bringup-0.0.0-py3.8.egg-info
[6.197s] running install_scripts
[6.326s] writing list of installed files to '/home/andrei/project/strawberry_rover_ws/build/rover_bringup/install.log'
[6.542s] Invoked command in '/home/andrei/project/strawberry_rover_ws/src/rover_bringup' returned '0': PYTHONPATH=/home/andrei/project/strawberry_rover_ws/build/rover_bringup/prefix_override:/usr/lib/python3/dist-packages/colcon_core/task/python/colcon_distutils_commands:/home/andrei/project/strawberry_rover_ws/install/rover_bringup/lib/python3.8/site-packages:${PYTHONPATH} /usr/bin/python3 -W ignore:setup.py install is deprecated -W ignore:easy_install command is deprecated setup.py egg_info --egg-base ../../build/rover_bringup build --build-base /home/andrei/project/strawberry_rover_ws/build/rover_bringup/build install --record /home/andrei/project/strawberry_rover_ws/build/rover_bringup/install.log --single-version-externally-managed install_data
