[3.358s] Invoking command in '/home/andrei/project/strawberry_rover_ws/src/rover_fake_lidar': PYTHONPATH=/home/andrei/project/strawberry_rover_ws/build/rover_fake_lidar/prefix_override:/usr/lib/python3/dist-packages/colcon_core/task/python/colcon_distutils_commands:/home/andrei/project/strawberry_rover_ws/install/rover_fake_lidar/lib/python3.8/site-packages:${PYTHONPATH} /usr/bin/python3 -W ignore:setup.py install is deprecated -W ignore:easy_install command is deprecated setup.py egg_info --egg-base ../../build/rover_fake_lidar build --build-base /home/andrei/project/strawberry_rover_ws/build/rover_fake_lidar/build install --record /home/andrei/project/strawberry_rover_ws/build/rover_fake_lidar/install.log --single-version-externally-managed install_data
[3.877s] running egg_info
[3.879s] writing ../../build/rover_fake_lidar/rover_fake_lidar.egg-info/PKG-INFO
[3.880s] writing dependency_links to ../../build/rover_fake_lidar/rover_fake_lidar.egg-info/dependency_links.txt
[3.880s] writing entry points to ../../build/rover_fake_lidar/rover_fake_lidar.egg-info/entry_points.txt
[3.881s] writing requirements to ../../build/rover_fake_lidar/rover_fake_lidar.egg-info/requires.txt
[3.881s] writing top-level names to ../../build/rover_fake_lidar/rover_fake_lidar.egg-info/top_level.txt
[3.956s] reading manifest file '../../build/rover_fake_lidar/rover_fake_lidar.egg-info/SOURCES.txt'
[3.958s] writing manifest file '../../build/rover_fake_lidar/rover_fake_lidar.egg-info/SOURCES.txt'
[3.959s] running build
[3.959s] running build_py
[3.963s] running install
[3.976s] running install_lib
[3.982s] running install_data
[3.983s] copying config/fake_lidar.yaml -> /home/andrei/project/strawberry_rover_ws/install/rover_fake_lidar/share/rover_fake_lidar/config
[3.983s] running install_egg_info
[4.024s] removing '/home/andrei/project/strawberry_rover_ws/install/rover_fake_lidar/lib/python3.8/site-packages/rover_fake_lidar-0.0.0-py3.8.egg-info' (and everything under it)
[4.025s] Copying ../../build/rover_fake_lidar/rover_fake_lidar.egg-info to /home/andrei/project/strawberry_rover_ws/install/rover_fake_lidar/lib/python3.8/site-packages/rover_fake_lidar-0.0.0-py3.8.egg-info
[4.025s] running install_scripts
[4.069s] Installing fake_lidar_node script to /home/andrei/project/strawberry_rover_ws/install/rover_fake_lidar/lib/rover_fake_lidar
[4.070s] writing list of installed files to '/home/andrei/project/strawberry_rover_ws/build/rover_fake_lidar/install.log'
[4.143s] Invoked command in '/home/andrei/project/strawberry_rover_ws/src/rover_fake_lidar' returned '0': PYTHONPATH=/home/andrei/project/strawberry_rover_ws/build/rover_fake_lidar/prefix_override:/usr/lib/python3/dist-packages/colcon_core/task/python/colcon_distutils_commands:/home/andrei/project/strawberry_rover_ws/install/rover_fake_lidar/lib/python3.8/site-packages:${PYTHONPATH} /usr/bin/python3 -W ignore:setup.py install is deprecated -W ignore:easy_install command is deprecated setup.py egg_info --egg-base ../../build/rover_fake_lidar build --build-base /home/andrei/project/strawberry_rover_ws/build/rover_fake_lidar/build install --record /home/andrei/project/strawberry_rover_ws/build/rover_fake_lidar/install.log --single-version-externally-managed install_data
