[0.000000] (-) TimerEvent: {}
[0.001237] (-) JobUnselected: {'identifier': 'rover_bringup'}
[0.001363] (-) JobUnselected: {'identifier': 'rover_description'}
[0.001536] (-) JobUnselected: {'identifier': 'rover_fake_camera'}
[0.001614] (-) JobUnselected: {'identifier': 'rover_fake_stereo'}
[0.001663] (-) JobUnselected: {'identifier': 'rover_fsm'}
[0.001708] (-) JobUnselected: {'identifier': 'rover_state'}
[0.001753] (-) JobUnselected: {'identifier': 'rover_utils'}
[0.001793] (-) JobUnselected: {'identifier': 'rover_visualization'}
[0.001856] (rover_fake_lidar) JobQueued: {'identifier': 'rover_fake_lidar', 'dependencies': OrderedDict()}
[0.003275] (rover_fake_lidar) JobStarted: {'identifier': 'rover_fake_lidar'}
[0.098648] (-) TimerEvent: {}
[0.199208] (-) TimerEvent: {}
[0.299602] (-) TimerEvent: {}
[0.400001] (-) TimerEvent: {}
[0.500432] (-) TimerEvent: {}
[0.600925] (-) TimerEvent: {}
[0.701398] (-) TimerEvent: {}
[0.801790] (-) TimerEvent: {}
[0.902237] (-) TimerEvent: {}
[1.002617] (-) TimerEvent: {}
[1.103069] (-) TimerEvent: {}
[1.203555] (-) TimerEvent: {}
[1.303966] (-) TimerEvent: {}
[1.365493] (rover_fake_lidar) Command: {'cmd': ['/usr/bin/python3', '-W', 'ignore:setup.py install is deprecated', '-W', 'ignore:easy_install command is deprecated', 'setup.py', 'egg_info', '--egg-base', '../../build/rover_fake_lidar', 'build', '--build-base', '/home/andrei/project/strawberry_rover_ws/build/rover_fake_lidar/build', 'install', '--record', '/home/andrei/project/strawberry_rover_ws/build/rover_fake_lidar/install.log', '--single-version-externally-managed', 'install_data'], 'cwd': '/home/andrei/project/strawberry_rover_ws/src/rover_fake_lidar', 'env': {'LESSOPEN': '| /usr/bin/lesspipe %s', 'VSCODE_CWD': '/home/andrei', 'VSCODE_ESM_ENTRYPOINT': 'vs/workbench/api/node/extensionHostProcess', 'LANGUAGE': 'en', 'USER': 'andrei', 'SSH_CLIENT': '192.168.1.19 57591 22', 'LC_TIME': 'ru_RU.UTF-8', 'VSCODE_NLS_CONFIG': '{"userLocale":"en","osLocale":"en","resolvedLanguage":"en","defaultMessagesFile":"/home/andrei/.cursor-server/bin/linux-arm64/8c95649f251a168cc4bb34c89531fae7db4bd990/out/nls.messages.json","locale":"en","availableLanguages":{}}', 'CI': '1', 'VSCODE_HANDLES_UNCAUGHT_ERRORS': 'true', 'XDG_SESSION_TYPE': 'tty', 'DEBUG': 'release', 'SHLVL': '1', 'LD_LIBRARY_PATH': '/opt/ros/foxy/opt/yaml_cpp_vendor/lib:/opt/ros/foxy/opt/rviz_ogre_vendor/lib:/opt/ros/foxy/lib/aarch64-linux-gnu:/opt/ros/foxy/lib', 'BROWSER': '/home/andrei/.cursor-server/bin/linux-arm64/8c95649f251a168cc4bb34c89531fae7db4bd990/bin/helpers/browser.sh', 'MOTD_SHOWN': 'pam', 'HOME': '/home/andrei', 'NVM_BIN': '/home/andrei/.nvm/versions/node/v20.20.1/bin', 'VSCODE_IPC_HOOK_CLI': '/run/user/1000/vscode-ipc-46576b63-4b9c-4700-9384-1a0730395192.sock', 'NVM_INC': '/home/andrei/.nvm/versions/node/v20.20.1/include/node', 'ROS_PYTHON_VERSION': '3', 'LC_MONETARY': 'ru_RU.UTF-8', 'NO_COLOR': '1', 'DBUS_SESSION_BUS_ADDRESS': 'unix:path=/run/user/1000/bus', 'NVM_DIR': '/home/andrei/.nvm', 'VSCODE_L10N_BUNDLE_LOCATION': '', 'COLCON_PREFIX_PATH': '/home/andrei/project/strawberry_rover_ws/install', 'ROS_DISTRO': 'foxy', 'OVSX_REGISTRY_URL': 'https://open-vsx.org', 'LOGNAME': 'andrei', 'FORCE_COLOR': '0', 'VSCODE_HANDLES_SIGPIPE': 'true', '_': '/usr/bin/colcon', 'ROS_VERSION': '2', 'XDG_SESSION_CLASS': 'user', 'TERM': 'dumb', 'XDG_SESSION_ID': '43', 'ROS_LOCALHOST_ONLY': '0', 'PATH': '/home/andrei/.nvm/versions/node/v20.20.1/bin:/home/andrei/.cursor-server/bin/linux-arm64/8c95649f251a168cc4bb34c89531fae7db4bd990/bin/remote-cli:/opt/ros/foxy/bin:/home/andrei/.cursor-server/bin/linux-arm64/8c95649f251a168cc4bb34c89531fae7db4bd990/bin/remote-cli:/usr/local/sbin:/usr/local/bin:/usr/sbin:/usr/bin:/sbin:/bin:/usr/games:/usr/local/games:/snap/bin', 'VSCODE_AGENT_FOLDER': '/home/andrei/.cursor-server', 'PAPERSIZE': 'a4', 'LC_ADDRESS': 'ru_RU.UTF-8', 'XDG_RUNTIME_DIR': '/run/user/1000', 'CURSOR_AGENT': '1', 'LANG': 'en_US.UTF-8', 'LC_TELEPHONE': 'ru_RU.UTF-8', 'LS_COLORS': '', 'AMENT_PREFIX_PATH': '/home/andrei/project/strawberry_rover_ws/install/rover_visualization:/home/andrei/project/strawberry_rover_ws/install/rover_utils:/home/andrei/project/strawberry_rover_ws/install/rover_state:/home/andrei/project/strawberry_rover_ws/install/rover_fsm:/home/andrei/project/strawberry_rover_ws/install/rover_fake_stereo:/home/andrei/project/strawberry_rover_ws/install/rover_fake_lidar:/home/andrei/project/strawberry_rover_ws/install/rover_fake_camera:/home/andrei/project/strawberry_rover_ws/install/rover_description:/home/andrei/project/strawberry_rover_ws/install/rover_bringup:/opt/ros/foxy', 'SHELL': '/bin/bash', 'LC_NAME': 'ru_RU.UTF-8', 'VSCODE_SERVER_SHUTDOWN_TIMEOUT': '300', 'LESSCLOSE': '/usr/bin/lesspipe %s %s', 'LC_MEASUREMENT': 'ru_RU.UTF-8', 'LC_IDENTIFICATION': 'ru_RU.UTF-8', 'PWD': '/home/andrei/project/strawberry_rover_ws/build/rover_fake_lidar', 'SSH_CONNECTION': '192.168.1.19 57591 192.168.1.77 22', 'NVM_CD_FLAGS': '', 'XDG_DATA_DIRS': '/usr/local/share:/usr/share:/var/lib/snapd/desktop', 'PYTHONPATH': '/home/andrei/project/strawberry_rover_ws/build/rover_fake_lidar/prefix_override:/usr/lib/python3/dist-packages/colcon_core/task/python/colcon_distutils_commands:/home/andrei/project/strawberry_rover_ws/install/rover_fake_lidar/lib/python3.8/site-packages:/home/andrei/project/strawberry_rover_ws/install/rover_visualization/lib/python3.8/site-packages:/home/andrei/project/strawberry_rover_ws/install/rover_utils/lib/python3.8/site-packages:/home/andrei/project/strawberry_rover_ws/install/rover_state/lib/python3.8/site-packages:/home/andrei/project/strawberry_rover_ws/install/rover_fsm/lib/python3.8/site-packages:/home/andrei/project/strawberry_rover_ws/install/rover_fake_stereo/lib/python3.8/site-packages:/home/andrei/project/strawberry_rover_ws/install/rover_fake_lidar/lib/python3.8/site-packages:/home/andrei/project/strawberry_rover_ws/install/rover_fake_camera/lib/python3.8/site-packages:/home/andrei/project/strawberry_rover_ws/install/rover_description/lib/python3.8/site-packages:/home/andrei/project/strawberry_rover_ws/install/rover_bringup/lib/python3.8/site-packages:/opt/ros/foxy/lib/python3.8/site-packages', 'LC_NUMERIC': 'ru_RU.UTF-8', 'LC_PAPER': 'ru_RU.UTF-8', 'COLCON': '1', '_ZO_DOCTOR': '0'}, 'shell': False}
[1.404545] (-) TimerEvent: {}
[1.504925] (-) TimerEvent: {}
[1.605310] (-) TimerEvent: {}
[1.705689] (-) TimerEvent: {}
[1.806072] (-) TimerEvent: {}
[1.808781] (rover_fake_lidar) StdoutLine: {'line': b'running egg_info\n'}
[1.810060] (rover_fake_lidar) StdoutLine: {'line': b'writing ../../build/rover_fake_lidar/rover_fake_lidar.egg-info/PKG-INFO\n'}
[1.810701] (rover_fake_lidar) StdoutLine: {'line': b'writing dependency_links to ../../build/rover_fake_lidar/rover_fake_lidar.egg-info/dependency_links.txt\n'}
[1.811061] (rover_fake_lidar) StdoutLine: {'line': b'writing entry points to ../../build/rover_fake_lidar/rover_fake_lidar.egg-info/entry_points.txt\n'}
[1.811425] (rover_fake_lidar) StdoutLine: {'line': b'writing requirements to ../../build/rover_fake_lidar/rover_fake_lidar.egg-info/requires.txt\n'}
[1.813965] (rover_fake_lidar) StdoutLine: {'line': b'writing top-level names to ../../build/rover_fake_lidar/rover_fake_lidar.egg-info/top_level.txt\n'}
[1.875966] (rover_fake_lidar) StdoutLine: {'line': b"reading manifest file '../../build/rover_fake_lidar/rover_fake_lidar.egg-info/SOURCES.txt'\n"}
[1.877660] (rover_fake_lidar) StdoutLine: {'line': b"writing manifest file '../../build/rover_fake_lidar/rover_fake_lidar.egg-info/SOURCES.txt'\n"}
[1.879056] (rover_fake_lidar) StdoutLine: {'line': b'running build\n'}
[1.879526] (rover_fake_lidar) StdoutLine: {'line': b'running build_py\n'}
[1.879709] (rover_fake_lidar) StdoutLine: {'line': b'copying rover_fake_lidar/fake_lidar_node.py -> /home/andrei/project/strawberry_rover_ws/build/rover_fake_lidar/build/lib/rover_fake_lidar\n'}
[1.881101] (rover_fake_lidar) StdoutLine: {'line': b'running install\n'}
[1.882172] (rover_fake_lidar) StdoutLine: {'line': b'running install_lib\n'}
[1.884393] (rover_fake_lidar) StdoutLine: {'line': b'copying /home/andrei/project/strawberry_rover_ws/build/rover_fake_lidar/build/lib/rover_fake_lidar/fake_lidar_node.py -> /home/andrei/project/strawberry_rover_ws/install/rover_fake_lidar/lib/python3.8/site-packages/rover_fake_lidar\n'}
[1.885720] (rover_fake_lidar) StdoutLine: {'line': b'byte-compiling /home/andrei/project/strawberry_rover_ws/install/rover_fake_lidar/lib/python3.8/site-packages/rover_fake_lidar/fake_lidar_node.py to fake_lidar_node.cpython-38.pyc\n'}
[1.891158] (rover_fake_lidar) StdoutLine: {'line': b'running install_data\n'}
[1.891573] (rover_fake_lidar) StdoutLine: {'line': b'copying package.xml -> /home/andrei/project/strawberry_rover_ws/install/rover_fake_lidar/share/rover_fake_lidar\n'}
[1.892420] (rover_fake_lidar) StdoutLine: {'line': b'copying config/fake_lidar.yaml -> /home/andrei/project/strawberry_rover_ws/install/rover_fake_lidar/share/rover_fake_lidar/config\n'}
[1.892634] (rover_fake_lidar) StdoutLine: {'line': b'running install_egg_info\n'}
[1.895857] (rover_fake_lidar) StdoutLine: {'line': b"removing '/home/andrei/project/strawberry_rover_ws/install/rover_fake_lidar/lib/python3.8/site-packages/rover_fake_lidar-0.0.0-py3.8.egg-info' (and everything under it)\n"}
[1.896568] (rover_fake_lidar) StdoutLine: {'line': b'Copying ../../build/rover_fake_lidar/rover_fake_lidar.egg-info to /home/andrei/project/strawberry_rover_ws/install/rover_fake_lidar/lib/python3.8/site-packages/rover_fake_lidar-0.0.0-py3.8.egg-info\n'}
[1.898539] (rover_fake_lidar) StdoutLine: {'line': b'running install_scripts\n'}
[1.906218] (-) TimerEvent: {}
[1.936121] (rover_fake_lidar) StdoutLine: {'line': b'Installing fake_lidar_node script to /home/andrei/project/strawberry_rover_ws/install/rover_fake_lidar/lib/rover_fake_lidar\n'}
[1.937098] (rover_fake_lidar) StdoutLine: {'line': b"writing list of installed files to '/home/andrei/project/strawberry_rover_ws/build/rover_fake_lidar/install.log'\n"}
[2.007848] (rover_fake_lidar) CommandEnded: {'returncode': 0}
[2.009776] (-) TimerEvent: {}
[2.039907] (rover_fake_lidar) JobEnded: {'identifier': 'rover_fake_lidar', 'rc': 0}
[2.042024] (-) EventReactorShutdown: {}
