running egg_info
writing ../../build/rover_fake_camera/rover_fake_camera.egg-info/PKG-INFO
writing dependency_links to ../../build/rover_fake_camera/rover_fake_camera.egg-info/dependency_links.txt
writing entry points to ../../build/rover_fake_camera/rover_fake_camera.egg-info/entry_points.txt
writing requirements to ../../build/rover_fake_camera/rover_fake_camera.egg-info/requires.txt
writing top-level names to ../../build/rover_fake_camera/rover_fake_camera.egg-info/top_level.txt
reading manifest file '../../build/rover_fake_camera/rover_fake_camera.egg-info/SOURCES.txt'
writing manifest file '../../build/rover_fake_camera/rover_fake_camera.egg-info/SOURCES.txt'
running build
running build_py
copying rover_fake_camera/fake_camera_node.py -> /home/andrei/project/strawberry_rover_ws/build/rover_fake_camera/build/lib/rover_fake_camera
running install
running install_lib
copying /home/andrei/project/strawberry_rover_ws/build/rover_fake_camera/build/lib/rover_fake_camera/fake_camera_node.py -> /home/andrei/project/strawberry_rover_ws/install/rover_fake_camera/lib/python3.8/site-packages/rover_fake_camera
byte-compiling /home/andrei/project/strawberry_rover_ws/install/rover_fake_camera/lib/python3.8/site-packages/rover_fake_camera/fake_camera_node.py to fake_camera_node.cpython-38.pyc
running install_data
copying config/fake_camera.yaml -> /home/andrei/project/strawberry_rover_ws/install/rover_fake_camera/share/rover_fake_camera/config
running install_egg_info
removing '/home/andrei/project/strawberry_rover_ws/install/rover_fake_camera/lib/python3.8/site-packages/rover_fake_camera-0.0.0-py3.8.egg-info' (and everything under it)
Copying ../../build/rover_fake_camera/rover_fake_camera.egg-info to /home/andrei/project/strawberry_rover_ws/install/rover_fake_camera/lib/python3.8/site-packages/rover_fake_camera-0.0.0-py3.8.egg-info
running install_scripts
Installing fake_camera_node script to /home/andrei/project/strawberry_rover_ws/install/rover_fake_camera/lib/rover_fake_camera
writing list of installed files to '/home/andrei/project/strawberry_rover_ws/build/rover_fake_camera/install.log'
