[1.415s] Invoking command in '/home/andrei/project/strawberry_rover_ws/src/rover_web_interface': PYTHONPATH=/home/andrei/project/strawberry_rover_ws/build/rover_web_interface/prefix_override:/usr/lib/python3/dist-packages/colcon_core/task/python/colcon_distutils_commands:/home/andrei/project/strawberry_rover_ws/install/rover_web_interface/lib/python3.8/site-packages:${PYTHONPATH} /usr/bin/python3 -W ignore:setup.py install is deprecated -W ignore:easy_install command is deprecated setup.py egg_info --egg-base ../../build/rover_web_interface build --build-base /home/andrei/project/strawberry_rover_ws/build/rover_web_interface/build install --record /home/andrei/project/strawberry_rover_ws/build/rover_web_interface/install.log --install-scripts $base/lib/rover_web_interface --single-version-externally-managed install_data
[1.858s] running egg_info
[1.858s] writing ../../build/rover_web_interface/rover_web_interface.egg-info/PKG-INFO
[1.859s] writing dependency_links to ../../build/rover_web_interface/rover_web_interface.egg-info/dependency_links.txt
[1.860s] writing entry points to ../../build/rover_web_interface/rover_web_interface.egg-info/entry_points.txt
[1.860s] writing requirements to ../../build/rover_web_interface/rover_web_interface.egg-info/requires.txt
[1.861s] writing top-level names to ../../build/rover_web_interface/rover_web_interface.egg-info/top_level.txt
[1.923s] reading manifest file '../../build/rover_web_interface/rover_web_interface.egg-info/SOURCES.txt'
[1.924s] writing manifest file '../../build/rover_web_interface/rover_web_interface.egg-info/SOURCES.txt'
[1.925s] running build
[1.925s] running build_py
[1.925s] copying rover_web_interface/backend/ros_bridge.py -> /home/andrei/project/strawberry_rover_ws/build/rover_web_interface/build/lib/rover_web_interface/backend
[1.927s] running install
[1.929s] running install_lib
[1.932s] copying /home/andrei/project/strawberry_rover_ws/build/rover_web_interface/build/lib/rover_web_interface/backend/ros_bridge.py -> /home/andrei/project/strawberry_rover_ws/install/rover_web_interface/lib/python3.8/site-packages/rover_web_interface/backend
[1.933s] byte-compiling /home/andrei/project/strawberry_rover_ws/install/rover_web_interface/lib/python3.8/site-packages/rover_web_interface/backend/ros_bridge.py to ros_bridge.cpython-38.pyc
[1.941s] running install_data
[1.942s] running install_egg_info
[1.946s] removing '/home/andrei/project/strawberry_rover_ws/install/rover_web_interface/lib/python3.8/site-packages/rover_web_interface-0.0.0-py3.8.egg-info' (and everything under it)
[1.946s] Copying ../../build/rover_web_interface/rover_web_interface.egg-info to /home/andrei/project/strawberry_rover_ws/install/rover_web_interface/lib/python3.8/site-packages/rover_web_interface-0.0.0-py3.8.egg-info
[1.948s] running install_scripts
[1.986s] Installing rover_web_server script to /home/andrei/project/strawberry_rover_ws/install/rover_web_interface/lib/rover_web_interface
[1.987s] writing list of installed files to '/home/andrei/project/strawberry_rover_ws/build/rover_web_interface/install.log'
[2.075s] Invoked command in '/home/andrei/project/strawberry_rover_ws/src/rover_web_interface' returned '0': PYTHONPATH=/home/andrei/project/strawberry_rover_ws/build/rover_web_interface/prefix_override:/usr/lib/python3/dist-packages/colcon_core/task/python/colcon_distutils_commands:/home/andrei/project/strawberry_rover_ws/install/rover_web_interface/lib/python3.8/site-packages:${PYTHONPATH} /usr/bin/python3 -W ignore:setup.py install is deprecated -W ignore:easy_install command is deprecated setup.py egg_info --egg-base ../../build/rover_web_interface build --build-base /home/andrei/project/strawberry_rover_ws/build/rover_web_interface/build install --record /home/andrei/project/strawberry_rover_ws/build/rover_web_interface/install.log --install-scripts $base/lib/rover_web_interface --single-version-externally-managed install_data
