[6.420s] Invoking command in '/home/andrei/project/strawberry_rover_ws/src/rover_fake_camera': PYTHONPATH=/home/andrei/project/strawberry_rover_ws/build/rover_fake_camera/prefix_override:/usr/lib/python3/dist-packages/colcon_core/task/python/colcon_distutils_commands:/home/andrei/project/strawberry_rover_ws/install/rover_fake_camera/lib/python3.8/site-packages:${PYTHONPATH} /usr/bin/python3 -W ignore:setup.py install is deprecated -W ignore:easy_install command is deprecated setup.py egg_info --egg-base ../../build/rover_fake_camera build --build-base /home/andrei/project/strawberry_rover_ws/build/rover_fake_camera/build install --record /home/andrei/project/strawberry_rover_ws/build/rover_fake_camera/install.log --single-version-externally-managed install_data
[7.058s] running egg_info
[7.060s] creating ../../build/rover_fake_camera/rover_fake_camera.egg-info
[7.060s] writing ../../build/rover_fake_camera/rover_fake_camera.egg-info/PKG-INFO
[7.061s] writing dependency_links to ../../build/rover_fake_camera/rover_fake_camera.egg-info/dependency_links.txt
[7.062s] writing entry points to ../../build/rover_fake_camera/rover_fake_camera.egg-info/entry_points.txt
[7.062s] writing requirements to ../../build/rover_fake_camera/rover_fake_camera.egg-info/requires.txt
[7.062s] writing top-level names to ../../build/rover_fake_camera/rover_fake_camera.egg-info/top_level.txt
[7.067s] writing manifest file '../../build/rover_fake_camera/rover_fake_camera.egg-info/SOURCES.txt'
[7.138s] reading manifest file '../../build/rover_fake_camera/rover_fake_camera.egg-info/SOURCES.txt'
[7.140s] writing manifest file '../../build/rover_fake_camera/rover_fake_camera.egg-info/SOURCES.txt'
[7.141s] running build
[7.141s] running build_py
[7.141s] creating /home/andrei/project/strawberry_rover_ws/build/rover_fake_camera/build
[7.142s] creating /home/andrei/project/strawberry_rover_ws/build/rover_fake_camera/build/lib
[7.142s] creating /home/andrei/project/strawberry_rover_ws/build/rover_fake_camera/build/lib/rover_fake_camera
[7.143s] copying rover_fake_camera/__init__.py -> /home/andrei/project/strawberry_rover_ws/build/rover_fake_camera/build/lib/rover_fake_camera
[7.144s] running install
[7.147s] running install_lib
[7.150s] creating /home/andrei/project/strawberry_rover_ws/install/rover_fake_camera/lib/python3.8/site-packages/rover_fake_camera
[7.151s] copying /home/andrei/project/strawberry_rover_ws/build/rover_fake_camera/build/lib/rover_fake_camera/__init__.py -> /home/andrei/project/strawberry_rover_ws/install/rover_fake_camera/lib/python3.8/site-packages/rover_fake_camera
[7.152s] byte-compiling /home/andrei/project/strawberry_rover_ws/install/rover_fake_camera/lib/python3.8/site-packages/rover_fake_camera/__init__.py to __init__.cpython-38.pyc
[7.156s] running install_data
[7.156s] creating /home/andrei/project/strawberry_rover_ws/install/rover_fake_camera/share/ament_index
[7.156s] creating /home/andrei/project/strawberry_rover_ws/install/rover_fake_camera/share/ament_index/resource_index
[7.156s] creating /home/andrei/project/strawberry_rover_ws/install/rover_fake_camera/share/ament_index/resource_index/packages
[7.156s] copying resource/rover_fake_camera -> /home/andrei/project/strawberry_rover_ws/install/rover_fake_camera/share/ament_index/resource_index/packages
[7.157s] copying package.xml -> /home/andrei/project/strawberry_rover_ws/install/rover_fake_camera/share/rover_fake_camera
[7.157s] creating /home/andrei/project/strawberry_rover_ws/install/rover_fake_camera/share/rover_fake_camera/launch
[7.157s] creating /home/andrei/project/strawberry_rover_ws/install/rover_fake_camera/share/rover_fake_camera/config
[7.157s] running install_egg_info
[7.165s] Copying ../../build/rover_fake_camera/rover_fake_camera.egg-info to /home/andrei/project/strawberry_rover_ws/install/rover_fake_camera/lib/python3.8/site-packages/rover_fake_camera-0.0.0-py3.8.egg-info
[7.166s] running install_scripts
[7.225s] writing list of installed files to '/home/andrei/project/strawberry_rover_ws/build/rover_fake_camera/install.log'
[7.724s] Invoked command in '/home/andrei/project/strawberry_rover_ws/src/rover_fake_camera' returned '0': PYTHONPATH=/home/andrei/project/strawberry_rover_ws/build/rover_fake_camera/prefix_override:/usr/lib/python3/dist-packages/colcon_core/task/python/colcon_distutils_commands:/home/andrei/project/strawberry_rover_ws/install/rover_fake_camera/lib/python3.8/site-packages:${PYTHONPATH} /usr/bin/python3 -W ignore:setup.py install is deprecated -W ignore:easy_install command is deprecated setup.py egg_info --egg-base ../../build/rover_fake_camera build --build-base /home/andrei/project/strawberry_rover_ws/build/rover_fake_camera/build install --record /home/andrei/project/strawberry_rover_ws/build/rover_fake_camera/install.log --single-version-externally-managed install_data
