running egg_info
creating ../../build/rover_web_interface/rover_web_interface.egg-info
writing ../../build/rover_web_interface/rover_web_interface.egg-info/PKG-INFO
writing dependency_links to ../../build/rover_web_interface/rover_web_interface.egg-info/dependency_links.txt
writing entry points to ../../build/rover_web_interface/rover_web_interface.egg-info/entry_points.txt
writing requirements to ../../build/rover_web_interface/rover_web_interface.egg-info/requires.txt
writing top-level names to ../../build/rover_web_interface/rover_web_interface.egg-info/top_level.txt
writing manifest file '../../build/rover_web_interface/rover_web_interface.egg-info/SOURCES.txt'
reading manifest file '../../build/rover_web_interface/rover_web_interface.egg-info/SOURCES.txt'
writing manifest file '../../build/rover_web_interface/rover_web_interface.egg-info/SOURCES.txt'
running build
running build_py
creating /home/andrei/project/strawberry_rover_ws/build/rover_web_interface/build
creating /home/andrei/project/strawberry_rover_ws/build/rover_web_interface/build/lib
creating /home/andrei/project/strawberry_rover_ws/build/rover_web_interface/build/lib/rover_web_interface
copying rover_web_interface/__init__.py -> /home/andrei/project/strawberry_rover_ws/build/rover_web_interface/build/lib/rover_web_interface
creating /home/andrei/project/strawberry_rover_ws/build/rover_web_interface/build/lib/rover_web_interface/backend
copying rover_web_interface/backend/ros_bridge.py -> /home/andrei/project/strawberry_rover_ws/build/rover_web_interface/build/lib/rover_web_interface/backend
copying rover_web_interface/backend/__init__.py -> /home/andrei/project/strawberry_rover_ws/build/rover_web_interface/build/lib/rover_web_interface/backend
copying rover_web_interface/backend/api_server.py -> /home/andrei/project/strawberry_rover_ws/build/rover_web_interface/build/lib/rover_web_interface/backend
running install
running install_lib
creating /home/andrei/project/strawberry_rover_ws/install/rover_web_interface/lib/python3.8/site-packages/rover_web_interface
copying /home/andrei/project/strawberry_rover_ws/build/rover_web_interface/build/lib/rover_web_interface/__init__.py -> /home/andrei/project/strawberry_rover_ws/install/rover_web_interface/lib/python3.8/site-packages/rover_web_interface
creating /home/andrei/project/strawberry_rover_ws/install/rover_web_interface/lib/python3.8/site-packages/rover_web_interface/backend
copying /home/andrei/project/strawberry_rover_ws/build/rover_web_interface/build/lib/rover_web_interface/backend/ros_bridge.py -> /home/andrei/project/strawberry_rover_ws/install/rover_web_interface/lib/python3.8/site-packages/rover_web_interface/backend
copying /home/andrei/project/strawberry_rover_ws/build/rover_web_interface/build/lib/rover_web_interface/backend/__init__.py -> /home/andrei/project/strawberry_rover_ws/install/rover_web_interface/lib/python3.8/site-packages/rover_web_interface/backend
copying /home/andrei/project/strawberry_rover_ws/build/rover_web_interface/build/lib/rover_web_interface/backend/api_server.py -> /home/andrei/project/strawberry_rover_ws/install/rover_web_interface/lib/python3.8/site-packages/rover_web_interface/backend
byte-compiling /home/andrei/project/strawberry_rover_ws/install/rover_web_interface/lib/python3.8/site-packages/rover_web_interface/__init__.py to __init__.cpython-38.pyc
byte-compiling /home/andrei/project/strawberry_rover_ws/install/rover_web_interface/lib/python3.8/site-packages/rover_web_interface/backend/ros_bridge.py to ros_bridge.cpython-38.pyc
byte-compiling /home/andrei/project/strawberry_rover_ws/install/rover_web_interface/lib/python3.8/site-packages/rover_web_interface/backend/__init__.py to __init__.cpython-38.pyc
byte-compiling /home/andrei/project/strawberry_rover_ws/install/rover_web_interface/lib/python3.8/site-packages/rover_web_interface/backend/api_server.py to api_server.cpython-38.pyc
running install_data
creating /home/andrei/project/strawberry_rover_ws/install/rover_web_interface/share/ament_index
creating /home/andrei/project/strawberry_rover_ws/install/rover_web_interface/share/ament_index/resource_index
creating /home/andrei/project/strawberry_rover_ws/install/rover_web_interface/share/ament_index/resource_index/packages
copying resource/rover_web_interface -> /home/andrei/project/strawberry_rover_ws/install/rover_web_interface/share/ament_index/resource_index/packages
copying package.xml -> /home/andrei/project/strawberry_rover_ws/install/rover_web_interface/share/rover_web_interface
creating /home/andrei/project/strawberry_rover_ws/install/rover_web_interface/share/rover_web_interface/launch
copying launch/web_interface.launch.py -> /home/andrei/project/strawberry_rover_ws/install/rover_web_interface/share/rover_web_interface/launch
creating /home/andrei/project/strawberry_rover_ws/install/rover_web_interface/share/rover_web_interface/frontend
copying rover_web_interface/frontend/index.html -> /home/andrei/project/strawberry_rover_ws/install/rover_web_interface/share/rover_web_interface/frontend
copying rover_web_interface/frontend/dashboard.js -> /home/andrei/project/strawberry_rover_ws/install/rover_web_interface/share/rover_web_interface/frontend
running install_egg_info
Copying ../../build/rover_web_interface/rover_web_interface.egg-info to /home/andrei/project/strawberry_rover_ws/install/rover_web_interface/lib/python3.8/site-packages/rover_web_interface-0.0.0-py3.8.egg-info
running install_scripts
Installing rover_web_server script to /home/andrei/project/strawberry_rover_ws/install/rover_web_interface/lib/rover_web_interface
writing list of installed files to '/home/andrei/project/strawberry_rover_ws/build/rover_web_interface/install.log'
