[0.000000] (-) TimerEvent: {}
[0.000316] (-) JobUnselected: {'identifier': 'rover_bringup'}
[0.000752] (-) JobUnselected: {'identifier': 'rover_description'}
[0.001498] (-) JobUnselected: {'identifier': 'rover_fake_camera'}
[0.002730] (-) JobUnselected: {'identifier': 'rover_fake_lidar'}
[0.002942] (-) JobUnselected: {'identifier': 'rover_fsm'}
[0.003796] (-) JobUnselected: {'identifier': 'rover_navigation'}
[0.004000] (-) JobUnselected: {'identifier': 'rover_perception'}
[0.004347] (-) JobUnselected: {'identifier': 'rover_simulation'}
[0.004487] (-) JobUnselected: {'identifier': 'rover_state'}
[0.004890] (-) JobUnselected: {'identifier': 'rover_utils'}
[0.005029] (-) JobUnselected: {'identifier': 'rover_visualization'}
[0.005189] (rover_fake_stereo) JobQueued: {'identifier': 'rover_fake_stereo', 'dependencies': OrderedDict()}
[0.005342] (rover_fake_stereo) JobStarted: {'identifier': 'rover_fake_stereo'}
[0.099222] (-) TimerEvent: {}
[0.199847] (-) TimerEvent: {}
[0.300386] (-) TimerEvent: {}
[0.400933] (-) TimerEvent: {}
[0.501483] (-) TimerEvent: {}
[0.604819] (-) TimerEvent: {}
[0.705655] (-) TimerEvent: {}
[0.806278] (-) TimerEvent: {}
[0.906874] (-) TimerEvent: {}
[1.007485] (-) TimerEvent: {}
[1.108061] (-) TimerEvent: {}
[1.209844] (-) TimerEvent: {}
[1.310386] (-) TimerEvent: {}
[1.411957] (-) TimerEvent: {}
[1.512485] (-) TimerEvent: {}
[1.613047] (-) TimerEvent: {}
[1.622731] (rover_fake_stereo) Command: {'cmd': ['/usr/bin/python3', '-W', 'ignore:setup.py install is deprecated', '-W', 'ignore:easy_install command is deprecated', 'setup.py', 'egg_info', '--egg-base', '../../build/rover_fake_stereo', 'build', '--build-base', '/home/andrei/project/strawberry_rover_ws/build/rover_fake_stereo/build', 'install', '--record', '/home/andrei/project/strawberry_rover_ws/build/rover_fake_stereo/install.log', '--single-version-externally-managed', 'install_data'], 'cwd': '/home/andrei/project/strawberry_rover_ws/src/rover_fake_stereo', 'env': {'LESSOPEN': '| /usr/bin/lesspipe %s', 'VSCODE_CWD': '/home/andrei', 'VSCODE_ESM_ENTRYPOINT': 'vs/workbench/api/node/extensionHostProcess', 'LANGUAGE': 'en', 'USER': 'andrei', 'SSH_CLIENT': '192.168.1.19 62331 22', 'LC_TIME': 'ru_RU.UTF-8', 'VSCODE_NLS_CONFIG': '{"userLocale":"en","osLocale":"en","resolvedLanguage":"en","defaultMessagesFile":"/home/andrei/.cursor-server/bin/linux-arm64/8c95649f251a168cc4bb34c89531fae7db4bd990/out/nls.messages.json","locale":"en","availableLanguages":{}}', 'CI': '1', 'VSCODE_HANDLES_UNCAUGHT_ERRORS': 'true', 'XDG_SESSION_TYPE': 'tty', 'DEBUG': 'release', 'SHLVL': '1', 'LD_LIBRARY_PATH': '/opt/ros/foxy/opt/yaml_cpp_vendor/lib:/opt/ros/foxy/opt/rviz_ogre_vendor/lib:/opt/ros/foxy/lib/aarch64-linux-gnu:/opt/ros/foxy/lib', 'BROWSER': '/home/andrei/.cursor-server/bin/linux-arm64/8c95649f251a168cc4bb34c89531fae7db4bd990/bin/helpers/browser.sh', 'MOTD_SHOWN': 'pam', 'HOME': '/home/andrei', 'OLDPWD': '/home/andrei/project/strawberry_rover_ws', 'NVM_BIN': '/home/andrei/.nvm/versions/node/v20.20.1/bin', 'VSCODE_IPC_HOOK_CLI': '/run/user/1000/vscode-ipc-87d7b719-0f3c-4fca-94e9-9b136f0fc576.sock', 'NVM_INC': '/home/andrei/.nvm/versions/node/v20.20.1/include/node', 'ROS_PYTHON_VERSION': '3', 'LC_MONETARY': 'ru_RU.UTF-8', 'NO_COLOR': '1', 'DBUS_SESSION_BUS_ADDRESS': 'unix:path=/run/user/1000/bus', 'NVM_DIR': '/home/andrei/.nvm', 'VSCODE_L10N_BUNDLE_LOCATION': '', 'COLCON_PREFIX_PATH': '/home/andrei/project/strawberry_rover_ws/install', 'ROS_DISTRO': 'foxy', 'OVSX_REGISTRY_URL': 'https://open-vsx.org', 'LOGNAME': 'andrei', 'FORCE_COLOR': '0', 'VSCODE_HANDLES_SIGPIPE': 'true', '_': '/usr/bin/colcon', 'ROS_VERSION': '2', 'XDG_SESSION_CLASS': 'user', 'TERM': 'dumb', 'XDG_SESSION_ID': '90', 'ROS_LOCALHOST_ONLY': '0', 'PATH': '/home/andrei/.cursor-server/bin/linux-arm64/8c95649f251a168cc4bb34c89531fae7db4bd990/bin/remote-cli:/home/andrei/.nvm/versions/node/v20.20.1/bin:/opt/ros/foxy/bin:/home/andrei/.cursor-server/bin/linux-arm64/8c95649f251a168cc4bb34c89531fae7db4bd990/bin/remote-cli:/usr/local/sbin:/usr/local/bin:/usr/sbin:/usr/bin:/sbin:/bin:/usr/games:/usr/local/games:/snap/bin', 'VSCODE_AGENT_FOLDER': '/home/andrei/.cursor-server', 'PAPERSIZE': 'a4', 'LC_ADDRESS': 'ru_RU.UTF-8', 'XDG_RUNTIME_DIR': '/run/user/1000', 'CURSOR_AGENT': '1', 'LANG': 'en_US.UTF-8', 'LC_TELEPHONE': 'ru_RU.UTF-8', 'LS_COLORS': '', 'AMENT_PREFIX_PATH': '/home/andrei/project/strawberry_rover_ws/install/rover_visualization:/home/andrei/project/strawberry_rover_ws/install/rover_utils:/home/andrei/project/strawberry_rover_ws/install/rover_state:/home/andrei/project/strawberry_rover_ws/install/rover_bringup:/home/andrei/project/strawberry_rover_ws/install/rover_simulation:/home/andrei/project/strawberry_rover_ws/install/rover_perception:/home/andrei/project/strawberry_rover_ws/install/rover_navigation:/home/andrei/project/strawberry_rover_ws/install/rover_fsm:/home/andrei/project/strawberry_rover_ws/install/rover_fake_stereo:/home/andrei/project/strawberry_rover_ws/install/rover_fake_lidar:/home/andrei/project/strawberry_rover_ws/install/rover_fake_camera:/home/andrei/project/strawberry_rover_ws/install/rover_description:/opt/ros/foxy', 'SHELL': '/bin/bash', 'LC_NAME': 'ru_RU.UTF-8', 'VSCODE_SERVER_SHUTDOWN_TIMEOUT': '300', 'LESSCLOSE': '/usr/bin/lesspipe %s %s', 'LC_MEASUREMENT': 'ru_RU.UTF-8', 'LC_IDENTIFICATION': 'ru_RU.UTF-8', 'PWD': '/home/andrei/project/strawberry_rover_ws/build/rover_fake_stereo', 'SSH_CONNECTION': '192.168.1.19 62331 192.168.1.77 22', 'NVM_CD_FLAGS': '', 'XDG_DATA_DIRS': '/usr/local/share:/usr/share:/var/lib/snapd/desktop', 'PYTHONPATH': '/home/andrei/project/strawberry_rover_ws/build/rover_fake_stereo/prefix_override:/usr/lib/python3/dist-packages/colcon_core/task/python/colcon_distutils_commands:/home/andrei/project/strawberry_rover_ws/install/rover_fake_stereo/lib/python3.8/site-packages:/home/andrei/project/strawberry_rover_ws/install/rover_visualization/lib/python3.8/site-packages:/home/andrei/project/strawberry_rover_ws/install/rover_utils/lib/python3.8/site-packages:/home/andrei/project/strawberry_rover_ws/install/rover_state/lib/python3.8/site-packages:/home/andrei/project/strawberry_rover_ws/install/rover_bringup/lib/python3.8/site-packages:/home/andrei/project/strawberry_rover_ws/install/rover_simulation/lib/python3.8/site-packages:/home/andrei/project/strawberry_rover_ws/install/rover_perception/lib/python3.8/site-packages:/home/andrei/project/strawberry_rover_ws/install/rover_navigation/lib/python3.8/site-packages:/home/andrei/project/strawberry_rover_ws/install/rover_fsm/lib/python3.8/site-packages:/home/andrei/project/strawberry_rover_ws/install/rover_fake_stereo/lib/python3.8/site-packages:/home/andrei/project/strawberry_rover_ws/install/rover_fake_lidar/lib/python3.8/site-packages:/home/andrei/project/strawberry_rover_ws/install/rover_fake_camera/lib/python3.8/site-packages:/home/andrei/project/strawberry_rover_ws/install/rover_description/lib/python3.8/site-packages:/opt/ros/foxy/lib/python3.8/site-packages', 'LC_NUMERIC': 'ru_RU.UTF-8', 'LC_PAPER': 'ru_RU.UTF-8', 'COLCON': '1', '_ZO_DOCTOR': '0'}, 'shell': False}
[1.713292] (-) TimerEvent: {}
[1.813822] (-) TimerEvent: {}
[1.914355] (-) TimerEvent: {}
[2.014937] (-) TimerEvent: {}
[2.115471] (-) TimerEvent: {}
[2.124566] (rover_fake_stereo) StdoutLine: {'line': b'running egg_info\n'}
[2.125832] (rover_fake_stereo) StdoutLine: {'line': b'writing ../../build/rover_fake_stereo/rover_fake_stereo.egg-info/PKG-INFO\n'}
[2.126609] (rover_fake_stereo) StdoutLine: {'line': b'writing dependency_links to ../../build/rover_fake_stereo/rover_fake_stereo.egg-info/dependency_links.txt\n'}
[2.126992] (rover_fake_stereo) StdoutLine: {'line': b'writing entry points to ../../build/rover_fake_stereo/rover_fake_stereo.egg-info/entry_points.txt\n'}
[2.127332] (rover_fake_stereo) StdoutLine: {'line': b'writing requirements to ../../build/rover_fake_stereo/rover_fake_stereo.egg-info/requires.txt\n'}
[2.129641] (rover_fake_stereo) StdoutLine: {'line': b'writing top-level names to ../../build/rover_fake_stereo/rover_fake_stereo.egg-info/top_level.txt\n'}
[2.214665] (rover_fake_stereo) StdoutLine: {'line': b"reading manifest file '../../build/rover_fake_stereo/rover_fake_stereo.egg-info/SOURCES.txt'\n"}
[2.215455] (-) TimerEvent: {}
[2.216546] (rover_fake_stereo) StdoutLine: {'line': b"writing manifest file '../../build/rover_fake_stereo/rover_fake_stereo.egg-info/SOURCES.txt'\n"}
[2.217626] (rover_fake_stereo) StdoutLine: {'line': b'running build\n'}
[2.218056] (rover_fake_stereo) StdoutLine: {'line': b'running build_py\n'}
[2.218231] (rover_fake_stereo) StdoutLine: {'line': b'copying rover_fake_stereo/fake_stereo_node.py -> /home/andrei/project/strawberry_rover_ws/build/rover_fake_stereo/build/lib/rover_fake_stereo\n'}
[2.223519] (rover_fake_stereo) StdoutLine: {'line': b'running install\n'}
[2.226329] (rover_fake_stereo) StdoutLine: {'line': b'running install_lib\n'}
[2.228688] (rover_fake_stereo) StdoutLine: {'line': b'copying /home/andrei/project/strawberry_rover_ws/build/rover_fake_stereo/build/lib/rover_fake_stereo/fake_stereo_node.py -> /home/andrei/project/strawberry_rover_ws/install/rover_fake_stereo/lib/python3.8/site-packages/rover_fake_stereo\n'}
[2.230335] (rover_fake_stereo) StdoutLine: {'line': b'byte-compiling /home/andrei/project/strawberry_rover_ws/install/rover_fake_stereo/lib/python3.8/site-packages/rover_fake_stereo/fake_stereo_node.py to fake_stereo_node.cpython-38.pyc\n'}
[2.240911] (rover_fake_stereo) StdoutLine: {'line': b'running install_data\n'}
[2.243500] (rover_fake_stereo) StdoutLine: {'line': b'running install_egg_info\n'}
[2.252522] (rover_fake_stereo) StdoutLine: {'line': b"removing '/home/andrei/project/strawberry_rover_ws/install/rover_fake_stereo/lib/python3.8/site-packages/rover_fake_stereo-0.0.0-py3.8.egg-info' (and everything under it)\n"}
[2.253813] (rover_fake_stereo) StdoutLine: {'line': b'Copying ../../build/rover_fake_stereo/rover_fake_stereo.egg-info to /home/andrei/project/strawberry_rover_ws/install/rover_fake_stereo/lib/python3.8/site-packages/rover_fake_stereo-0.0.0-py3.8.egg-info\n'}
[2.264725] (rover_fake_stereo) StdoutLine: {'line': b'running install_scripts\n'}
[2.315726] (-) TimerEvent: {}
[2.317622] (rover_fake_stereo) StdoutLine: {'line': b'Installing fake_stereo_node script to /home/andrei/project/strawberry_rover_ws/install/rover_fake_stereo/lib/rover_fake_stereo\n'}
[2.318892] (rover_fake_stereo) StdoutLine: {'line': b"writing list of installed files to '/home/andrei/project/strawberry_rover_ws/build/rover_fake_stereo/install.log'\n"}
[2.416040] (-) TimerEvent: {}
[2.431492] (rover_fake_stereo) CommandEnded: {'returncode': 0}
[2.479135] (rover_fake_stereo) JobEnded: {'identifier': 'rover_fake_stereo', 'rc': 0}
[2.480815] (-) EventReactorShutdown: {}
