[0.000000] (-) TimerEvent: {}
[0.000572] (-) JobUnselected: {'identifier': 'rover_bringup'}
[0.001488] (-) JobUnselected: {'identifier': 'rover_description'}
[0.004325] (-) JobUnselected: {'identifier': 'rover_fake_camera'}
[0.004569] (-) JobUnselected: {'identifier': 'rover_fake_stereo'}
[0.004783] (-) JobUnselected: {'identifier': 'rover_fsm'}
[0.006528] (-) JobUnselected: {'identifier': 'rover_state'}
[0.007008] (-) JobUnselected: {'identifier': 'rover_utils'}
[0.007212] (-) JobUnselected: {'identifier': 'rover_visualization'}
[0.007749] (rover_fake_lidar) JobQueued: {'identifier': 'rover_fake_lidar', 'dependencies': OrderedDict()}
[0.007980] (rover_fake_lidar) JobStarted: {'identifier': 'rover_fake_lidar'}
[0.099294] (-) TimerEvent: {}
[0.199768] (-) TimerEvent: {}
[0.300128] (-) TimerEvent: {}
[0.400507] (-) TimerEvent: {}
[0.500943] (-) TimerEvent: {}
[0.601489] (-) TimerEvent: {}
[0.701971] (-) TimerEvent: {}
[0.802369] (-) TimerEvent: {}
[0.902768] (-) TimerEvent: {}
[1.003125] (-) TimerEvent: {}
[1.103477] (-) TimerEvent: {}
[1.204193] (-) TimerEvent: {}
[1.305228] (-) TimerEvent: {}
[1.405737] (-) TimerEvent: {}
[1.424815] (rover_fake_lidar) Command: {'cmd': ['/usr/bin/python3', '-W', 'ignore:setup.py install is deprecated', '-W', 'ignore:easy_install command is deprecated', 'setup.py', 'egg_info', '--egg-base', '../../build/rover_fake_lidar', 'build', '--build-base', '/home/andrei/project/strawberry_rover_ws/build/rover_fake_lidar/build', 'install', '--record', '/home/andrei/project/strawberry_rover_ws/build/rover_fake_lidar/install.log', '--single-version-externally-managed', 'install_data'], 'cwd': '/home/andrei/project/strawberry_rover_ws/src/rover_fake_lidar', 'env': {'LESSOPEN': '| /usr/bin/lesspipe %s', 'VSCODE_CWD': '/home/andrei', 'VSCODE_ESM_ENTRYPOINT': 'vs/workbench/api/node/extensionHostProcess', 'LANGUAGE': 'en', 'USER': 'andrei', 'SSH_CLIENT': '192.168.1.19 57591 22', 'LC_TIME': 'ru_RU.UTF-8', 'VSCODE_NLS_CONFIG': '{"userLocale":"en","osLocale":"en","resolvedLanguage":"en","defaultMessagesFile":"/home/andrei/.cursor-server/bin/linux-arm64/8c95649f251a168cc4bb34c89531fae7db4bd990/out/nls.messages.json","locale":"en","availableLanguages":{}}', 'CI': '1', 'VSCODE_HANDLES_UNCAUGHT_ERRORS': 'true', 'XDG_SESSION_TYPE': 'tty', 'DEBUG': 'release', 'SHLVL': '1', 'LD_LIBRARY_PATH': '/opt/ros/foxy/opt/yaml_cpp_vendor/lib:/opt/ros/foxy/opt/rviz_ogre_vendor/lib:/opt/ros/foxy/lib/aarch64-linux-gnu:/opt/ros/foxy/lib', 'BROWSER': '/home/andrei/.cursor-server/bin/linux-arm64/8c95649f251a168cc4bb34c89531fae7db4bd990/bin/helpers/browser.sh', 'MOTD_SHOWN': 'pam', 'HOME': '/home/andrei', 'NVM_BIN': '/home/andrei/.nvm/versions/node/v20.20.1/bin', 'VSCODE_IPC_HOOK_CLI': '/run/user/1000/vscode-ipc-46576b63-4b9c-4700-9384-1a0730395192.sock', 'NVM_INC': '/home/andrei/.nvm/versions/node/v20.20.1/include/node', 'ROS_PYTHON_VERSION': '3', 'LC_MONETARY': 'ru_RU.UTF-8', 'NO_COLOR': '1', 'DBUS_SESSION_BUS_ADDRESS': 'unix:path=/run/user/1000/bus', 'NVM_DIR': '/home/andrei/.nvm', 'VSCODE_L10N_BUNDLE_LOCATION': '', 'COLCON_PREFIX_PATH': '/home/andrei/project/strawberry_rover_ws/install', 'ROS_DISTRO': 'foxy', 'OVSX_REGISTRY_URL': 'https://open-vsx.org', 'LOGNAME': 'andrei', 'FORCE_COLOR': '0', 'VSCODE_HANDLES_SIGPIPE': 'true', '_': '/usr/bin/colcon', 'ROS_VERSION': '2', 'XDG_SESSION_CLASS': 'user', 'TERM': 'dumb', 'XDG_SESSION_ID': '43', 'ROS_LOCALHOST_ONLY': '0', 'PATH': '/home/andrei/.nvm/versions/node/v20.20.1/bin:/home/andrei/.cursor-server/bin/linux-arm64/8c95649f251a168cc4bb34c89531fae7db4bd990/bin/remote-cli:/opt/ros/foxy/bin:/home/andrei/.cursor-server/bin/linux-arm64/8c95649f251a168cc4bb34c89531fae7db4bd990/bin/remote-cli:/usr/local/sbin:/usr/local/bin:/usr/sbin:/usr/bin:/sbin:/bin:/usr/games:/usr/local/games:/snap/bin', 'VSCODE_AGENT_FOLDER': '/home/andrei/.cursor-server', 'PAPERSIZE': 'a4', 'LC_ADDRESS': 'ru_RU.UTF-8', 'XDG_RUNTIME_DIR': '/run/user/1000', 'CURSOR_AGENT': '1', 'LANG': 'en_US.UTF-8', 'LC_TELEPHONE': 'ru_RU.UTF-8', 'LS_COLORS': '', 'AMENT_PREFIX_PATH': '/home/andrei/project/strawberry_rover_ws/install/rover_visualization:/home/andrei/project/strawberry_rover_ws/install/rover_utils:/home/andrei/project/strawberry_rover_ws/install/rover_state:/home/andrei/project/strawberry_rover_ws/install/rover_fsm:/home/andrei/project/strawberry_rover_ws/install/rover_fake_stereo:/home/andrei/project/strawberry_rover_ws/install/rover_fake_lidar:/home/andrei/project/strawberry_rover_ws/install/rover_fake_camera:/home/andrei/project/strawberry_rover_ws/install/rover_description:/home/andrei/project/strawberry_rover_ws/install/rover_bringup:/opt/ros/foxy', 'SHELL': '/bin/bash', 'LC_NAME': 'ru_RU.UTF-8', 'VSCODE_SERVER_SHUTDOWN_TIMEOUT': '300', 'LESSCLOSE': '/usr/bin/lesspipe %s %s', 'LC_MEASUREMENT': 'ru_RU.UTF-8', 'LC_IDENTIFICATION': 'ru_RU.UTF-8', 'PWD': '/home/andrei/project/strawberry_rover_ws/build/rover_fake_lidar', 'SSH_CONNECTION': '192.168.1.19 57591 192.168.1.77 22', 'NVM_CD_FLAGS': '', 'XDG_DATA_DIRS': '/usr/local/share:/usr/share:/var/lib/snapd/desktop', 'PYTHONPATH': '/home/andrei/project/strawberry_rover_ws/build/rover_fake_lidar/prefix_override:/usr/lib/python3/dist-packages/colcon_core/task/python/colcon_distutils_commands:/home/andrei/project/strawberry_rover_ws/install/rover_fake_lidar/lib/python3.8/site-packages:/home/andrei/project/strawberry_rover_ws/install/rover_visualization/lib/python3.8/site-packages:/home/andrei/project/strawberry_rover_ws/install/rover_utils/lib/python3.8/site-packages:/home/andrei/project/strawberry_rover_ws/install/rover_state/lib/python3.8/site-packages:/home/andrei/project/strawberry_rover_ws/install/rover_fsm/lib/python3.8/site-packages:/home/andrei/project/strawberry_rover_ws/install/rover_fake_stereo/lib/python3.8/site-packages:/home/andrei/project/strawberry_rover_ws/install/rover_fake_lidar/lib/python3.8/site-packages:/home/andrei/project/strawberry_rover_ws/install/rover_fake_camera/lib/python3.8/site-packages:/home/andrei/project/strawberry_rover_ws/install/rover_description/lib/python3.8/site-packages:/home/andrei/project/strawberry_rover_ws/install/rover_bringup/lib/python3.8/site-packages:/opt/ros/foxy/lib/python3.8/site-packages', 'LC_NUMERIC': 'ru_RU.UTF-8', 'LC_PAPER': 'ru_RU.UTF-8', 'COLCON': '1', '_ZO_DOCTOR': '0'}, 'shell': False}
[1.505896] (-) TimerEvent: {}
[1.606309] (-) TimerEvent: {}
[1.706682] (-) TimerEvent: {}
[1.807147] (-) TimerEvent: {}
[1.867761] (rover_fake_lidar) StdoutLine: {'line': b'running egg_info\n'}
[1.868780] (rover_fake_lidar) StdoutLine: {'line': b'writing ../../build/rover_fake_lidar/rover_fake_lidar.egg-info/PKG-INFO\n'}
[1.869489] (rover_fake_lidar) StdoutLine: {'line': b'writing dependency_links to ../../build/rover_fake_lidar/rover_fake_lidar.egg-info/dependency_links.txt\n'}
[1.870129] (rover_fake_lidar) StdoutLine: {'line': b'writing entry points to ../../build/rover_fake_lidar/rover_fake_lidar.egg-info/entry_points.txt\n'}
[1.872111] (rover_fake_lidar) StdoutLine: {'line': b'writing requirements to ../../build/rover_fake_lidar/rover_fake_lidar.egg-info/requires.txt\n'}
[1.872588] (rover_fake_lidar) StdoutLine: {'line': b'writing top-level names to ../../build/rover_fake_lidar/rover_fake_lidar.egg-info/top_level.txt\n'}
[1.907368] (-) TimerEvent: {}
[1.937052] (rover_fake_lidar) StdoutLine: {'line': b"reading manifest file '../../build/rover_fake_lidar/rover_fake_lidar.egg-info/SOURCES.txt'\n"}
[1.938070] (rover_fake_lidar) StdoutLine: {'line': b"writing manifest file '../../build/rover_fake_lidar/rover_fake_lidar.egg-info/SOURCES.txt'\n"}
[1.938293] (rover_fake_lidar) StdoutLine: {'line': b'running build\n'}
[1.938445] (rover_fake_lidar) StdoutLine: {'line': b'running build_py\n'}
[1.940791] (rover_fake_lidar) StdoutLine: {'line': b'running install\n'}
[1.941877] (rover_fake_lidar) StdoutLine: {'line': b'running install_lib\n'}
[1.945016] (rover_fake_lidar) StdoutLine: {'line': b'running install_data\n'}
[1.945531] (rover_fake_lidar) StdoutLine: {'line': b'running install_egg_info\n'}
[1.949403] (rover_fake_lidar) StdoutLine: {'line': b"removing '/home/andrei/project/strawberry_rover_ws/install/rover_fake_lidar/lib/python3.8/site-packages/rover_fake_lidar-0.0.0-py3.8.egg-info' (and everything under it)\n"}
[1.950096] (rover_fake_lidar) StdoutLine: {'line': b'Copying ../../build/rover_fake_lidar/rover_fake_lidar.egg-info to /home/andrei/project/strawberry_rover_ws/install/rover_fake_lidar/lib/python3.8/site-packages/rover_fake_lidar-0.0.0-py3.8.egg-info\n'}
[1.952241] (rover_fake_lidar) StdoutLine: {'line': b'running install_scripts\n'}
[1.989674] (rover_fake_lidar) StdoutLine: {'line': b'Installing fake_lidar_node script to /home/andrei/project/strawberry_rover_ws/install/rover_fake_lidar/lib/rover_fake_lidar\n'}
[1.990706] (rover_fake_lidar) StdoutLine: {'line': b"writing list of installed files to '/home/andrei/project/strawberry_rover_ws/build/rover_fake_lidar/install.log'\n"}
[2.007541] (-) TimerEvent: {}
[2.056803] (rover_fake_lidar) CommandEnded: {'returncode': 0}
[2.088210] (rover_fake_lidar) JobEnded: {'identifier': 'rover_fake_lidar', 'rc': 0}
[2.089836] (-) EventReactorShutdown: {}
