[10.275s] Invoking command in '/home/andrei/project/strawberry_rover_ws/src/rover_description': PYTHONPATH=/home/andrei/project/strawberry_rover_ws/build/rover_description/prefix_override:/usr/lib/python3/dist-packages/colcon_core/task/python/colcon_distutils_commands:/home/andrei/project/strawberry_rover_ws/install/rover_description/lib/python3.8/site-packages:${PYTHONPATH} /usr/bin/python3 -W ignore:setup.py install is deprecated -W ignore:easy_install command is deprecated setup.py egg_info --egg-base ../../build/rover_description build --build-base /home/andrei/project/strawberry_rover_ws/build/rover_description/build install --record /home/andrei/project/strawberry_rover_ws/build/rover_description/install.log --single-version-externally-managed install_data
[12.880s] running egg_info
[12.890s] writing ../../build/rover_description/rover_description.egg-info/PKG-INFO
[12.899s] writing dependency_links to ../../build/rover_description/rover_description.egg-info/dependency_links.txt
[12.905s] writing entry points to ../../build/rover_description/rover_description.egg-info/entry_points.txt
[12.917s] writing requirements to ../../build/rover_description/rover_description.egg-info/requires.txt
[12.918s] writing top-level names to ../../build/rover_description/rover_description.egg-info/top_level.txt
[13.021s] reading manifest file '../../build/rover_description/rover_description.egg-info/SOURCES.txt'
[13.023s] writing manifest file '../../build/rover_description/rover_description.egg-info/SOURCES.txt'
[13.023s] running build
[13.023s] running build_py
[13.024s] running install
[13.036s] running install_lib
[13.040s] running install_data
[13.041s] running install_egg_info
[13.048s] removing '/home/andrei/project/strawberry_rover_ws/install/rover_description/lib/python3.8/site-packages/rover_description-0.0.0-py3.8.egg-info' (and everything under it)
[13.052s] Copying ../../build/rover_description/rover_description.egg-info to /home/andrei/project/strawberry_rover_ws/install/rover_description/lib/python3.8/site-packages/rover_description-0.0.0-py3.8.egg-info
[13.052s] running install_scripts
[13.111s] writing list of installed files to '/home/andrei/project/strawberry_rover_ws/build/rover_description/install.log'
[13.269s] Invoked command in '/home/andrei/project/strawberry_rover_ws/src/rover_description' returned '0': PYTHONPATH=/home/andrei/project/strawberry_rover_ws/build/rover_description/prefix_override:/usr/lib/python3/dist-packages/colcon_core/task/python/colcon_distutils_commands:/home/andrei/project/strawberry_rover_ws/install/rover_description/lib/python3.8/site-packages:${PYTHONPATH} /usr/bin/python3 -W ignore:setup.py install is deprecated -W ignore:easy_install command is deprecated setup.py egg_info --egg-base ../../build/rover_description build --build-base /home/andrei/project/strawberry_rover_ws/build/rover_description/build install --record /home/andrei/project/strawberry_rover_ws/build/rover_description/install.log --single-version-externally-managed install_data
