running egg_info
creating ../../build/rover_visualization/rover_visualization.egg-info
writing ../../build/rover_visualization/rover_visualization.egg-info/PKG-INFO
writing dependency_links to ../../build/rover_visualization/rover_visualization.egg-info/dependency_links.txt
writing entry points to ../../build/rover_visualization/rover_visualization.egg-info/entry_points.txt
writing requirements to ../../build/rover_visualization/rover_visualization.egg-info/requires.txt
writing top-level names to ../../build/rover_visualization/rover_visualization.egg-info/top_level.txt
writing manifest file '../../build/rover_visualization/rover_visualization.egg-info/SOURCES.txt'
reading manifest file '../../build/rover_visualization/rover_visualization.egg-info/SOURCES.txt'
writing manifest file '../../build/rover_visualization/rover_visualization.egg-info/SOURCES.txt'
running build
running build_py
creating /home/andrei/project/strawberry_rover_ws/build/rover_visualization/build
creating /home/andrei/project/strawberry_rover_ws/build/rover_visualization/build/lib
creating /home/andrei/project/strawberry_rover_ws/build/rover_visualization/build/lib/rover_visualization
copying rover_visualization/__init__.py -> /home/andrei/project/strawberry_rover_ws/build/rover_visualization/build/lib/rover_visualization
running install
running install_lib
creating /home/andrei/project/strawberry_rover_ws/install/rover_visualization/lib/python3.8/site-packages/rover_visualization
copying /home/andrei/project/strawberry_rover_ws/build/rover_visualization/build/lib/rover_visualization/__init__.py -> /home/andrei/project/strawberry_rover_ws/install/rover_visualization/lib/python3.8/site-packages/rover_visualization
byte-compiling /home/andrei/project/strawberry_rover_ws/install/rover_visualization/lib/python3.8/site-packages/rover_visualization/__init__.py to __init__.cpython-38.pyc
running install_data
creating /home/andrei/project/strawberry_rover_ws/install/rover_visualization/share/ament_index
creating /home/andrei/project/strawberry_rover_ws/install/rover_visualization/share/ament_index/resource_index
creating /home/andrei/project/strawberry_rover_ws/install/rover_visualization/share/ament_index/resource_index/packages
copying resource/rover_visualization -> /home/andrei/project/strawberry_rover_ws/install/rover_visualization/share/ament_index/resource_index/packages
copying package.xml -> /home/andrei/project/strawberry_rover_ws/install/rover_visualization/share/rover_visualization
creating /home/andrei/project/strawberry_rover_ws/install/rover_visualization/share/rover_visualization/launch
creating /home/andrei/project/strawberry_rover_ws/install/rover_visualization/share/rover_visualization/config
running install_egg_info
Copying ../../build/rover_visualization/rover_visualization.egg-info to /home/andrei/project/strawberry_rover_ws/install/rover_visualization/lib/python3.8/site-packages/rover_visualization-0.0.0-py3.8.egg-info
running install_scripts
writing list of installed files to '/home/andrei/project/strawberry_rover_ws/build/rover_visualization/install.log'
