[2.295s] Invoking command in '/home/andrei/project/strawberry_rover_ws/src/rover_visualization': PYTHONPATH=/home/andrei/project/strawberry_rover_ws/build/rover_visualization/prefix_override:/usr/lib/python3/dist-packages/colcon_core/task/python/colcon_distutils_commands:/home/andrei/project/strawberry_rover_ws/install/rover_visualization/lib/python3.8/site-packages:${PYTHONPATH} /usr/bin/python3 -W ignore:setup.py install is deprecated -W ignore:easy_install command is deprecated setup.py egg_info --egg-base ../../build/rover_visualization build --build-base /home/andrei/project/strawberry_rover_ws/build/rover_visualization/build install --record /home/andrei/project/strawberry_rover_ws/build/rover_visualization/install.log --single-version-externally-managed install_data
[2.774s] running egg_info
[2.774s] creating ../../build/rover_visualization/rover_visualization.egg-info
[2.776s] writing ../../build/rover_visualization/rover_visualization.egg-info/PKG-INFO
[2.777s] writing dependency_links to ../../build/rover_visualization/rover_visualization.egg-info/dependency_links.txt
[2.778s] writing entry points to ../../build/rover_visualization/rover_visualization.egg-info/entry_points.txt
[2.778s] writing requirements to ../../build/rover_visualization/rover_visualization.egg-info/requires.txt
[2.779s] writing top-level names to ../../build/rover_visualization/rover_visualization.egg-info/top_level.txt
[2.785s] writing manifest file '../../build/rover_visualization/rover_visualization.egg-info/SOURCES.txt'
[2.855s] reading manifest file '../../build/rover_visualization/rover_visualization.egg-info/SOURCES.txt'
[2.857s] writing manifest file '../../build/rover_visualization/rover_visualization.egg-info/SOURCES.txt'
[2.858s] running build
[2.858s] running build_py
[2.861s] creating /home/andrei/project/strawberry_rover_ws/build/rover_visualization/build
[2.862s] creating /home/andrei/project/strawberry_rover_ws/build/rover_visualization/build/lib
[2.862s] creating /home/andrei/project/strawberry_rover_ws/build/rover_visualization/build/lib/rover_visualization
[2.862s] copying rover_visualization/__init__.py -> /home/andrei/project/strawberry_rover_ws/build/rover_visualization/build/lib/rover_visualization
[2.863s] running install
[2.866s] running install_lib
[2.869s] creating /home/andrei/project/strawberry_rover_ws/install/rover_visualization/lib/python3.8/site-packages/rover_visualization
[2.870s] copying /home/andrei/project/strawberry_rover_ws/build/rover_visualization/build/lib/rover_visualization/__init__.py -> /home/andrei/project/strawberry_rover_ws/install/rover_visualization/lib/python3.8/site-packages/rover_visualization
[2.870s] byte-compiling /home/andrei/project/strawberry_rover_ws/install/rover_visualization/lib/python3.8/site-packages/rover_visualization/__init__.py to __init__.cpython-38.pyc
[2.874s] running install_data
[2.874s] creating /home/andrei/project/strawberry_rover_ws/install/rover_visualization/share/ament_index
[2.874s] creating /home/andrei/project/strawberry_rover_ws/install/rover_visualization/share/ament_index/resource_index
[2.874s] creating /home/andrei/project/strawberry_rover_ws/install/rover_visualization/share/ament_index/resource_index/packages
[2.874s] copying resource/rover_visualization -> /home/andrei/project/strawberry_rover_ws/install/rover_visualization/share/ament_index/resource_index/packages
[2.875s] copying package.xml -> /home/andrei/project/strawberry_rover_ws/install/rover_visualization/share/rover_visualization
[2.875s] creating /home/andrei/project/strawberry_rover_ws/install/rover_visualization/share/rover_visualization/launch
[2.875s] creating /home/andrei/project/strawberry_rover_ws/install/rover_visualization/share/rover_visualization/config
[2.875s] running install_egg_info
[2.880s] Copying ../../build/rover_visualization/rover_visualization.egg-info to /home/andrei/project/strawberry_rover_ws/install/rover_visualization/lib/python3.8/site-packages/rover_visualization-0.0.0-py3.8.egg-info
[2.883s] running install_scripts
[2.930s] writing list of installed files to '/home/andrei/project/strawberry_rover_ws/build/rover_visualization/install.log'
[3.059s] Invoked command in '/home/andrei/project/strawberry_rover_ws/src/rover_visualization' returned '0': PYTHONPATH=/home/andrei/project/strawberry_rover_ws/build/rover_visualization/prefix_override:/usr/lib/python3/dist-packages/colcon_core/task/python/colcon_distutils_commands:/home/andrei/project/strawberry_rover_ws/install/rover_visualization/lib/python3.8/site-packages:${PYTHONPATH} /usr/bin/python3 -W ignore:setup.py install is deprecated -W ignore:easy_install command is deprecated setup.py egg_info --egg-base ../../build/rover_visualization build --build-base /home/andrei/project/strawberry_rover_ws/build/rover_visualization/build install --record /home/andrei/project/strawberry_rover_ws/build/rover_visualization/install.log --single-version-externally-managed install_data
