/home/andrei/project/strawberry_rover_ws/install/rover_web_interface/lib/python3.8/site-packages/rover_web_interface/__init__.py
/home/andrei/project/strawberry_rover_ws/install/rover_web_interface/lib/python3.8/site-packages/rover_web_interface/backend/ros_bridge.py
/home/andrei/project/strawberry_rover_ws/install/rover_web_interface/lib/python3.8/site-packages/rover_web_interface/backend/__init__.py
/home/andrei/project/strawberry_rover_ws/install/rover_web_interface/lib/python3.8/site-packages/rover_web_interface/backend/api_server.py
/home/andrei/project/strawberry_rover_ws/install/rover_web_interface/lib/python3.8/site-packages/rover_web_interface/__pycache__/__init__.cpython-38.pyc
/home/andrei/project/strawberry_rover_ws/install/rover_web_interface/lib/python3.8/site-packages/rover_web_interface/backend/__pycache__/ros_bridge.cpython-38.pyc
/home/andrei/project/strawberry_rover_ws/install/rover_web_interface/lib/python3.8/site-packages/rover_web_interface/backend/__pycache__/__init__.cpython-38.pyc
/home/andrei/project/strawberry_rover_ws/install/rover_web_interface/lib/python3.8/site-packages/rover_web_interface/backend/__pycache__/api_server.cpython-38.pyc
/home/andrei/project/strawberry_rover_ws/install/rover_web_interface/share/ament_index/resource_index/packages/rover_web_interface
/home/andrei/project/strawberry_rover_ws/install/rover_web_interface/share/rover_web_interface/package.xml
/home/andrei/project/strawberry_rover_ws/install/rover_web_interface/share/rover_web_interface/launch/web_interface.launch.py
/home/andrei/project/strawberry_rover_ws/install/rover_web_interface/share/rover_web_interface/frontend/index.html
/home/andrei/project/strawberry_rover_ws/install/rover_web_interface/share/rover_web_interface/frontend/dashboard.js
/home/andrei/project/strawberry_rover_ws/install/rover_web_interface/lib/python3.8/site-packages/rover_web_interface-0.0.0-py3.8.egg-info/SOURCES.txt
/home/andrei/project/strawberry_rover_ws/install/rover_web_interface/lib/python3.8/site-packages/rover_web_interface-0.0.0-py3.8.egg-info/PKG-INFO
/home/andrei/project/strawberry_rover_ws/install/rover_web_interface/lib/python3.8/site-packages/rover_web_interface-0.0.0-py3.8.egg-info/entry_points.txt
/home/andrei/project/strawberry_rover_ws/install/rover_web_interface/lib/python3.8/site-packages/rover_web_interface-0.0.0-py3.8.egg-info/zip-safe
/home/andrei/project/strawberry_rover_ws/install/rover_web_interface/lib/python3.8/site-packages/rover_web_interface-0.0.0-py3.8.egg-info/requires.txt
/home/andrei/project/strawberry_rover_ws/install/rover_web_interface/lib/python3.8/site-packages/rover_web_interface-0.0.0-py3.8.egg-info/top_level.txt
/home/andrei/project/strawberry_rover_ws/install/rover_web_interface/lib/python3.8/site-packages/rover_web_interface-0.0.0-py3.8.egg-info/dependency_links.txt
/home/andrei/project/strawberry_rover_ws/install/rover_web_interface/lib/rover_web_interface/rover_web_server
