[4.683s] Invoking command in '/home/andrei/project/strawberry_rover_ws/src/rover_fake_camera': PYTHONPATH=/home/andrei/project/strawberry_rover_ws/build/rover_fake_camera/prefix_override:/usr/lib/python3/dist-packages/colcon_core/task/python/colcon_distutils_commands:/home/andrei/project/strawberry_rover_ws/install/rover_fake_camera/lib/python3.8/site-packages:${PYTHONPATH} /usr/bin/python3 -W ignore:setup.py install is deprecated -W ignore:easy_install command is deprecated setup.py egg_info --egg-base ../../build/rover_fake_camera build --build-base /home/andrei/project/strawberry_rover_ws/build/rover_fake_camera/build install --record /home/andrei/project/strawberry_rover_ws/build/rover_fake_camera/install.log --single-version-externally-managed install_data
[5.247s] running egg_info
[5.253s] writing ../../build/rover_fake_camera/rover_fake_camera.egg-info/PKG-INFO
[5.254s] writing dependency_links to ../../build/rover_fake_camera/rover_fake_camera.egg-info/dependency_links.txt
[5.254s] writing entry points to ../../build/rover_fake_camera/rover_fake_camera.egg-info/entry_points.txt
[5.256s] writing requirements to ../../build/rover_fake_camera/rover_fake_camera.egg-info/requires.txt
[5.256s] writing top-level names to ../../build/rover_fake_camera/rover_fake_camera.egg-info/top_level.txt
[5.336s] reading manifest file '../../build/rover_fake_camera/rover_fake_camera.egg-info/SOURCES.txt'
[5.337s] writing manifest file '../../build/rover_fake_camera/rover_fake_camera.egg-info/SOURCES.txt'
[5.338s] running build
[5.338s] running build_py
[5.339s] copying rover_fake_camera/fake_camera_node.py -> /home/andrei/project/strawberry_rover_ws/build/rover_fake_camera/build/lib/rover_fake_camera
[5.339s] running install
[5.343s] running install_lib
[5.346s] copying /home/andrei/project/strawberry_rover_ws/build/rover_fake_camera/build/lib/rover_fake_camera/fake_camera_node.py -> /home/andrei/project/strawberry_rover_ws/install/rover_fake_camera/lib/python3.8/site-packages/rover_fake_camera
[5.348s] byte-compiling /home/andrei/project/strawberry_rover_ws/install/rover_fake_camera/lib/python3.8/site-packages/rover_fake_camera/fake_camera_node.py to fake_camera_node.cpython-38.pyc
[5.361s] running install_data
[5.364s] copying config/fake_camera.yaml -> /home/andrei/project/strawberry_rover_ws/install/rover_fake_camera/share/rover_fake_camera/config
[5.368s] running install_egg_info
[5.380s] removing '/home/andrei/project/strawberry_rover_ws/install/rover_fake_camera/lib/python3.8/site-packages/rover_fake_camera-0.0.0-py3.8.egg-info' (and everything under it)
[5.380s] Copying ../../build/rover_fake_camera/rover_fake_camera.egg-info to /home/andrei/project/strawberry_rover_ws/install/rover_fake_camera/lib/python3.8/site-packages/rover_fake_camera-0.0.0-py3.8.egg-info
[5.386s] running install_scripts
[5.451s] Installing fake_camera_node script to /home/andrei/project/strawberry_rover_ws/install/rover_fake_camera/lib/rover_fake_camera
[5.454s] writing list of installed files to '/home/andrei/project/strawberry_rover_ws/build/rover_fake_camera/install.log'
[5.619s] Invoked command in '/home/andrei/project/strawberry_rover_ws/src/rover_fake_camera' returned '0': PYTHONPATH=/home/andrei/project/strawberry_rover_ws/build/rover_fake_camera/prefix_override:/usr/lib/python3/dist-packages/colcon_core/task/python/colcon_distutils_commands:/home/andrei/project/strawberry_rover_ws/install/rover_fake_camera/lib/python3.8/site-packages:${PYTHONPATH} /usr/bin/python3 -W ignore:setup.py install is deprecated -W ignore:easy_install command is deprecated setup.py egg_info --egg-base ../../build/rover_fake_camera build --build-base /home/andrei/project/strawberry_rover_ws/build/rover_fake_camera/build install --record /home/andrei/project/strawberry_rover_ws/build/rover_fake_camera/install.log --single-version-externally-managed install_data
