[3.344s] Invoking command in '/home/andrei/project/strawberry_rover_ws/src/rover_visualization': PYTHONPATH=/home/andrei/project/strawberry_rover_ws/build/rover_visualization/prefix_override:/usr/lib/python3/dist-packages/colcon_core/task/python/colcon_distutils_commands:/home/andrei/project/strawberry_rover_ws/install/rover_visualization/lib/python3.8/site-packages:${PYTHONPATH} /usr/bin/python3 -W ignore:setup.py install is deprecated -W ignore:easy_install command is deprecated setup.py egg_info --egg-base ../../build/rover_visualization build --build-base /home/andrei/project/strawberry_rover_ws/build/rover_visualization/build install --record /home/andrei/project/strawberry_rover_ws/build/rover_visualization/install.log --single-version-externally-managed install_data
[3.846s] running egg_info
[3.847s] writing ../../build/rover_visualization/rover_visualization.egg-info/PKG-INFO
[3.848s] writing dependency_links to ../../build/rover_visualization/rover_visualization.egg-info/dependency_links.txt
[3.849s] writing entry points to ../../build/rover_visualization/rover_visualization.egg-info/entry_points.txt
[3.851s] writing requirements to ../../build/rover_visualization/rover_visualization.egg-info/requires.txt
[3.852s] writing top-level names to ../../build/rover_visualization/rover_visualization.egg-info/top_level.txt
[3.932s] reading manifest file '../../build/rover_visualization/rover_visualization.egg-info/SOURCES.txt'
[3.933s] writing manifest file '../../build/rover_visualization/rover_visualization.egg-info/SOURCES.txt'
[3.933s] running build
[3.933s] running build_py
[3.934s] running install
[3.937s] running install_lib
[3.941s] running install_data
[3.941s] running install_egg_info
[3.947s] removing '/home/andrei/project/strawberry_rover_ws/install/rover_visualization/lib/python3.8/site-packages/rover_visualization-0.0.0-py3.8.egg-info' (and everything under it)
[3.948s] Copying ../../build/rover_visualization/rover_visualization.egg-info to /home/andrei/project/strawberry_rover_ws/install/rover_visualization/lib/python3.8/site-packages/rover_visualization-0.0.0-py3.8.egg-info
[3.955s] running install_scripts
[4.007s] writing list of installed files to '/home/andrei/project/strawberry_rover_ws/build/rover_visualization/install.log'
[4.152s] Invoked command in '/home/andrei/project/strawberry_rover_ws/src/rover_visualization' returned '0': PYTHONPATH=/home/andrei/project/strawberry_rover_ws/build/rover_visualization/prefix_override:/usr/lib/python3/dist-packages/colcon_core/task/python/colcon_distutils_commands:/home/andrei/project/strawberry_rover_ws/install/rover_visualization/lib/python3.8/site-packages:${PYTHONPATH} /usr/bin/python3 -W ignore:setup.py install is deprecated -W ignore:easy_install command is deprecated setup.py egg_info --egg-base ../../build/rover_visualization build --build-base /home/andrei/project/strawberry_rover_ws/build/rover_visualization/build install --record /home/andrei/project/strawberry_rover_ws/build/rover_visualization/install.log --single-version-externally-managed install_data
