[1.999s] Invoking command in '/home/andrei/project/strawberry_rover_ws/src/rover_visualization': PYTHONPATH=/home/andrei/project/strawberry_rover_ws/build/rover_visualization/prefix_override:/usr/lib/python3/dist-packages/colcon_core/task/python/colcon_distutils_commands:/home/andrei/project/strawberry_rover_ws/install/rover_visualization/lib/python3.8/site-packages:${PYTHONPATH} /usr/bin/python3 -W ignore:setup.py install is deprecated -W ignore:easy_install command is deprecated setup.py egg_info --egg-base ../../build/rover_visualization build --build-base /home/andrei/project/strawberry_rover_ws/build/rover_visualization/build install --record /home/andrei/project/strawberry_rover_ws/build/rover_visualization/install.log --single-version-externally-managed install_data
[2.422s] running egg_info
[2.423s] writing ../../build/rover_visualization/rover_visualization.egg-info/PKG-INFO
[2.424s] writing dependency_links to ../../build/rover_visualization/rover_visualization.egg-info/dependency_links.txt
[2.424s] writing entry points to ../../build/rover_visualization/rover_visualization.egg-info/entry_points.txt
[2.427s] writing requirements to ../../build/rover_visualization/rover_visualization.egg-info/requires.txt
[2.427s] writing top-level names to ../../build/rover_visualization/rover_visualization.egg-info/top_level.txt
[2.492s] reading manifest file '../../build/rover_visualization/rover_visualization.egg-info/SOURCES.txt'
[2.494s] writing manifest file '../../build/rover_visualization/rover_visualization.egg-info/SOURCES.txt'
[2.494s] running build
[2.494s] running build_py
[2.495s] running install
[2.498s] running install_lib
[2.502s] running install_data
[2.502s] running install_egg_info
[2.507s] removing '/home/andrei/project/strawberry_rover_ws/install/rover_visualization/lib/python3.8/site-packages/rover_visualization-0.0.0-py3.8.egg-info' (and everything under it)
[2.511s] Copying ../../build/rover_visualization/rover_visualization.egg-info to /home/andrei/project/strawberry_rover_ws/install/rover_visualization/lib/python3.8/site-packages/rover_visualization-0.0.0-py3.8.egg-info
[2.516s] running install_scripts
[2.557s] writing list of installed files to '/home/andrei/project/strawberry_rover_ws/build/rover_visualization/install.log'
[2.636s] Invoked command in '/home/andrei/project/strawberry_rover_ws/src/rover_visualization' returned '0': PYTHONPATH=/home/andrei/project/strawberry_rover_ws/build/rover_visualization/prefix_override:/usr/lib/python3/dist-packages/colcon_core/task/python/colcon_distutils_commands:/home/andrei/project/strawberry_rover_ws/install/rover_visualization/lib/python3.8/site-packages:${PYTHONPATH} /usr/bin/python3 -W ignore:setup.py install is deprecated -W ignore:easy_install command is deprecated setup.py egg_info --egg-base ../../build/rover_visualization build --build-base /home/andrei/project/strawberry_rover_ws/build/rover_visualization/build install --record /home/andrei/project/strawberry_rover_ws/build/rover_visualization/install.log --single-version-externally-managed install_data
