running egg_info
writing ../../build/rover_navigation/rover_navigation.egg-info/PKG-INFO
writing dependency_links to ../../build/rover_navigation/rover_navigation.egg-info/dependency_links.txt
writing entry points to ../../build/rover_navigation/rover_navigation.egg-info/entry_points.txt
writing requirements to ../../build/rover_navigation/rover_navigation.egg-info/requires.txt
writing top-level names to ../../build/rover_navigation/rover_navigation.egg-info/top_level.txt
reading manifest file '../../build/rover_navigation/rover_navigation.egg-info/SOURCES.txt'
writing manifest file '../../build/rover_navigation/rover_navigation.egg-info/SOURCES.txt'
running build
running build_py
copying rover_navigation/rover_navigation_node.py -> /home/andrei/project/strawberry_rover_ws/build/rover_navigation/build/lib/rover_navigation
copying rover_navigation/__init__.py -> /home/andrei/project/strawberry_rover_ws/build/rover_navigation/build/lib/rover_navigation
running install
running install_lib
copying /home/andrei/project/strawberry_rover_ws/build/rover_navigation/build/lib/rover_navigation/rover_navigation_node.py -> /home/andrei/project/strawberry_rover_ws/install/rover_navigation/lib/python3.8/site-packages/rover_navigation
copying /home/andrei/project/strawberry_rover_ws/build/rover_navigation/build/lib/rover_navigation/__init__.py -> /home/andrei/project/strawberry_rover_ws/install/rover_navigation/lib/python3.8/site-packages/rover_navigation
byte-compiling /home/andrei/project/strawberry_rover_ws/install/rover_navigation/lib/python3.8/site-packages/rover_navigation/rover_navigation_node.py to rover_navigation_node.cpython-38.pyc
byte-compiling /home/andrei/project/strawberry_rover_ws/install/rover_navigation/lib/python3.8/site-packages/rover_navigation/__init__.py to __init__.cpython-38.pyc
running install_data
copying resource/rover_navigation -> /home/andrei/project/strawberry_rover_ws/install/rover_navigation/share/ament_index/resource_index/packages
copying package.xml -> /home/andrei/project/strawberry_rover_ws/install/rover_navigation/share/rover_navigation
copying launch/rover_navigation.launch.py -> /home/andrei/project/strawberry_rover_ws/install/rover_navigation/share/rover_navigation/launch
copying config/rover_navigation.yaml -> /home/andrei/project/strawberry_rover_ws/install/rover_navigation/share/rover_navigation/config
running install_egg_info
removing '/home/andrei/project/strawberry_rover_ws/install/rover_navigation/lib/python3.8/site-packages/rover_navigation-0.0.0-py3.8.egg-info' (and everything under it)
Copying ../../build/rover_navigation/rover_navigation.egg-info to /home/andrei/project/strawberry_rover_ws/install/rover_navigation/lib/python3.8/site-packages/rover_navigation-0.0.0-py3.8.egg-info
running install_scripts
Installing rover_navigation_node script to /home/andrei/project/strawberry_rover_ws/install/rover_navigation/lib/rover_navigation
writing list of installed files to '/home/andrei/project/strawberry_rover_ws/build/rover_navigation/install.log'
