[6.761s] Invoking command in '/home/andrei/project/strawberry_rover_ws/src/rover_fake_stereo': PYTHONPATH=/home/andrei/project/strawberry_rover_ws/build/rover_fake_stereo/prefix_override:/usr/lib/python3/dist-packages/colcon_core/task/python/colcon_distutils_commands:/home/andrei/project/strawberry_rover_ws/install/rover_fake_stereo/lib/python3.8/site-packages:${PYTHONPATH} /usr/bin/python3 -W ignore:setup.py install is deprecated -W ignore:easy_install command is deprecated setup.py egg_info --egg-base ../../build/rover_fake_stereo build --build-base /home/andrei/project/strawberry_rover_ws/build/rover_fake_stereo/build install --record /home/andrei/project/strawberry_rover_ws/build/rover_fake_stereo/install.log --single-version-externally-managed install_data
[7.789s] running egg_info
[7.792s] writing ../../build/rover_fake_stereo/rover_fake_stereo.egg-info/PKG-INFO
[7.792s] writing dependency_links to ../../build/rover_fake_stereo/rover_fake_stereo.egg-info/dependency_links.txt
[7.792s] writing entry points to ../../build/rover_fake_stereo/rover_fake_stereo.egg-info/entry_points.txt
[7.793s] writing requirements to ../../build/rover_fake_stereo/rover_fake_stereo.egg-info/requires.txt
[7.793s] writing top-level names to ../../build/rover_fake_stereo/rover_fake_stereo.egg-info/top_level.txt
[7.793s] reading manifest file '../../build/rover_fake_stereo/rover_fake_stereo.egg-info/SOURCES.txt'
[7.793s] writing manifest file '../../build/rover_fake_stereo/rover_fake_stereo.egg-info/SOURCES.txt'
[7.793s] running build
[7.793s] running build_py
[7.793s] running install
[7.793s] running install_lib
[7.802s] running install_data
[7.803s] running install_egg_info
[7.805s] removing '/home/andrei/project/strawberry_rover_ws/install/rover_fake_stereo/lib/python3.8/site-packages/rover_fake_stereo-0.0.0-py3.8.egg-info' (and everything under it)
[7.808s] Copying ../../build/rover_fake_stereo/rover_fake_stereo.egg-info to /home/andrei/project/strawberry_rover_ws/install/rover_fake_stereo/lib/python3.8/site-packages/rover_fake_stereo-0.0.0-py3.8.egg-info
[7.808s] running install_scripts
[7.931s] writing list of installed files to '/home/andrei/project/strawberry_rover_ws/build/rover_fake_stereo/install.log'
[7.961s] Invoked command in '/home/andrei/project/strawberry_rover_ws/src/rover_fake_stereo' returned '0': PYTHONPATH=/home/andrei/project/strawberry_rover_ws/build/rover_fake_stereo/prefix_override:/usr/lib/python3/dist-packages/colcon_core/task/python/colcon_distutils_commands:/home/andrei/project/strawberry_rover_ws/install/rover_fake_stereo/lib/python3.8/site-packages:${PYTHONPATH} /usr/bin/python3 -W ignore:setup.py install is deprecated -W ignore:easy_install command is deprecated setup.py egg_info --egg-base ../../build/rover_fake_stereo build --build-base /home/andrei/project/strawberry_rover_ws/build/rover_fake_stereo/build install --record /home/andrei/project/strawberry_rover_ws/build/rover_fake_stereo/install.log --single-version-externally-managed install_data
