[2.186s] Invoking command in '/home/andrei/project/strawberry_rover_ws/src/rover_simulation': PYTHONPATH=/home/andrei/project/strawberry_rover_ws/build/rover_simulation/prefix_override:/usr/lib/python3/dist-packages/colcon_core/task/python/colcon_distutils_commands:/home/andrei/project/strawberry_rover_ws/install/rover_simulation/lib/python3.8/site-packages:${PYTHONPATH} /usr/bin/python3 -W ignore:setup.py install is deprecated -W ignore:easy_install command is deprecated setup.py egg_info --egg-base ../../build/rover_simulation build --build-base /home/andrei/project/strawberry_rover_ws/build/rover_simulation/build install --record /home/andrei/project/strawberry_rover_ws/build/rover_simulation/install.log --single-version-externally-managed install_data
[2.687s] running egg_info
[2.688s] writing ../../build/rover_simulation/rover_simulation.egg-info/PKG-INFO
[2.689s] writing dependency_links to ../../build/rover_simulation/rover_simulation.egg-info/dependency_links.txt
[2.689s] writing entry points to ../../build/rover_simulation/rover_simulation.egg-info/entry_points.txt
[2.689s] writing requirements to ../../build/rover_simulation/rover_simulation.egg-info/requires.txt
[2.690s] writing top-level names to ../../build/rover_simulation/rover_simulation.egg-info/top_level.txt
[2.756s] reading manifest file '../../build/rover_simulation/rover_simulation.egg-info/SOURCES.txt'
[2.758s] writing manifest file '../../build/rover_simulation/rover_simulation.egg-info/SOURCES.txt'
[2.758s] running build
[2.758s] running build_py
[2.761s] running install
[2.770s] running install_lib
[2.810s] running install_data
[2.810s] running install_egg_info
[2.810s] removing '/home/andrei/project/strawberry_rover_ws/install/rover_simulation/lib/python3.8/site-packages/rover_simulation-0.0.0-py3.8.egg-info' (and everything under it)
[2.810s] Copying ../../build/rover_simulation/rover_simulation.egg-info to /home/andrei/project/strawberry_rover_ws/install/rover_simulation/lib/python3.8/site-packages/rover_simulation-0.0.0-py3.8.egg-info
[2.810s] running install_scripts
[2.828s] Installing rover_pose_simulator script to /home/andrei/project/strawberry_rover_ws/install/rover_simulation/lib/rover_simulation
[2.830s] writing list of installed files to '/home/andrei/project/strawberry_rover_ws/build/rover_simulation/install.log'
[2.916s] Invoked command in '/home/andrei/project/strawberry_rover_ws/src/rover_simulation' returned '0': PYTHONPATH=/home/andrei/project/strawberry_rover_ws/build/rover_simulation/prefix_override:/usr/lib/python3/dist-packages/colcon_core/task/python/colcon_distutils_commands:/home/andrei/project/strawberry_rover_ws/install/rover_simulation/lib/python3.8/site-packages:${PYTHONPATH} /usr/bin/python3 -W ignore:setup.py install is deprecated -W ignore:easy_install command is deprecated setup.py egg_info --egg-base ../../build/rover_simulation build --build-base /home/andrei/project/strawberry_rover_ws/build/rover_simulation/build install --record /home/andrei/project/strawberry_rover_ws/build/rover_simulation/install.log --single-version-externally-managed install_data
