[5.940s] Invoking command in '/home/andrei/project/strawberry_rover_ws/src/rover_fake_stereo': PYTHONPATH=/home/andrei/project/strawberry_rover_ws/build/rover_fake_stereo/prefix_override:/usr/lib/python3/dist-packages/colcon_core/task/python/colcon_distutils_commands:/home/andrei/project/strawberry_rover_ws/install/rover_fake_stereo/lib/python3.8/site-packages:${PYTHONPATH} /usr/bin/python3 -W ignore:setup.py install is deprecated -W ignore:easy_install command is deprecated setup.py egg_info --egg-base ../../build/rover_fake_stereo build --build-base /home/andrei/project/strawberry_rover_ws/build/rover_fake_stereo/build install --record /home/andrei/project/strawberry_rover_ws/build/rover_fake_stereo/install.log --single-version-externally-managed install_data
[6.951s] running egg_info
[6.952s] writing ../../build/rover_fake_stereo/rover_fake_stereo.egg-info/PKG-INFO
[6.952s] writing dependency_links to ../../build/rover_fake_stereo/rover_fake_stereo.egg-info/dependency_links.txt
[6.952s] writing entry points to ../../build/rover_fake_stereo/rover_fake_stereo.egg-info/entry_points.txt
[6.952s] writing requirements to ../../build/rover_fake_stereo/rover_fake_stereo.egg-info/requires.txt
[6.952s] writing top-level names to ../../build/rover_fake_stereo/rover_fake_stereo.egg-info/top_level.txt
[6.953s] reading manifest file '../../build/rover_fake_stereo/rover_fake_stereo.egg-info/SOURCES.txt'
[6.953s] writing manifest file '../../build/rover_fake_stereo/rover_fake_stereo.egg-info/SOURCES.txt'
[6.953s] running build
[6.953s] running build_py
[6.953s] running install
[6.953s] running install_lib
[6.953s] running install_data
[6.954s] running install_egg_info
[6.954s] removing '/home/andrei/project/strawberry_rover_ws/install/rover_fake_stereo/lib/python3.8/site-packages/rover_fake_stereo-0.0.0-py3.8.egg-info' (and everything under it)
[6.954s] Copying ../../build/rover_fake_stereo/rover_fake_stereo.egg-info to /home/andrei/project/strawberry_rover_ws/install/rover_fake_stereo/lib/python3.8/site-packages/rover_fake_stereo-0.0.0-py3.8.egg-info
[6.954s] running install_scripts
[7.115s] writing list of installed files to '/home/andrei/project/strawberry_rover_ws/build/rover_fake_stereo/install.log'
[7.782s] Invoked command in '/home/andrei/project/strawberry_rover_ws/src/rover_fake_stereo' returned '0': PYTHONPATH=/home/andrei/project/strawberry_rover_ws/build/rover_fake_stereo/prefix_override:/usr/lib/python3/dist-packages/colcon_core/task/python/colcon_distutils_commands:/home/andrei/project/strawberry_rover_ws/install/rover_fake_stereo/lib/python3.8/site-packages:${PYTHONPATH} /usr/bin/python3 -W ignore:setup.py install is deprecated -W ignore:easy_install command is deprecated setup.py egg_info --egg-base ../../build/rover_fake_stereo build --build-base /home/andrei/project/strawberry_rover_ws/build/rover_fake_stereo/build install --record /home/andrei/project/strawberry_rover_ws/build/rover_fake_stereo/install.log --single-version-externally-managed install_data
